Log file open, 11/19/18 22:07:59
LogWindows: Failed to load 'aqProf.dll' (GetLastError=126)
LogWindows: File 'aqProf.dll' does not exist
LogWindows: Failed to load 'VSPerf140.dll' (GetLastError=126)
LogWindows: File 'VSPerf140.dll' does not exist
LogWindows: Failed to load 'VtuneApi.dll' (GetLastError=126)
LogWindows: File 'VtuneApi.dll' does not exist
LogWindows: Failed to load 'VtuneApi32e.dll' (GetLastError=126)
LogWindows: File 'VtuneApi32e.dll' does not exist
LogInit: Display: Running engine for game: okay
LogPlatformFile: Not using cached read wrapper
LogTaskGraph: Started task graph with 5 named threads and 23 total threads with 3 sets of task threads.
LogStats: Stats thread started at 0.269705
LogD3D11RHI: Loaded GFSDK_Aftermath_Lib.x64.dll
LogICUInternationalization: Display: ICU TimeZone Detection - Raw Offset: -5:00, Platform Override: ''
LogPluginManager: Mounting plugin Paper2D
LogPluginManager: Mounting plugin AISupport
LogPluginManager: Mounting plugin LightPropagationVolume
LogPluginManager: Mounting plugin CLionSourceCodeAccess
LogPluginManager: Mounting plugin CodeLiteSourceCodeAccess
LogPluginManager: Mounting plugin GitSourceControl
LogPluginManager: Mounting plugin KDevelopSourceCodeAccess
LogPluginManager: Mounting plugin NullSourceCodeAccess
LogPluginManager: Mounting plugin PerforceSourceControl
LogPluginManager: Mounting plugin SubversionSourceControl
LogPluginManager: Mounting plugin UObjectPlugin
LogPluginManager: Mounting plugin VisualStudioCodeSourceCodeAccess
LogPluginManager: Mounting plugin VisualStudioSourceCodeAccess
LogPluginManager: Mounting plugin XCodeSourceCodeAccess
LogPluginManager: Mounting plugin AssetManagerEditor
LogPluginManager: Mounting plugin CryptoKeys
LogPluginManager: Mounting plugin DataValidation
LogPluginManager: Mounting plugin FacialAnimation
LogPluginManager: Mounting plugin GameplayTagsEditor
LogPluginManager: Mounting plugin MacGraphicsSwitching
LogPluginManager: Mounting plugin MeshEditor
LogPluginManager: Mounting plugin MobileLauncherProfileWizard
LogPluginManager: Mounting plugin PluginBrowser
LogPluginManager: Mounting plugin SpeedTreeImporter
LogPluginManager: Mounting plugin DatasmithContent
LogPluginManager: Mounting plugin AlembicImporter
LogPluginManager: Mounting plugin AppleImageUtils
LogPluginManager: Mounting plugin AppleVision
LogPluginManager: Mounting plugin BackChannel
LogPluginManager: Mounting plugin CharacterAI
LogPluginManager: Mounting plugin GeometryCache
LogPluginManager: Mounting plugin HTML5Networking
LogPluginManager: Mounting plugin ProxyLODPlugin
LogPluginManager: Mounting plugin RawInput
LogPluginManager: Mounting plugin MagicLeap
LogPluginManager: Mounting plugin MagicLeapEmulator
LogPluginManager: Mounting plugin MagicLeapMedia
LogPluginManager: Mounting plugin AndroidMedia
LogPluginManager: Mounting plugin AvfMedia
LogPluginManager: Mounting plugin ImgMedia
LogPluginManager: Mounting plugin LinearTimecode
LogPluginManager: Mounting plugin MediaCompositing
LogPluginManager: Mounting plugin MediaPlayerEditor
LogPluginManager: Mounting plugin WmfMedia
LogPluginManager: Mounting plugin TcpMessaging
LogPluginManager: Mounting plugin UdpMessaging
LogPluginManager: Mounting plugin ActorSequence
LogPluginManager: Mounting plugin LevelSequenceEditor
LogPluginManager: Mounting plugin MatineeToLevelSequence
LogPluginManager: Mounting plugin NetcodeUnitTest
LogPluginManager: Mounting plugin NUTUnrealEngine4
LogPluginManager: Mounting plugin OnlineSubsystemGooglePlay
LogPluginManager: Mounting plugin OnlineSubsystemIOS
LogPluginManager: Mounting plugin OnlineSubsystem
LogPluginManager: Mounting plugin OnlineSubsystemNull
LogPluginManager: Mounting plugin OnlineSubsystemUtils
LogPluginManager: Mounting plugin LauncherChunkInstaller
LogPluginManager: Mounting plugin AndroidDeviceProfileSelector
LogPluginManager: Mounting plugin AndroidMoviePlayer
LogPluginManager: Mounting plugin AndroidPermission
LogPluginManager: Mounting plugin AppleMoviePlayer
LogPluginManager: Mounting plugin ArchVisCharacter
LogPluginManager: Mounting plugin AudioCapture
LogPluginManager: Mounting plugin CableComponent
LogPluginManager: Mounting plugin CustomMeshComponent
LogPluginManager: Mounting plugin EditableMesh
LogPluginManager: Mounting plugin ExampleDeviceProfileSelector
LogPluginManager: Mounting plugin GoogleCloudMessaging
LogPluginManager: Mounting plugin ImmediatePhysics
LogPluginManager: Mounting plugin IOSDeviceProfileSelector
LogPluginManager: Mounting plugin LinuxDeviceProfileSelector
LogPluginManager: Mounting plugin LocationServicesBPLibrary
LogPluginManager: Mounting plugin MobilePatchingUtils
LogPluginManager: Mounting plugin OculusVR
LogPluginManager: Plugin shader directory ../../../Engine/Plugins/Runtime/Oculus/OculusVR/Shaders found
LogPluginManager: Mapping shader source directory ../../../Engine/Plugins/Runtime/Oculus/OculusVR/Shaders to virtual directory /Plugin/OculusVR
LogPluginManager: Mounting plugin PhysXVehicles
LogPluginManager: Mounting plugin ProceduralMeshComponent
LogPluginManager: Mounting plugin RuntimePhysXCooking
LogPluginManager: Mounting plugin SteamVR
LogPluginManager: Mounting plugin WindowsMoviePlayer
LogStreaming: Display: Took  0.673s to configure plugins.
LogInit: Using libcurl 7.55.1-DEV
LogInit:  - built for x86_64-pc-win32
LogInit:  - supports SSL with OpenSSL/1.0.2h
LogInit:  - supports HTTP deflate (compression) using libz 1.2.8
LogInit:  - other features:
LogInit:      CURL_VERSION_SSL
LogInit:      CURL_VERSION_LIBZ
LogInit:      CURL_VERSION_IPV6
LogInit:      CURL_VERSION_ASYNCHDNS
LogInit:      CURL_VERSION_LARGEFILE
LogInit:      CURL_VERSION_IDN
LogInit:  CurlRequestOptions (configurable via config and command line):
LogInit:  - bVerifyPeer = false  - Libcurl will NOT verify peer certificate
LogInit:  - bUseHttpProxy = false  - Libcurl will NOT use HTTP proxy
LogInit:  - bDontReuseConnections = false  - Libcurl will reuse connections
LogInit:  - CertBundlePath = nullptr  - Libcurl will use whatever was configured at build time.
LogInit:  - MaxHostConnections = 16  - Libcurl will limit the number of connections to a host
LogInit:  - LocalHostAddr = Default
LogInit:  - BufferSize = 65536
LogInit: WinSock: version 1.1 (2.2), MaxSocks=32767, MaxUdp=65467
LogInit: Build: ++UE4+Release-4.20-CL-4369336
LogInit: Engine Version: 4.20.3-4369336+++UE4+Release-4.20
LogInit: Compatible Engine Version: 4.20.0-4212847+++UE4+Release-4.20
LogInit: Net CL: 4212847
LogInit: OS: Windows 10 (), CPU: Intel(R) Core(TM) i7-6700 CPU @ 3.40GHz, GPU: NVIDIA GeForce GTX 970
LogInit: Compiled (64-bit): Sep 17 2018 12:26:19
LogInit: Compiled with Visual C++: 19.13.26129.00
LogInit: Build Configuration: Development
LogInit: Branch Name: ++UE4+Release-4.20
LogInit: Command Line: 
LogInit: Base Directory: D:/UE_4.20/Engine/Binaries/Win64/
LogInit: Installed Engine Build: 1
LogDevObjectVersion: Number of dev versions registered: 20
LogDevObjectVersion:   Dev-Blueprints (B0D832E4-1F89-4F0D-ACCF-7EB736FD4AA2): 10
LogDevObjectVersion:   Dev-Build (E1C64328-A22C-4D53-A36C-8E866417BD8C): 0
LogDevObjectVersion:   Dev-Core (375EC13C-06E4-48FB-B500-84F0262A717E): 2
LogDevObjectVersion:   Dev-Editor (E4B068ED-F494-42E9-A231-DA0B2E46BB41): 24
LogDevObjectVersion:   Dev-Framework (CFFC743F-43B0-4480-9391-14DF171D2073): 34
LogDevObjectVersion:   Dev-Mobile (B02B49B5-BB20-44E9-A304-32B752E40360): 2
LogDevObjectVersion:   Dev-Networking (A4E4105C-59A1-49B5-A7C5-40C4547EDFEE): 0
LogDevObjectVersion:   Dev-Online (39C831C9-5AE6-47DC-9A44-9C173E1C8E7C): 0
LogDevObjectVersion:   Dev-Physics (78F01B33-EBEA-4F98-B9B4-84EACCB95AA2): 0
LogDevObjectVersion:   Dev-Platform (6631380F-2D4D-43E0-8009-CF276956A95A): 0
LogDevObjectVersion:   Dev-Rendering (12F88B9F-8875-4AFC-A67C-D90C383ABD29): 26
LogDevObjectVersion:   Dev-Sequencer (7B5AE74C-D270-4C10-A958-57980B212A5A): 9
LogDevObjectVersion:   Dev-VR (D7296918-1DD6-4BDD-9DE2-64A83CC13884): 2
LogDevObjectVersion:   Dev-LoadTimes (C2A15278-BFE7-4AFE-6C17-90FF531DF755): 1
LogDevObjectVersion:   Private-Geometry (6EACA3D4-40EC-4CC1-B786-8BED09428FC5): 3
LogDevObjectVersion:   Dev-AnimPhys (29E575DD-E0A3-4627-9D10-D276232CDCEA): 17
LogDevObjectVersion:   Dev-ReflectionCapture (6B266CEC-1EC7-4B8F-A30B-E4D90942FC07): 1
LogDevObjectVersion:   Dev-Automation (0DF73D61-A23F-47EA-B727-89E90C41499A): 1
LogDevObjectVersion:   FortniteMain (601D1886-AC64-4F84-AA16-D3DE0DEAC7D6): 12
LogDevObjectVersion:   Dev-Enterprise (9DFFBCD6-494F-0158-E221-12823C92A888): 1
LogStreaming: Display: Took  0.098s to delete old logs.
LogInit: Presizing for max 8388607 objects, including 0 objects not considered by GC, pre-allocating 0 bytes for permanent pool.
LogInit: Object subsystem initialized
[2018.11.20-03.08.00:105][  0]LogInit: Selected Device Profile: [Windows]
[2018.11.20-03.08.00:105][  0]LogInit: Applying CVar settings loaded from the selected device profile: [Windows]
[2018.11.20-03.08.00:187][  0]LogHAL: Display: Platform has ~ 16 GB [17105747968 / 17179869184 / 16], which maps to Larger [LargestMinGB=32, LargerMinGB=12, DefaultMinGB=8, SmallerMinGB=6, SmallestMinGB=0)
[2018.11.20-03.08.00:187][  0]LogInit: Setting Device Profile CVar: [[r.Vulkan.UseRealUBs:1]]
[2018.11.20-03.08.00:187][  0]LogInit: Going up to parent DeviceProfile []
[2018.11.20-03.08.00:188][  0]LogInit: Computer: MUTHAFKNPC
[2018.11.20-03.08.00:188][  0]LogInit: User: lochu
[2018.11.20-03.08.00:188][  0]LogInit: CPU Page size=4096, Cores=4
[2018.11.20-03.08.00:188][  0]LogInit: High frequency timer resolution =3.328126 MHz
[2018.11.20-03.08.00:188][  0]LogMemory: Memory total: Physical=15.9GB (16GB approx)
[2018.11.20-03.08.00:188][  0]LogMemory: Platform Memory Stats for Windows
[2018.11.20-03.08.00:188][  0]LogMemory: Process Physical Memory: 101.34 MB used, 101.34 MB peak
[2018.11.20-03.08.00:188][  0]LogMemory: Process Virtual Memory: 90.89 MB used, 90.89 MB peak
[2018.11.20-03.08.00:188][  0]LogMemory: Physical Memory: 9444.01 MB used,  6869.30 MB free, 16313.31 MB total
[2018.11.20-03.08.00:188][  0]LogMemory: Virtual Memory: 4635.44 MB used,  6869.30 MB free, 134217728.00 MB total
[2018.11.20-03.08.00:211][  0]LogInit: Using OS detected language (en-US).
[2018.11.20-03.08.00:211][  0]LogInit: Using OS detected locale (en-US).
[2018.11.20-03.08.00:212][  0]LogTextLocalizationManager: No specific localization for 'en-US' exists, so the 'en' localization will be used.
[2018.11.20-03.08.00:570][  0]LogStreaming: Display: Took  0.359s to InitEngineTextLocalization.
[2018.11.20-03.08.00:570][  0]LogInit: Setting process to per monitor DPI aware
[2018.11.20-03.08.00:598][  0]LogSlate: New Slate User Created.  User Index 0, Is Virtual User: 0
[2018.11.20-03.08.00:598][  0]LogSlate: Slate User Registered.  User Index 0, Is Virtual User: 0
[2018.11.20-03.08.00:771][  0]LogHMD: Failed to initialize OpenVR with code 110
[2018.11.20-03.08.00:771][  0]LogD3D11RHI: D3D11 adapters:
[2018.11.20-03.08.00:837][  0]LogD3D11RHI:    0. 'NVIDIA GeForce GTX 970' (Feature Level 11_0)
[2018.11.20-03.08.00:837][  0]LogD3D11RHI:       4043/0/8156 MB DedicatedVideo/DedicatedSystem/SharedSystem, Outputs:2, VendorId:0x10de
[2018.11.20-03.08.00:839][  0]LogD3D11RHI:    1. 'Microsoft Basic Render Driver' (Feature Level 11_0)
[2018.11.20-03.08.00:839][  0]LogD3D11RHI:       0/0/8156 MB DedicatedVideo/DedicatedSystem/SharedSystem, Outputs:0, VendorId:0x1414
[2018.11.20-03.08.00:839][  0]LogD3D11RHI: Chosen D3D11 Adapter: 0
[2018.11.20-03.08.00:847][  0]LogD3D11RHI: Creating new Direct3DDevice
[2018.11.20-03.08.00:847][  0]LogD3D11RHI:     GPU DeviceId: 0x13c2 (for the marketing name, search the web for "GPU Device Id")
[2018.11.20-03.08.00:847][  0]LogWindows: EnumDisplayDevices:
[2018.11.20-03.08.00:847][  0]LogWindows:    0. 'NVIDIA GeForce GTX 970' (P:1 D:1)
[2018.11.20-03.08.00:848][  0]LogWindows:    1. 'NVIDIA GeForce GTX 970' (P:0 D:1)
[2018.11.20-03.08.00:848][  0]LogWindows:    2. 'NVIDIA GeForce GTX 970' (P:0 D:0)
[2018.11.20-03.08.00:848][  0]LogWindows:    3. 'NVIDIA GeForce GTX 970' (P:0 D:0)
[2018.11.20-03.08.00:848][  0]LogWindows: DebugString: FoundDriverCount:4 
[2018.11.20-03.08.00:848][  0]LogD3D11RHI:     Adapter Name: NVIDIA GeForce GTX 970
[2018.11.20-03.08.00:848][  0]LogD3D11RHI:   Driver Version: 416.94 (internal:25.21.14.1694, unified:416.94)
[2018.11.20-03.08.00:848][  0]LogD3D11RHI:      Driver Date: 11-12-2018
[2018.11.20-03.08.00:848][  0]LogRHI: Texture pool is 2830 MB (70% of 4043 MB)
[2018.11.20-03.08.00:892][  0]LogD3D11RHI: Async texture creation enabled
[2018.11.20-03.08.00:908][  0]LogD3D11RHI: GPU Timing Frequency: 1000.000000 (Debug: 2 2)
[2018.11.20-03.08.00:960][  0]LogShaderCompilers: Guid format shader working directory is -2 characters bigger than the processId version (../../../../WORK/385/project/385_Boat_Game/okay/Intermediate/Shaders/WorkingDirectory/16300/).
[2018.11.20-03.08.00:961][  0]LogShaderCompilers: Cleaned the shader compiler working directory 'C:/Users/lochu/AppData/Local/Temp/UnrealShaderWorkingDir/5B3D8A9A487B4719591D5FA0D68F75E0/'.
[2018.11.20-03.08.01:247][  0]LogTemp: Display: Loaded TP AllDesktopTargetPlatform
[2018.11.20-03.08.01:258][  0]LogTemp: Display: Loaded TP MacClientTargetPlatform
[2018.11.20-03.08.01:268][  0]LogTemp: Display: Loaded TP MacNoEditorTargetPlatform
[2018.11.20-03.08.01:282][  0]LogTemp: Display: Loaded TP MacServerTargetPlatform
[2018.11.20-03.08.01:294][  0]LogTemp: Display: Loaded TP MacTargetPlatform
[2018.11.20-03.08.01:304][  0]LogTemp: Display: Loaded TP WindowsClientTargetPlatform
[2018.11.20-03.08.01:316][  0]LogTemp: Display: Loaded TP WindowsNoEditorTargetPlatform
[2018.11.20-03.08.01:327][  0]LogTemp: Display: Loaded TP WindowsServerTargetPlatform
[2018.11.20-03.08.01:331][  0]LogTemp: Display: Loaded TP WindowsTargetPlatform
[2018.11.20-03.08.01:406][  0]LogTemp: Display: Loaded TP AndroidTargetPlatform
[2018.11.20-03.08.01:406][  0]LogTemp: Display: Loaded TP AndroidTargetPlatform
[2018.11.20-03.08.01:406][  0]LogTemp: Display: Loaded TP AndroidTargetPlatform
[2018.11.20-03.08.01:406][  0]LogTemp: Display: Loaded TP AndroidTargetPlatform
[2018.11.20-03.08.01:406][  0]LogTemp: Display: Loaded TP AndroidTargetPlatform
[2018.11.20-03.08.01:406][  0]LogTemp: Display: Loaded TP AndroidTargetPlatform
[2018.11.20-03.08.01:406][  0]LogTemp: Display: Loaded TP AndroidTargetPlatform
[2018.11.20-03.08.01:406][  0]LogTemp: Display: Loaded TP AndroidTargetPlatform
[2018.11.20-03.08.01:406][  0]LogTemp: Display: Loaded TP AndroidTargetPlatform
[2018.11.20-03.08.01:406][  0]LogTemp: Display: Loaded TP AndroidTargetPlatform
[2018.11.20-03.08.01:406][  0]LogTemp: Display: Loaded TP AndroidTargetPlatform
[2018.11.20-03.08.01:406][  0]LogTemp: Display: Loaded TP AndroidTargetPlatform
[2018.11.20-03.08.01:406][  0]LogTemp: Display: Loaded TP AndroidTargetPlatform
[2018.11.20-03.08.01:406][  0]LogTemp: Display: Loaded TP AndroidTargetPlatform
[2018.11.20-03.08.01:406][  0]LogTemp: Display: Loaded TP AndroidTargetPlatform
[2018.11.20-03.08.01:406][  0]LogTemp: Display: Loaded TP AndroidTargetPlatform
[2018.11.20-03.08.01:406][  0]LogTemp: Display: Loaded TP AndroidTargetPlatform
[2018.11.20-03.08.01:406][  0]LogTemp: Display: Loaded TP AndroidTargetPlatform
[2018.11.20-03.08.01:407][  0]LogTemp: Display: Loaded TP HTML5TargetPlatform
[2018.11.20-03.08.01:463][  0]LogTemp: Display: Loaded TP IOSTargetPlatform
[2018.11.20-03.08.01:463][  0]LogTemp: Display: Loaded TP IOSTargetPlatform
[2018.11.20-03.08.01:484][  0]LogTemp: Display: Loaded TP TVOSTargetPlatform
[2018.11.20-03.08.01:484][  0]LogTemp: Display: Loaded TP TVOSTargetPlatform
[2018.11.20-03.08.01:495][  0]LogTemp: Display: Loaded TP LinuxClientTargetPlatform
[2018.11.20-03.08.01:509][  0]LogTemp: Display: Loaded TP LinuxNoEditorTargetPlatform
[2018.11.20-03.08.01:521][  0]LogTemp: Display: Loaded TP LinuxServerTargetPlatform
[2018.11.20-03.08.01:531][  0]LogTemp: Display: Loaded TP LinuxTargetPlatform
[2018.11.20-03.08.01:539][  0]LogTemp: Display: Loaded TP LuminTargetPlatform
[2018.11.20-03.08.01:540][  0]LogTargetPlatformManager: Display: Building Assets For Windows
[2018.11.20-03.08.01:580][  0]LogXGEController: Cannot use XGE Controller as Incredibuild is not installed on this machine.
[2018.11.20-03.08.01:580][  0]LogShaderCompilers: Cannot use XGE Shader Compiler as Incredibuild is not installed on this machine.
[2018.11.20-03.08.01:580][  0]LogShaderCompilers: Display: Using Local Shader Compiler.
[2018.11.20-03.08.02:232][  0]LogDerivedDataCache: Display: Max Cache Size: 512 MB
[2018.11.20-03.08.02:294][  0]LogDerivedDataCache: Loaded boot cache 0.06s 71MB C:/Users/lochu/AppData/Local/UnrealEngine/4.20/DerivedDataCache/Boot.ddc.
[2018.11.20-03.08.02:295][  0]LogDerivedDataCache: Display: Loaded Boot cache: C:/Users/lochu/AppData/Local/UnrealEngine/4.20/DerivedDataCache/Boot.ddc
[2018.11.20-03.08.02:295][  0]LogDerivedDataCache: FDerivedDataBackendGraph:  Pak pak cache file ../../../../WORK/385/project/385_Boat_Game/okay/DerivedDataCache/DDC.ddp not found, will not use a pak cache.
[2018.11.20-03.08.02:295][  0]LogDerivedDataCache: Unable to find inner node Pak for hierarchical cache Hierarchy.
[2018.11.20-03.08.02:295][  0]LogDerivedDataCache: FDerivedDataBackendGraph:  CompressedPak pak cache file ../../../../WORK/385/project/385_Boat_Game/okay/DerivedDataCache/Compressed.ddp not found, will not use a pak cache.
[2018.11.20-03.08.02:295][  0]LogDerivedDataCache: Unable to find inner node CompressedPak for hierarchical cache Hierarchy.
[2018.11.20-03.08.02:307][  0]LogDerivedDataCache: Display: Pak cache opened for reading ../../../Engine/DerivedDataCache/Compressed.ddp.
[2018.11.20-03.08.02:320][  0]LogDerivedDataCache: Using Local data cache path C:/Users/lochu/AppData/Local/UnrealEngine/Common/DerivedDataCache: Writable
[2018.11.20-03.08.02:320][  0]LogDerivedDataCache: Shared data cache path not found in *engine.ini, will not use an Shared cache.
[2018.11.20-03.08.02:320][  0]LogDerivedDataCache: Unable to find inner node Shared for hierarchical cache Hierarchy.
[2018.11.20-03.08.02:338][  0]LogMaterial: Verifying Global Shaders for PCD3D_SM5
[2018.11.20-03.08.02:340][  0]LogSlate: Using FreeType 2.6.0
[2018.11.20-03.08.02:340][  0]LogSlate: SlateFontServices - WITH_FREETYPE: 1, WITH_HARFBUZZ: 1
[2018.11.20-03.08.02:410][  0]LogAssetRegistry: FAssetRegistry took 0.0250 seconds to start up
[2018.11.20-03.08.02:706][  0]LogInit: Selected Device Profile: [Windows]
[2018.11.20-03.08.02:830][  0]LogSimplygon: Simplygon DLL not present - disabling.
[2018.11.20-03.08.02:832][  0]LogMeshReduction: Using SimplygonSwarm for distributed automatic mesh merging
[2018.11.20-03.08.02:832][  0]LogMeshReduction: Using ProxyLODMeshReduction for automatic mesh merging
[2018.11.20-03.08.02:832][  0]LogMeshReduction: Using QuadricMeshReduction for automatic static mesh reduction
[2018.11.20-03.08.02:832][  0]LogMeshReduction: No automatic skeletal mesh reduction module available
[2018.11.20-03.08.02:848][  0]LogNetVersion: okay 1.0.0, NetCL: 4212847, EngineNetVer: 5, GameNetVer: 0 (Checksum: 1209445407)
[2018.11.20-03.08.03:530][  0]LogPackageLocalizationCache: Processed 11 localized package path(s) for 2 prioritized culture(s) in 0.214282 seconds
[2018.11.20-03.08.03:536][  0]LogUObjectArray: 38425 objects as part of root set at end of initial load.
[2018.11.20-03.08.03:536][  0]LogUObjectAllocator: 6690864 out of 0 bytes used by permanent object pool.
[2018.11.20-03.08.03:536][  0]LogUObjectArray: CloseDisregardForGC: 0/0 objects in disregard for GC pool
[2018.11.20-03.08.04:346][  0]LogTcpMessaging: Initializing TcpMessaging bridge
[2018.11.20-03.08.04:359][  0]LogUdpMessaging: Initializing bridge on interface 0.0.0.0:0 to multicast group 230.0.0.1:6666.
[2018.11.20-03.08.04:490][  0]SourceControl: Source control is disabled
[2018.11.20-03.08.04:490][  0]SourceControl: Source control is disabled
[2018.11.20-03.08.04:491][  0]SourceControl: Source control is disabled
[2018.11.20-03.08.04:492][  0]SourceControl: Source control is disabled
[2018.11.20-03.08.04:728][  0]LogAndroidPermission: UAndroidPermissionCallbackProxy::GetInstance
[2018.11.20-03.08.04:837][  0]LogOcInput: OculusInput pre-init called
[2018.11.20-03.08.04:891][  0]LogEngine: Initializing Engine...
[2018.11.20-03.08.04:891][  0]LogHMD: Failed to initialize OpenVR with code 110
[2018.11.20-03.08.04:893][  0]LogStats: UGameplayTagsManager::ConstructGameplayTagTree: ImportINI prefixes -  0.000 s
[2018.11.20-03.08.04:893][  0]LogStats: UGameplayTagsManager::ConstructGameplayTagTree: Construct from data asset -  0.000 s
[2018.11.20-03.08.04:893][  0]LogStats: UGameplayTagsManager::ConstructGameplayTagTree: ImportINI -  0.000 s
[2018.11.20-03.08.04:893][  0]LogStats: UGameplayTagsManager::ConstructGameplayTagTree: GameplayTagTreeChangedEvent.Broadcast -  0.000 s
[2018.11.20-03.08.05:087][  0]LogInit: Initializing FReadOnlyCVARCache
[2018.11.20-03.08.05:095][  0]LogAIModule: Creating AISystem for world Untitled
[2018.11.20-03.08.05:131][  0]LogInit: XAudio2 using 'Speakers (Realtek High Definition Audio)' : 2 channels at 48 kHz using 32 bits per sample (channel mask 0x3)
[2018.11.20-03.08.05:152][  0]LogInit: FAudioDevice initialized.
[2018.11.20-03.08.05:152][  0]LogNetVersion: Set ProjectVersion to 1.0.0.0. Version Checksum will be recalculated on next use.
[2018.11.20-03.08.05:273][  0]LogDerivedDataCache: Saved boot cache 0.12s 71MB C:/Users/lochu/AppData/Local/UnrealEngine/4.20/DerivedDataCache/Boot.ddc.
[2018.11.20-03.08.05:280][  0]LogInit: Texture streaming: Enabled
[2018.11.20-03.08.05:289][  0]LogEngineSessionManager: EngineSessionManager initialized
[2018.11.20-03.08.05:321][  0]LogInit: Transaction tracking system initialized
[2018.11.20-03.08.05:351][  0]BlueprintLog: New page: Editor Load
[2018.11.20-03.08.05:420][  0]LocalizationService: Localization service is disabled
[2018.11.20-03.08.05:969][  0]LogCook: Display: Max memory allowance for cook 16384mb min free memory 0mb
[2018.11.20-03.08.05:970][  0]LogCook: Display: Mobile HDR setting 1
[2018.11.20-03.08.05:983][  0]LogFileCache: Scanning file cache for directory 'D:/WORK/385/project/385_Boat_Game/okay/Content/' took 0.07s
[2018.11.20-03.08.05:983][  0]LogGameplayTags: Display: UGameplayTagsManager::DoneAddingNativeTags. DelegateIsBound: 0
[2018.11.20-03.08.05:983][  0]LogStats: UGameplayTagsManager::ConstructGameplayTagTree: ImportINI prefixes -  0.000 s
[2018.11.20-03.08.05:983][  0]LogStats: UGameplayTagsManager::ConstructGameplayTagTree: Construct from data asset -  0.000 s
[2018.11.20-03.08.05:983][  0]LogStats: UGameplayTagsManager::ConstructGameplayTagTree: ImportINI -  0.000 s
[2018.11.20-03.08.05:983][  0]LogStats: UGameplayTagsManager::ConstructGameplayTagTree: GameplayTagTreeChangedEvent.Broadcast -  0.000 s
[2018.11.20-03.08.06:067][  0]SourceControl: Source control is disabled
[2018.11.20-03.08.06:068][  0]Cmd: MAP LOAD FILE="../../../../WORK/385/project/385_Boat_Game/okay/Content/VehicleBP/Maps/VehicleExampleMap.umap" TEMPLATE=0 SHOWPROGRESS=1 FEATURELEVEL=3
[2018.11.20-03.08.06:068][  0]LightingResults: New page: Lighting Build
[2018.11.20-03.08.06:070][  0]MapCheck: New page: Map Check
[2018.11.20-03.08.06:070][  0]LightingResults: New page: Lighting Build
[2018.11.20-03.08.14:275][  0]LogAIModule: Creating AISystem for world VehicleExampleMap
[2018.11.20-03.08.27:720][  0]LogEditorServer: Finished looking for orphan Actors (0.000 secs)
[2018.11.20-03.08.27:792][  0]Cmd: MAP CHECKDEP NOCLEARLOG
[2018.11.20-03.08.27:838][  0]MapCheck: Map check complete: 0 Error(s), 0 Warning(s), took 46.81ms to complete.
[2018.11.20-03.08.27:838][  0]LogFileHelpers: Loading map 'VehicleExampleMap' took 21.771
[2018.11.20-03.08.28:680][  0]LogSlate: Updating window title bar state: overlay mode, drag disabled, window buttons hidden, title bar hidden
[2018.11.20-03.08.28:720][  0]LogSlate: Updating window title bar state: overlay mode, drag disabled, window buttons hidden, title bar hidden
[2018.11.20-03.08.28:727][  0]LogSlate: Updating window title bar state: overlay mode, drag disabled, window buttons hidden, title bar hidden
[2018.11.20-03.08.28:733][  0]LogSlate: Updating window title bar state: overlay mode, drag disabled, window buttons hidden, title bar hidden
[2018.11.20-03.08.28:808][  0]LogCollectionManager: Loaded 0 collections in 0.012582 seconds
[2018.11.20-03.08.28:993][  0]LogFileCache: Scanning file cache for directory 'D:/WORK/385/project/385_Boat_Game/okay/Saved/Collections/' took 0.01s
[2018.11.20-03.08.28:993][  0]LogFileCache: Scanning file cache for directory 'D:/WORK/385/project/385_Boat_Game/okay/Content/Developers/lochu/Collections/' took 0.01s
[2018.11.20-03.08.28:993][  0]LogFileCache: Scanning file cache for directory 'D:/WORK/385/project/385_Boat_Game/okay/Content/Collections/' took 0.01s
[2018.11.20-03.08.28:993][  0]LogCollectionManager: Rebuilt the GUID cache for 0 collections in 0.000000 seconds
[2018.11.20-03.08.29:019][  0]LogContentBrowser: Native class hierarchy populated in 0.0117 seconds. Added 2574 classes and 606 folders.
[2018.11.20-03.08.29:135][  0]LogContentBrowser: Native class hierarchy updated for 'WidgetCarousel' in 0.0002 seconds. Added 0 classes and 0 folders.
[2018.11.20-03.08.30:081][  0]LogContentBrowser: Native class hierarchy updated for 'AddContentDialog' in 0.0003 seconds. Added 0 classes and 0 folders.
[2018.11.20-03.08.30:174][  0]LogContentBrowser: Native class hierarchy updated for 'SceneOutliner' in 0.0003 seconds. Added 1 classes and 2 folders.
[2018.11.20-03.08.30:999][  0]LogSlate: Took 0.000317 seconds to synchronously load lazily loaded font '../../../Engine/Content/Slate/Fonts/Roboto-Regular.ttf' (155K)
[2018.11.20-03.08.31:002][  0]LogSlate: Took 0.000343 seconds to synchronously load lazily loaded font '../../../Engine/Content/Slate/Fonts/Roboto-Bold.ttf' (160K)
[2018.11.20-03.08.31:053][  0]LogSlate: Took 0.010143 seconds to synchronously load lazily loaded font '../../../Engine/Content/Editor/Slate/Fonts/FontAwesome.ttf' (139K)
[2018.11.20-03.08.31:650][  0]LogRenderer: Reallocating scene render targets to support 1208x600 Format 10 NumSamples 1 (Frame:1).
[2018.11.20-03.08.32:450][  0]LogContentBrowser: Native class hierarchy updated for 'HierarchicalLODOutliner' in 0.0003 seconds. Added 0 classes and 0 folders.
[2018.11.20-03.08.32:450][  0]LogLoad: (Engine Initialization) Total time: 35.40 seconds
[2018.11.20-03.08.32:450][  0]LogLoad: (Engine Initialization) Total Blueprint compile time: 0.00 seconds
[2018.11.20-03.08.32:461][  0]LogWindowsTextInputMethodSystem: Display: IME system now deactivated.
[2018.11.20-03.08.32:471][  0]LogRawInputWindows: Warning: Found device 0 devices
[2018.11.20-03.08.32:471][  0]LogRawInputWindows: Warning: Found device 0 devices
[2018.11.20-03.08.32:471][  0]LogRawInputWindows: Warning: Device was registered succesfully but not connected (Usage:4 UsagePage:1)
[2018.11.20-03.08.32:471][  0]LogRawInputWindows: Warning: Found device 1 devices
[2018.11.20-03.08.32:471][  0]LogRawInputWindows: Warning: Device was registered succesfully but not connected (Usage:5 UsagePage:1)
[2018.11.20-03.08.32:571][  0]LogContentStreaming: Texture pool size now 1000 MB
[2018.11.20-03.08.32:711][  0]LogSlate: Took 0.010000 seconds to synchronously load lazily loaded font '../../../Engine/Content/Slate/Fonts/Roboto-Light.ttf' (167K)
[2018.11.20-03.08.32:868][  1]LogAssetRegistry: Asset discovery search completed in 30.4795 seconds
[2018.11.20-03.08.32:869][  1]LogCollectionManager: Rebuilt the object cache for 0 collections in 0.000000 seconds (found 0 objects)
[2018.11.20-03.08.32:869][  1]LogCollectionManager: Fixed up redirectors for 0 collections in 0.000057 seconds (updated 0 objects)
[2018.11.20-03.08.38:950][565]LogSlate: FSceneViewport::OnFocusLost() reason 0
[2018.11.20-03.08.41:208][672]LogActorComponent: UnregisterComponent: (/Engine/Transient.SphereBrushComponent) Not registered. Aborting.
[2018.11.20-03.08.41:331][672]LogTexture: Display: Building textures: Texture2D_2 (G8, 128X128)
[2018.11.20-03.08.41:820][672]LogEditorViewport: Clicking on Actor (context menu): Landscape (Landscape)
[2018.11.20-03.08.42:314][672]LogSlate: FSceneViewport::OnFocusLost() reason 2
[2018.11.20-03.08.42:341][672]LogEditorViewport: Clicking on Actor (context menu): Landscape (Landscape)
[2018.11.20-03.08.42:383][672]LogSlate: FSceneViewport::OnFocusLost() reason 2
[2018.11.20-03.08.48:815][314]LogSlate: FSceneViewport::OnFocusLost() reason 0
[2018.11.20-03.10.13:460][808]LogSlate: FSceneViewport::OnFocusLost() reason 2
[2018.11.20-03.10.20:897][414]LogSlate: FSceneViewport::OnFocusLost() reason 0
[2018.11.20-03.10.48:846][208]LogSlate: FSceneViewport::OnFocusLost() reason 0
[2018.11.20-03.10.48:978][224]LogTemp: Repeating last play command: Simulate
[2018.11.20-03.10.49:020][224]LogBlueprintUserMessages: Early PlayInEditor Detection: Level '/Game/VehicleBP/Maps/VehicleExampleMap.VehicleExampleMap:PersistentLevel' has LevelScriptBlueprint '/Game/VehicleBP/Maps/VehicleExampleMap.VehicleExampleMap:PersistentLevel.VehicleExampleMap' with GeneratedClass '/Game/VehicleBP/Maps/VehicleExampleMap.VehicleExampleMap_C' with ClassGeneratedBy '/Game/VehicleBP/Maps/VehicleExampleMap.VehicleExampleMap:PersistentLevel.VehicleExampleMap'
[2018.11.20-03.10.49:044][224]LogPlayLevel: PlayLevel: No blueprints needed recompiling
[2018.11.20-03.10.49:154][224]PIE: New page: SIE session: VehicleExampleMap (Nov 19, 2018, 5:10:49 PM)
[2018.11.20-03.10.49:154][224]LogPlayLevel: Creating play world package: /Game/VehicleBP/Maps/UEDPIE_0_VehicleExampleMap
[2018.11.20-03.10.49:408][224]LogPlayLevel: PIE: StaticDuplicateObject took: (0.254688s)
[2018.11.20-03.10.49:409][224]LogAIModule: Creating AISystem for world VehicleExampleMap
[2018.11.20-03.10.49:409][224]LogPlayLevel: PIE: World Init took: (0.000972s)
[2018.11.20-03.10.49:410][224]LogPlayLevel: PIE: Created PIE world by copying editor world from /Game/VehicleBP/Maps/VehicleExampleMap.VehicleExampleMap to /Game/VehicleBP/Maps/UEDPIE_0_VehicleExampleMap.VehicleExampleMap (0.256435s)
[2018.11.20-03.10.49:478][224]LogInit: XAudio2 using 'Speakers (Realtek High Definition Audio)' : 2 channels at 48 kHz using 32 bits per sample (channel mask 0x3)
[2018.11.20-03.10.49:493][224]LogInit: FAudioDevice initialized.
[2018.11.20-03.10.49:567][224]LogLoad: Game class is 'VehicleGameMode_C'
[2018.11.20-03.10.49:635][224]LogWorld: Bringing World /Game/VehicleBP/Maps/UEDPIE_0_VehicleExampleMap.VehicleExampleMap up for play (max tick rate 0) at 2018.11.19-22.10.49
[2018.11.20-03.10.49:739][224]LogWorld: Bringing up level for play took: 0.119358
[2018.11.20-03.10.49:765][224]LogGameMode: FindPlayerStart: PATHS NOT DEFINED or NO PLAYERSTART with positive rating
[2018.11.20-03.10.49:896][224]LogContentBrowser: Native class hierarchy updated for 'MovieSceneCapture' in 0.0003 seconds. Added 10 classes and 0 folders.
[2018.11.20-03.10.49:909][224]PIE: Play in editor start time for /Game/VehicleBP/Maps/UEDPIE_0_VehicleExampleMap 0.811
[2018.11.20-03.10.49:971][224]LogBlueprintUserMessages: Late PlayInEditor Detection: Level '/Game/VehicleBP/Maps/VehicleExampleMap.VehicleExampleMap:PersistentLevel' has LevelScriptBlueprint '/Game/VehicleBP/Maps/VehicleExampleMap.VehicleExampleMap:PersistentLevel.VehicleExampleMap' with GeneratedClass '/Game/VehicleBP/Maps/VehicleExampleMap.VehicleExampleMap_C' with ClassGeneratedBy '/Game/VehicleBP/Maps/VehicleExampleMap.VehicleExampleMap:PersistentLevel.VehicleExampleMap'
[2018.11.20-03.11.01:558][419]LogSlate: FSceneViewport::OnFocusLost() reason 0
[2018.11.20-03.11.01:763][432]LogSlate: Window 'okay - Unreal Editor' being destroyed
[2018.11.20-03.11.01:765][432]LogWindowsTextInputMethodSystem: Display: IME system now deactivated.
[2018.11.20-03.11.01:855][432]LogBlueprintUserMessages: Early EndPlayMap Detection: Level '/Game/VehicleBP/Maps/VehicleExampleMap.VehicleExampleMap:PersistentLevel' has LevelScriptBlueprint '/Game/VehicleBP/Maps/VehicleExampleMap.VehicleExampleMap:PersistentLevel.VehicleExampleMap' with GeneratedClass '/Game/VehicleBP/Maps/VehicleExampleMap.VehicleExampleMap_C' with ClassGeneratedBy '/Game/VehicleBP/Maps/VehicleExampleMap.VehicleExampleMap:PersistentLevel.VehicleExampleMap'
[2018.11.20-03.11.01:874][432]LogSlate: Updating window title bar state: overlay mode, drag disabled, window buttons hidden, title bar hidden
[2018.11.20-03.11.01:934][432]LogPlayLevel: Display: Shutting down PIE online subsystems
[2018.11.20-03.11.01:934][432]LogBlueprintUserMessages: Late EndPlayMap Detection: Level '/Game/VehicleBP/Maps/VehicleExampleMap.VehicleExampleMap:PersistentLevel' has LevelScriptBlueprint '/Game/VehicleBP/Maps/VehicleExampleMap.VehicleExampleMap:PersistentLevel.VehicleExampleMap' with GeneratedClass '/Game/VehicleBP/Maps/VehicleExampleMap.VehicleExampleMap_C' with ClassGeneratedBy '/Game/VehicleBP/Maps/VehicleExampleMap.VehicleExampleMap:PersistentLevel.VehicleExampleMap'
[2018.11.20-03.11.01:958][432]LogSlate: Updating window title bar state: overlay mode, drag disabled, window buttons hidden, title bar hidden
[2018.11.20-03.11.02:125][433]Cmd: QUIT_EDITOR
[2018.11.20-03.11.02:850][433]LogExit: Preparing to exit.
[2018.11.20-03.11.03:509][433]LogExit: Editor shut down
[2018.11.20-03.11.03:510][433]LogExit: Transaction tracking system shut down
[2018.11.20-03.11.04:010][433]LogExit: Object subsystem successfully closed.
[2018.11.20-03.11.04:026][433]LogShaderCompilers: Display: Shaders left to compile 0
[2018.11.20-03.11.04:029][433]LogD3D11RHI: Shutdown
[2018.11.20-03.11.04:029][433]LogD3D11RHI: CleanupD3DDevice
[2018.11.20-03.11.04:049][433]LogD3D11RHI: ~FD3D11DynamicRHI
[2018.11.20-03.11.04:070][433]LogModuleManager: Shutting down and abandoning module MovieSceneCapture (616)
[2018.11.20-03.11.04:070][433]LogModuleManager: Shutting down and abandoning module Voice (614)
[2018.11.20-03.11.04:080][433]LogModuleManager: Shutting down and abandoning module HierarchicalLODOutliner (612)
[2018.11.20-03.11.04:080][433]LogModuleManager: Shutting down and abandoning module SceneOutliner (610)
[2018.11.20-03.11.04:080][433]LogModuleManager: Shutting down and abandoning module AddContentDialog (608)
[2018.11.20-03.11.04:080][433]LogModuleManager: Shutting down and abandoning module WidgetCarousel (607)
[2018.11.20-03.11.04:080][433]LogModuleManager: Shutting down and abandoning module EditorWidgets (604)
[2018.11.20-03.11.04:080][433]LogModuleManager: Shutting down and abandoning module CollectionManager (602)
[2018.11.20-03.11.04:080][433]LogModuleManager: Shutting down and abandoning module StatsViewer (600)
[2018.11.20-03.11.04:080][433]LogModuleManager: Shutting down and abandoning module FoliageEdit (598)
[2018.11.20-03.11.04:080][433]LogModuleManager: Shutting down and abandoning module LandscapeEditor (596)
[2018.11.20-03.11.04:080][433]LogModuleManager: Shutting down and abandoning module MeshPaintMode (594)
[2018.11.20-03.11.04:080][433]LogModuleManager: Shutting down and abandoning module SceneDepthPickerMode (592)
[2018.11.20-03.11.04:080][433]LogModuleManager: Shutting down and abandoning module ActorPickerMode (590)
[2018.11.20-03.11.04:080][433]LogModuleManager: Shutting down and abandoning module GeometryMode (588)
[2018.11.20-03.11.04:080][433]LogModuleManager: Shutting down and abandoning module TextureAlignMode (586)
[2018.11.20-03.11.04:080][433]LogModuleManager: Shutting down and abandoning module BspMode (584)
[2018.11.20-03.11.04:080][433]LogModuleManager: Shutting down and abandoning module PIEPreviewDeviceProfileSelector (582)
[2018.11.20-03.11.04:080][433]LogModuleManager: Shutting down and abandoning module SequenceRecorderSections (580)
[2018.11.20-03.11.04:080][433]LogModuleManager: Shutting down and abandoning module AutomationWorker (578)
[2018.11.20-03.11.04:080][433]LogModuleManager: Shutting down and abandoning module AudioCaptureEditor (576)
[2018.11.20-03.11.04:080][433]LogModuleManager: Shutting down and abandoning module SequenceRecorder (575)
[2018.11.20-03.11.04:080][433]LogModuleManager: Shutting down and abandoning module MatineeToLevelSequence (572)
[2018.11.20-03.11.04:080][433]LogModuleManager: Shutting down and abandoning module LevelSequenceEditor (570)
[2018.11.20-03.11.04:080][433]LogModuleManager: Shutting down and abandoning module PlacementMode (569)
[2018.11.20-03.11.04:080][433]LogModuleManager: Shutting down and abandoning module MaterialEditor (568)
[2018.11.20-03.11.04:080][433]LogModuleManager: Shutting down and abandoning module WmfMediaFactory (564)
[2018.11.20-03.11.04:080][433]LogModuleManager: Shutting down and abandoning module WmfMediaEditor (562)
[2018.11.20-03.11.04:080][433]LogModuleManager: Shutting down and abandoning module MediaPlayerEditor (560)
[2018.11.20-03.11.04:080][433]LogModuleManager: Shutting down and abandoning module OpenExrWrapper (558)
[2018.11.20-03.11.04:081][433]LogModuleManager: Shutting down and abandoning module ImgMediaFactory (556)
[2018.11.20-03.11.04:081][433]LogModuleManager: Shutting down and abandoning module ImgMediaEditor (554)
[2018.11.20-03.11.04:081][433]LogModuleManager: Shutting down and abandoning module AvfMediaFactory (552)
[2018.11.20-03.11.04:081][433]LogModuleManager: Shutting down and abandoning module AvfMediaEditor (550)
[2018.11.20-03.11.04:081][433]LogModuleManager: Shutting down and abandoning module AndroidMediaFactory (548)
[2018.11.20-03.11.04:081][433]LogModuleManager: Shutting down and abandoning module AndroidMediaEditor (546)
[2018.11.20-03.11.04:081][433]LogModuleManager: Shutting down and abandoning module MagicLeapCameraPreviewFactory (544)
[2018.11.20-03.11.04:081][433]LogModuleManager: Shutting down and abandoning module MagicLeapMediaFactory (542)
[2018.11.20-03.11.04:081][433]LogModuleManager: Shutting down and abandoning module MagicLeapMediaEditor (540)
[2018.11.20-03.11.04:081][433]LogModuleManager: Shutting down and abandoning module CharacterAI (538)
[2018.11.20-03.11.04:081][433]LogModuleManager: Shutting down and abandoning module SmartSnapping (536)
[2018.11.20-03.11.04:081][433]LogModuleManager: Shutting down and abandoning module SessionServices (534)
[2018.11.20-03.11.04:081][433]LogModuleManager: Shutting down and abandoning module ViewportSnapping (532)
[2018.11.20-03.11.04:081][433]LogModuleManager: Shutting down and abandoning module ViewportInteraction (530)
[2018.11.20-03.11.04:081][433]LogModuleManager: Shutting down and abandoning module ClothPainter (528)
[2018.11.20-03.11.04:081][433]LogModuleManager: Shutting down and abandoning module SkeletalMeshEditor (527)
[2018.11.20-03.11.04:081][433]LogModuleManager: Shutting down and abandoning module LogVisualizer (524)
[2018.11.20-03.11.04:081][433]LogModuleManager: Shutting down and abandoning module IntroTutorials (522)
[2018.11.20-03.11.04:081][433]LogModuleManager: Shutting down and abandoning module GameProjectGeneration (521)
[2018.11.20-03.11.04:081][433]LogModuleManager: Shutting down and abandoning module LuminPlatformEditor (518)
[2018.11.20-03.11.04:081][433]LogModuleManager: Shutting down and abandoning module IOSPlatformEditor (516)
[2018.11.20-03.11.04:081][433]LogModuleManager: Shutting down and abandoning module HTML5PlatformEditor (514)
[2018.11.20-03.11.04:081][433]LogModuleManager: Shutting down and abandoning module AndroidPlatformEditor (512)
[2018.11.20-03.11.04:081][433]LogModuleManager: Shutting down and abandoning module AndroidDeviceDetection (511)
[2018.11.20-03.11.04:538][433]LogModuleManager: Shutting down and abandoning module WindowsPlatformEditor (508)
[2018.11.20-03.11.04:538][433]LogModuleManager: Shutting down and abandoning module LuminRuntimeSettings (506)
[2018.11.20-03.11.04:538][433]LogModuleManager: Shutting down and abandoning module IOSRuntimeSettings (504)
[2018.11.20-03.11.04:538][433]LogModuleManager: Shutting down and abandoning module AndroidRuntimeSettings (502)
[2018.11.20-03.11.04:538][433]LogModuleManager: Shutting down and abandoning module InputBindingEditor (500)
[2018.11.20-03.11.04:538][433]LogModuleManager: Shutting down and abandoning module MergeActors (498)
[2018.11.20-03.11.04:538][433]LogModuleManager: Shutting down and abandoning module LocalizationDashboard (496)
[2018.11.20-03.11.04:538][433]LogModuleManager: Shutting down and abandoning module LocalizationService (495)
[2018.11.20-03.11.04:538][433]LogModuleManager: Shutting down and abandoning module HardwareTargeting (492)
[2018.11.20-03.11.04:538][433]LogModuleManager: Shutting down and abandoning module DeviceProfileEditor (490)
[2018.11.20-03.11.04:539][433]LogModuleManager: Shutting down and abandoning module UndoHistory (488)
[2018.11.20-03.11.04:539][433]LogModuleManager: Shutting down and abandoning module XmlParser (486)
[2018.11.20-03.11.04:539][433]LogModuleManager: Shutting down and abandoning module Blutility (484)
[2018.11.20-03.11.04:539][433]LogModuleManager: Shutting down and abandoning module ProjectSettingsViewer (482)
[2018.11.20-03.11.04:539][433]LogModuleManager: Shutting down and abandoning module ProjectTargetPlatformEditor (481)
[2018.11.20-03.11.04:539][433]LogModuleManager: Shutting down and abandoning module EditorSettingsViewer (478)
[2018.11.20-03.11.04:539][433]LogModuleManager: Shutting down and abandoning module SettingsEditor (476)
[2018.11.20-03.11.04:539][433]LogModuleManager: Shutting down and abandoning module ProjectLauncher (474)
[2018.11.20-03.11.04:539][433]LogModuleManager: Shutting down and abandoning module SessionFrontend (472)
[2018.11.20-03.11.04:539][433]LogModuleManager: Shutting down and abandoning module ProfilerClient (470)
[2018.11.20-03.11.04:539][433]LogModuleManager: Shutting down and abandoning module DeviceManager (468)
[2018.11.20-03.11.04:539][433]LogModuleManager: Shutting down and abandoning module TargetDeviceServices (467)
[2018.11.20-03.11.04:593][433]LogModuleManager: Shutting down and abandoning module AutomationController (464)
[2018.11.20-03.11.04:593][433]LogModuleManager: Shutting down and abandoning module AutomationWindow (462)
[2018.11.20-03.11.04:593][433]LogModuleManager: Shutting down and abandoning module Layers (460)
[2018.11.20-03.11.04:593][433]LogModuleManager: Shutting down and abandoning module ComponentVisualizers (458)
[2018.11.20-03.11.04:593][433]LogModuleManager: Shutting down and abandoning module DetailCustomizations (456)
[2018.11.20-03.11.04:593][433]LogModuleManager: Shutting down and abandoning module PackagesDialog (454)
[2018.11.20-03.11.04:593][433]LogModuleManager: Shutting down and abandoning module Persona (452)
[2018.11.20-03.11.04:593][433]LogModuleManager: Shutting down and abandoning module AdvancedPreviewScene (451)
[2018.11.20-03.11.04:593][433]LogModuleManager: Shutting down and abandoning module AnimGraph (449)
[2018.11.20-03.11.04:593][433]LogModuleManager: Shutting down and abandoning module Kismet (446)
[2018.11.20-03.11.04:593][433]LogModuleManager: Shutting down and abandoning module GraphEditor (444)
[2018.11.20-03.11.04:594][433]LogModuleManager: Shutting down and abandoning module ClassViewer (442)
[2018.11.20-03.11.04:594][433]LogModuleManager: Shutting down and abandoning module Toolbox (440)
[2018.11.20-03.11.04:594][433]LogModuleManager: Shutting down and abandoning module ModuleUI (438)
[2018.11.20-03.11.04:594][433]LogModuleManager: Shutting down and abandoning module MovieSceneTools (436)
[2018.11.20-03.11.04:594][433]LogModuleManager: Shutting down and abandoning module OutputLog (434)
[2018.11.20-03.11.04:594][433]LogModuleManager: Shutting down and abandoning module GammaUI (432)
[2018.11.20-03.11.04:594][433]LogModuleManager: Shutting down and abandoning module Documentation (430)
[2018.11.20-03.11.04:594][433]LogModuleManager: Shutting down and abandoning module MovieSceneTracks (428)
[2018.11.20-03.11.04:594][433]LogModuleManager: Shutting down and abandoning module MovieScene (426)
[2018.11.20-03.11.04:594][433]LogModuleManager: Shutting down and abandoning module StreamingPauseRendering (424)
[2018.11.20-03.11.04:594][433]LogModuleManager: Shutting down and abandoning module LauncherPlatform (422)
[2018.11.20-03.11.04:594][433]LogModuleManager: Shutting down and abandoning module AnalyticsET (420)
[2018.11.20-03.11.04:594][433]LogModuleManager: Shutting down and abandoning module PortalServices (418)
[2018.11.20-03.11.04:594][433]LogModuleManager: Shutting down and abandoning module PortalRpc (416)
[2018.11.20-03.11.04:594][433]LogModuleManager: Shutting down and abandoning module MessagingRpc (414)
[2018.11.20-03.11.04:594][433]LogModuleManager: Shutting down and abandoning module AIModule (412)
[2018.11.20-03.11.04:594][433]LogModuleManager: Shutting down and abandoning module GameplayDebugger (411)
[2018.11.20-03.11.04:594][433]LogModuleManager: Shutting down and abandoning module AITestSuite (409)
[2018.11.20-03.11.04:594][433]LogModuleManager: Shutting down and abandoning module NavigationSystem (407)
[2018.11.20-03.11.04:594][433]LogModuleManager: Shutting down and abandoning module DesktopPlatform (404)
[2018.11.20-03.11.04:594][433]LogModuleManager: Shutting down and abandoning module ProfilerService (402)
[2018.11.20-03.11.04:721][433]LogModuleManager: Shutting down and abandoning module TaskGraph (400)
[2018.11.20-03.11.04:721][433]LogModuleManager: Shutting down and abandoning module SteamVRController (398)
[2018.11.20-03.11.04:721][433]LogModuleManager: Shutting down and abandoning module ProceduralMeshComponentEditor (396)
[2018.11.20-03.11.04:722][433]LogModuleManager: Shutting down and abandoning module ProceduralMeshComponent (394)
[2018.11.20-03.11.04:722][433]LogModuleManager: Shutting down and abandoning module OculusInput (392)
[2018.11.20-03.11.04:722][433]LogModuleManager: Shutting down and abandoning module MobilePatchingUtils (390)
[2018.11.20-03.11.04:722][433]LogModuleManager: Shutting down and abandoning module EditableMesh (388)
[2018.11.20-03.11.04:722][433]LogModuleManager: Shutting down and abandoning module CustomMeshComponent (386)
[2018.11.20-03.11.04:722][433]LogModuleManager: Shutting down and abandoning module CableComponent (384)
[2018.11.20-03.11.04:722][433]LogModuleManager: Shutting down and abandoning module AudioCapture (382)
[2018.11.20-03.11.04:722][433]LogModuleManager: Shutting down and abandoning module ArchVisCharacter (380)
[2018.11.20-03.11.04:722][433]LogModuleManager: Shutting down and abandoning module AndroidPermission (378)
[2018.11.20-03.11.04:722][433]LogModuleManager: Shutting down and abandoning module NUTUnrealEngine4 (376)
[2018.11.20-03.11.04:722][433]LogModuleManager: Shutting down and abandoning module NetcodeUnitTest (374)
[2018.11.20-03.11.04:722][433]LogModuleManager: Shutting down and abandoning module MediaCompositingEditor (372)
[2018.11.20-03.11.04:722][433]LogModuleManager: Shutting down and abandoning module MediaCompositing (370)
[2018.11.20-03.11.04:722][433]LogModuleManager: Shutting down and abandoning module LinearTimecode (368)
[2018.11.20-03.11.04:722][433]LogModuleManager: Shutting down and abandoning module ImgMedia (366)
[2018.11.20-03.11.04:727][433]LogModuleManager: Shutting down and abandoning module RawInput (364)
[2018.11.20-03.11.04:727][433]LogModuleManager: Shutting down and abandoning module HTML5Networking (362)
[2018.11.20-03.11.04:727][433]LogModuleManager: Shutting down and abandoning module GeometryCacheTracks (360)
[2018.11.20-03.11.04:727][433]LogModuleManager: Shutting down and abandoning module GeometryCacheSequencer (358)
[2018.11.20-03.11.04:727][433]LogModuleManager: Shutting down and abandoning module BackChannel (356)
[2018.11.20-03.11.04:727][433]LogModuleManager: Shutting down and abandoning module AppleVision (354)
[2018.11.20-03.11.04:727][433]LogModuleManager: Shutting down and abandoning module AppleImageUtils (352)
[2018.11.20-03.11.04:727][433]LogModuleManager: Shutting down and abandoning module AlembicImporter (350)
[2018.11.20-03.11.04:727][433]LogModuleManager: Shutting down and abandoning module AlembicLibrary (349)
[2018.11.20-03.11.04:728][433]LogModuleManager: Shutting down and abandoning module GeometryCache (348)
[2018.11.20-03.11.04:728][433]LogModuleManager: Shutting down and abandoning module GeometryCacheEd (347)
[2018.11.20-03.11.04:728][433]LogModuleManager: Shutting down and abandoning module DatasmithContentEditor (342)
[2018.11.20-03.11.04:728][433]LogModuleManager: Shutting down and abandoning module DatasmithContent (340)
[2018.11.20-03.11.04:729][433]LogModuleManager: Shutting down and abandoning module SpeedTreeImporter (338)
[2018.11.20-03.11.04:729][433]LogModuleManager: Shutting down and abandoning module PluginBrowser (336)
[2018.11.20-03.11.04:729][433]LogModuleManager: Shutting down and abandoning module MobileLauncherProfileWizard (334)
[2018.11.20-03.11.04:729][433]LogModuleManager: Shutting down and abandoning module PolygonModeling (332)
[2018.11.20-03.11.04:729][433]LogModuleManager: Shutting down and abandoning module MeshEditor (330)
[2018.11.20-03.11.04:729][433]LogModuleManager: Shutting down and abandoning module CryptoKeysOpenSSL (328)
[2018.11.20-03.11.04:729][433]LogModuleManager: Shutting down and abandoning module CryptoKeys (326)
[2018.11.20-03.11.04:729][433]LogModuleManager: Shutting down and abandoning module VisualStudioSourceCodeAccess (324)
[2018.11.20-03.11.04:729][433]LogModuleManager: Shutting down and abandoning module VisualStudioCodeSourceCodeAccess (322)
[2018.11.20-03.11.04:730][433]LogModuleManager: Shutting down and abandoning module UObjectPlugin (320)
[2018.11.20-03.11.04:730][433]LogModuleManager: Shutting down and abandoning module SubversionSourceControl (318)
[2018.11.20-03.11.04:730][433]LogModuleManager: Shutting down and abandoning module PerforceSourceControl (316)
[2018.11.20-03.11.04:730][433]LogModuleManager: Shutting down and abandoning module GitSourceControl (314)
[2018.11.20-03.11.04:730][433]LogModuleManager: Shutting down and abandoning module SourceControl (313)
[2018.11.20-03.11.04:730][433]LogModuleManager: Shutting down and abandoning module CLionSourceCodeAccess (310)
[2018.11.20-03.11.04:730][433]LogModuleManager: Shutting down and abandoning module LightPropagationVolumeEditor (308)
[2018.11.20-03.11.04:730][433]LogModuleManager: Shutting down and abandoning module PaperTiledImporter (306)
[2018.11.20-03.11.04:730][433]LogModuleManager: Shutting down and abandoning module PaperSpriteSheetImporter (304)
[2018.11.20-03.11.04:731][433]LogModuleManager: Shutting down and abandoning module Paper2DEditor (302)
[2018.11.20-03.11.04:731][433]LogModuleManager: Shutting down and abandoning module MeshPaint (301)
[2018.11.20-03.11.04:731][433]LogModuleManager: Shutting down and abandoning module RuntimePhysXCooking (298)
[2018.11.20-03.11.04:731][433]LogModuleManager: Shutting down and abandoning module PhysXVehiclesEditor (296)
[2018.11.20-03.11.04:731][433]LogModuleManager: Shutting down and abandoning module PhysXVehicles (294)
[2018.11.20-03.11.04:731][433]LogModuleManager: Shutting down and abandoning module OculusEditor (292)
[2018.11.20-03.11.04:731][433]LogModuleManager: Shutting down and abandoning module LocationServicesBPLibrary (290)
[2018.11.20-03.11.04:731][433]LogModuleManager: Shutting down and abandoning module ImmediatePhysicsEditor (288)
[2018.11.20-03.11.04:731][433]LogModuleManager: Shutting down and abandoning module ImmediatePhysics (286)
[2018.11.20-03.11.04:731][433]LogModuleManager: Shutting down and abandoning module ActorSequence (284)
[2018.11.20-03.11.04:731][433]LogModuleManager: Shutting down and abandoning module UdpMessaging (282)
[2018.11.20-03.11.04:832][433]LogModuleManager: Shutting down and abandoning module TcpMessaging (280)
[2018.11.20-03.11.04:932][433]LogModuleManager: Shutting down and abandoning module MagicLeapAudio (278)
[2018.11.20-03.11.04:932][433]LogModuleManager: Shutting down and abandoning module GameplayTagsEditor (276)
[2018.11.20-03.11.04:932][433]LogModuleManager: Shutting down and abandoning module FacialAnimationEditor (274)
[2018.11.20-03.11.04:932][433]LogModuleManager: Shutting down and abandoning module FacialAnimation (272)
[2018.11.20-03.11.04:932][433]LogModuleManager: Shutting down and abandoning module DataValidation (270)
[2018.11.20-03.11.04:932][433]LogModuleManager: Shutting down and abandoning module AssetManagerEditor (268)
[2018.11.20-03.11.04:932][433]LogModuleManager: Shutting down and abandoning module LevelEditor (267)
[2018.11.20-03.11.04:933][433]LogModuleManager: Shutting down and abandoning module PixelInspectorModule (266)
[2018.11.20-03.11.04:933][433]LogModuleManager: Shutting down and abandoning module CommonMenuExtensions (264)
[2018.11.20-03.11.04:933][433]LogModuleManager: Shutting down and abandoning module MainFrame (262)
[2018.11.20-03.11.04:933][433]LogModuleManager: Shutting down and abandoning module HotReload (261)
[2018.11.20-03.11.04:934][433]LogModuleManager: Shutting down and abandoning module ContentBrowser (257)
[2018.11.20-03.11.04:935][433]LogModuleManager: Shutting down and abandoning module TreeMap (255)
[2018.11.20-03.11.04:935][433]LogModuleManager: Shutting down and abandoning module LightPropagationVolumeRuntime (252)
[2018.11.20-03.11.04:935][433]LogModuleManager: Shutting down and abandoning module AISupportModule (250)
[2018.11.20-03.11.04:935][433]LogModuleManager: Shutting down and abandoning module Paper2D (248)
[2018.11.20-03.11.04:935][433]LogModuleManager: Shutting down and abandoning module WindowsMoviePlayer (246)
[2018.11.20-03.11.04:935][433]LogModuleManager: Shutting down and abandoning module WmfMedia (244)
[2018.11.20-03.11.04:937][433]LogModuleManager: Shutting down and abandoning module Media (243)
[2018.11.20-03.11.04:944][433]LogModuleManager: Shutting down and abandoning module PacketHandler (240)
[2018.11.20-03.11.04:944][433]LogModuleManager: Shutting down and abandoning module ClothingSystemEditor (238)
[2018.11.20-03.11.04:944][433]LogModuleManager: Shutting down and abandoning module ClothingSystemRuntime (236)
[2018.11.20-03.11.04:944][433]LogModuleManager: Shutting down and abandoning module MediaAssets (234)
[2018.11.20-03.11.04:944][433]LogModuleManager: Shutting down and abandoning module Overlay (232)
[2018.11.20-03.11.04:945][433]LogModuleManager: Shutting down and abandoning module OverlayEditor (231)
[2018.11.20-03.11.04:945][433]LogModuleManager: Shutting down and abandoning module VREditor (228)
[2018.11.20-03.11.04:945][433]LogModuleManager: Shutting down and abandoning module StringTableEditor (226)
[2018.11.20-03.11.04:945][433]LogModuleManager: Shutting down and abandoning module GameplayTasksEditor (224)
[2018.11.20-03.11.04:945][433]LogModuleManager: Shutting down and abandoning module BehaviorTreeEditor (222)
[2018.11.20-03.11.04:945][433]LogModuleManager: Shutting down and abandoning module FunctionalTesting (220)
[2018.11.20-03.11.04:945][433]LogModuleManager: Shutting down and abandoning module CollisionAnalyzer (218)
[2018.11.20-03.11.04:945][433]LogModuleManager: Shutting down and abandoning module WorkspaceMenuStructure (217)
[2018.11.20-03.11.04:945][433]LogModuleManager: Shutting down and abandoning module UMG (214)
[2018.11.20-03.11.04:945][433]LogModuleManager: Shutting down and abandoning module UMGEditor (213)
[2018.11.20-03.11.04:945][433]LogModuleManager: Shutting down and abandoning module Sequencer (212)
[2018.11.20-03.11.04:945][433]LogModuleManager: Shutting down and abandoning module MessageLog (209)
[2018.11.20-03.11.04:945][433]LogModuleManager: Shutting down and abandoning module SlateReflector (204)
[2018.11.20-03.11.04:945][433]LogModuleManager: Shutting down and abandoning module Slate (202)
[2018.11.20-03.11.04:945][433]LogModuleManager: Shutting down and abandoning module EditorStyle (200)
[2018.11.20-03.11.04:947][433]LogModuleManager: Shutting down and abandoning module MRMesh (198)
[2018.11.20-03.11.04:948][433]LogModuleManager: Shutting down and abandoning module SourceCodeAccess (196)
[2018.11.20-03.11.04:948][433]LogModuleManager: Shutting down and abandoning module HeadMountedDisplay (194)
[2018.11.20-03.11.04:948][433]LogModuleManager: Shutting down and abandoning module XAudio2 (192)
[2018.11.20-03.11.04:948][433]LogModuleManager: Shutting down and abandoning module Networking (190)
[2018.11.20-03.11.04:948][433]LogModuleManager: Shutting down and abandoning module Core (188)
[2018.11.20-03.11.04:948][433]LogModuleManager: Shutting down and abandoning module LevelSequence (186)
[2018.11.20-03.11.04:948][433]LogModuleManager: Shutting down and abandoning module KismetCompiler (184)
[2018.11.20-03.11.04:948][433]LogModuleManager: Shutting down and abandoning module MeshUtilities (182)
[2018.11.20-03.11.04:948][433]LogModuleManager: Shutting down and abandoning module MeshMergeUtilities (181)
[2018.11.20-03.11.04:948][433]LogModuleManager: Shutting down and abandoning module MeshReductionInterface (180)
[2018.11.20-03.11.04:948][433]LogModuleManager: Shutting down and abandoning module SimplygonSwarm (179)
[2018.11.20-03.11.04:948][433]LogModuleManager: Shutting down and abandoning module ProxyLODMeshReduction (177)
[2018.11.20-03.11.04:948][433]LogModuleManager: Shutting down and abandoning module SimplygonMeshReduction (175)
[2018.11.20-03.11.04:948][433]LogModuleManager: Shutting down and abandoning module QuadricMeshReduction (173)
[2018.11.20-03.11.04:948][433]LogModuleManager: Shutting down and abandoning module MaterialBaking (169)
[2018.11.20-03.11.04:948][433]LogModuleManager: Shutting down and abandoning module DirectoryWatcher (165)
[2018.11.20-03.11.04:948][433]LogModuleManager: Shutting down and abandoning module DerivedDataCache (162)
[2018.11.20-03.11.04:993][433]LogDerivedDataCache: Shutdown
[2018.11.20-03.11.04:993][433]LogModuleManager: Shutting down and abandoning module XGEController (160)
[2018.11.20-03.11.04:993][433]LogModuleManager: Shutting down and abandoning module TargetPlatform (158)
[2018.11.20-03.11.04:993][433]LogModuleManager: Shutting down and abandoning module VulkanShaderFormat (157)
[2018.11.20-03.11.04:993][433]LogModuleManager: Shutting down and abandoning module ShaderFormatVectorVM (155)
[2018.11.20-03.11.04:993][433]LogModuleManager: Shutting down and abandoning module ShaderFormatOpenGL (153)
[2018.11.20-03.11.04:993][433]LogModuleManager: Shutting down and abandoning module ShaderFormatD3D (151)
[2018.11.20-03.11.04:993][433]LogModuleManager: Shutting down and abandoning module MetalShaderFormat (149)
[2018.11.20-03.11.04:993][433]LogModuleManager: Shutting down and abandoning module TextureFormatUncompressed (147)
[2018.11.20-03.11.04:993][433]LogModuleManager: Shutting down and abandoning module TextureFormatPVR (145)
[2018.11.20-03.11.04:993][433]LogModuleManager: Shutting down and abandoning module TextureFormatDXT (143)
[2018.11.20-03.11.04:993][433]LogModuleManager: Shutting down and abandoning module TextureFormatIntelISPCTexComp (141)
[2018.11.20-03.11.04:993][433]LogModuleManager: Shutting down and abandoning module TextureFormatASTC (139)
[2018.11.20-03.11.04:993][433]LogModuleManager: Shutting down and abandoning module ImageWrapper (138)
[2018.11.20-03.11.04:993][433]LogModuleManager: Shutting down and abandoning module TextureFormatAndroid (135)
[2018.11.20-03.11.04:994][433]LogModuleManager: Shutting down and abandoning module AudioFormatOpus (133)
[2018.11.20-03.11.04:994][433]LogModuleManager: Shutting down and abandoning module AudioFormatOgg (131)
[2018.11.20-03.11.04:994][433]LogModuleManager: Shutting down and abandoning module AudioFormatADPCM (129)
[2018.11.20-03.11.04:994][433]LogModuleManager: Shutting down and abandoning module LuminTargetPlatform (127)
[2018.11.20-03.11.04:994][433]LogModuleManager: Shutting down and abandoning module LinuxTargetPlatform (125)
[2018.11.20-03.11.04:994][433]LogModuleManager: Shutting down and abandoning module LinuxServerTargetPlatform (123)
[2018.11.20-03.11.04:994][433]LogModuleManager: Shutting down and abandoning module LinuxNoEditorTargetPlatform (121)
[2018.11.20-03.11.04:994][433]LogModuleManager: Shutting down and abandoning module LinuxClientTargetPlatform (119)
[2018.11.20-03.11.04:994][433]LogModuleManager: Shutting down and abandoning module TVOSTargetPlatform (117)
[2018.11.20-03.11.04:994][433]LogModuleManager: Shutting down and abandoning module Messaging (115)
[2018.11.20-03.11.04:994][433]LogModuleManager: Shutting down and abandoning module IOSTargetPlatform (113)
[2018.11.20-03.11.04:995][433]LogModuleManager: Shutting down and abandoning module HTML5TargetPlatform (111)
[2018.11.20-03.11.04:995][433]LogModuleManager: Shutting down and abandoning module AndroidTargetPlatform (109)
[2018.11.20-03.11.05:000][433]LogModuleManager: Shutting down and abandoning module WindowsTargetPlatform (107)
[2018.11.20-03.11.05:000][433]LogModuleManager: Shutting down and abandoning module WindowsServerTargetPlatform (105)
[2018.11.20-03.11.05:000][433]LogModuleManager: Shutting down and abandoning module WindowsNoEditorTargetPlatform (103)
[2018.11.20-03.11.05:000][433]LogModuleManager: Shutting down and abandoning module WindowsClientTargetPlatform (101)
[2018.11.20-03.11.05:000][433]LogModuleManager: Shutting down and abandoning module MacTargetPlatform (99)
[2018.11.20-03.11.05:000][433]LogModuleManager: Shutting down and abandoning module MacServerTargetPlatform (97)
[2018.11.20-03.11.05:000][433]LogModuleManager: Shutting down and abandoning module MacNoEditorTargetPlatform (95)
[2018.11.20-03.11.05:000][433]LogModuleManager: Shutting down and abandoning module MacClientTargetPlatform (93)
[2018.11.20-03.11.05:000][433]LogModuleManager: Shutting down and abandoning module AllDesktopTargetPlatform (91)
[2018.11.20-03.11.05:000][433]LogModuleManager: Shutting down and abandoning module InputCore (88)
[2018.11.20-03.11.05:000][433]LogModuleManager: Shutting down and abandoning module Settings (86)
[2018.11.20-03.11.05:000][433]LogModuleManager: Shutting down and abandoning module PhysXCooking (84)
[2018.11.20-03.11.05:000][433]LogModuleManager: Shutting down and abandoning module SteamVR (82)
[2018.11.20-03.11.05:000][433]LogModuleManager: Shutting down and abandoning module OculusHMD (80)
[2018.11.20-03.11.05:000][433]LogModuleManager: Shutting down and abandoning module ExampleDeviceProfileSelector (78)
[2018.11.20-03.11.05:000][433]LogModuleManager: Shutting down and abandoning module LauncherChunkInstaller (76)
[2018.11.20-03.11.05:000][433]LogModuleManager: Shutting down and abandoning module OnlineBlueprintSupport (74)
[2018.11.20-03.11.05:000][433]LogModuleManager: Shutting down and abandoning module OnlineSubsystem (70)
[2018.11.20-03.11.05:001][433]LogModuleManager: Shutting down and abandoning module XMPP (65)
[2018.11.20-03.11.05:001][433]LogModuleManager: Shutting down and abandoning module WebSockets (64)
[2018.11.20-03.11.05:017][433]LogModuleManager: Shutting down and abandoning module HTTP (61)
[2018.11.20-03.11.05:017][433]LogHttp: Display: Http module shutting down, but needs to wait on 1 outstanding Http requests:
[2018.11.20-03.11.05:017][433]LogHttp: Display: 	verb=[POST] url=[https://datarouter.ol.epicgames.com/datarouter/api/v1/public/data?SessionID=%7B0A420489-465D-39AD-2D5D-DAB203E46190%7D&AppID=UEEditor.Rocket.Release&AppVersion=4.20.3-4369336%2B%2B%2BUE4%2BRelease-4.20&UserID=fdd2667a4c11b8604151929e2f8b2f04%7Cf1a2d24201eb47cb96fe403298b7d248%7C0d64ffd1-0b1a-4fad-9c9f-53a06c24b815&AppEnvironment=datacollector-binary&UploadType=eteventstream] status=Processing
[2018.11.20-03.11.05:020][433]LogModuleManager: Shutting down and abandoning module SSL (60)
[2018.11.20-03.11.05:021][433]LogModuleManager: Shutting down and abandoning module MagicLeapEmulator (56)
[2018.11.20-03.11.05:021][433]LogModuleManager: Shutting down and abandoning module MagicLeapPrivileges (54)
[2018.11.20-03.11.05:021][433]LogModuleManager: Shutting down and abandoning module MagicLeapIdentity (52)
[2018.11.20-03.11.05:021][433]LogModuleManager: Shutting down and abandoning module MagicLeapHelperVulkan (50)
[2018.11.20-03.11.05:021][433]LogModuleManager: Shutting down and abandoning module MagicLeapHelperOpenGL (48)
[2018.11.20-03.11.05:021][433]LogModuleManager: Shutting down and abandoning module MagicLeapSecureStorage (46)
[2018.11.20-03.11.05:021][433]LogModuleManager: Shutting down and abandoning module MagicLeapGestures (44)
[2018.11.20-03.11.05:021][433]LogModuleManager: Shutting down and abandoning module MagicLeapEyeTracker (42)
[2018.11.20-03.11.05:021][433]LogModuleManager: Shutting down and abandoning module MagicLeapController (40)
[2018.11.20-03.11.05:022][433]LogSlate: Slate User Destroyed.  User Index 0, Is Virtual User: 0
[2018.11.20-03.11.05:022][433]LogModuleManager: Shutting down and abandoning module MagicLeap (38)
[2018.11.20-03.11.05:022][433]LogModuleManager: Shutting down and abandoning module AnimationModifiers (36)
[2018.11.20-03.11.05:022][433]LogModuleManager: Shutting down and abandoning module PropertyEditor (35)
[2018.11.20-03.11.05:022][433]LogModuleManager: Shutting down and abandoning module AudioEditor (32)
[2018.11.20-03.11.05:022][433]LogModuleManager: Shutting down and abandoning module TextureCompressor (30)
[2018.11.20-03.11.05:022][433]LogModuleManager: Shutting down and abandoning module ShaderCore (28)
[2018.11.20-03.11.05:022][433]LogModuleManager: Shutting down and abandoning module Landscape (26)
[2018.11.20-03.11.05:022][433]LogModuleManager: Shutting down and abandoning module SlateRHIRenderer (24)
[2018.11.20-03.11.05:022][433]LogModuleManager: Shutting down and abandoning module OpenGLDrv (22)
[2018.11.20-03.11.05:022][433]LogModuleManager: Shutting down and abandoning module D3D11RHI (20)
[2018.11.20-03.11.05:022][433]LogModuleManager: Shutting down and abandoning module AnimGraphRuntime (18)
[2018.11.20-03.11.05:022][433]LogModuleManager: Shutting down and abandoning module Renderer (16)
[2018.11.20-03.11.05:022][433]LogModuleManager: Shutting down and abandoning module Engine (14)
[2018.11.20-03.11.05:022][433]LogModuleManager: Shutting down and abandoning module CoreUObject (12)
[2018.11.20-03.11.05:022][433]LogModuleManager: Shutting down and abandoning module NetworkFile (10)
[2018.11.20-03.11.05:022][433]LogModuleManager: Shutting down and abandoning module CookedIterativeFile (8)
[2018.11.20-03.11.05:022][433]LogModuleManager: Shutting down and abandoning module StreamingFile (6)
[2018.11.20-03.11.05:022][433]LogModuleManager: Shutting down and abandoning module SandboxFile (4)
[2018.11.20-03.11.05:022][433]LogModuleManager: Shutting down and abandoning module PakFile (2)
[2018.11.20-03.11.05:029][433]LogExit: Exiting.
[2018.11.20-03.11.05:034][433]Log file closed, 11/19/18 22:11:05
