Log file open, 12/10/18 01:28:06
LogWindows: Failed to load 'aqProf.dll' (GetLastError=126)
LogWindows: File 'aqProf.dll' does not exist
LogWindows: Failed to load 'VSPerf140.dll' (GetLastError=126)
LogWindows: File 'VSPerf140.dll' does not exist
LogWindows: Failed to load 'VtuneApi.dll' (GetLastError=126)
LogWindows: File 'VtuneApi.dll' does not exist
LogWindows: Failed to load 'VtuneApi32e.dll' (GetLastError=126)
LogWindows: File 'VtuneApi32e.dll' does not exist
LogInit: Display: Running engine for game: okay
LogPlatformFile: Not using cached read wrapper
LogTaskGraph: Started task graph with 5 named threads and 23 total threads with 3 sets of task threads.
LogStats: Stats thread started at 0.282616
LogD3D11RHI: Loaded GFSDK_Aftermath_Lib.x64.dll
LogICUInternationalization: Display: ICU TimeZone Detection - Raw Offset: -5:00, Platform Override: ''
LogPluginManager: Mounting plugin Paper2D
LogPluginManager: Mounting plugin AISupport
LogPluginManager: Mounting plugin LightPropagationVolume
LogPluginManager: Mounting plugin CLionSourceCodeAccess
LogPluginManager: Mounting plugin CodeLiteSourceCodeAccess
LogPluginManager: Mounting plugin GitSourceControl
LogPluginManager: Mounting plugin KDevelopSourceCodeAccess
LogPluginManager: Mounting plugin NullSourceCodeAccess
LogPluginManager: Mounting plugin PerforceSourceControl
LogPluginManager: Mounting plugin SubversionSourceControl
LogPluginManager: Mounting plugin UObjectPlugin
LogPluginManager: Mounting plugin VisualStudioCodeSourceCodeAccess
LogPluginManager: Mounting plugin VisualStudioSourceCodeAccess
LogPluginManager: Mounting plugin XCodeSourceCodeAccess
LogPluginManager: Mounting plugin AssetManagerEditor
LogPluginManager: Mounting plugin CryptoKeys
LogPluginManager: Mounting plugin DataValidation
LogPluginManager: Mounting plugin FacialAnimation
LogPluginManager: Mounting plugin GameplayTagsEditor
LogPluginManager: Mounting plugin MacGraphicsSwitching
LogPluginManager: Mounting plugin MeshEditor
LogPluginManager: Mounting plugin MobileLauncherProfileWizard
LogPluginManager: Mounting plugin PluginBrowser
LogPluginManager: Mounting plugin SpeedTreeImporter
LogPluginManager: Mounting plugin DatasmithContent
LogPluginManager: Mounting plugin AlembicImporter
LogPluginManager: Mounting plugin AppleImageUtils
LogPluginManager: Mounting plugin AppleVision
LogPluginManager: Mounting plugin BackChannel
LogPluginManager: Mounting plugin CharacterAI
LogPluginManager: Mounting plugin GeometryCache
LogPluginManager: Mounting plugin HTML5Networking
LogPluginManager: Mounting plugin ProxyLODPlugin
LogPluginManager: Mounting plugin RawInput
LogPluginManager: Mounting plugin MagicLeap
LogPluginManager: Mounting plugin MagicLeapEmulator
LogPluginManager: Mounting plugin MagicLeapMedia
LogPluginManager: Mounting plugin AndroidMedia
LogPluginManager: Mounting plugin AvfMedia
LogPluginManager: Mounting plugin ImgMedia
LogPluginManager: Mounting plugin LinearTimecode
LogPluginManager: Mounting plugin MediaCompositing
LogPluginManager: Mounting plugin MediaPlayerEditor
LogPluginManager: Mounting plugin WmfMedia
LogPluginManager: Mounting plugin TcpMessaging
LogPluginManager: Mounting plugin UdpMessaging
LogPluginManager: Mounting plugin ActorSequence
LogPluginManager: Mounting plugin LevelSequenceEditor
LogPluginManager: Mounting plugin MatineeToLevelSequence
LogPluginManager: Mounting plugin NetcodeUnitTest
LogPluginManager: Mounting plugin NUTUnrealEngine4
LogPluginManager: Mounting plugin OnlineSubsystemGooglePlay
LogPluginManager: Mounting plugin OnlineSubsystemIOS
LogPluginManager: Mounting plugin OnlineSubsystem
LogPluginManager: Mounting plugin OnlineSubsystemNull
LogPluginManager: Mounting plugin OnlineSubsystemUtils
LogPluginManager: Mounting plugin LauncherChunkInstaller
LogPluginManager: Mounting plugin AndroidDeviceProfileSelector
LogPluginManager: Mounting plugin AndroidMoviePlayer
LogPluginManager: Mounting plugin AndroidPermission
LogPluginManager: Mounting plugin AppleMoviePlayer
LogPluginManager: Mounting plugin ArchVisCharacter
LogPluginManager: Mounting plugin AudioCapture
LogPluginManager: Mounting plugin CableComponent
LogPluginManager: Mounting plugin CustomMeshComponent
LogPluginManager: Mounting plugin EditableMesh
LogPluginManager: Mounting plugin ExampleDeviceProfileSelector
LogPluginManager: Mounting plugin GoogleCloudMessaging
LogPluginManager: Mounting plugin ImmediatePhysics
LogPluginManager: Mounting plugin IOSDeviceProfileSelector
LogPluginManager: Mounting plugin LinuxDeviceProfileSelector
LogPluginManager: Mounting plugin LocationServicesBPLibrary
LogPluginManager: Mounting plugin MobilePatchingUtils
LogPluginManager: Mounting plugin OculusVR
LogPluginManager: Plugin shader directory ../../../Engine/Plugins/Runtime/Oculus/OculusVR/Shaders found
LogPluginManager: Mapping shader source directory ../../../Engine/Plugins/Runtime/Oculus/OculusVR/Shaders to virtual directory /Plugin/OculusVR
LogPluginManager: Mounting plugin PhysXVehicles
LogPluginManager: Mounting plugin ProceduralMeshComponent
LogPluginManager: Mounting plugin RuntimePhysXCooking
LogPluginManager: Mounting plugin SteamVR
LogPluginManager: Mounting plugin WindowsMoviePlayer
LogStreaming: Display: Took  0.303s to configure plugins.
LogInit: Using libcurl 7.55.1-DEV
LogInit:  - built for x86_64-pc-win32
LogInit:  - supports SSL with OpenSSL/1.0.2h
LogInit:  - supports HTTP deflate (compression) using libz 1.2.8
LogInit:  - other features:
LogInit:      CURL_VERSION_SSL
LogInit:      CURL_VERSION_LIBZ
LogInit:      CURL_VERSION_IPV6
LogInit:      CURL_VERSION_ASYNCHDNS
LogInit:      CURL_VERSION_LARGEFILE
LogInit:      CURL_VERSION_IDN
LogInit:  CurlRequestOptions (configurable via config and command line):
LogInit:  - bVerifyPeer = false  - Libcurl will NOT verify peer certificate
LogInit:  - bUseHttpProxy = false  - Libcurl will NOT use HTTP proxy
LogInit:  - bDontReuseConnections = false  - Libcurl will reuse connections
LogInit:  - CertBundlePath = nullptr  - Libcurl will use whatever was configured at build time.
LogInit:  - MaxHostConnections = 16  - Libcurl will limit the number of connections to a host
LogInit:  - LocalHostAddr = Default
LogInit:  - BufferSize = 65536
LogInit: WinSock: version 1.1 (2.2), MaxSocks=32767, MaxUdp=65467
LogInit: Build: ++UE4+Release-4.20-CL-4369336
LogInit: Engine Version: 4.20.3-4369336+++UE4+Release-4.20
LogInit: Compatible Engine Version: 4.20.0-4212847+++UE4+Release-4.20
LogInit: Net CL: 4212847
LogInit: OS: Windows 10 (), CPU: Intel(R) Core(TM) i7-6700 CPU @ 3.40GHz, GPU: NVIDIA GeForce GTX 970
LogInit: Compiled (64-bit): Sep 17 2018 12:26:19
LogInit: Compiled with Visual C++: 19.13.26129.00
LogInit: Build Configuration: Development
LogInit: Branch Name: ++UE4+Release-4.20
LogInit: Command Line: 
LogInit: Base Directory: D:/UE_4.20/Engine/Binaries/Win64/
LogInit: Installed Engine Build: 1
LogDevObjectVersion: Number of dev versions registered: 20
LogDevObjectVersion:   Dev-Blueprints (B0D832E4-1F89-4F0D-ACCF-7EB736FD4AA2): 10
LogDevObjectVersion:   Dev-Build (E1C64328-A22C-4D53-A36C-8E866417BD8C): 0
LogDevObjectVersion:   Dev-Core (375EC13C-06E4-48FB-B500-84F0262A717E): 2
LogDevObjectVersion:   Dev-Editor (E4B068ED-F494-42E9-A231-DA0B2E46BB41): 24
LogDevObjectVersion:   Dev-Framework (CFFC743F-43B0-4480-9391-14DF171D2073): 34
LogDevObjectVersion:   Dev-Mobile (B02B49B5-BB20-44E9-A304-32B752E40360): 2
LogDevObjectVersion:   Dev-Networking (A4E4105C-59A1-49B5-A7C5-40C4547EDFEE): 0
LogDevObjectVersion:   Dev-Online (39C831C9-5AE6-47DC-9A44-9C173E1C8E7C): 0
LogDevObjectVersion:   Dev-Physics (78F01B33-EBEA-4F98-B9B4-84EACCB95AA2): 0
LogDevObjectVersion:   Dev-Platform (6631380F-2D4D-43E0-8009-CF276956A95A): 0
LogDevObjectVersion:   Dev-Rendering (12F88B9F-8875-4AFC-A67C-D90C383ABD29): 26
LogDevObjectVersion:   Dev-Sequencer (7B5AE74C-D270-4C10-A958-57980B212A5A): 9
LogDevObjectVersion:   Dev-VR (D7296918-1DD6-4BDD-9DE2-64A83CC13884): 2
LogDevObjectVersion:   Dev-LoadTimes (C2A15278-BFE7-4AFE-6C17-90FF531DF755): 1
LogDevObjectVersion:   Private-Geometry (6EACA3D4-40EC-4CC1-B786-8BED09428FC5): 3
LogDevObjectVersion:   Dev-AnimPhys (29E575DD-E0A3-4627-9D10-D276232CDCEA): 17
LogDevObjectVersion:   Dev-ReflectionCapture (6B266CEC-1EC7-4B8F-A30B-E4D90942FC07): 1
LogDevObjectVersion:   Dev-Automation (0DF73D61-A23F-47EA-B727-89E90C41499A): 1
LogDevObjectVersion:   FortniteMain (601D1886-AC64-4F84-AA16-D3DE0DEAC7D6): 12
LogDevObjectVersion:   Dev-Enterprise (9DFFBCD6-494F-0158-E221-12823C92A888): 1
LogStreaming: Display: Took  0.001s to delete old logs.
LogInit: Presizing for max 8388607 objects, including 0 objects not considered by GC, pre-allocating 0 bytes for permanent pool.
LogInit: Object subsystem initialized
[2018.12.10-06.28.06:498][  0]LogInit: Selected Device Profile: [Windows]
[2018.12.10-06.28.06:498][  0]LogInit: Applying CVar settings loaded from the selected device profile: [Windows]
[2018.12.10-06.28.06:509][  0]LogHAL: Display: Platform has ~ 16 GB [17105747968 / 17179869184 / 16], which maps to Larger [LargestMinGB=32, LargerMinGB=12, DefaultMinGB=8, SmallerMinGB=6, SmallestMinGB=0)
[2018.12.10-06.28.06:509][  0]LogInit: Setting Device Profile CVar: [[r.Vulkan.UseRealUBs:1]]
[2018.12.10-06.28.06:509][  0]LogInit: Going up to parent DeviceProfile []
[2018.12.10-06.28.06:510][  0]LogInit: Computer: MUTHAFKNPC
[2018.12.10-06.28.06:510][  0]LogInit: User: lochu
[2018.12.10-06.28.06:510][  0]LogInit: CPU Page size=4096, Cores=4
[2018.12.10-06.28.06:510][  0]LogInit: High frequency timer resolution =3.328125 MHz
[2018.12.10-06.28.06:510][  0]LogMemory: Memory total: Physical=15.9GB (16GB approx)
[2018.12.10-06.28.06:510][  0]LogMemory: Platform Memory Stats for Windows
[2018.12.10-06.28.06:510][  0]LogMemory: Process Physical Memory: 101.50 MB used, 101.50 MB peak
[2018.12.10-06.28.06:510][  0]LogMemory: Process Virtual Memory: 86.00 MB used, 86.00 MB peak
[2018.12.10-06.28.06:510][  0]LogMemory: Physical Memory: 10020.75 MB used,  6292.57 MB free, 16313.31 MB total
[2018.12.10-06.28.06:510][  0]LogMemory: Virtual Memory: 4630.50 MB used,  6292.57 MB free, 134217728.00 MB total
[2018.12.10-06.28.06:544][  0]LogInit: Using OS detected language (en-US).
[2018.12.10-06.28.06:544][  0]LogInit: Using OS detected locale (en-US).
[2018.12.10-06.28.06:545][  0]LogTextLocalizationManager: No specific localization for 'en-US' exists, so the 'en' localization will be used.
[2018.12.10-06.28.06:910][  0]LogStreaming: Display: Took  0.366s to InitEngineTextLocalization.
[2018.12.10-06.28.06:910][  0]LogInit: Setting process to per monitor DPI aware
[2018.12.10-06.28.06:935][  0]LogSlate: New Slate User Created.  User Index 0, Is Virtual User: 0
[2018.12.10-06.28.06:935][  0]LogSlate: Slate User Registered.  User Index 0, Is Virtual User: 0
[2018.12.10-06.28.07:118][  0]LogHMD: Failed to initialize OpenVR with code 110
[2018.12.10-06.28.07:119][  0]LogD3D11RHI: D3D11 adapters:
[2018.12.10-06.28.07:186][  0]LogD3D11RHI:    0. 'NVIDIA GeForce GTX 970' (Feature Level 11_0)
[2018.12.10-06.28.07:186][  0]LogD3D11RHI:       4043/0/8156 MB DedicatedVideo/DedicatedSystem/SharedSystem, Outputs:2, VendorId:0x10de
[2018.12.10-06.28.07:188][  0]LogD3D11RHI:    1. 'Microsoft Basic Render Driver' (Feature Level 11_0)
[2018.12.10-06.28.07:188][  0]LogD3D11RHI:       0/0/8156 MB DedicatedVideo/DedicatedSystem/SharedSystem, Outputs:0, VendorId:0x1414
[2018.12.10-06.28.07:188][  0]LogD3D11RHI: Chosen D3D11 Adapter: 0
[2018.12.10-06.28.07:205][  0]LogD3D11RHI: Creating new Direct3DDevice
[2018.12.10-06.28.07:205][  0]LogD3D11RHI:     GPU DeviceId: 0x13c2 (for the marketing name, search the web for "GPU Device Id")
[2018.12.10-06.28.07:205][  0]LogWindows: EnumDisplayDevices:
[2018.12.10-06.28.07:205][  0]LogWindows:    0. 'NVIDIA GeForce GTX 970' (P:1 D:1)
[2018.12.10-06.28.07:205][  0]LogWindows:    1. 'NVIDIA GeForce GTX 970' (P:0 D:1)
[2018.12.10-06.28.07:205][  0]LogWindows:    2. 'NVIDIA GeForce GTX 970' (P:0 D:0)
[2018.12.10-06.28.07:206][  0]LogWindows:    3. 'NVIDIA GeForce GTX 970' (P:0 D:0)
[2018.12.10-06.28.07:206][  0]LogWindows: DebugString: FoundDriverCount:4 
[2018.12.10-06.28.07:206][  0]LogD3D11RHI:     Adapter Name: NVIDIA GeForce GTX 970
[2018.12.10-06.28.07:206][  0]LogD3D11RHI:   Driver Version: 416.94 (internal:25.21.14.1694, unified:416.94)
[2018.12.10-06.28.07:206][  0]LogD3D11RHI:      Driver Date: 11-12-2018
[2018.12.10-06.28.07:206][  0]LogRHI: Texture pool is 2830 MB (70% of 4043 MB)
[2018.12.10-06.28.07:247][  0]LogD3D11RHI: Async texture creation enabled
[2018.12.10-06.28.07:264][  0]LogD3D11RHI: GPU Timing Frequency: 1000.000000 (Debug: 2 2)
[2018.12.10-06.28.07:314][  0]LogShaderCompilers: Guid format shader working directory is -2 characters bigger than the processId version (../../../../WORK/385/project/385_Boat_Game/okay/Intermediate/Shaders/WorkingDirectory/21340/).
[2018.12.10-06.28.07:315][  0]LogShaderCompilers: Cleaned the shader compiler working directory 'C:/Users/lochu/AppData/Local/Temp/UnrealShaderWorkingDir/F05D6C3244A845B2CBF28DAF7838E7FA/'.
[2018.12.10-06.28.07:594][  0]LogTemp: Display: Loaded TP AllDesktopTargetPlatform
[2018.12.10-06.28.07:605][  0]LogTemp: Display: Loaded TP MacClientTargetPlatform
[2018.12.10-06.28.07:618][  0]LogTemp: Display: Loaded TP MacNoEditorTargetPlatform
[2018.12.10-06.28.07:630][  0]LogTemp: Display: Loaded TP MacServerTargetPlatform
[2018.12.10-06.28.07:646][  0]LogTemp: Display: Loaded TP MacTargetPlatform
[2018.12.10-06.28.07:657][  0]LogTemp: Display: Loaded TP WindowsClientTargetPlatform
[2018.12.10-06.28.07:669][  0]LogTemp: Display: Loaded TP WindowsNoEditorTargetPlatform
[2018.12.10-06.28.07:683][  0]LogTemp: Display: Loaded TP WindowsServerTargetPlatform
[2018.12.10-06.28.07:688][  0]LogTemp: Display: Loaded TP WindowsTargetPlatform
[2018.12.10-06.28.07:766][  0]LogTemp: Display: Loaded TP AndroidTargetPlatform
[2018.12.10-06.28.07:766][  0]LogTemp: Display: Loaded TP AndroidTargetPlatform
[2018.12.10-06.28.07:766][  0]LogTemp: Display: Loaded TP AndroidTargetPlatform
[2018.12.10-06.28.07:766][  0]LogTemp: Display: Loaded TP AndroidTargetPlatform
[2018.12.10-06.28.07:766][  0]LogTemp: Display: Loaded TP AndroidTargetPlatform
[2018.12.10-06.28.07:766][  0]LogTemp: Display: Loaded TP AndroidTargetPlatform
[2018.12.10-06.28.07:766][  0]LogTemp: Display: Loaded TP AndroidTargetPlatform
[2018.12.10-06.28.07:766][  0]LogTemp: Display: Loaded TP AndroidTargetPlatform
[2018.12.10-06.28.07:766][  0]LogTemp: Display: Loaded TP AndroidTargetPlatform
[2018.12.10-06.28.07:766][  0]LogTemp: Display: Loaded TP AndroidTargetPlatform
[2018.12.10-06.28.07:766][  0]LogTemp: Display: Loaded TP AndroidTargetPlatform
[2018.12.10-06.28.07:767][  0]LogTemp: Display: Loaded TP AndroidTargetPlatform
[2018.12.10-06.28.07:767][  0]LogTemp: Display: Loaded TP AndroidTargetPlatform
[2018.12.10-06.28.07:767][  0]LogTemp: Display: Loaded TP AndroidTargetPlatform
[2018.12.10-06.28.07:767][  0]LogTemp: Display: Loaded TP AndroidTargetPlatform
[2018.12.10-06.28.07:767][  0]LogTemp: Display: Loaded TP AndroidTargetPlatform
[2018.12.10-06.28.07:767][  0]LogTemp: Display: Loaded TP AndroidTargetPlatform
[2018.12.10-06.28.07:767][  0]LogTemp: Display: Loaded TP AndroidTargetPlatform
[2018.12.10-06.28.07:767][  0]LogTemp: Display: Loaded TP HTML5TargetPlatform
[2018.12.10-06.28.07:830][  0]LogTemp: Display: Loaded TP IOSTargetPlatform
[2018.12.10-06.28.07:830][  0]LogTemp: Display: Loaded TP IOSTargetPlatform
[2018.12.10-06.28.07:851][  0]LogTemp: Display: Loaded TP TVOSTargetPlatform
[2018.12.10-06.28.07:851][  0]LogTemp: Display: Loaded TP TVOSTargetPlatform
[2018.12.10-06.28.07:862][  0]LogTemp: Display: Loaded TP LinuxClientTargetPlatform
[2018.12.10-06.28.07:873][  0]LogTemp: Display: Loaded TP LinuxNoEditorTargetPlatform
[2018.12.10-06.28.07:884][  0]LogTemp: Display: Loaded TP LinuxServerTargetPlatform
[2018.12.10-06.28.07:899][  0]LogTemp: Display: Loaded TP LinuxTargetPlatform
[2018.12.10-06.28.07:906][  0]LogTemp: Display: Loaded TP LuminTargetPlatform
[2018.12.10-06.28.07:906][  0]LogTargetPlatformManager: Display: Building Assets For Windows
[2018.12.10-06.28.07:951][  0]LogXGEController: Cannot use XGE Controller as Incredibuild is not installed on this machine.
[2018.12.10-06.28.07:951][  0]LogShaderCompilers: Cannot use XGE Shader Compiler as Incredibuild is not installed on this machine.
[2018.12.10-06.28.07:951][  0]LogShaderCompilers: Display: Using Local Shader Compiler.
[2018.12.10-06.28.08:648][  0]LogDerivedDataCache: Display: Max Cache Size: 512 MB
[2018.12.10-06.28.08:706][  0]LogDerivedDataCache: Loaded boot cache 0.06s 71MB C:/Users/lochu/AppData/Local/UnrealEngine/4.20/DerivedDataCache/Boot.ddc.
[2018.12.10-06.28.08:706][  0]LogDerivedDataCache: Display: Loaded Boot cache: C:/Users/lochu/AppData/Local/UnrealEngine/4.20/DerivedDataCache/Boot.ddc
[2018.12.10-06.28.08:706][  0]LogDerivedDataCache: FDerivedDataBackendGraph:  Pak pak cache file ../../../../WORK/385/project/385_Boat_Game/okay/DerivedDataCache/DDC.ddp not found, will not use a pak cache.
[2018.12.10-06.28.08:706][  0]LogDerivedDataCache: Unable to find inner node Pak for hierarchical cache Hierarchy.
[2018.12.10-06.28.08:706][  0]LogDerivedDataCache: FDerivedDataBackendGraph:  CompressedPak pak cache file ../../../../WORK/385/project/385_Boat_Game/okay/DerivedDataCache/Compressed.ddp not found, will not use a pak cache.
[2018.12.10-06.28.08:706][  0]LogDerivedDataCache: Unable to find inner node CompressedPak for hierarchical cache Hierarchy.
[2018.12.10-06.28.08:720][  0]LogDerivedDataCache: Display: Pak cache opened for reading ../../../Engine/DerivedDataCache/Compressed.ddp.
[2018.12.10-06.28.08:733][  0]LogDerivedDataCache: Using Local data cache path C:/Users/lochu/AppData/Local/UnrealEngine/Common/DerivedDataCache: Writable
[2018.12.10-06.28.08:733][  0]LogDerivedDataCache: Shared data cache path not found in *engine.ini, will not use an Shared cache.
[2018.12.10-06.28.08:733][  0]LogDerivedDataCache: Unable to find inner node Shared for hierarchical cache Hierarchy.
[2018.12.10-06.28.08:750][  0]LogMaterial: Verifying Global Shaders for PCD3D_SM5
[2018.12.10-06.28.08:752][  0]LogSlate: Using FreeType 2.6.0
[2018.12.10-06.28.08:752][  0]LogSlate: SlateFontServices - WITH_FREETYPE: 1, WITH_HARFBUZZ: 1
[2018.12.10-06.28.08:826][  0]LogAssetRegistry: FAssetRegistry took 0.0254 seconds to start up
[2018.12.10-06.28.09:164][  0]LogInit: Selected Device Profile: [Windows]
[2018.12.10-06.28.09:278][  0]LogSimplygon: Simplygon DLL not present - disabling.
[2018.12.10-06.28.09:281][  0]LogMeshReduction: Using SimplygonSwarm for distributed automatic mesh merging
[2018.12.10-06.28.09:281][  0]LogMeshReduction: Using ProxyLODMeshReduction for automatic mesh merging
[2018.12.10-06.28.09:281][  0]LogMeshReduction: Using QuadricMeshReduction for automatic static mesh reduction
[2018.12.10-06.28.09:281][  0]LogMeshReduction: No automatic skeletal mesh reduction module available
[2018.12.10-06.28.09:300][  0]LogNetVersion: okay 1.0.0, NetCL: 4212847, EngineNetVer: 5, GameNetVer: 0 (Checksum: 1209445407)
[2018.12.10-06.28.09:871][  0]LogPackageLocalizationCache: Processed 11 localized package path(s) for 2 prioritized culture(s) in 0.097467 seconds
[2018.12.10-06.28.09:880][  0]LogUObjectArray: 38425 objects as part of root set at end of initial load.
[2018.12.10-06.28.09:880][  0]LogUObjectAllocator: 6690872 out of 0 bytes used by permanent object pool.
[2018.12.10-06.28.09:880][  0]LogUObjectArray: CloseDisregardForGC: 0/0 objects in disregard for GC pool
[2018.12.10-06.28.10:691][  0]LogTcpMessaging: Initializing TcpMessaging bridge
[2018.12.10-06.28.10:708][  0]LogUdpMessaging: Initializing bridge on interface 0.0.0.0:0 to multicast group 230.0.0.1:6666.
[2018.12.10-06.28.10:849][  0]SourceControl: Source control is disabled
[2018.12.10-06.28.10:849][  0]SourceControl: Source control is disabled
[2018.12.10-06.28.10:851][  0]SourceControl: Source control is disabled
[2018.12.10-06.28.10:851][  0]SourceControl: Source control is disabled
[2018.12.10-06.28.11:177][  0]LogAndroidPermission: UAndroidPermissionCallbackProxy::GetInstance
[2018.12.10-06.28.11:301][  0]LogOcInput: OculusInput pre-init called
[2018.12.10-06.28.11:363][  0]LogEngine: Initializing Engine...
[2018.12.10-06.28.11:364][  0]LogHMD: Failed to initialize OpenVR with code 110
[2018.12.10-06.28.11:365][  0]LogStats: UGameplayTagsManager::ConstructGameplayTagTree: ImportINI prefixes -  0.000 s
[2018.12.10-06.28.11:366][  0]LogStats: UGameplayTagsManager::ConstructGameplayTagTree: Construct from data asset -  0.000 s
[2018.12.10-06.28.11:366][  0]LogStats: UGameplayTagsManager::ConstructGameplayTagTree: ImportINI -  0.000 s
[2018.12.10-06.28.11:366][  0]LogStats: UGameplayTagsManager::ConstructGameplayTagTree: GameplayTagTreeChangedEvent.Broadcast -  0.000 s
[2018.12.10-06.28.11:598][  0]LogInit: Initializing FReadOnlyCVARCache
[2018.12.10-06.28.11:606][  0]LogAIModule: Creating AISystem for world Untitled
[2018.12.10-06.28.11:640][  0]LogInit: XAudio2 using 'Headset Earphone (Logitech G35 Gaming Headset)' : 2 channels at 44.1 kHz using 16 bits per sample (channel mask 0x3)
[2018.12.10-06.28.11:666][  0]LogInit: FAudioDevice initialized.
[2018.12.10-06.28.11:667][  0]LogNetVersion: Set ProjectVersion to 1.0.0.0. Version Checksum will be recalculated on next use.
[2018.12.10-06.28.12:003][  0]LogDerivedDataCache: Saved boot cache 0.34s 71MB C:/Users/lochu/AppData/Local/UnrealEngine/4.20/DerivedDataCache/Boot.ddc.
[2018.12.10-06.28.12:011][  0]LogInit: Texture streaming: Enabled
[2018.12.10-06.28.12:130][  0]LogEngineSessionManager: EngineSessionManager initialized
[2018.12.10-06.28.12:181][  0]LogInit: Transaction tracking system initialized
[2018.12.10-06.28.12:196][  0]BlueprintLog: New page: Editor Load
[2018.12.10-06.28.12:254][  0]LocalizationService: Localization service is disabled
[2018.12.10-06.28.12:612][  0]LogCook: Display: Max memory allowance for cook 16384mb min free memory 0mb
[2018.12.10-06.28.12:612][  0]LogCook: Display: Mobile HDR setting 1
[2018.12.10-06.28.12:627][  0]LogFileCache: Scanning file cache for directory 'D:/WORK/385/project/385_Boat_Game/okay/Content/' took 0.04s
[2018.12.10-06.28.12:627][  0]LogGameplayTags: Display: UGameplayTagsManager::DoneAddingNativeTags. DelegateIsBound: 0
[2018.12.10-06.28.12:627][  0]LogStats: UGameplayTagsManager::ConstructGameplayTagTree: ImportINI prefixes -  0.000 s
[2018.12.10-06.28.12:627][  0]LogStats: UGameplayTagsManager::ConstructGameplayTagTree: Construct from data asset -  0.000 s
[2018.12.10-06.28.12:627][  0]LogStats: UGameplayTagsManager::ConstructGameplayTagTree: ImportINI -  0.000 s
[2018.12.10-06.28.12:627][  0]LogStats: UGameplayTagsManager::ConstructGameplayTagTree: GameplayTagTreeChangedEvent.Broadcast -  0.000 s
[2018.12.10-06.28.12:733][  0]SourceControl: Source control is disabled
[2018.12.10-06.28.12:734][  0]Cmd: MAP LOAD FILE="../../../../WORK/385/project/385_Boat_Game/okay/Content/VehicleBP/Maps/VehicleExampleMap.umap" TEMPLATE=0 SHOWPROGRESS=1 FEATURELEVEL=3
[2018.12.10-06.28.12:734][  0]LightingResults: New page: Lighting Build
[2018.12.10-06.28.12:735][  0]MapCheck: New page: Map Check
[2018.12.10-06.28.12:735][  0]LightingResults: New page: Lighting Build
[2018.12.10-06.28.31:625][  0]LogAIModule: Creating AISystem for world VehicleExampleMap
[2018.12.10-06.28.44:228][  0]LogEditorServer: Finished looking for orphan Actors (0.000 secs)
[2018.12.10-06.28.44:296][  0]Cmd: MAP CHECKDEP NOCLEARLOG
[2018.12.10-06.28.44:344][  0]MapCheck: Map check complete: 0 Error(s), 0 Warning(s), took 47.734ms to complete.
[2018.12.10-06.28.44:344][  0]LogFileHelpers: Loading map 'VehicleExampleMap' took 31.611
[2018.12.10-06.28.44:932][  0]LogSlate: Updating window title bar state: overlay mode, drag disabled, window buttons hidden, title bar hidden
[2018.12.10-06.28.44:940][  0]LogSlate: Updating window title bar state: overlay mode, drag disabled, window buttons hidden, title bar hidden
[2018.12.10-06.28.44:948][  0]LogSlate: Updating window title bar state: overlay mode, drag disabled, window buttons hidden, title bar hidden
[2018.12.10-06.28.44:954][  0]LogSlate: Updating window title bar state: overlay mode, drag disabled, window buttons hidden, title bar hidden
[2018.12.10-06.28.45:028][  0]LogCollectionManager: Loaded 0 collections in 0.000852 seconds
[2018.12.10-06.28.45:209][  0]LogFileCache: Scanning file cache for directory 'D:/WORK/385/project/385_Boat_Game/okay/Saved/Collections/' took 0.01s
[2018.12.10-06.28.45:209][  0]LogFileCache: Scanning file cache for directory 'D:/WORK/385/project/385_Boat_Game/okay/Content/Developers/lochu/Collections/' took 0.01s
[2018.12.10-06.28.45:209][  0]LogFileCache: Scanning file cache for directory 'D:/WORK/385/project/385_Boat_Game/okay/Content/Collections/' took 0.01s
[2018.12.10-06.28.45:209][  0]LogCollectionManager: Rebuilt the GUID cache for 0 collections in 0.000001 seconds
[2018.12.10-06.28.45:221][  0]LogContentBrowser: Native class hierarchy populated in 0.0101 seconds. Added 2574 classes and 606 folders.
[2018.12.10-06.28.45:299][  0]LogContentBrowser: Native class hierarchy updated for 'WidgetCarousel' in 0.0002 seconds. Added 0 classes and 0 folders.
[2018.12.10-06.28.46:131][  0]LogContentBrowser: Native class hierarchy updated for 'AddContentDialog' in 0.0004 seconds. Added 0 classes and 0 folders.
[2018.12.10-06.28.46:183][  0]LogContentBrowser: Native class hierarchy updated for 'SceneOutliner' in 0.0003 seconds. Added 1 classes and 2 folders.
[2018.12.10-06.28.47:212][  0]LogSlate: Took 0.000248 seconds to synchronously load lazily loaded font '../../../Engine/Content/Slate/Fonts/Roboto-Regular.ttf' (155K)
[2018.12.10-06.28.47:214][  0]LogSlate: Took 0.000250 seconds to synchronously load lazily loaded font '../../../Engine/Content/Slate/Fonts/Roboto-Bold.ttf' (160K)
[2018.12.10-06.28.47:272][  0]LogSlate: Took 0.010162 seconds to synchronously load lazily loaded font '../../../Engine/Content/Editor/Slate/Fonts/FontAwesome.ttf' (139K)
[2018.12.10-06.28.47:622][  0]LogRenderer: Reallocating scene render targets to support 1208x600 Format 10 NumSamples 1 (Frame:1).
[2018.12.10-06.28.48:237][  0]LogContentBrowser: Native class hierarchy updated for 'HierarchicalLODOutliner' in 0.0002 seconds. Added 0 classes and 0 folders.
[2018.12.10-06.28.48:237][  0]LogLoad: (Engine Initialization) Total time: 43.53 seconds
[2018.12.10-06.28.48:237][  0]LogLoad: (Engine Initialization) Total Blueprint compile time: 0.00 seconds
[2018.12.10-06.28.48:253][  0]LogRawInputWindows: Warning: Found device 0 devices
[2018.12.10-06.28.48:253][  0]LogRawInputWindows: Warning: Found device 0 devices
[2018.12.10-06.28.48:253][  0]LogRawInputWindows: Warning: Device was registered succesfully but not connected (Usage:4 UsagePage:1)
[2018.12.10-06.28.48:253][  0]LogRawInputWindows: Warning: Found device 1 devices
[2018.12.10-06.28.48:253][  0]LogRawInputWindows: Warning: Device was registered succesfully but not connected (Usage:5 UsagePage:1)
[2018.12.10-06.28.48:373][  0]LogContentStreaming: Texture pool size now 1000 MB
[2018.12.10-06.28.48:513][  0]LogSlate: Took 0.008212 seconds to synchronously load lazily loaded font '../../../Engine/Content/Slate/Fonts/Roboto-Light.ttf' (167K)
[2018.12.10-06.28.48:618][  1]LogAssetRegistry: Asset discovery search completed in 39.8145 seconds
[2018.12.10-06.28.48:627][  1]LogCollectionManager: Rebuilt the object cache for 0 collections in 0.000000 seconds (found 0 objects)
[2018.12.10-06.28.48:627][  1]LogCollectionManager: Fixed up redirectors for 0 collections in 0.000091 seconds (updated 0 objects)
[2018.12.10-06.29.53:049][700]LogSlate: FSceneViewport::OnFocusLost() reason 0
[2018.12.10-06.29.57:865][224]LogSlate: Took 0.000245 seconds to synchronously load lazily loaded font '../../../Engine/Content/Slate/Fonts/Roboto-Light.ttf' (167K)
[2018.12.10-06.29.57:887][224]LogAssetEditorManager: Opening Asset editor for WidgetBlueprint /Game/UI/Addcoin.Addcoin
[2018.12.10-06.29.59:191][224]LogContentBrowser: Native class hierarchy updated for 'BlueprintGraph' in 0.0068 seconds. Added 116 classes and 0 folders.
[2018.12.10-06.30.01:180][224]LogSlate: Took 0.009912 seconds to synchronously load lazily loaded font '../../../Engine/Content/Slate/Fonts/Roboto-BoldCondensed.ttf' (158K)
[2018.12.10-06.30.08:202][975]LogAssetEditorManager: Opening Asset editor for WidgetBlueprint /Game/UI/MMwidget.MMwidget
[2018.12.10-06.30.26:629][ 24]LogAssetEditorManager: Opening Asset editor for WidgetBlueprint /Game/UI/GameOver.GameOver
[2018.12.10-06.30.32:787][459]LogSlate: Window 'GameOver*' being destroyed
[2018.12.10-06.34.14:237][731]LogSlate: Window 'Color Picker' being destroyed
[2018.12.10-06.34.17:981][105]LogSlate: Window 'Color Picker' being destroyed
[2018.12.10-06.34.38:932][315]BlueprintLog: New page: Compile GameOver
[2018.12.10-06.34.59:573][544]BlueprintLog: New page: Compile GameOver
[2018.12.10-06.35.03:142][926]LogAssetEditorManager: Opening Asset editor for WidgetBlueprint /Game/UI/MMwidget.MMwidget
[2018.12.10-06.35.07:413][343]LogSlate: Took 0.019003 seconds to synchronously load lazily loaded font '../../../Engine/Content/Slate/Fonts/Roboto-Italic.ttf' (157K)
[2018.12.10-06.35.45:043][722]BlueprintLog: New page: Compile MMwidget
[2018.12.10-06.35.45:081][722]LogBlueprint: Error: [Compiler MMwidget] The type of  Object  is undetermined.  Connect something to  Cast To GameOver  to imply a specific type.
[2018.12.10-06.35.45:082][722]LogBlueprint: Error: [Compiler MMwidget] The current value of the ' Object ' pin is invalid: Unsupported type Object Wildcard on pin Object
[2018.12.10-06.35.45:111][722]LogBlueprint: Warning: [Compiler MMwidget] [0460.40] Compile of MMwidget failed. 2 Fatal Issue(s) 0 Warning(s) [in 66 ms] (/Game/UI/MMwidget.MMwidget)
[2018.12.10-06.36.04:193][944]BlueprintLog: New page: Compile MMwidget
[2018.12.10-06.36.04:205][944]LogBlueprint: Error: [Compiler MMwidget] The type of  Object  is undetermined.  Connect something to  Cast To GameOver  to imply a specific type.
[2018.12.10-06.36.04:206][944]LogBlueprint: Error: [Compiler MMwidget] The current value of the ' Object ' pin is invalid: Unsupported type Object Wildcard on pin Object
[2018.12.10-06.36.04:242][944]LogBlueprint: Warning: [Compiler MMwidget] [0479.53] Compile of MMwidget failed. 2 Fatal Issue(s) 0 Warning(s) [in 48 ms] (/Game/UI/MMwidget.MMwidget)
[2018.12.10-06.36.09:081][518]BlueprintLog: New page: Compile MMwidget
[2018.12.10-06.36.09:590][564]Cmd: OBJ SAVEPACKAGE PACKAGE="/Game/UI/MMwidget" FILE="../../../../WORK/385/project/385_Boat_Game/okay/Content/UI/MMwidget.uasset" SILENT=true
[2018.12.10-06.36.09:702][564]LogSavePackage: Moving '../../../../WORK/385/project/385_Boat_Game/okay/Saved/MMwidget1CB3D45140491839F36670AE34C7C908.tmp' to '../../../../WORK/385/project/385_Boat_Game/okay/Content/UI/MMwidget.uasset'
[2018.12.10-06.36.42:566][488]BlueprintLog: New page: Compile GameOver
[2018.12.10-06.37.32:573][424]BlueprintLog: New page: Compile GameOver
[2018.12.10-06.38.24:470][622]BlueprintLog: New page: Compile GameOver
[2018.12.10-06.39.57:591][645]BlueprintLog: New page: Compile GameOver
[2018.12.10-06.40.17:493][983]BlueprintLog: New page: Compile GameOver
[2018.12.10-06.40.33:705][895]LogAssetEditorManager: Opening Asset editor for WidgetBlueprint /Game/UI/Addcoin.Addcoin
[2018.12.10-06.41.05:495][432]LogAssetEditorManager: Opening Asset editor for Blueprint /Game/VehicleBP/corret/correct.correct
[2018.12.10-06.41.41:854][ 78]BlueprintLog: New page: Compile GameOver
[2018.12.10-06.41.47:619][752]LogRenderer: Reallocating scene render targets to support 1208x728 Format 10 NumSamples 1 (Frame:1).
[2018.12.10-06.43.33:092][423]LogFileHelpers: Editor autosave (incl. sublevels) for '/Game/VehicleBP/Maps/VehicleExampleMap' took 0.027
[2018.12.10-06.43.33:094][423]OBJ SavePackage: Generating thumbnails for [1] asset(s) in package [/Game/VehicleBP/corret/correct] ([1] browsable assets)...
[2018.12.10-06.43.33:131][423]OBJ SavePackage:     Rendered thumbnail for [Blueprint /Game/VehicleBP/corret/correct.correct]
[2018.12.10-06.43.33:131][423]OBJ SavePackage: Finished generating thumbnails for package [/Game/VehicleBP/corret/correct]
[2018.12.10-06.43.33:131][423]Cmd: OBJ SAVEPACKAGE PACKAGE="/Game/VehicleBP/corret/correct" FILE="../../../../WORK/385/project/385_Boat_Game/okay/Saved/Autosaves/Game/VehicleBP/corret/correct_Auto1.uasset" SILENT=false AUTOSAVING=true
[2018.12.10-06.43.33:228][423]LogSavePackage: Moving '../../../../WORK/385/project/385_Boat_Game/okay/Saved/correct_Auto1DC87E0A44629CD7AF7010F877CBB26E9.tmp' to '../../../../WORK/385/project/385_Boat_Game/okay/Saved/Autosaves/Game/VehicleBP/corret/correct_Auto1.uasset'
[2018.12.10-06.43.33:231][423]OBJ SavePackage: Generating thumbnails for [0] asset(s) in package [/Game/UI/GameOver] ([1] browsable assets)...
[2018.12.10-06.43.33:231][423]OBJ SavePackage: Finished generating thumbnails for package [/Game/UI/GameOver]
[2018.12.10-06.43.33:231][423]Cmd: OBJ SAVEPACKAGE PACKAGE="/Game/UI/GameOver" FILE="../../../../WORK/385/project/385_Boat_Game/okay/Saved/Autosaves/Game/UI/GameOver_Auto1.uasset" SILENT=false AUTOSAVING=true
[2018.12.10-06.43.33:248][423]LogSavePackage: Moving '../../../../WORK/385/project/385_Boat_Game/okay/Saved/GameOver_Auto1CCF27DFA4D6DF16CC9AB49A7D65D42E3.tmp' to '../../../../WORK/385/project/385_Boat_Game/okay/Saved/Autosaves/Game/UI/GameOver_Auto1.uasset'
[2018.12.10-06.43.33:249][423]LogFileHelpers: Auto-saving content packages took 0.156
[2018.12.10-06.47.35:439][407]BlueprintLog: New page: Compile GameOver
[2018.12.10-06.48.24:611][  8]BlueprintLog: New page: Compile MMwidget
[2018.12.10-06.48.27:273][313]BlueprintLog: New page: Compile GameOver
[2018.12.10-06.48.31:706][837]BlueprintLog: New page: Compile GameOver
[2018.12.10-06.48.33:730][ 72]Cmd: OBJ SAVEPACKAGE PACKAGE="/Game/UI/GameOver" FILE="../../../../WORK/385/project/385_Boat_Game/okay/Content/UI/GameOver.uasset" SILENT=true
[2018.12.10-06.48.33:748][ 72]LogSavePackage: Moving '../../../../WORK/385/project/385_Boat_Game/okay/Saved/GameOverDA4FE538455E34B329C6639843E088AB.tmp' to '../../../../WORK/385/project/385_Boat_Game/okay/Content/UI/GameOver.uasset'
[2018.12.10-06.48.37:077][288]LogSavePackage: Moving '../../../../WORK/385/project/385_Boat_Game/okay/Saved/VehicleExampleMapE32B498A41E29B18D04056BA60CF17CF.tmp' to '../../../../WORK/385/project/385_Boat_Game/okay/Content/VehicleBP/Maps/VehicleExampleMap.umap'
[2018.12.10-06.48.37:155][288]Cmd: OBJ SAVEPACKAGE PACKAGE="/Game/VehicleBP/Maps/VehicleExampleMap_BuiltData" FILE="../../../../WORK/385/project/385_Boat_Game/okay/Content/VehicleBP/Maps/VehicleExampleMap_BuiltData.uasset" SILENT=true
[2018.12.10-06.48.39:477][288]LogSavePackage: Moving '../../../../WORK/385/project/385_Boat_Game/okay/Saved/VehicleExampleMap_BuiltData76C9CF7549586E79D3A1A697EAFCFE60.tmp' to '../../../../WORK/385/project/385_Boat_Game/okay/Content/VehicleBP/Maps/VehicleExampleMap_BuiltData.uasset'
[2018.12.10-06.48.42:934][567]LogSavePackage: Moving '../../../../WORK/385/project/385_Boat_Game/okay/Saved/VehicleExampleMap9D4019C4497C3836A50433A7145734E9.tmp' to '../../../../WORK/385/project/385_Boat_Game/okay/Content/VehicleBP/Maps/VehicleExampleMap.umap'
[2018.12.10-06.48.42:983][567]Cmd: OBJ SAVEPACKAGE PACKAGE="/Game/VehicleBP/Maps/VehicleExampleMap_BuiltData" FILE="../../../../WORK/385/project/385_Boat_Game/okay/Content/VehicleBP/Maps/VehicleExampleMap_BuiltData.uasset" SILENT=true
[2018.12.10-06.48.44:185][567]LogSavePackage: Moving '../../../../WORK/385/project/385_Boat_Game/okay/Saved/VehicleExampleMap_BuiltData733B06F742C6B2FE41CFF482673E7747.tmp' to '../../../../WORK/385/project/385_Boat_Game/okay/Content/VehicleBP/Maps/VehicleExampleMap_BuiltData.uasset'
[2018.12.10-06.48.46:564][693]LogSlate: Window 'Save Content' being destroyed
[2018.12.10-06.48.46:585][693]Cmd: OBJ SAVEPACKAGE PACKAGE="/Game/VehicleBP/corret/correct" FILE="../../../../WORK/385/project/385_Boat_Game/okay/Content/VehicleBP/corret/correct.uasset" SILENT=true
[2018.12.10-06.48.46:622][693]LogSavePackage: Moving '../../../../WORK/385/project/385_Boat_Game/okay/Saved/correct6FEDFE1249126FC5C895FF90291A2738.tmp' to '../../../../WORK/385/project/385_Boat_Game/okay/Content/VehicleBP/corret/correct.uasset'
[2018.12.10-06.48.46:738][693]LogSlate: Window 'okay - Unreal Editor' being destroyed
[2018.12.10-06.48.46:739][693]LogWindowsTextInputMethodSystem: Display: IME system now deactivated.
[2018.12.10-06.48.47:005][694]Cmd: QUIT_EDITOR
[2018.12.10-06.48.47:120][694]LogExit: Preparing to exit.
[2018.12.10-06.48.47:394][694]LogDirectoryWatcher: A directory notification failed for 'D:/WORK/385/project/385_Boat_Game/okay/Content/', and we were unable to create a new request.
[2018.12.10-06.48.47:461][694]LogExit: Editor shut down
[2018.12.10-06.48.47:462][694]LogExit: Transaction tracking system shut down
[2018.12.10-06.48.48:307][694]LogExit: Object subsystem successfully closed.
[2018.12.10-06.48.48:370][694]LogShaderCompilers: Display: Shaders left to compile 0
[2018.12.10-06.48.48:377][694]LogD3D11RHI: Shutdown
[2018.12.10-06.48.48:377][694]LogD3D11RHI: CleanupD3DDevice
[2018.12.10-06.48.48:393][694]LogD3D11RHI: ~FD3D11DynamicRHI
[2018.12.10-06.48.48:472][694]LogModuleManager: Shutting down and abandoning module SequencerWidgets (616)
[2018.12.10-06.48.48:472][694]LogModuleManager: Shutting down and abandoning module BlueprintGraph (614)
[2018.12.10-06.48.48:472][694]LogModuleManager: Shutting down and abandoning module HierarchicalLODOutliner (612)
[2018.12.10-06.48.48:472][694]LogModuleManager: Shutting down and abandoning module SceneOutliner (610)
[2018.12.10-06.48.48:472][694]LogModuleManager: Shutting down and abandoning module AddContentDialog (608)
[2018.12.10-06.48.48:482][694]LogModuleManager: Shutting down and abandoning module WidgetCarousel (607)
[2018.12.10-06.48.48:482][694]LogModuleManager: Shutting down and abandoning module EditorWidgets (604)
[2018.12.10-06.48.48:482][694]LogModuleManager: Shutting down and abandoning module CollectionManager (602)
[2018.12.10-06.48.48:484][694]LogModuleManager: Shutting down and abandoning module StatsViewer (600)
[2018.12.10-06.48.48:484][694]LogModuleManager: Shutting down and abandoning module FoliageEdit (598)
[2018.12.10-06.48.48:485][694]LogModuleManager: Shutting down and abandoning module LandscapeEditor (596)
[2018.12.10-06.48.48:487][694]LogModuleManager: Shutting down and abandoning module MeshPaintMode (594)
[2018.12.10-06.48.48:487][694]LogModuleManager: Shutting down and abandoning module SceneDepthPickerMode (592)
[2018.12.10-06.48.48:487][694]LogModuleManager: Shutting down and abandoning module ActorPickerMode (590)
[2018.12.10-06.48.48:487][694]LogModuleManager: Shutting down and abandoning module GeometryMode (588)
[2018.12.10-06.48.48:487][694]LogModuleManager: Shutting down and abandoning module TextureAlignMode (586)
[2018.12.10-06.48.48:487][694]LogModuleManager: Shutting down and abandoning module BspMode (584)
[2018.12.10-06.48.48:487][694]LogModuleManager: Shutting down and abandoning module PIEPreviewDeviceProfileSelector (582)
[2018.12.10-06.48.48:488][694]LogModuleManager: Shutting down and abandoning module SequenceRecorderSections (580)
[2018.12.10-06.48.48:489][694]LogModuleManager: Shutting down and abandoning module AutomationWorker (578)
[2018.12.10-06.48.48:489][694]LogModuleManager: Shutting down and abandoning module AudioCaptureEditor (576)
[2018.12.10-06.48.48:489][694]LogModuleManager: Shutting down and abandoning module SequenceRecorder (575)
[2018.12.10-06.48.48:490][694]LogModuleManager: Shutting down and abandoning module MatineeToLevelSequence (572)
[2018.12.10-06.48.48:491][694]LogModuleManager: Shutting down and abandoning module LevelSequenceEditor (570)
[2018.12.10-06.48.48:493][694]LogModuleManager: Shutting down and abandoning module PlacementMode (569)
[2018.12.10-06.48.48:493][694]LogModuleManager: Shutting down and abandoning module MaterialEditor (568)
[2018.12.10-06.48.48:495][694]LogModuleManager: Shutting down and abandoning module WmfMediaFactory (564)
[2018.12.10-06.48.48:495][694]LogModuleManager: Shutting down and abandoning module WmfMediaEditor (562)
[2018.12.10-06.48.48:495][694]LogModuleManager: Shutting down and abandoning module MediaPlayerEditor (560)
[2018.12.10-06.48.48:497][694]LogModuleManager: Shutting down and abandoning module OpenExrWrapper (558)
[2018.12.10-06.48.48:497][694]LogModuleManager: Shutting down and abandoning module ImgMediaFactory (556)
[2018.12.10-06.48.48:497][694]LogModuleManager: Shutting down and abandoning module ImgMediaEditor (554)
[2018.12.10-06.48.48:497][694]LogModuleManager: Shutting down and abandoning module AvfMediaFactory (552)
[2018.12.10-06.48.48:497][694]LogModuleManager: Shutting down and abandoning module AvfMediaEditor (550)
[2018.12.10-06.48.48:497][694]LogModuleManager: Shutting down and abandoning module AndroidMediaFactory (548)
[2018.12.10-06.48.48:497][694]LogModuleManager: Shutting down and abandoning module AndroidMediaEditor (546)
[2018.12.10-06.48.48:497][694]LogModuleManager: Shutting down and abandoning module MagicLeapCameraPreviewFactory (544)
[2018.12.10-06.48.48:497][694]LogModuleManager: Shutting down and abandoning module MagicLeapMediaFactory (542)
[2018.12.10-06.48.48:497][694]LogModuleManager: Shutting down and abandoning module MagicLeapMediaEditor (540)
[2018.12.10-06.48.48:497][694]LogModuleManager: Shutting down and abandoning module CharacterAI (538)
[2018.12.10-06.48.48:497][694]LogModuleManager: Shutting down and abandoning module SmartSnapping (536)
[2018.12.10-06.48.48:497][694]LogModuleManager: Shutting down and abandoning module SessionServices (534)
[2018.12.10-06.48.48:497][694]LogModuleManager: Shutting down and abandoning module ViewportSnapping (532)
[2018.12.10-06.48.48:497][694]LogModuleManager: Shutting down and abandoning module ViewportInteraction (530)
[2018.12.10-06.48.48:497][694]LogModuleManager: Shutting down and abandoning module ClothPainter (528)
[2018.12.10-06.48.48:499][694]LogModuleManager: Shutting down and abandoning module SkeletalMeshEditor (527)
[2018.12.10-06.48.48:502][694]LogModuleManager: Shutting down and abandoning module LogVisualizer (524)
[2018.12.10-06.48.48:504][694]LogModuleManager: Shutting down and abandoning module IntroTutorials (522)
[2018.12.10-06.48.48:505][694]LogModuleManager: Shutting down and abandoning module GameProjectGeneration (521)
[2018.12.10-06.48.48:524][694]LogModuleManager: Shutting down and abandoning module LuminPlatformEditor (518)
[2018.12.10-06.48.48:524][694]LogModuleManager: Shutting down and abandoning module IOSPlatformEditor (516)
[2018.12.10-06.48.48:524][694]LogModuleManager: Shutting down and abandoning module HTML5PlatformEditor (514)
[2018.12.10-06.48.48:524][694]LogModuleManager: Shutting down and abandoning module AndroidPlatformEditor (512)
[2018.12.10-06.48.48:524][694]LogModuleManager: Shutting down and abandoning module AndroidDeviceDetection (511)
[2018.12.10-06.48.48:984][694]LogModuleManager: Shutting down and abandoning module WindowsPlatformEditor (508)
[2018.12.10-06.48.48:984][694]LogModuleManager: Shutting down and abandoning module LuminRuntimeSettings (506)
[2018.12.10-06.48.48:984][694]LogModuleManager: Shutting down and abandoning module IOSRuntimeSettings (504)
[2018.12.10-06.48.48:984][694]LogModuleManager: Shutting down and abandoning module AndroidRuntimeSettings (502)
[2018.12.10-06.48.48:984][694]LogModuleManager: Shutting down and abandoning module InputBindingEditor (500)
[2018.12.10-06.48.48:986][694]LogModuleManager: Shutting down and abandoning module MergeActors (498)
[2018.12.10-06.48.48:987][694]LogModuleManager: Shutting down and abandoning module LocalizationDashboard (496)
[2018.12.10-06.48.48:989][694]LogModuleManager: Shutting down and abandoning module LocalizationService (495)
[2018.12.10-06.48.48:990][694]LogModuleManager: Shutting down and abandoning module HardwareTargeting (492)
[2018.12.10-06.48.48:990][694]LogModuleManager: Shutting down and abandoning module DeviceProfileEditor (490)
[2018.12.10-06.48.48:990][694]LogModuleManager: Shutting down and abandoning module UndoHistory (488)
[2018.12.10-06.48.48:991][694]LogModuleManager: Shutting down and abandoning module XmlParser (486)
[2018.12.10-06.48.48:991][694]LogModuleManager: Shutting down and abandoning module Blutility (484)
[2018.12.10-06.48.48:991][694]LogModuleManager: Shutting down and abandoning module ProjectSettingsViewer (482)
[2018.12.10-06.48.48:992][694]LogModuleManager: Shutting down and abandoning module ProjectTargetPlatformEditor (481)
[2018.12.10-06.48.48:992][694]LogModuleManager: Shutting down and abandoning module EditorSettingsViewer (478)
[2018.12.10-06.48.48:992][694]LogModuleManager: Shutting down and abandoning module SettingsEditor (476)
[2018.12.10-06.48.48:994][694]LogModuleManager: Shutting down and abandoning module ProjectLauncher (474)
[2018.12.10-06.48.48:994][694]LogModuleManager: Shutting down and abandoning module SessionFrontend (472)
[2018.12.10-06.48.48:995][694]LogModuleManager: Shutting down and abandoning module ProfilerClient (470)
[2018.12.10-06.48.48:995][694]LogModuleManager: Shutting down and abandoning module DeviceManager (468)
[2018.12.10-06.48.48:996][694]LogModuleManager: Shutting down and abandoning module TargetDeviceServices (467)
[2018.12.10-06.48.49:055][694]LogModuleManager: Shutting down and abandoning module AutomationController (464)
[2018.12.10-06.48.49:057][694]LogModuleManager: Shutting down and abandoning module AutomationWindow (462)
[2018.12.10-06.48.49:059][694]LogModuleManager: Shutting down and abandoning module Layers (460)
[2018.12.10-06.48.49:062][694]LogModuleManager: Shutting down and abandoning module ComponentVisualizers (458)
[2018.12.10-06.48.49:062][694]LogModuleManager: Shutting down and abandoning module DetailCustomizations (456)
[2018.12.10-06.48.49:062][694]LogModuleManager: Shutting down and abandoning module PackagesDialog (454)
[2018.12.10-06.48.49:062][694]LogModuleManager: Shutting down and abandoning module Persona (452)
[2018.12.10-06.48.49:064][694]LogModuleManager: Shutting down and abandoning module AdvancedPreviewScene (451)
[2018.12.10-06.48.49:064][694]LogModuleManager: Shutting down and abandoning module AnimGraph (449)
[2018.12.10-06.48.49:065][694]LogModuleManager: Shutting down and abandoning module Kismet (446)
[2018.12.10-06.48.49:069][694]LogModuleManager: Shutting down and abandoning module GraphEditor (444)
[2018.12.10-06.48.49:069][694]LogModuleManager: Shutting down and abandoning module ClassViewer (442)
[2018.12.10-06.48.49:069][694]LogModuleManager: Shutting down and abandoning module Toolbox (440)
[2018.12.10-06.48.49:069][694]LogModuleManager: Shutting down and abandoning module ModuleUI (438)
[2018.12.10-06.48.49:070][694]LogModuleManager: Shutting down and abandoning module MovieSceneTools (436)
[2018.12.10-06.48.49:071][694]LogModuleManager: Shutting down and abandoning module OutputLog (434)
[2018.12.10-06.48.49:071][694]LogModuleManager: Shutting down and abandoning module GammaUI (432)
[2018.12.10-06.48.49:072][694]LogModuleManager: Shutting down and abandoning module Documentation (430)
[2018.12.10-06.48.49:072][694]LogModuleManager: Shutting down and abandoning module MovieSceneTracks (428)
[2018.12.10-06.48.49:072][694]LogModuleManager: Shutting down and abandoning module MovieScene (426)
[2018.12.10-06.48.49:073][694]LogModuleManager: Shutting down and abandoning module StreamingPauseRendering (424)
[2018.12.10-06.48.49:073][694]LogModuleManager: Shutting down and abandoning module LauncherPlatform (422)
[2018.12.10-06.48.49:073][694]LogModuleManager: Shutting down and abandoning module AnalyticsET (420)
[2018.12.10-06.48.49:073][694]LogModuleManager: Shutting down and abandoning module PortalServices (418)
[2018.12.10-06.48.49:073][694]LogModuleManager: Shutting down and abandoning module PortalRpc (416)
[2018.12.10-06.48.49:074][694]LogModuleManager: Shutting down and abandoning module MessagingRpc (414)
[2018.12.10-06.48.49:074][694]LogModuleManager: Shutting down and abandoning module AIModule (412)
[2018.12.10-06.48.49:075][694]LogModuleManager: Shutting down and abandoning module GameplayDebugger (411)
[2018.12.10-06.48.49:076][694]LogModuleManager: Shutting down and abandoning module AITestSuite (409)
[2018.12.10-06.48.49:076][694]LogModuleManager: Shutting down and abandoning module NavigationSystem (407)
[2018.12.10-06.48.49:076][694]LogModuleManager: Shutting down and abandoning module DesktopPlatform (404)
[2018.12.10-06.48.49:076][694]LogModuleManager: Shutting down and abandoning module ProfilerService (402)
[2018.12.10-06.48.49:113][694]LogModuleManager: Shutting down and abandoning module TaskGraph (400)
[2018.12.10-06.48.49:115][694]LogModuleManager: Shutting down and abandoning module SteamVRController (398)
[2018.12.10-06.48.49:115][694]LogModuleManager: Shutting down and abandoning module ProceduralMeshComponentEditor (396)
[2018.12.10-06.48.49:115][694]LogModuleManager: Shutting down and abandoning module ProceduralMeshComponent (394)
[2018.12.10-06.48.49:115][694]LogModuleManager: Shutting down and abandoning module OculusInput (392)
[2018.12.10-06.48.49:115][694]LogModuleManager: Shutting down and abandoning module MobilePatchingUtils (390)
[2018.12.10-06.48.49:115][694]LogModuleManager: Shutting down and abandoning module EditableMesh (388)
[2018.12.10-06.48.49:116][694]LogModuleManager: Shutting down and abandoning module CustomMeshComponent (386)
[2018.12.10-06.48.49:116][694]LogModuleManager: Shutting down and abandoning module CableComponent (384)
[2018.12.10-06.48.49:116][694]LogModuleManager: Shutting down and abandoning module AudioCapture (382)
[2018.12.10-06.48.49:116][694]LogModuleManager: Shutting down and abandoning module ArchVisCharacter (380)
[2018.12.10-06.48.49:116][694]LogModuleManager: Shutting down and abandoning module AndroidPermission (378)
[2018.12.10-06.48.49:116][694]LogModuleManager: Shutting down and abandoning module NUTUnrealEngine4 (376)
[2018.12.10-06.48.49:116][694]LogModuleManager: Shutting down and abandoning module NetcodeUnitTest (374)
[2018.12.10-06.48.49:119][694]LogModuleManager: Shutting down and abandoning module MediaCompositingEditor (372)
[2018.12.10-06.48.49:119][694]LogModuleManager: Shutting down and abandoning module MediaCompositing (370)
[2018.12.10-06.48.49:119][694]LogModuleManager: Shutting down and abandoning module LinearTimecode (368)
[2018.12.10-06.48.49:119][694]LogModuleManager: Shutting down and abandoning module ImgMedia (366)
[2018.12.10-06.48.49:124][694]LogModuleManager: Shutting down and abandoning module RawInput (364)
[2018.12.10-06.48.49:124][694]LogModuleManager: Shutting down and abandoning module HTML5Networking (362)
[2018.12.10-06.48.49:124][694]LogModuleManager: Shutting down and abandoning module GeometryCacheTracks (360)
[2018.12.10-06.48.49:125][694]LogModuleManager: Shutting down and abandoning module GeometryCacheSequencer (358)
[2018.12.10-06.48.49:125][694]LogModuleManager: Shutting down and abandoning module BackChannel (356)
[2018.12.10-06.48.49:126][694]LogModuleManager: Shutting down and abandoning module AppleVision (354)
[2018.12.10-06.48.49:126][694]LogModuleManager: Shutting down and abandoning module AppleImageUtils (352)
[2018.12.10-06.48.49:126][694]LogModuleManager: Shutting down and abandoning module AlembicImporter (350)
[2018.12.10-06.48.49:126][694]LogModuleManager: Shutting down and abandoning module AlembicLibrary (349)
[2018.12.10-06.48.49:126][694]LogModuleManager: Shutting down and abandoning module GeometryCache (348)
[2018.12.10-06.48.49:126][694]LogModuleManager: Shutting down and abandoning module GeometryCacheEd (347)
[2018.12.10-06.48.49:126][694]LogModuleManager: Shutting down and abandoning module DatasmithContentEditor (342)
[2018.12.10-06.48.49:126][694]LogModuleManager: Shutting down and abandoning module DatasmithContent (340)
[2018.12.10-06.48.49:127][694]LogModuleManager: Shutting down and abandoning module SpeedTreeImporter (338)
[2018.12.10-06.48.49:127][694]LogModuleManager: Shutting down and abandoning module PluginBrowser (336)
[2018.12.10-06.48.49:131][694]LogModuleManager: Shutting down and abandoning module MobileLauncherProfileWizard (334)
[2018.12.10-06.48.49:131][694]LogModuleManager: Shutting down and abandoning module PolygonModeling (332)
[2018.12.10-06.48.49:131][694]LogModuleManager: Shutting down and abandoning module MeshEditor (330)
[2018.12.10-06.48.49:132][694]LogModuleManager: Shutting down and abandoning module CryptoKeysOpenSSL (328)
[2018.12.10-06.48.49:132][694]LogModuleManager: Shutting down and abandoning module CryptoKeys (326)
[2018.12.10-06.48.49:132][694]LogModuleManager: Shutting down and abandoning module VisualStudioSourceCodeAccess (324)
[2018.12.10-06.48.49:132][694]LogModuleManager: Shutting down and abandoning module VisualStudioCodeSourceCodeAccess (322)
[2018.12.10-06.48.49:132][694]LogModuleManager: Shutting down and abandoning module UObjectPlugin (320)
[2018.12.10-06.48.49:132][694]LogModuleManager: Shutting down and abandoning module SubversionSourceControl (318)
[2018.12.10-06.48.49:133][694]LogModuleManager: Shutting down and abandoning module PerforceSourceControl (316)
[2018.12.10-06.48.49:135][694]LogModuleManager: Shutting down and abandoning module GitSourceControl (314)
[2018.12.10-06.48.49:137][694]LogModuleManager: Shutting down and abandoning module SourceControl (313)
[2018.12.10-06.48.49:147][694]LogModuleManager: Shutting down and abandoning module CLionSourceCodeAccess (310)
[2018.12.10-06.48.49:147][694]LogModuleManager: Shutting down and abandoning module LightPropagationVolumeEditor (308)
[2018.12.10-06.48.49:147][694]LogModuleManager: Shutting down and abandoning module PaperTiledImporter (306)
[2018.12.10-06.48.49:147][694]LogModuleManager: Shutting down and abandoning module PaperSpriteSheetImporter (304)
[2018.12.10-06.48.49:147][694]LogModuleManager: Shutting down and abandoning module Paper2DEditor (302)
[2018.12.10-06.48.49:160][694]LogModuleManager: Shutting down and abandoning module MeshPaint (301)
[2018.12.10-06.48.49:161][694]LogModuleManager: Shutting down and abandoning module RuntimePhysXCooking (298)
[2018.12.10-06.48.49:161][694]LogModuleManager: Shutting down and abandoning module PhysXVehiclesEditor (296)
[2018.12.10-06.48.49:161][694]LogModuleManager: Shutting down and abandoning module PhysXVehicles (294)
[2018.12.10-06.48.49:161][694]LogModuleManager: Shutting down and abandoning module OculusEditor (292)
[2018.12.10-06.48.49:162][694]LogModuleManager: Shutting down and abandoning module LocationServicesBPLibrary (290)
[2018.12.10-06.48.49:162][694]LogModuleManager: Shutting down and abandoning module ImmediatePhysicsEditor (288)
[2018.12.10-06.48.49:162][694]LogModuleManager: Shutting down and abandoning module ImmediatePhysics (286)
[2018.12.10-06.48.49:170][694]LogModuleManager: Shutting down and abandoning module ActorSequence (284)
[2018.12.10-06.48.49:170][694]LogModuleManager: Shutting down and abandoning module UdpMessaging (282)
[2018.12.10-06.48.49:270][694]LogModuleManager: Shutting down and abandoning module TcpMessaging (280)
[2018.12.10-06.48.49:371][694]LogModuleManager: Shutting down and abandoning module MagicLeapAudio (278)
[2018.12.10-06.48.49:371][694]LogModuleManager: Shutting down and abandoning module GameplayTagsEditor (276)
[2018.12.10-06.48.49:384][694]LogModuleManager: Shutting down and abandoning module FacialAnimationEditor (274)
[2018.12.10-06.48.49:384][694]LogModuleManager: Shutting down and abandoning module FacialAnimation (272)
[2018.12.10-06.48.49:384][694]LogModuleManager: Shutting down and abandoning module DataValidation (270)
[2018.12.10-06.48.49:384][694]LogModuleManager: Shutting down and abandoning module AssetManagerEditor (268)
[2018.12.10-06.48.49:386][694]LogModuleManager: Shutting down and abandoning module LevelEditor (267)
[2018.12.10-06.48.49:389][694]LogModuleManager: Shutting down and abandoning module PixelInspectorModule (266)
[2018.12.10-06.48.49:390][694]LogModuleManager: Shutting down and abandoning module CommonMenuExtensions (264)
[2018.12.10-06.48.49:390][694]LogModuleManager: Shutting down and abandoning module MainFrame (262)
[2018.12.10-06.48.49:390][694]LogModuleManager: Shutting down and abandoning module HotReload (261)
[2018.12.10-06.48.49:402][694]LogModuleManager: Shutting down and abandoning module ContentBrowser (257)
[2018.12.10-06.48.49:403][694]LogModuleManager: Shutting down and abandoning module TreeMap (255)
[2018.12.10-06.48.49:404][694]LogModuleManager: Shutting down and abandoning module LightPropagationVolumeRuntime (252)
[2018.12.10-06.48.49:404][694]LogModuleManager: Shutting down and abandoning module AISupportModule (250)
[2018.12.10-06.48.49:404][694]LogModuleManager: Shutting down and abandoning module Paper2D (248)
[2018.12.10-06.48.49:404][694]LogModuleManager: Shutting down and abandoning module WindowsMoviePlayer (246)
[2018.12.10-06.48.49:406][694]LogModuleManager: Shutting down and abandoning module WmfMedia (244)
[2018.12.10-06.48.49:408][694]LogModuleManager: Shutting down and abandoning module Media (243)
[2018.12.10-06.48.49:415][694]LogModuleManager: Shutting down and abandoning module PacketHandler (240)
[2018.12.10-06.48.49:415][694]LogModuleManager: Shutting down and abandoning module ClothingSystemEditor (238)
[2018.12.10-06.48.49:415][694]LogModuleManager: Shutting down and abandoning module ClothingSystemRuntime (236)
[2018.12.10-06.48.49:416][694]LogModuleManager: Shutting down and abandoning module MediaAssets (234)
[2018.12.10-06.48.49:416][694]LogModuleManager: Shutting down and abandoning module Overlay (232)
[2018.12.10-06.48.49:416][694]LogModuleManager: Shutting down and abandoning module OverlayEditor (231)
[2018.12.10-06.48.49:416][694]LogModuleManager: Shutting down and abandoning module VREditor (228)
[2018.12.10-06.48.49:417][694]LogModuleManager: Shutting down and abandoning module StringTableEditor (226)
[2018.12.10-06.48.49:418][694]LogModuleManager: Shutting down and abandoning module GameplayTasksEditor (224)
[2018.12.10-06.48.49:418][694]LogModuleManager: Shutting down and abandoning module BehaviorTreeEditor (222)
[2018.12.10-06.48.49:430][694]LogModuleManager: Shutting down and abandoning module FunctionalTesting (220)
[2018.12.10-06.48.49:431][694]LogModuleManager: Shutting down and abandoning module CollisionAnalyzer (218)
[2018.12.10-06.48.49:433][694]LogModuleManager: Shutting down and abandoning module WorkspaceMenuStructure (217)
[2018.12.10-06.48.49:433][694]LogModuleManager: Shutting down and abandoning module UMG (214)
[2018.12.10-06.48.49:434][694]LogModuleManager: Shutting down and abandoning module UMGEditor (213)
[2018.12.10-06.48.49:434][694]LogModuleManager: Shutting down and abandoning module Sequencer (212)
[2018.12.10-06.48.49:436][694]LogModuleManager: Shutting down and abandoning module MessageLog (209)
[2018.12.10-06.48.49:436][694]LogModuleManager: Shutting down and abandoning module SlateReflector (204)
[2018.12.10-06.48.49:439][694]LogModuleManager: Shutting down and abandoning module Slate (202)
[2018.12.10-06.48.49:439][694]LogModuleManager: Shutting down and abandoning module EditorStyle (200)
[2018.12.10-06.48.49:441][694]LogModuleManager: Shutting down and abandoning module MRMesh (198)
[2018.12.10-06.48.49:442][694]LogModuleManager: Shutting down and abandoning module SourceCodeAccess (196)
[2018.12.10-06.48.49:442][694]LogModuleManager: Shutting down and abandoning module HeadMountedDisplay (194)
[2018.12.10-06.48.49:442][694]LogModuleManager: Shutting down and abandoning module XAudio2 (192)
[2018.12.10-06.48.49:442][694]LogModuleManager: Shutting down and abandoning module Networking (190)
[2018.12.10-06.48.49:442][694]LogModuleManager: Shutting down and abandoning module Core (188)
[2018.12.10-06.48.49:442][694]LogModuleManager: Shutting down and abandoning module LevelSequence (186)
[2018.12.10-06.48.49:442][694]LogModuleManager: Shutting down and abandoning module KismetCompiler (184)
[2018.12.10-06.48.49:442][694]LogModuleManager: Shutting down and abandoning module MeshUtilities (182)
[2018.12.10-06.48.49:443][694]LogModuleManager: Shutting down and abandoning module MeshMergeUtilities (181)
[2018.12.10-06.48.49:444][694]LogModuleManager: Shutting down and abandoning module MeshReductionInterface (180)
[2018.12.10-06.48.49:445][694]LogModuleManager: Shutting down and abandoning module SimplygonSwarm (179)
[2018.12.10-06.48.49:445][694]LogModuleManager: Shutting down and abandoning module ProxyLODMeshReduction (177)
[2018.12.10-06.48.49:446][694]LogModuleManager: Shutting down and abandoning module SimplygonMeshReduction (175)
[2018.12.10-06.48.49:446][694]LogModuleManager: Shutting down and abandoning module QuadricMeshReduction (173)
[2018.12.10-06.48.49:447][694]LogModuleManager: Shutting down and abandoning module MaterialBaking (169)
[2018.12.10-06.48.49:448][694]LogModuleManager: Shutting down and abandoning module DirectoryWatcher (165)
[2018.12.10-06.48.49:448][694]LogModuleManager: Shutting down and abandoning module DerivedDataCache (162)
[2018.12.10-06.48.49:514][694]LogDerivedDataCache: Shutdown
[2018.12.10-06.48.49:514][694]LogModuleManager: Shutting down and abandoning module XGEController (160)
[2018.12.10-06.48.49:515][694]LogModuleManager: Shutting down and abandoning module TargetPlatform (158)
[2018.12.10-06.48.49:515][694]LogModuleManager: Shutting down and abandoning module VulkanShaderFormat (157)
[2018.12.10-06.48.49:515][694]LogModuleManager: Shutting down and abandoning module ShaderFormatVectorVM (155)
[2018.12.10-06.48.49:516][694]LogModuleManager: Shutting down and abandoning module ShaderFormatOpenGL (153)
[2018.12.10-06.48.49:516][694]LogModuleManager: Shutting down and abandoning module ShaderFormatD3D (151)
[2018.12.10-06.48.49:516][694]LogModuleManager: Shutting down and abandoning module MetalShaderFormat (149)
[2018.12.10-06.48.49:517][694]LogModuleManager: Shutting down and abandoning module TextureFormatUncompressed (147)
[2018.12.10-06.48.49:517][694]LogModuleManager: Shutting down and abandoning module TextureFormatPVR (145)
[2018.12.10-06.48.49:517][694]LogModuleManager: Shutting down and abandoning module TextureFormatDXT (143)
[2018.12.10-06.48.49:517][694]LogModuleManager: Shutting down and abandoning module TextureFormatIntelISPCTexComp (141)
[2018.12.10-06.48.49:518][694]LogModuleManager: Shutting down and abandoning module TextureFormatASTC (139)
[2018.12.10-06.48.49:518][694]LogModuleManager: Shutting down and abandoning module ImageWrapper (138)
[2018.12.10-06.48.49:518][694]LogModuleManager: Shutting down and abandoning module TextureFormatAndroid (135)
[2018.12.10-06.48.49:518][694]LogModuleManager: Shutting down and abandoning module AudioFormatOpus (133)
[2018.12.10-06.48.49:518][694]LogModuleManager: Shutting down and abandoning module AudioFormatOgg (131)
[2018.12.10-06.48.49:518][694]LogModuleManager: Shutting down and abandoning module AudioFormatADPCM (129)
[2018.12.10-06.48.49:518][694]LogModuleManager: Shutting down and abandoning module LuminTargetPlatform (127)
[2018.12.10-06.48.49:518][694]LogModuleManager: Shutting down and abandoning module LinuxTargetPlatform (125)
[2018.12.10-06.48.49:518][694]LogModuleManager: Shutting down and abandoning module LinuxServerTargetPlatform (123)
[2018.12.10-06.48.49:518][694]LogModuleManager: Shutting down and abandoning module LinuxNoEditorTargetPlatform (121)
[2018.12.10-06.48.49:521][694]LogModuleManager: Shutting down and abandoning module LinuxClientTargetPlatform (119)
[2018.12.10-06.48.49:521][694]LogModuleManager: Shutting down and abandoning module TVOSTargetPlatform (117)
[2018.12.10-06.48.49:523][694]LogModuleManager: Shutting down and abandoning module Messaging (115)
[2018.12.10-06.48.49:523][694]LogModuleManager: Shutting down and abandoning module IOSTargetPlatform (113)
[2018.12.10-06.48.49:524][694]LogModuleManager: Shutting down and abandoning module HTML5TargetPlatform (111)
[2018.12.10-06.48.49:524][694]LogModuleManager: Shutting down and abandoning module AndroidTargetPlatform (109)
[2018.12.10-06.48.49:528][694]LogModuleManager: Shutting down and abandoning module WindowsTargetPlatform (107)
[2018.12.10-06.48.49:528][694]LogModuleManager: Shutting down and abandoning module WindowsServerTargetPlatform (105)
[2018.12.10-06.48.49:528][694]LogModuleManager: Shutting down and abandoning module WindowsNoEditorTargetPlatform (103)
[2018.12.10-06.48.49:528][694]LogModuleManager: Shutting down and abandoning module WindowsClientTargetPlatform (101)
[2018.12.10-06.48.49:528][694]LogModuleManager: Shutting down and abandoning module MacTargetPlatform (99)
[2018.12.10-06.48.49:528][694]LogModuleManager: Shutting down and abandoning module MacServerTargetPlatform (97)
[2018.12.10-06.48.49:528][694]LogModuleManager: Shutting down and abandoning module MacNoEditorTargetPlatform (95)
[2018.12.10-06.48.49:528][694]LogModuleManager: Shutting down and abandoning module MacClientTargetPlatform (93)
[2018.12.10-06.48.49:528][694]LogModuleManager: Shutting down and abandoning module AllDesktopTargetPlatform (91)
[2018.12.10-06.48.49:528][694]LogModuleManager: Shutting down and abandoning module InputCore (88)
[2018.12.10-06.48.49:528][694]LogModuleManager: Shutting down and abandoning module Settings (86)
[2018.12.10-06.48.49:529][694]LogModuleManager: Shutting down and abandoning module PhysXCooking (84)
[2018.12.10-06.48.49:529][694]LogModuleManager: Shutting down and abandoning module SteamVR (82)
[2018.12.10-06.48.49:529][694]LogModuleManager: Shutting down and abandoning module OculusHMD (80)
[2018.12.10-06.48.49:529][694]LogModuleManager: Shutting down and abandoning module ExampleDeviceProfileSelector (78)
[2018.12.10-06.48.49:529][694]LogModuleManager: Shutting down and abandoning module LauncherChunkInstaller (76)
[2018.12.10-06.48.49:529][694]LogModuleManager: Shutting down and abandoning module OnlineBlueprintSupport (74)
[2018.12.10-06.48.49:529][694]LogModuleManager: Shutting down and abandoning module OnlineSubsystem (70)
[2018.12.10-06.48.49:532][694]LogModuleManager: Shutting down and abandoning module XMPP (65)
[2018.12.10-06.48.49:535][694]LogModuleManager: Shutting down and abandoning module WebSockets (64)
[2018.12.10-06.48.49:543][694]LogModuleManager: Shutting down and abandoning module HTTP (61)
[2018.12.10-06.48.49:544][694]LogHttp: Display: Http module shutting down, but needs to wait on 1 outstanding Http requests:
[2018.12.10-06.48.49:544][694]LogHttp: Display: 	verb=[POST] url=[https://datarouter.ol.epicgames.com/datarouter/api/v1/public/data?SessionID=%7B69211D68-42B3-A1E8-8EA6-3290ACF54E7D%7D&AppID=UEEditor.Rocket.Release&AppVersion=4.20.3-4369336%2B%2B%2BUE4%2BRelease-4.20&UserID=fdd2667a4c11b8604151929e2f8b2f04%7Cf1a2d24201eb47cb96fe403298b7d248%7C0d64ffd1-0b1a-4fad-9c9f-53a06c24b815&AppEnvironment=datacollector-binary&UploadType=eteventstream] status=Processing
[2018.12.10-06.48.49:564][694]LogModuleManager: Shutting down and abandoning module SSL (60)
[2018.12.10-06.48.49:566][694]LogModuleManager: Shutting down and abandoning module MagicLeapEmulator (56)
[2018.12.10-06.48.49:566][694]LogModuleManager: Shutting down and abandoning module MagicLeapPrivileges (54)
[2018.12.10-06.48.49:566][694]LogModuleManager: Shutting down and abandoning module MagicLeapIdentity (52)
[2018.12.10-06.48.49:566][694]LogModuleManager: Shutting down and abandoning module MagicLeapHelperVulkan (50)
[2018.12.10-06.48.49:566][694]LogModuleManager: Shutting down and abandoning module MagicLeapHelperOpenGL (48)
[2018.12.10-06.48.49:566][694]LogModuleManager: Shutting down and abandoning module MagicLeapSecureStorage (46)
[2018.12.10-06.48.49:566][694]LogModuleManager: Shutting down and abandoning module MagicLeapGestures (44)
[2018.12.10-06.48.49:566][694]LogModuleManager: Shutting down and abandoning module MagicLeapEyeTracker (42)
[2018.12.10-06.48.49:566][694]LogModuleManager: Shutting down and abandoning module MagicLeapController (40)
[2018.12.10-06.48.49:567][694]LogSlate: Slate User Destroyed.  User Index 0, Is Virtual User: 0
[2018.12.10-06.48.49:567][694]LogModuleManager: Shutting down and abandoning module MagicLeap (38)
[2018.12.10-06.48.49:567][694]LogModuleManager: Shutting down and abandoning module AnimationModifiers (36)
[2018.12.10-06.48.49:568][694]LogModuleManager: Shutting down and abandoning module PropertyEditor (35)
[2018.12.10-06.48.49:569][694]LogModuleManager: Shutting down and abandoning module AudioEditor (32)
[2018.12.10-06.48.49:570][694]LogModuleManager: Shutting down and abandoning module TextureCompressor (30)
[2018.12.10-06.48.49:573][694]LogModuleManager: Shutting down and abandoning module ShaderCore (28)
[2018.12.10-06.48.49:574][694]LogModuleManager: Shutting down and abandoning module Landscape (26)
[2018.12.10-06.48.49:574][694]LogModuleManager: Shutting down and abandoning module SlateRHIRenderer (24)
[2018.12.10-06.48.49:575][694]LogModuleManager: Shutting down and abandoning module OpenGLDrv (22)
[2018.12.10-06.48.49:576][694]LogModuleManager: Shutting down and abandoning module D3D11RHI (20)
[2018.12.10-06.48.49:576][694]LogModuleManager: Shutting down and abandoning module AnimGraphRuntime (18)
[2018.12.10-06.48.49:576][694]LogModuleManager: Shutting down and abandoning module Renderer (16)
[2018.12.10-06.48.49:576][694]LogModuleManager: Shutting down and abandoning module Engine (14)
[2018.12.10-06.48.49:576][694]LogModuleManager: Shutting down and abandoning module CoreUObject (12)
[2018.12.10-06.48.49:576][694]LogModuleManager: Shutting down and abandoning module NetworkFile (10)
[2018.12.10-06.48.49:576][694]LogModuleManager: Shutting down and abandoning module CookedIterativeFile (8)
[2018.12.10-06.48.49:576][694]LogModuleManager: Shutting down and abandoning module StreamingFile (6)
[2018.12.10-06.48.49:577][694]LogModuleManager: Shutting down and abandoning module SandboxFile (4)
[2018.12.10-06.48.49:577][694]LogModuleManager: Shutting down and abandoning module PakFile (2)
[2018.12.10-06.48.49:586][694]LogExit: Exiting.
[2018.12.10-06.48.49:594][694]Log file closed, 12/10/18 01:48:49
