Log file open, 11/20/18 20:09:17
LogWindows: Failed to load 'aqProf.dll' (GetLastError=126)
LogWindows: File 'aqProf.dll' does not exist
LogWindows: Failed to load 'VSPerf140.dll' (GetLastError=126)
LogWindows: File 'VSPerf140.dll' does not exist
LogWindows: Failed to load 'VtuneApi.dll' (GetLastError=126)
LogWindows: File 'VtuneApi.dll' does not exist
LogWindows: Failed to load 'VtuneApi32e.dll' (GetLastError=126)
LogWindows: File 'VtuneApi32e.dll' does not exist
LogInit: Display: Running engine for game: okay
LogPlatformFile: Not using cached read wrapper
LogTaskGraph: Started task graph with 5 named threads and 47 total threads with 3 sets of task threads.
LogStats: Stats thread started at 1.509623
LogD3D11RHI: Loaded GFSDK_Aftermath_Lib.x64.dll
LogICUInternationalization: Display: ICU TimeZone Detection - Raw Offset: -5:00, Platform Override: ''
LogPluginManager: Mounting plugin Paper2D
LogPluginManager: Mounting plugin AISupport
LogPluginManager: Mounting plugin LightPropagationVolume
LogPluginManager: Mounting plugin CLionSourceCodeAccess
LogPluginManager: Mounting plugin CodeLiteSourceCodeAccess
LogPluginManager: Mounting plugin GitSourceControl
LogPluginManager: Mounting plugin KDevelopSourceCodeAccess
LogPluginManager: Mounting plugin NullSourceCodeAccess
LogPluginManager: Mounting plugin PerforceSourceControl
LogPluginManager: Mounting plugin SubversionSourceControl
LogPluginManager: Mounting plugin UObjectPlugin
LogPluginManager: Mounting plugin VisualStudioCodeSourceCodeAccess
LogPluginManager: Mounting plugin VisualStudioSourceCodeAccess
LogPluginManager: Mounting plugin XCodeSourceCodeAccess
LogPluginManager: Mounting plugin AssetManagerEditor
LogPluginManager: Mounting plugin CryptoKeys
LogPluginManager: Mounting plugin DataValidation
LogPluginManager: Mounting plugin FacialAnimation
LogPluginManager: Mounting plugin GameplayTagsEditor
LogPluginManager: Mounting plugin MacGraphicsSwitching
LogPluginManager: Mounting plugin MeshEditor
LogPluginManager: Mounting plugin MobileLauncherProfileWizard
LogPluginManager: Mounting plugin PluginBrowser
LogPluginManager: Mounting plugin SpeedTreeImporter
LogPluginManager: Mounting plugin DatasmithContent
LogPluginManager: Mounting plugin AlembicImporter
LogPluginManager: Mounting plugin AppleImageUtils
LogPluginManager: Mounting plugin AppleVision
LogPluginManager: Mounting plugin BackChannel
LogPluginManager: Mounting plugin CharacterAI
LogPluginManager: Mounting plugin GeometryCache
LogPluginManager: Mounting plugin HTML5Networking
LogPluginManager: Mounting plugin ProxyLODPlugin
LogPluginManager: Mounting plugin RawInput
LogPluginManager: Mounting plugin MagicLeap
LogPluginManager: Mounting plugin MagicLeapEmulator
LogPluginManager: Mounting plugin MagicLeapMedia
LogPluginManager: Mounting plugin Substance
LogPluginManager: Mounting plugin AndroidMedia
LogPluginManager: Mounting plugin AvfMedia
LogPluginManager: Mounting plugin ImgMedia
LogPluginManager: Mounting plugin LinearTimecode
LogPluginManager: Mounting plugin MediaCompositing
LogPluginManager: Mounting plugin MediaPlayerEditor
LogPluginManager: Mounting plugin WmfMedia
LogPluginManager: Mounting plugin TcpMessaging
LogPluginManager: Mounting plugin UdpMessaging
LogPluginManager: Mounting plugin ActorSequence
LogPluginManager: Mounting plugin LevelSequenceEditor
LogPluginManager: Mounting plugin MatineeToLevelSequence
LogPluginManager: Mounting plugin NetcodeUnitTest
LogPluginManager: Mounting plugin NUTUnrealEngine4
LogPluginManager: Mounting plugin OnlineSubsystemGooglePlay
LogPluginManager: Mounting plugin OnlineSubsystemIOS
LogPluginManager: Mounting plugin OnlineSubsystem
LogPluginManager: Mounting plugin OnlineSubsystemNull
LogPluginManager: Mounting plugin OnlineSubsystemUtils
LogPluginManager: Mounting plugin LauncherChunkInstaller
LogPluginManager: Mounting plugin AndroidDeviceProfileSelector
LogPluginManager: Mounting plugin AndroidMoviePlayer
LogPluginManager: Mounting plugin AndroidPermission
LogPluginManager: Mounting plugin AppleMoviePlayer
LogPluginManager: Mounting plugin ArchVisCharacter
LogPluginManager: Mounting plugin AudioCapture
LogPluginManager: Mounting plugin CableComponent
LogPluginManager: Mounting plugin CustomMeshComponent
LogPluginManager: Mounting plugin EditableMesh
LogPluginManager: Mounting plugin ExampleDeviceProfileSelector
LogPluginManager: Mounting plugin GoogleCloudMessaging
LogPluginManager: Mounting plugin ImmediatePhysics
LogPluginManager: Mounting plugin IOSDeviceProfileSelector
LogPluginManager: Mounting plugin LinuxDeviceProfileSelector
LogPluginManager: Mounting plugin LocationServicesBPLibrary
LogPluginManager: Mounting plugin MobilePatchingUtils
LogPluginManager: Mounting plugin OculusVR
LogPluginManager: Plugin shader directory ../../../Engine/Plugins/Runtime/Oculus/OculusVR/Shaders found
LogPluginManager: Mapping shader source directory ../../../Engine/Plugins/Runtime/Oculus/OculusVR/Shaders to virtual directory /Plugin/OculusVR
LogPluginManager: Mounting plugin PhysXVehicles
LogPluginManager: Mounting plugin ProceduralMeshComponent
LogPluginManager: Mounting plugin RuntimePhysXCooking
LogPluginManager: Mounting plugin SteamVR
LogPluginManager: Mounting plugin WindowsMoviePlayer
LogStreaming: Display: Took  0.649s to configure plugins.
LogInit: Using libcurl 7.55.1-DEV
LogInit:  - built for x86_64-pc-win32
LogInit:  - supports SSL with OpenSSL/1.0.2h
LogInit:  - supports HTTP deflate (compression) using libz 1.2.8
LogInit:  - other features:
LogInit:      CURL_VERSION_SSL
LogInit:      CURL_VERSION_LIBZ
LogInit:      CURL_VERSION_IPV6
LogInit:      CURL_VERSION_ASYNCHDNS
LogInit:      CURL_VERSION_LARGEFILE
LogInit:      CURL_VERSION_IDN
LogInit:  CurlRequestOptions (configurable via config and command line):
LogInit:  - bVerifyPeer = false  - Libcurl will NOT verify peer certificate
LogInit:  - bUseHttpProxy = false  - Libcurl will NOT use HTTP proxy
LogInit:  - bDontReuseConnections = false  - Libcurl will reuse connections
LogInit:  - CertBundlePath = nullptr  - Libcurl will use whatever was configured at build time.
LogInit:  - MaxHostConnections = 16  - Libcurl will limit the number of connections to a host
LogInit:  - LocalHostAddr = Default
LogInit:  - BufferSize = 65536
LogInit: WinSock: version 1.1 (2.2), MaxSocks=32767, MaxUdp=65467
LogInit: Build: ++UE4+Release-4.20-CL-4369336
LogInit: Engine Version: 4.20.3-4369336+++UE4+Release-4.20
LogInit: Compatible Engine Version: 4.20.0-4212847+++UE4+Release-4.20
LogInit: Net CL: 4212847
LogInit: OS: Windows 10 (), CPU: AMD Ryzen 7 1700X Eight-Core Processor         , GPU: NVIDIA GeForce GTX 1070
LogInit: Compiled (64-bit): Sep 17 2018 12:26:19
LogInit: Compiled with Visual C++: 19.13.26129.00
LogInit: Build Configuration: Development
LogInit: Branch Name: ++UE4+Release-4.20
LogInit: Command Line:  
LogInit: Base Directory: D:/Program Files/UE_4.20/Engine/Binaries/Win64/
LogInit: Installed Engine Build: 1
LogDevObjectVersion: Number of dev versions registered: 20
LogDevObjectVersion:   Dev-Blueprints (B0D832E4-1F89-4F0D-ACCF-7EB736FD4AA2): 10
LogDevObjectVersion:   Dev-Build (E1C64328-A22C-4D53-A36C-8E866417BD8C): 0
LogDevObjectVersion:   Dev-Core (375EC13C-06E4-48FB-B500-84F0262A717E): 2
LogDevObjectVersion:   Dev-Editor (E4B068ED-F494-42E9-A231-DA0B2E46BB41): 24
LogDevObjectVersion:   Dev-Framework (CFFC743F-43B0-4480-9391-14DF171D2073): 34
LogDevObjectVersion:   Dev-Mobile (B02B49B5-BB20-44E9-A304-32B752E40360): 2
LogDevObjectVersion:   Dev-Networking (A4E4105C-59A1-49B5-A7C5-40C4547EDFEE): 0
LogDevObjectVersion:   Dev-Online (39C831C9-5AE6-47DC-9A44-9C173E1C8E7C): 0
LogDevObjectVersion:   Dev-Physics (78F01B33-EBEA-4F98-B9B4-84EACCB95AA2): 0
LogDevObjectVersion:   Dev-Platform (6631380F-2D4D-43E0-8009-CF276956A95A): 0
LogDevObjectVersion:   Dev-Rendering (12F88B9F-8875-4AFC-A67C-D90C383ABD29): 26
LogDevObjectVersion:   Dev-Sequencer (7B5AE74C-D270-4C10-A958-57980B212A5A): 9
LogDevObjectVersion:   Dev-VR (D7296918-1DD6-4BDD-9DE2-64A83CC13884): 2
LogDevObjectVersion:   Dev-LoadTimes (C2A15278-BFE7-4AFE-6C17-90FF531DF755): 1
LogDevObjectVersion:   Private-Geometry (6EACA3D4-40EC-4CC1-B786-8BED09428FC5): 3
LogDevObjectVersion:   Dev-AnimPhys (29E575DD-E0A3-4627-9D10-D276232CDCEA): 17
LogDevObjectVersion:   Dev-ReflectionCapture (6B266CEC-1EC7-4B8F-A30B-E4D90942FC07): 1
LogDevObjectVersion:   Dev-Automation (0DF73D61-A23F-47EA-B727-89E90C41499A): 1
LogDevObjectVersion:   FortniteMain (601D1886-AC64-4F84-AA16-D3DE0DEAC7D6): 12
LogDevObjectVersion:   Dev-Enterprise (9DFFBCD6-494F-0158-E221-12823C92A888): 1
LogStreaming: Display: Took  0.038s to delete old logs.
LogInit: Presizing for max 8388607 objects, including 0 objects not considered by GC, pre-allocating 0 bytes for permanent pool.
LogInit: Object subsystem initialized
[2018.11.21-01.09.21:126][  0]LogInit: Selected Device Profile: [Windows]
[2018.11.21-01.09.21:127][  0]LogInit: Applying CVar settings loaded from the selected device profile: [Windows]
[2018.11.21-01.09.21:219][  0]LogHAL: Display: Platform has ~ 16 GB [17133395968 / 17179869184 / 16], which maps to Larger [LargestMinGB=32, LargerMinGB=12, DefaultMinGB=8, SmallerMinGB=6, SmallestMinGB=0)
[2018.11.21-01.09.21:225][  0]LogInit: Setting Device Profile CVar: [[r.Vulkan.UseRealUBs:1]]
[2018.11.21-01.09.21:226][  0]LogInit: Going up to parent DeviceProfile []
[2018.11.21-01.09.21:253][  0]LogInit: Computer: DESKTOP-6PFUMRG
[2018.11.21-01.09.21:254][  0]LogInit: User: Aaron
[2018.11.21-01.09.21:254][  0]LogInit: CPU Page size=4096, Cores=8
[2018.11.21-01.09.21:254][  0]LogInit: High frequency timer resolution =3.314081 MHz
[2018.11.21-01.09.21:254][  0]LogMemory: Memory total: Physical=16.0GB (16GB approx)
[2018.11.21-01.09.21:254][  0]LogMemory: Platform Memory Stats for Windows
[2018.11.21-01.09.21:254][  0]LogMemory: Process Physical Memory: 102.32 MB used, 102.32 MB peak
[2018.11.21-01.09.21:254][  0]LogMemory: Process Virtual Memory: 91.13 MB used, 91.13 MB peak
[2018.11.21-01.09.21:254][  0]LogMemory: Physical Memory: 8914.99 MB used,  7424.69 MB free, 16339.68 MB total
[2018.11.21-01.09.21:254][  0]LogMemory: Virtual Memory: 4673.22 MB used,  7424.69 MB free, 134217728.00 MB total
[2018.11.21-01.09.24:247][  0]LogInit: Using OS detected language (en-US).
[2018.11.21-01.09.24:247][  0]LogInit: Using OS detected locale (en-US).
[2018.11.21-01.09.24:289][  0]LogTextLocalizationManager: No specific localization for 'en-US' exists, so the 'en' localization will be used.
[2018.11.21-01.09.25:775][  0]LogStreaming: Display: Took  1.528s to InitEngineTextLocalization.
[2018.11.21-01.09.25:775][  0]LogInit: Setting process to per monitor DPI aware
[2018.11.21-01.09.26:555][  0]LogSlate: New Slate User Created.  User Index 0, Is Virtual User: 0
[2018.11.21-01.09.26:555][  0]LogSlate: Slate User Registered.  User Index 0, Is Virtual User: 0
[2018.11.21-01.09.36:120][  0]LogHMD: Failed to initialize OpenVR with code 110
[2018.11.21-01.09.36:120][  0]LogD3D11RHI: D3D11 adapters:
[2018.11.21-01.09.36:321][  0]LogD3D11RHI:    0. 'NVIDIA GeForce GTX 1070' (Feature Level 11_0)
[2018.11.21-01.09.36:321][  0]LogD3D11RHI:       8088/0/8169 MB DedicatedVideo/DedicatedSystem/SharedSystem, Outputs:2, VendorId:0x10de
[2018.11.21-01.09.36:325][  0]LogD3D11RHI:    1. 'Microsoft Basic Render Driver' (Feature Level 11_0)
[2018.11.21-01.09.36:325][  0]LogD3D11RHI:       0/0/8169 MB DedicatedVideo/DedicatedSystem/SharedSystem, Outputs:0, VendorId:0x1414
[2018.11.21-01.09.36:325][  0]LogD3D11RHI: Chosen D3D11 Adapter: 0
[2018.11.21-01.09.36:338][  0]LogD3D11RHI: Creating new Direct3DDevice
[2018.11.21-01.09.36:338][  0]LogD3D11RHI:     GPU DeviceId: 0x1b81 (for the marketing name, search the web for "GPU Device Id")
[2018.11.21-01.09.36:338][  0]LogWindows: EnumDisplayDevices:
[2018.11.21-01.09.36:338][  0]LogWindows:    0. 'NVIDIA GeForce GTX 1070' (P:0 D:1)
[2018.11.21-01.09.36:338][  0]LogWindows:    1. 'NVIDIA GeForce GTX 1070' (P:1 D:1)
[2018.11.21-01.09.36:339][  0]LogWindows:    2. 'NVIDIA GeForce GTX 1070' (P:0 D:0)
[2018.11.21-01.09.36:339][  0]LogWindows:    3. 'NVIDIA GeForce GTX 1070' (P:0 D:0)
[2018.11.21-01.09.36:339][  0]LogWindows: DebugString: FoundDriverCount:4 
[2018.11.21-01.09.36:339][  0]LogD3D11RHI:     Adapter Name: NVIDIA GeForce GTX 1070
[2018.11.21-01.09.36:339][  0]LogD3D11RHI:   Driver Version: 416.34 (internal:25.21.14.1634, unified:416.34)
[2018.11.21-01.09.36:339][  0]LogD3D11RHI:      Driver Date: 10-10-2018
[2018.11.21-01.09.36:339][  0]LogRHI: Texture pool is 5661 MB (70% of 8088 MB)
[2018.11.21-01.09.36:424][  0]LogD3D11RHI: Async texture creation enabled
[2018.11.21-01.09.36:535][  0]LogD3D11RHI: GPU Timing Frequency: 1000.000000 (Debug: 2 2)
[2018.11.21-01.09.36:605][  0]LogShaderCompilers: Guid format shader working directory is -81 characters bigger than the processId version (../../../../../Aaron/Documents/PROJECTS/DAGD Classes/DAGD 385 - Vehicle Design/Final Project/Unreal_Project/385_Boat_Game/okay/Intermediate/Shaders/WorkingDirectory/11588/).
[2018.11.21-01.09.36:605][  0]LogShaderCompilers: Cleaned the shader compiler working directory 'C:/Users/Aaron/AppData/Local/Temp/UnrealShaderWorkingDir/BEE22CC742B7CB679CBC828381FFE895/'.
[2018.11.21-01.09.38:285][  0]LogTemp: Display: Loaded TP AllDesktopTargetPlatform
[2018.11.21-01.09.38:368][  0]LogTemp: Display: Loaded TP MacClientTargetPlatform
[2018.11.21-01.09.38:460][  0]LogTemp: Display: Loaded TP MacNoEditorTargetPlatform
[2018.11.21-01.09.38:554][  0]LogTemp: Display: Loaded TP MacServerTargetPlatform
[2018.11.21-01.09.38:717][  0]LogTemp: Display: Loaded TP MacTargetPlatform
[2018.11.21-01.09.38:887][  0]LogTemp: Display: Loaded TP WindowsClientTargetPlatform
[2018.11.21-01.09.38:973][  0]LogTemp: Display: Loaded TP WindowsNoEditorTargetPlatform
[2018.11.21-01.09.39:069][  0]LogTemp: Display: Loaded TP WindowsServerTargetPlatform
[2018.11.21-01.09.39:153][  0]LogTemp: Display: Loaded TP WindowsTargetPlatform
[2018.11.21-01.09.39:357][  0]LogTemp: Display: Loaded TP AndroidTargetPlatform
[2018.11.21-01.09.39:357][  0]LogTemp: Display: Loaded TP AndroidTargetPlatform
[2018.11.21-01.09.39:357][  0]LogTemp: Display: Loaded TP AndroidTargetPlatform
[2018.11.21-01.09.39:357][  0]LogTemp: Display: Loaded TP AndroidTargetPlatform
[2018.11.21-01.09.39:357][  0]LogTemp: Display: Loaded TP AndroidTargetPlatform
[2018.11.21-01.09.39:357][  0]LogTemp: Display: Loaded TP AndroidTargetPlatform
[2018.11.21-01.09.39:357][  0]LogTemp: Display: Loaded TP AndroidTargetPlatform
[2018.11.21-01.09.39:357][  0]LogTemp: Display: Loaded TP AndroidTargetPlatform
[2018.11.21-01.09.39:357][  0]LogTemp: Display: Loaded TP AndroidTargetPlatform
[2018.11.21-01.09.39:357][  0]LogTemp: Display: Loaded TP AndroidTargetPlatform
[2018.11.21-01.09.39:357][  0]LogTemp: Display: Loaded TP AndroidTargetPlatform
[2018.11.21-01.09.39:357][  0]LogTemp: Display: Loaded TP AndroidTargetPlatform
[2018.11.21-01.09.39:357][  0]LogTemp: Display: Loaded TP AndroidTargetPlatform
[2018.11.21-01.09.39:357][  0]LogTemp: Display: Loaded TP AndroidTargetPlatform
[2018.11.21-01.09.39:357][  0]LogTemp: Display: Loaded TP AndroidTargetPlatform
[2018.11.21-01.09.39:357][  0]LogTemp: Display: Loaded TP AndroidTargetPlatform
[2018.11.21-01.09.39:357][  0]LogTemp: Display: Loaded TP AndroidTargetPlatform
[2018.11.21-01.09.39:357][  0]LogTemp: Display: Loaded TP AndroidTargetPlatform
[2018.11.21-01.09.39:446][  0]LogTemp: Display: Loaded TP HTML5TargetPlatform
[2018.11.21-01.09.39:754][  0]LogTemp: Display: Loaded TP IOSTargetPlatform
[2018.11.21-01.09.39:754][  0]LogTemp: Display: Loaded TP IOSTargetPlatform
[2018.11.21-01.09.39:856][  0]LogTemp: Display: Loaded TP TVOSTargetPlatform
[2018.11.21-01.09.39:856][  0]LogTemp: Display: Loaded TP TVOSTargetPlatform
[2018.11.21-01.09.39:940][  0]LogTemp: Display: Loaded TP LinuxClientTargetPlatform
[2018.11.21-01.09.40:007][  0]LogTemp: Display: Loaded TP LinuxNoEditorTargetPlatform
[2018.11.21-01.09.40:094][  0]LogTemp: Display: Loaded TP LinuxServerTargetPlatform
[2018.11.21-01.09.40:217][  0]LogTemp: Display: Loaded TP LinuxTargetPlatform
[2018.11.21-01.09.40:293][  0]LogTemp: Display: Loaded TP LuminTargetPlatform
[2018.11.21-01.09.40:293][  0]LogTargetPlatformManager: Display: Building Assets For Windows
[2018.11.21-01.09.42:551][  0]LogXGEController: Cleaning working directory: C:/Users/Aaron/AppData/Local/Temp/UnrealXGEWorkingDir/
[2018.11.21-01.09.42:551][  0]LogXGEController: Cannot use XGE Controller as Incredibuild is not installed on this machine.
[2018.11.21-01.09.42:551][  0]LogShaderCompilers: Cannot use XGE Shader Compiler as Incredibuild is not installed on this machine.
[2018.11.21-01.09.42:551][  0]LogShaderCompilers: Display: Using Local Shader Compiler.
[2018.11.21-01.09.46:758][  0]LogDerivedDataCache: Display: Max Cache Size: 512 MB
[2018.11.21-01.09.47:170][  0]LogDerivedDataCache: Loaded boot cache 0.41s 71MB C:/Users/Aaron/AppData/Local/UnrealEngine/4.20/DerivedDataCache/Boot.ddc.
[2018.11.21-01.09.47:171][  0]LogDerivedDataCache: Display: Loaded Boot cache: C:/Users/Aaron/AppData/Local/UnrealEngine/4.20/DerivedDataCache/Boot.ddc
[2018.11.21-01.09.47:171][  0]LogDerivedDataCache: FDerivedDataBackendGraph:  Pak pak cache file ../../../../../Aaron/Documents/PROJECTS/DAGD Classes/DAGD 385 - Vehicle Design/Final Project/Unreal_Project/385_Boat_Game/okay/DerivedDataCache/DDC.ddp not found, will not use a pak cache.
[2018.11.21-01.09.47:171][  0]LogDerivedDataCache: Unable to find inner node Pak for hierarchical cache Hierarchy.
[2018.11.21-01.09.47:171][  0]LogDerivedDataCache: FDerivedDataBackendGraph:  CompressedPak pak cache file ../../../../../Aaron/Documents/PROJECTS/DAGD Classes/DAGD 385 - Vehicle Design/Final Project/Unreal_Project/385_Boat_Game/okay/DerivedDataCache/Compressed.ddp not found, will not use a pak cache.
[2018.11.21-01.09.47:171][  0]LogDerivedDataCache: Unable to find inner node CompressedPak for hierarchical cache Hierarchy.
[2018.11.21-01.09.47:284][  0]LogDerivedDataCache: Display: Pak cache opened for reading ../../../Engine/DerivedDataCache/Compressed.ddp.
[2018.11.21-01.09.47:303][  0]LogDerivedDataCache: Using Local data cache path C:/Users/Aaron/AppData/Local/UnrealEngine/Common/DerivedDataCache: Writable
[2018.11.21-01.09.47:303][  0]LogDerivedDataCache: Shared data cache path not found in *engine.ini, will not use an Shared cache.
[2018.11.21-01.09.47:303][  0]LogDerivedDataCache: Unable to find inner node Shared for hierarchical cache Hierarchy.
[2018.11.21-01.09.47:381][  0]LogMaterial: Verifying Global Shaders for PCD3D_SM5
[2018.11.21-01.09.47:384][  0]LogSlate: Using FreeType 2.6.0
[2018.11.21-01.09.47:502][  0]LogSlate: SlateFontServices - WITH_FREETYPE: 1, WITH_HARFBUZZ: 1
[2018.11.21-01.09.50:372][  0]LogAssetRegistry: FAssetRegistry took 0.0301 seconds to start up
[2018.11.21-01.09.53:335][  0]LogInit: Selected Device Profile: [Windows]
[2018.11.21-01.09.57:752][  0]LogSimplygon: Simplygon DLL not present - disabling.
[2018.11.21-01.09.58:341][  0]LogMeshReduction: Using SimplygonSwarm for distributed automatic mesh merging
[2018.11.21-01.09.58:341][  0]LogMeshReduction: Using ProxyLODMeshReduction for automatic mesh merging
[2018.11.21-01.09.58:341][  0]LogMeshReduction: Using QuadricMeshReduction for automatic static mesh reduction
[2018.11.21-01.09.58:341][  0]LogMeshReduction: No automatic skeletal mesh reduction module available
[2018.11.21-01.09.59:091][  0]LogNetVersion: okay 1.0.0, NetCL: 4212847, EngineNetVer: 5, GameNetVer: 0 (Checksum: 1209445407)
[2018.11.21-01.10.04:374][  0]LogPackageLocalizationCache: Processed 11 localized package path(s) for 2 prioritized culture(s) in 0.347179 seconds
[2018.11.21-01.10.04:421][  0]LogUObjectArray: 38425 objects as part of root set at end of initial load.
[2018.11.21-01.10.04:421][  0]LogUObjectAllocator: 6690864 out of 0 bytes used by permanent object pool.
[2018.11.21-01.10.04:421][  0]LogUObjectArray: CloseDisregardForGC: 0/0 objects in disregard for GC pool
[2018.11.21-01.10.42:711][  0]LogSubstanceCoreModule: Substance [CPU] Engine Loaded, Max Texture Size = 2048
[2018.11.21-01.10.43:006][  0]LogTcpMessaging: Initializing TcpMessaging bridge
[2018.11.21-01.10.43:101][  0]LogUdpMessaging: Initializing bridge on interface 0.0.0.0:0 to multicast group 230.0.0.1:6666.
[2018.11.21-01.10.44:867][  0]SourceControl: Source control is disabled
[2018.11.21-01.10.44:868][  0]SourceControl: Source control is disabled
[2018.11.21-01.10.45:041][  0]SourceControl: Source control is disabled
[2018.11.21-01.10.45:117][  0]SourceControl: Source control is disabled
[2018.11.21-01.10.48:033][  0]LogAndroidPermission: UAndroidPermissionCallbackProxy::GetInstance
[2018.11.21-01.10.48:600][  0]LogOcInput: OculusInput pre-init called
[2018.11.21-01.10.49:870][  0]LogEngine: Initializing Engine...
[2018.11.21-01.10.49:889][  0]LogHMD: Failed to initialize OpenVR with code 110
[2018.11.21-01.10.49:892][  0]LogStats: UGameplayTagsManager::ConstructGameplayTagTree: ImportINI prefixes -  0.000 s
[2018.11.21-01.10.49:892][  0]LogStats: UGameplayTagsManager::ConstructGameplayTagTree: Construct from data asset -  0.000 s
[2018.11.21-01.10.49:892][  0]LogStats: UGameplayTagsManager::ConstructGameplayTagTree: ImportINI -  0.000 s
[2018.11.21-01.10.49:892][  0]LogStats: UGameplayTagsManager::ConstructGameplayTagTree: GameplayTagTreeChangedEvent.Broadcast -  0.000 s
[2018.11.21-01.10.51:408][  0]LogInit: Initializing FReadOnlyCVARCache
[2018.11.21-01.10.51:636][  0]LogAIModule: Creating AISystem for world Untitled
[2018.11.21-01.10.51:827][  0]LogInit: XAudio2 using 'Headphones (2- High Definition Audio Device)' : 2 channels at 48 kHz using 16 bits per sample (channel mask 0x3)
[2018.11.21-01.10.51:860][  0]LogInit: FAudioDevice initialized.
[2018.11.21-01.10.51:862][  0]LogNetVersion: Set ProjectVersion to 1.0.0.0. Version Checksum will be recalculated on next use.
[2018.11.21-01.10.51:968][  0]LogDerivedDataCache: Saved boot cache 0.11s 71MB C:/Users/Aaron/AppData/Local/UnrealEngine/4.20/DerivedDataCache/Boot.ddc.
[2018.11.21-01.10.51:984][  0]LogInit: Texture streaming: Enabled
[2018.11.21-01.10.52:272][  0]LogEngineSessionManager: EngineSessionManager initialized
[2018.11.21-01.10.52:371][  0]LogInit: Transaction tracking system initialized
[2018.11.21-01.10.52:840][  0]BlueprintLog: New page: Editor Load
[2018.11.21-01.10.54:554][  0]LocalizationService: Localization service is disabled
[2018.11.21-01.10.59:985][  0]LogCook: Display: Max memory allowance for cook 16384mb min free memory 0mb
[2018.11.21-01.10.59:985][  0]LogCook: Display: Mobile HDR setting 1
[2018.11.21-01.10.59:986][  0]LogGameplayTags: Display: UGameplayTagsManager::DoneAddingNativeTags. DelegateIsBound: 0
[2018.11.21-01.10.59:986][  0]LogStats: UGameplayTagsManager::ConstructGameplayTagTree: ImportINI prefixes -  0.000 s
[2018.11.21-01.10.59:986][  0]LogStats: UGameplayTagsManager::ConstructGameplayTagTree: Construct from data asset -  0.000 s
[2018.11.21-01.10.59:986][  0]LogStats: UGameplayTagsManager::ConstructGameplayTagTree: ImportINI -  0.000 s
[2018.11.21-01.10.59:986][  0]LogStats: UGameplayTagsManager::ConstructGameplayTagTree: GameplayTagTreeChangedEvent.Broadcast -  0.000 s
[2018.11.21-01.11.00:255][  0]LogFileCache: Scanning file cache for directory 'D:/Aaron/Documents/PROJECTS/DAGD Classes/DAGD 385 - Vehicle Design/Final Project/Unreal_Project/385_Boat_Game/okay/Content/' took 0.03s
[2018.11.21-01.11.05:916][  0]SourceControl: Source control is disabled
[2018.11.21-01.11.05:917][  0]LightingResults: New page: Lighting Build
[2018.11.21-01.11.06:510][  0]MapCheck: New page: Map Check
[2018.11.21-01.11.06:510][  0]LightingResults: New page: Lighting Build
[2018.11.21-01.11.11:948][  0]LogAIModule: Creating AISystem for world VehicleExampleMap
[2018.11.21-01.11.17:064][  0]LogEditorServer: Finished looking for orphan Actors (0.000 secs)
[2018.11.21-01.11.17:129][  0]Cmd: MAP CHECKDEP NOCLEARLOG
[2018.11.21-01.11.17:228][  0]MapCheck: Map check complete: 0 Error(s), 0 Warning(s), took 98.707ms to complete.
[2018.11.21-01.11.17:228][  0]LogFileHelpers: Loading map 'VehicleExampleMap' took 11.312
[2018.11.21-01.11.17:551][  0]LogCollectionManager: Loaded 0 collections in 0.006844 seconds
[2018.11.21-01.11.17:617][  0]LogFileCache: Scanning file cache for directory 'D:/Aaron/Documents/PROJECTS/DAGD Classes/DAGD 385 - Vehicle Design/Final Project/Unreal_Project/385_Boat_Game/okay/Saved/Collections/' took 0.01s
[2018.11.21-01.11.17:617][  0]LogFileCache: Scanning file cache for directory 'D:/Aaron/Documents/PROJECTS/DAGD Classes/DAGD 385 - Vehicle Design/Final Project/Unreal_Project/385_Boat_Game/okay/Content/Developers/Aaron/Collections/' took 0.01s
[2018.11.21-01.11.17:617][  0]LogFileCache: Scanning file cache for directory 'D:/Aaron/Documents/PROJECTS/DAGD Classes/DAGD 385 - Vehicle Design/Final Project/Unreal_Project/385_Boat_Game/okay/Content/Collections/' took 0.01s
[2018.11.21-01.11.17:617][  0]LogCollectionManager: Rebuilt the GUID cache for 0 collections in 0.000000 seconds
[2018.11.21-01.11.17:634][  0]LogContentBrowser: Native class hierarchy populated in 0.0160 seconds. Added 2588 classes and 612 folders.
[2018.11.21-01.11.17:654][  0]LogContentBrowser: Native class hierarchy updated for 'WidgetCarousel' in 0.0005 seconds. Added 0 classes and 0 folders.
[2018.11.21-01.11.19:661][  0]LogContentBrowser: Native class hierarchy updated for 'AddContentDialog' in 0.0004 seconds. Added 0 classes and 0 folders.
[2018.11.21-01.11.19:892][  0]LogSlate: Updating window title bar state: overlay mode, drag disabled, window buttons hidden, title bar hidden
[2018.11.21-01.11.19:901][  0]LogSlate: Updating window title bar state: overlay mode, drag disabled, window buttons hidden, title bar hidden
[2018.11.21-01.11.19:909][  0]LogSlate: Updating window title bar state: overlay mode, drag disabled, window buttons hidden, title bar hidden
[2018.11.21-01.11.19:918][  0]LogSlate: Updating window title bar state: overlay mode, drag disabled, window buttons hidden, title bar hidden
[2018.11.21-01.11.20:018][  0]LogContentBrowser: Native class hierarchy updated for 'SceneOutliner' in 0.0006 seconds. Added 1 classes and 2 folders.
[2018.11.21-01.11.20:100][  0]LogSlate: Took 0.021094 seconds to synchronously load lazily loaded font '../../../Engine/Content/Slate/Fonts/Roboto-Regular.ttf' (155K)
[2018.11.21-01.11.20:139][  0]LogSlate: Took 0.035951 seconds to synchronously load lazily loaded font '../../../Engine/Content/Slate/Fonts/Roboto-Bold.ttf' (160K)
[2018.11.21-01.11.20:166][  0]LogSlate: Took 0.025034 seconds to synchronously load lazily loaded font '../../../Engine/Content/Editor/Slate/Fonts/FontAwesome.ttf' (139K)
[2018.11.21-01.11.20:947][  0]LogRenderer: Reallocating scene render targets to support 1032x924 Format 10 NumSamples 1 (Frame:1).
[2018.11.21-01.11.22:403][  0]LogContentBrowser: Native class hierarchy updated for 'HierarchicalLODOutliner' in 0.0005 seconds. Added 0 classes and 0 folders.
[2018.11.21-01.11.22:403][  0]LogLoad: (Engine Initialization) Total time: 151.02 seconds
[2018.11.21-01.11.22:403][  0]LogLoad: (Engine Initialization) Total Blueprint compile time: 0.00 seconds
[2018.11.21-01.11.22:495][  0]LogRawInputWindows: Warning: Found device 0 devices
[2018.11.21-01.11.22:495][  0]LogRawInputWindows: Warning: Found device 0 devices
[2018.11.21-01.11.22:495][  0]LogRawInputWindows: Warning: Device was registered succesfully but not connected (Usage:4 UsagePage:1)
[2018.11.21-01.11.22:495][  0]LogRawInputWindows: Warning: Found device 1 devices
[2018.11.21-01.11.22:495][  0]LogRawInputWindows: Warning: Device was registered succesfully but not connected (Usage:5 UsagePage:1)
[2018.11.21-01.11.22:882][  0]LogContentStreaming: Texture pool size now 1000 MB
[2018.11.21-01.11.23:567][  1]LogSubstanceLiveLink: Warning: Unable to send data along socket, closing connection
[2018.11.21-01.11.24:322][  2]LogAssetRegistry: Asset discovery search completed in 93.9718 seconds
[2018.11.21-01.11.24:421][  2]LogCollectionManager: Rebuilt the object cache for 0 collections in 0.000000 seconds (found 0 objects)
[2018.11.21-01.11.24:421][  2]LogCollectionManager: Fixed up redirectors for 0 collections in 0.000123 seconds (updated 0 objects)
[2018.11.21-01.11.24:668][  2]LogSlate: Took 0.087096 seconds to synchronously load lazily loaded font '../../../Engine/Content/Slate/Fonts/Roboto-Light.ttf' (167K)
[2018.11.21-01.11.26:647][ 73]LogEditorViewport: Clicking on Actor (LMB): Landscape (Landscape)
[2018.11.21-01.11.29:086][ 73]LogEditorViewport: Clicking on Actor (LMB): Landscape (Landscape)
[2018.11.21-01.11.32:260][345]LogSlate: FSceneViewport::OnFocusLost() reason 0
[2018.11.21-01.11.32:320][348]LogAssetEditorManager: Opening Asset editor for Material /Game/Materials/Mat_Sand/Sand_Material_MAT.Sand_Material_MAT
[2018.11.21-01.11.32:324][348]LogMaterial: Display: Missing cached shader map for material Sand_Material_MAT, compiling. 
[2018.11.21-01.11.34:245][348]LogMaterial: Display: Missing cached shader map for material Sand_Material_MAT, compiling. 
[2018.11.21-01.11.34:305][348]LogShaderCompilers: Display: Shaders left to compile 69
[2018.11.21-01.11.34:305][348]LogShaderCompilers: Display: Shaders left to compile 68
[2018.11.21-01.11.34:305][348]LogShaderCompilers: Display: Shaders left to compile 67
[2018.11.21-01.11.34:305][348]LogShaderCompilers: Display: Shaders left to compile 66
[2018.11.21-01.11.34:305][348]LogShaderCompilers: Display: Shaders left to compile 65
[2018.11.21-01.11.34:305][348]LogShaderCompilers: Display: Shaders left to compile 64
[2018.11.21-01.11.34:305][348]LogShaderCompilers: Display: Shaders left to compile 63
[2018.11.21-01.11.34:305][348]LogShaderCompilers: Display: Shaders left to compile 62
[2018.11.21-01.11.34:305][348]LogShaderCompilers: Display: Shaders left to compile 61
[2018.11.21-01.11.34:305][348]LogShaderCompilers: Display: Shaders left to compile 60
[2018.11.21-01.11.34:305][348]LogShaderCompilers: Display: Shaders left to compile 59
[2018.11.21-01.11.34:305][348]LogShaderCompilers: Display: Shaders left to compile 58
[2018.11.21-01.11.34:310][348]LogMaterial: Display: Missing cached shader map for material Sand_Material_MAT, compiling. 
[2018.11.21-01.11.34:392][348]LogMaterial: Display: Missing cached shader map for material FMatExpressionPreview MaterialExpressionTextureSampleParameter2D_0, compiling. 
[2018.11.21-01.11.34:400][348]LogMaterial: Display: Missing cached shader map for material FMatExpressionPreview MaterialExpressionTextureSampleParameter2D_2, compiling. 
[2018.11.21-01.11.34:407][348]LogMaterial: Display: Missing cached shader map for material FMatExpressionPreview MaterialExpressionTextureSampleParameter2D_1, compiling. 
[2018.11.21-01.11.34:415][348]LogMaterial: Display: Missing cached shader map for material FMatExpressionPreview MaterialExpressionTextureSampleParameter2D_3, compiling. 
[2018.11.21-01.11.34:423][348]LogMaterial: Display: Missing cached shader map for material FMatExpressionPreview MaterialExpressionTextureSample_0, compiling. 
[2018.11.21-01.11.34:432][348]LogMaterial: Display: Missing cached shader map for material FMatExpressionPreview MaterialExpressionConstant3Vector_0, compiling. 
[2018.11.21-01.11.34:580][348]LogSlate: Took 0.076839 seconds to synchronously load lazily loaded font '../../../Engine/Content/Slate/Fonts/Roboto-BoldCondensed.ttf' (158K)
[2018.11.21-01.11.35:922][349]LogSlate: Took 0.050672 seconds to synchronously load lazily loaded font '../../../Engine/Content/Slate/Fonts/Roboto-Italic.ttf' (157K)
[2018.11.21-01.11.37:895][438]LogShaderCompilers: Display: Shaders left to compile 81
[2018.11.21-01.11.37:895][438]LogShaderCompilers: Display: Shaders left to compile 80
[2018.11.21-01.11.37:895][438]LogShaderCompilers: Display: Shaders left to compile 79
[2018.11.21-01.11.37:896][438]LogShaderCompilers: Display: Shaders left to compile 78
[2018.11.21-01.11.37:944][440]LogShaderCompilers: Display: Shaders left to compile 77
[2018.11.21-01.11.37:966][441]LogShaderCompilers: Display: Shaders left to compile 76
[2018.11.21-01.11.37:966][441]LogShaderCompilers: Display: Shaders left to compile 75
[2018.11.21-01.11.37:966][441]LogShaderCompilers: Display: Shaders left to compile 74
[2018.11.21-01.11.37:966][441]LogShaderCompilers: Display: Shaders left to compile 73
[2018.11.21-01.11.37:966][441]LogShaderCompilers: Display: Shaders left to compile 72
[2018.11.21-01.11.38:073][445]LogShaderCompilers: Display: Shaders left to compile 71
[2018.11.21-01.11.38:107][446]LogShaderCompilers: Display: Shaders left to compile 70
[2018.11.21-01.11.38:166][447]LogShaderCompilers: Display: Shaders left to compile 69
[2018.11.21-01.11.38:166][447]LogShaderCompilers: Display: Shaders left to compile 68
[2018.11.21-01.11.38:198][448]LogShaderCompilers: Display: Shaders left to compile 67
[2018.11.21-01.11.38:199][448]LogShaderCompilers: Display: Shaders left to compile 66
[2018.11.21-01.11.38:264][450]LogShaderCompilers: Display: Shaders left to compile 65
[2018.11.21-01.11.38:264][450]LogShaderCompilers: Display: Shaders left to compile 64
[2018.11.21-01.11.38:297][451]LogShaderCompilers: Display: Shaders left to compile 63
[2018.11.21-01.11.38:327][452]LogShaderCompilers: Display: Shaders left to compile 62
[2018.11.21-01.11.38:365][453]LogShaderCompilers: Display: Shaders left to compile 61
[2018.11.21-01.11.38:365][453]LogShaderCompilers: Display: Shaders left to compile 60
[2018.11.21-01.11.38:408][454]LogShaderCompilers: Display: Shaders left to compile 59
[2018.11.21-01.11.38:447][455]LogShaderCompilers: Display: Shaders left to compile 58
[2018.11.21-01.11.38:447][455]LogShaderCompilers: Display: Shaders left to compile 57
[2018.11.21-01.11.38:476][456]LogShaderCompilers: Display: Shaders left to compile 56
[2018.11.21-01.11.38:547][458]LogShaderCompilers: Display: Shaders left to compile 55
[2018.11.21-01.11.38:547][458]LogShaderCompilers: Display: Shaders left to compile 54
[2018.11.21-01.11.38:580][459]LogShaderCompilers: Display: Shaders left to compile 53
[2018.11.21-01.11.38:616][460]LogShaderCompilers: Display: Shaders left to compile 52
[2018.11.21-01.11.38:651][461]LogShaderCompilers: Display: Shaders left to compile 51
[2018.11.21-01.11.38:681][462]LogShaderCompilers: Display: Shaders left to compile 50
[2018.11.21-01.11.38:712][463]LogShaderCompilers: Display: Shaders left to compile 49
[2018.11.21-01.11.38:712][463]LogShaderCompilers: Display: Shaders left to compile 48
[2018.11.21-01.11.38:745][464]LogShaderCompilers: Display: Shaders left to compile 47
[2018.11.21-01.11.38:831][466]LogShaderCompilers: Display: Shaders left to compile 46
[2018.11.21-01.11.38:881][467]LogShaderCompilers: Display: Shaders left to compile 45
[2018.11.21-01.11.38:881][467]LogShaderCompilers: Display: Shaders left to compile 44
[2018.11.21-01.11.38:881][467]LogShaderCompilers: Display: Shaders left to compile 43
[2018.11.21-01.11.38:932][468]LogShaderCompilers: Display: Shaders left to compile 42
[2018.11.21-01.11.38:932][468]LogShaderCompilers: Display: Shaders left to compile 41
[2018.11.21-01.11.39:007][469]LogShaderCompilers: Display: Shaders left to compile 40
[2018.11.21-01.11.39:007][469]LogShaderCompilers: Display: Shaders left to compile 39
[2018.11.21-01.11.39:051][470]LogShaderCompilers: Display: Shaders left to compile 38
[2018.11.21-01.11.39:051][470]LogShaderCompilers: Display: Shaders left to compile 37
[2018.11.21-01.11.39:144][472]LogShaderCompilers: Display: Shaders left to compile 36
[2018.11.21-01.11.39:183][472]LogShaderCompilers: Display: Shaders left to compile 35
[2018.11.21-01.11.39:183][472]LogShaderCompilers: Display: Shaders left to compile 34
[2018.11.21-01.11.39:183][472]LogShaderCompilers: Display: Shaders left to compile 33
[2018.11.21-01.11.39:221][474]LogShaderCompilers: Display: Shaders left to compile 32
[2018.11.21-01.11.39:222][474]LogShaderCompilers: Display: Shaders left to compile 31
[2018.11.21-01.11.39:257][475]LogShaderCompilers: Display: Shaders left to compile 30
[2018.11.21-01.11.39:331][477]LogShaderCompilers: Display: Shaders left to compile 29
[2018.11.21-01.11.39:377][478]LogShaderCompilers: Display: Shaders left to compile 28
[2018.11.21-01.11.39:377][478]LogShaderCompilers: Display: Shaders left to compile 27
[2018.11.21-01.11.39:422][479]LogShaderCompilers: Display: Shaders left to compile 26
[2018.11.21-01.11.39:422][479]LogShaderCompilers: Display: Shaders left to compile 25
[2018.11.21-01.11.39:456][480]LogShaderCompilers: Display: Shaders left to compile 24
[2018.11.21-01.11.39:456][480]LogShaderCompilers: Display: Shaders left to compile 23
[2018.11.21-01.11.39:551][483]LogShaderCompilers: Display: Shaders left to compile 22
[2018.11.21-01.11.39:634][485]LogShaderCompilers: Display: Shaders left to compile 21
[2018.11.21-01.11.39:672][486]LogShaderCompilers: Display: Shaders left to compile 20
[2018.11.21-01.11.39:759][488]LogShaderCompilers: Display: Shaders left to compile 19
[2018.11.21-01.11.39:857][490]LogShaderCompilers: Display: Shaders left to compile 18
[2018.11.21-01.11.39:858][490]LogShaderCompilers: Display: Shaders left to compile 17
[2018.11.21-01.11.39:897][491]LogShaderCompilers: Display: Shaders left to compile 16
[2018.11.21-01.11.39:897][491]LogShaderCompilers: Display: Shaders left to compile 15
[2018.11.21-01.11.40:009][494]LogShaderCompilers: Display: Shaders left to compile 14
[2018.11.21-01.11.40:083][496]LogShaderCompilers: Display: Shaders left to compile 13
[2018.11.21-01.11.40:117][497]LogShaderCompilers: Display: Shaders left to compile 12
[2018.11.21-01.11.40:201][500]LogShaderCompilers: Display: Shaders left to compile 11
[2018.11.21-01.11.40:227][501]LogShaderCompilers: Display: Shaders left to compile 10
[2018.11.21-01.11.40:250][502]LogShaderCompilers: Display: Shaders left to compile 9
[2018.11.21-01.11.40:298][504]LogShaderCompilers: Display: Shaders left to compile 8
[2018.11.21-01.11.40:320][505]LogShaderCompilers: Display: Shaders left to compile 7
[2018.11.21-01.11.40:343][506]LogShaderCompilers: Display: Shaders left to compile 6
[2018.11.21-01.11.40:415][509]LogShaderCompilers: Display: Shaders left to compile 5
[2018.11.21-01.11.40:437][510]LogShaderCompilers: Display: Shaders left to compile 4
[2018.11.21-01.11.40:493][512]LogShaderCompilers: Display: Shaders left to compile 3
[2018.11.21-01.11.40:520][513]LogShaderCompilers: Display: Shaders left to compile 2
[2018.11.21-01.11.40:549][514]LogShaderCompilers: Display: Shaders left to compile 1
[2018.11.21-01.11.40:838][524]MaterialEditorStats: Base pass shader: 115 instructions
[2018.11.21-01.11.40:838][524]MaterialEditorStats: Base pass shader with Volumetric Lightmap: 192 instructions
[2018.11.21-01.11.40:838][524]MaterialEditorStats: Base pass vertex shader: 33 instructions
[2018.11.21-01.11.40:838][524]MaterialEditorStats: Texture samplers: 7/16
[2018.11.21-01.11.40:838][524]MaterialEditorStats: Texture Lookups (Est.): VS(1), PS(4)
[2018.11.21-01.11.40:838][524]MaterialEditorStats: User interpolators: 2/4 Scalars (1/4 Vectors) (TexCoords: 2, Custom: 0)
[2018.11.21-01.11.41:851][594]LogSlate: Window 'Sand_Material_MAT' being destroyed
[2018.11.21-01.11.41:855][594]LogSlate: Window 'Sand_Material_MAT' being destroyed
[2018.11.21-01.11.51:757][446]LogEditorViewport: Clicking on Actor (LMB): StaticMeshActor (Cube)
[2018.11.21-01.11.52:009][446]Cmd: CAMERA ALIGN ACTIVEVIEWPORTONLY
[2018.11.21-01.12.31:526][755]LogSlate: FSceneViewport::OnFocusLost() reason 0
[2018.11.21-01.12.31:598][755]LogAssetEditorManager: Opening Asset editor for Material /Game/Materials/Mat_Sand/Sand_Material_MAT.Sand_Material_MAT
[2018.11.21-01.12.31:603][755]LogMaterial: Display: Missing cached shader map for material PreviewMaterial_0, compiling. 
[2018.11.21-01.12.31:769][755]LogMaterial: Display: Missing cached shader map for material PreviewMaterial_0, compiling. 
[2018.11.21-01.12.31:802][755]LogMaterial: Display: Missing cached shader map for material PreviewMaterial_0, compiling. 
[2018.11.21-01.12.31:838][755]LogShaderCompilers: Display: Shaders left to compile 69
[2018.11.21-01.12.31:839][755]LogShaderCompilers: Display: Shaders left to compile 68
[2018.11.21-01.12.31:839][755]LogShaderCompilers: Display: Shaders left to compile 67
[2018.11.21-01.12.31:839][755]LogShaderCompilers: Display: Shaders left to compile 66
[2018.11.21-01.12.31:839][755]LogShaderCompilers: Display: Shaders left to compile 65
[2018.11.21-01.12.31:839][755]LogShaderCompilers: Display: Shaders left to compile 64
[2018.11.21-01.12.31:839][755]LogShaderCompilers: Display: Shaders left to compile 63
[2018.11.21-01.12.31:839][755]LogShaderCompilers: Display: Shaders left to compile 62
[2018.11.21-01.12.31:839][755]LogShaderCompilers: Display: Shaders left to compile 61
[2018.11.21-01.12.31:839][755]LogShaderCompilers: Display: Shaders left to compile 60
[2018.11.21-01.12.31:839][755]LogShaderCompilers: Display: Shaders left to compile 59
[2018.11.21-01.12.31:839][755]LogShaderCompilers: Display: Shaders left to compile 58
[2018.11.21-01.12.31:867][755]LogMaterial: Display: Missing cached shader map for material FMatExpressionPreview MaterialExpressionTextureSampleParameter2D_0, compiling. 
[2018.11.21-01.12.31:875][755]LogMaterial: Display: Missing cached shader map for material FMatExpressionPreview MaterialExpressionTextureSampleParameter2D_2, compiling. 
[2018.11.21-01.12.31:883][755]LogMaterial: Display: Missing cached shader map for material FMatExpressionPreview MaterialExpressionTextureSampleParameter2D_1, compiling. 
[2018.11.21-01.12.31:888][755]LogMaterial: Display: Missing cached shader map for material FMatExpressionPreview MaterialExpressionTextureSampleParameter2D_3, compiling. 
[2018.11.21-01.12.31:896][755]LogMaterial: Display: Missing cached shader map for material FMatExpressionPreview MaterialExpressionTextureSample_0, compiling. 
[2018.11.21-01.12.31:901][755]LogMaterial: Display: Missing cached shader map for material FMatExpressionPreview MaterialExpressionConstant3Vector_0, compiling. 
[2018.11.21-01.12.33:243][819]LogShaderCompilers: Display: Shaders left to compile 69
[2018.11.21-01.12.33:421][819]LogShaderCompilers: Display: Shaders left to compile 68
[2018.11.21-01.12.33:421][819]LogShaderCompilers: Display: Shaders left to compile 67
[2018.11.21-01.12.33:442][819]LogShaderCompilers: Display: Shaders left to compile 66
[2018.11.21-01.12.33:460][819]LogShaderCompilers: Display: Shaders left to compile 65
[2018.11.21-01.12.33:523][819]LogShaderCompilers: Display: Shaders left to compile 64
[2018.11.21-01.12.33:523][819]LogShaderCompilers: Display: Shaders left to compile 63
[2018.11.21-01.12.33:523][819]LogShaderCompilers: Display: Shaders left to compile 62
[2018.11.21-01.12.33:523][819]LogShaderCompilers: Display: Shaders left to compile 61
[2018.11.21-01.12.33:523][819]LogShaderCompilers: Display: Shaders left to compile 60
[2018.11.21-01.12.33:523][819]LogShaderCompilers: Display: Shaders left to compile 59
[2018.11.21-01.12.33:777][819]LogShaderCompilers: Display: Shaders left to compile 58
[2018.11.21-01.12.33:777][819]LogShaderCompilers: Display: Shaders left to compile 57
[2018.11.21-01.12.33:777][819]LogShaderCompilers: Display: Shaders left to compile 56
[2018.11.21-01.12.33:777][819]LogShaderCompilers: Display: Shaders left to compile 55
[2018.11.21-01.12.33:777][819]LogShaderCompilers: Display: Shaders left to compile 54
[2018.11.21-01.12.33:777][819]LogShaderCompilers: Display: Shaders left to compile 53
[2018.11.21-01.12.33:777][819]LogShaderCompilers: Display: Shaders left to compile 52
[2018.11.21-01.12.33:795][819]LogShaderCompilers: Display: Shaders left to compile 51
[2018.11.21-01.12.33:825][819]LogShaderCompilers: Display: Shaders left to compile 50
[2018.11.21-01.12.33:825][819]LogShaderCompilers: Display: Shaders left to compile 49
[2018.11.21-01.12.33:855][819]LogShaderCompilers: Display: Shaders left to compile 48
[2018.11.21-01.12.33:942][823]LogShaderCompilers: Display: Shaders left to compile 47
[2018.11.21-01.12.34:010][825]LogShaderCompilers: Display: Shaders left to compile 46
[2018.11.21-01.12.34:039][826]LogShaderCompilers: Display: Shaders left to compile 45
[2018.11.21-01.12.34:039][826]LogShaderCompilers: Display: Shaders left to compile 44
[2018.11.21-01.12.34:039][826]LogShaderCompilers: Display: Shaders left to compile 43
[2018.11.21-01.12.34:091][828]LogShaderCompilers: Display: Shaders left to compile 42
[2018.11.21-01.12.34:114][829]LogShaderCompilers: Display: Shaders left to compile 41
[2018.11.21-01.12.34:141][830]LogShaderCompilers: Display: Shaders left to compile 40
[2018.11.21-01.12.34:141][830]LogShaderCompilers: Display: Shaders left to compile 39
[2018.11.21-01.12.34:244][834]LogShaderCompilers: Display: Shaders left to compile 38
[2018.11.21-01.12.34:244][834]LogShaderCompilers: Display: Shaders left to compile 37
[2018.11.21-01.12.34:327][837]LogShaderCompilers: Display: Shaders left to compile 36
[2018.11.21-01.12.34:328][837]LogShaderCompilers: Display: Shaders left to compile 35
[2018.11.21-01.12.34:328][837]LogShaderCompilers: Display: Shaders left to compile 34
[2018.11.21-01.12.34:362][838]LogShaderCompilers: Display: Shaders left to compile 33
[2018.11.21-01.12.34:362][838]LogShaderCompilers: Display: Shaders left to compile 32
[2018.11.21-01.12.34:420][840]LogShaderCompilers: Display: Shaders left to compile 31
[2018.11.21-01.12.34:420][840]LogShaderCompilers: Display: Shaders left to compile 30
[2018.11.21-01.12.34:467][842]LogShaderCompilers: Display: Shaders left to compile 29
[2018.11.21-01.12.34:531][844]LogShaderCompilers: Display: Shaders left to compile 28
[2018.11.21-01.12.34:558][845]LogShaderCompilers: Display: Shaders left to compile 27
[2018.11.21-01.12.34:584][846]LogShaderCompilers: Display: Shaders left to compile 26
[2018.11.21-01.12.34:615][847]LogShaderCompilers: Display: Shaders left to compile 25
[2018.11.21-01.12.34:645][848]LogShaderCompilers: Display: Shaders left to compile 24
[2018.11.21-01.12.34:645][848]LogShaderCompilers: Display: Shaders left to compile 23
[2018.11.21-01.12.34:672][849]LogShaderCompilers: Display: Shaders left to compile 22
[2018.11.21-01.12.34:795][853]LogShaderCompilers: Display: Shaders left to compile 21
[2018.11.21-01.12.34:894][856]LogShaderCompilers: Display: Shaders left to compile 20
[2018.11.21-01.12.34:969][858]LogShaderCompilers: Display: Shaders left to compile 19
[2018.11.21-01.12.35:056][861]LogShaderCompilers: Display: Shaders left to compile 18
[2018.11.21-01.12.35:084][862]LogShaderCompilers: Display: Shaders left to compile 17
[2018.11.21-01.12.35:084][862]LogShaderCompilers: Display: Shaders left to compile 16
[2018.11.21-01.12.35:114][863]LogShaderCompilers: Display: Shaders left to compile 15
[2018.11.21-01.12.35:198][866]LogShaderCompilers: Display: Shaders left to compile 14
[2018.11.21-01.12.35:248][868]LogShaderCompilers: Display: Shaders left to compile 13
[2018.11.21-01.12.35:276][869]LogShaderCompilers: Display: Shaders left to compile 12
[2018.11.21-01.12.35:304][870]LogShaderCompilers: Display: Shaders left to compile 11
[2018.11.21-01.12.35:355][872]LogShaderCompilers: Display: Shaders left to compile 10
[2018.11.21-01.12.35:450][875]LogShaderCompilers: Display: Shaders left to compile 9
[2018.11.21-01.12.35:483][876]LogShaderCompilers: Display: Shaders left to compile 8
[2018.11.21-01.12.35:483][876]LogShaderCompilers: Display: Shaders left to compile 7
[2018.11.21-01.12.35:542][878]LogShaderCompilers: Display: Shaders left to compile 6
[2018.11.21-01.12.35:687][883]LogShaderCompilers: Display: Shaders left to compile 5
[2018.11.21-01.12.35:722][884]LogShaderCompilers: Display: Shaders left to compile 4
[2018.11.21-01.12.35:722][884]LogShaderCompilers: Display: Shaders left to compile 3
[2018.11.21-01.12.35:792][886]LogShaderCompilers: Display: Shaders left to compile 2
[2018.11.21-01.12.35:823][887]LogShaderCompilers: Display: Shaders left to compile 1
[2018.11.21-01.12.36:060][895]MaterialEditorStats: Base pass shader: 115 instructions
[2018.11.21-01.12.36:060][895]MaterialEditorStats: Base pass shader with Volumetric Lightmap: 192 instructions
[2018.11.21-01.12.36:060][895]MaterialEditorStats: Base pass vertex shader: 33 instructions
[2018.11.21-01.12.36:060][895]MaterialEditorStats: Texture samplers: 7/16
[2018.11.21-01.12.36:060][895]MaterialEditorStats: Texture Lookups (Est.): VS(1), PS(4)
[2018.11.21-01.12.36:060][895]MaterialEditorStats: User interpolators: 2/4 Scalars (1/4 Vectors) (TexCoords: 2, Custom: 0)
[2018.11.21-01.14.15:766][684]LogD3D11RHI: Timed out while waiting for GPU to catch up. (500 ms)
[2018.11.21-01.14.16:100][685]LogD3D11RHI: Timed out while waiting for GPU to catch up. (500 ms)
[2018.11.21-01.14.16:600][686]LogD3D11RHI: Timed out while waiting for GPU to catch up. (500 ms)
[2018.11.21-01.14.51:874][790]LogD3D11RHI: Timed out while waiting for GPU to catch up. (500 ms)
[2018.11.21-01.19.10:901][959]LogSlate: FSceneViewport::OnFocusLost() reason 0
[2018.11.21-01.19.13:814][970]LogSlate: Window 'Save Content' being destroyed
[2018.11.21-01.19.14:248][970]LogSlate: Window 'Sand_Material_MAT' being destroyed
[2018.11.21-01.19.14:440][970]LogSlate: Window 'okay - Unreal Editor' being destroyed
[2018.11.21-01.19.15:724][971]Cmd: QUIT_EDITOR
[2018.11.21-01.19.16:594][971]LogWindowsTextInputMethodSystem: Display: IME system now deactivated.
[2018.11.21-01.19.16:895][971]LogExit: Preparing to exit.
[2018.11.21-01.19.20:574][971]LogExit: Editor shut down
[2018.11.21-01.19.20:574][971]LogExit: Transaction tracking system shut down
[2018.11.21-01.19.26:013][971]LogExit: Object subsystem successfully closed.
[2018.11.21-01.19.26:908][971]LogShaderCompilers: Display: Shaders left to compile 0
[2018.11.21-01.19.27:035][971]LogD3D11RHI: Shutdown
[2018.11.21-01.19.27:035][971]LogD3D11RHI: CleanupD3DDevice
[2018.11.21-01.19.27:220][971]LogD3D11RHI: ~FD3D11DynamicRHI
[2018.11.21-01.19.34:376][971]LogModuleManager: Shutting down and abandoning module HierarchicalLODOutliner (620)
[2018.11.21-01.19.34:376][971]LogModuleManager: Shutting down and abandoning module SceneOutliner (618)
[2018.11.21-01.19.34:376][971]LogModuleManager: Shutting down and abandoning module AddContentDialog (616)
[2018.11.21-01.19.34:740][971]LogModuleManager: Shutting down and abandoning module WidgetCarousel (615)
[2018.11.21-01.19.34:740][971]LogModuleManager: Shutting down and abandoning module EditorWidgets (612)
[2018.11.21-01.19.34:740][971]LogModuleManager: Shutting down and abandoning module CollectionManager (610)
[2018.11.21-01.19.34:941][971]LogModuleManager: Shutting down and abandoning module StatsViewer (608)
[2018.11.21-01.19.35:097][971]LogModuleManager: Shutting down and abandoning module FoliageEdit (606)
[2018.11.21-01.19.35:202][971]LogModuleManager: Shutting down and abandoning module LandscapeEditor (604)
[2018.11.21-01.19.35:640][971]LogModuleManager: Shutting down and abandoning module MeshPaintMode (602)
[2018.11.21-01.19.35:817][971]LogModuleManager: Shutting down and abandoning module SceneDepthPickerMode (600)
[2018.11.21-01.19.35:817][971]LogModuleManager: Shutting down and abandoning module ActorPickerMode (598)
[2018.11.21-01.19.35:817][971]LogModuleManager: Shutting down and abandoning module GeometryMode (596)
[2018.11.21-01.19.35:817][971]LogModuleManager: Shutting down and abandoning module TextureAlignMode (594)
[2018.11.21-01.19.35:817][971]LogModuleManager: Shutting down and abandoning module BspMode (592)
[2018.11.21-01.19.35:817][971]LogModuleManager: Shutting down and abandoning module PIEPreviewDeviceProfileSelector (590)
[2018.11.21-01.19.35:852][971]LogModuleManager: Shutting down and abandoning module SequenceRecorderSections (588)
[2018.11.21-01.19.35:898][971]LogModuleManager: Shutting down and abandoning module AutomationWorker (586)
[2018.11.21-01.19.35:898][971]LogModuleManager: Shutting down and abandoning module AudioCaptureEditor (584)
[2018.11.21-01.19.35:958][971]LogModuleManager: Shutting down and abandoning module SequenceRecorder (583)
[2018.11.21-01.19.35:974][971]LogModuleManager: Shutting down and abandoning module MatineeToLevelSequence (580)
[2018.11.21-01.19.36:039][971]LogModuleManager: Shutting down and abandoning module LevelSequenceEditor (578)
[2018.11.21-01.19.36:204][971]LogModuleManager: Shutting down and abandoning module PlacementMode (577)
[2018.11.21-01.19.36:204][971]LogModuleManager: Shutting down and abandoning module MaterialEditor (576)
[2018.11.21-01.19.36:204][971]LogModuleManager: Shutting down and abandoning module WmfMediaFactory (572)
[2018.11.21-01.19.36:204][971]LogModuleManager: Shutting down and abandoning module WmfMediaEditor (570)
[2018.11.21-01.19.36:204][971]LogModuleManager: Shutting down and abandoning module MediaPlayerEditor (568)
[2018.11.21-01.19.36:237][971]LogModuleManager: Shutting down and abandoning module OpenExrWrapper (566)
[2018.11.21-01.19.36:237][971]LogModuleManager: Shutting down and abandoning module ImgMediaFactory (564)
[2018.11.21-01.19.36:237][971]LogModuleManager: Shutting down and abandoning module ImgMediaEditor (562)
[2018.11.21-01.19.36:237][971]LogModuleManager: Shutting down and abandoning module AvfMediaFactory (560)
[2018.11.21-01.19.36:237][971]LogModuleManager: Shutting down and abandoning module AvfMediaEditor (558)
[2018.11.21-01.19.36:237][971]LogModuleManager: Shutting down and abandoning module AndroidMediaFactory (556)
[2018.11.21-01.19.36:237][971]LogModuleManager: Shutting down and abandoning module AndroidMediaEditor (554)
[2018.11.21-01.19.36:237][971]LogModuleManager: Shutting down and abandoning module MagicLeapCameraPreviewFactory (552)
[2018.11.21-01.19.36:237][971]LogModuleManager: Shutting down and abandoning module MagicLeapMediaFactory (550)
[2018.11.21-01.19.36:237][971]LogModuleManager: Shutting down and abandoning module MagicLeapMediaEditor (548)
[2018.11.21-01.19.36:237][971]LogModuleManager: Shutting down and abandoning module CharacterAI (546)
[2018.11.21-01.19.36:237][971]LogModuleManager: Shutting down and abandoning module SmartSnapping (544)
[2018.11.21-01.19.36:237][971]LogModuleManager: Shutting down and abandoning module SessionServices (542)
[2018.11.21-01.19.36:237][971]LogModuleManager: Shutting down and abandoning module ViewportSnapping (540)
[2018.11.21-01.19.36:237][971]LogModuleManager: Shutting down and abandoning module ViewportInteraction (538)
[2018.11.21-01.19.36:237][971]LogModuleManager: Shutting down and abandoning module ClothPainter (536)
[2018.11.21-01.19.36:358][971]LogModuleManager: Shutting down and abandoning module SkeletalMeshEditor (535)
[2018.11.21-01.19.36:423][971]LogModuleManager: Shutting down and abandoning module LogVisualizer (532)
[2018.11.21-01.19.36:499][971]LogModuleManager: Shutting down and abandoning module IntroTutorials (530)
[2018.11.21-01.19.36:573][971]LogModuleManager: Shutting down and abandoning module GameProjectGeneration (529)
[2018.11.21-01.19.36:593][971]LogModuleManager: Shutting down and abandoning module LuminPlatformEditor (526)
[2018.11.21-01.19.36:593][971]LogModuleManager: Shutting down and abandoning module IOSPlatformEditor (524)
[2018.11.21-01.19.36:629][971]LogModuleManager: Shutting down and abandoning module HTML5PlatformEditor (522)
[2018.11.21-01.19.36:629][971]LogModuleManager: Shutting down and abandoning module AndroidPlatformEditor (520)
[2018.11.21-01.19.36:629][971]LogModuleManager: Shutting down and abandoning module AndroidDeviceDetection (519)
[2018.11.21-01.19.37:425][971]LogModuleManager: Shutting down and abandoning module WindowsPlatformEditor (516)
[2018.11.21-01.19.37:425][971]LogModuleManager: Shutting down and abandoning module LuminRuntimeSettings (514)
[2018.11.21-01.19.37:425][971]LogModuleManager: Shutting down and abandoning module IOSRuntimeSettings (512)
[2018.11.21-01.19.37:425][971]LogModuleManager: Shutting down and abandoning module AndroidRuntimeSettings (510)
[2018.11.21-01.19.37:425][971]LogModuleManager: Shutting down and abandoning module InputBindingEditor (508)
[2018.11.21-01.19.37:473][971]LogModuleManager: Shutting down and abandoning module MergeActors (506)
[2018.11.21-01.19.37:587][971]LogModuleManager: Shutting down and abandoning module LocalizationDashboard (504)
[2018.11.21-01.19.37:621][971]LogModuleManager: Shutting down and abandoning module LocalizationService (503)
[2018.11.21-01.19.37:646][971]LogModuleManager: Shutting down and abandoning module HardwareTargeting (500)
[2018.11.21-01.19.37:646][971]LogModuleManager: Shutting down and abandoning module DeviceProfileEditor (498)
[2018.11.21-01.19.37:646][971]LogModuleManager: Shutting down and abandoning module UndoHistory (496)
[2018.11.21-01.19.37:665][971]LogModuleManager: Shutting down and abandoning module XmlParser (494)
[2018.11.21-01.19.37:665][971]LogModuleManager: Shutting down and abandoning module Blutility (492)
[2018.11.21-01.19.37:689][971]LogModuleManager: Shutting down and abandoning module ProjectSettingsViewer (490)
[2018.11.21-01.19.37:689][971]LogModuleManager: Shutting down and abandoning module ProjectTargetPlatformEditor (489)
[2018.11.21-01.19.37:689][971]LogModuleManager: Shutting down and abandoning module EditorSettingsViewer (486)
[2018.11.21-01.19.37:689][971]LogModuleManager: Shutting down and abandoning module SettingsEditor (484)
[2018.11.21-01.19.37:742][971]LogModuleManager: Shutting down and abandoning module ProjectLauncher (482)
[2018.11.21-01.19.37:787][971]LogModuleManager: Shutting down and abandoning module SessionFrontend (480)
[2018.11.21-01.19.37:805][971]LogModuleManager: Shutting down and abandoning module ProfilerClient (478)
[2018.11.21-01.19.37:834][971]LogModuleManager: Shutting down and abandoning module DeviceManager (476)
[2018.11.21-01.19.37:853][971]LogModuleManager: Shutting down and abandoning module TargetDeviceServices (475)
[2018.11.21-01.19.37:976][971]LogModuleManager: Shutting down and abandoning module AutomationController (472)
[2018.11.21-01.19.38:018][971]LogModuleManager: Shutting down and abandoning module AutomationWindow (470)
[2018.11.21-01.19.38:068][971]LogModuleManager: Shutting down and abandoning module Layers (468)
[2018.11.21-01.19.38:205][971]LogModuleManager: Shutting down and abandoning module ComponentVisualizers (466)
[2018.11.21-01.19.38:205][971]LogModuleManager: Shutting down and abandoning module DetailCustomizations (464)
[2018.11.21-01.19.38:346][971]LogModuleManager: Shutting down and abandoning module PackagesDialog (462)
[2018.11.21-01.19.38:346][971]LogModuleManager: Shutting down and abandoning module Persona (460)
[2018.11.21-01.19.38:400][971]LogModuleManager: Shutting down and abandoning module AdvancedPreviewScene (459)
[2018.11.21-01.19.38:400][971]LogModuleManager: Shutting down and abandoning module AnimGraph (457)
[2018.11.21-01.19.38:410][971]LogModuleManager: Shutting down and abandoning module Kismet (454)
[2018.11.21-01.19.38:539][971]LogModuleManager: Shutting down and abandoning module GraphEditor (452)
[2018.11.21-01.19.38:539][971]LogModuleManager: Shutting down and abandoning module ClassViewer (450)
[2018.11.21-01.19.38:539][971]LogModuleManager: Shutting down and abandoning module Toolbox (448)
[2018.11.21-01.19.38:539][971]LogModuleManager: Shutting down and abandoning module ModuleUI (446)
[2018.11.21-01.19.38:563][971]LogModuleManager: Shutting down and abandoning module MovieSceneTools (444)
[2018.11.21-01.19.38:597][971]LogModuleManager: Shutting down and abandoning module OutputLog (442)
[2018.11.21-01.19.38:597][971]LogModuleManager: Shutting down and abandoning module GammaUI (440)
[2018.11.21-01.19.38:617][971]LogModuleManager: Shutting down and abandoning module Documentation (438)
[2018.11.21-01.19.38:618][971]LogModuleManager: Shutting down and abandoning module MovieSceneTracks (436)
[2018.11.21-01.19.38:618][971]LogModuleManager: Shutting down and abandoning module MovieScene (434)
[2018.11.21-01.19.38:639][971]LogModuleManager: Shutting down and abandoning module StreamingPauseRendering (432)
[2018.11.21-01.19.38:672][971]LogModuleManager: Shutting down and abandoning module LauncherPlatform (430)
[2018.11.21-01.19.38:672][971]LogModuleManager: Shutting down and abandoning module AnalyticsET (428)
[2018.11.21-01.19.38:672][971]LogModuleManager: Shutting down and abandoning module PortalServices (426)
[2018.11.21-01.19.38:672][971]LogModuleManager: Shutting down and abandoning module PortalRpc (424)
[2018.11.21-01.19.38:672][971]LogModuleManager: Shutting down and abandoning module MessagingRpc (422)
[2018.11.21-01.19.38:672][971]LogModuleManager: Shutting down and abandoning module AIModule (420)
[2018.11.21-01.19.38:729][971]LogModuleManager: Shutting down and abandoning module GameplayDebugger (419)
[2018.11.21-01.19.38:731][971]LogModuleManager: Shutting down and abandoning module AITestSuite (417)
[2018.11.21-01.19.38:774][971]LogModuleManager: Shutting down and abandoning module NavigationSystem (415)
[2018.11.21-01.19.38:774][971]LogModuleManager: Shutting down and abandoning module DesktopPlatform (412)
[2018.11.21-01.19.38:774][971]LogModuleManager: Shutting down and abandoning module ProfilerService (410)
[2018.11.21-01.19.38:946][971]LogModuleManager: Shutting down and abandoning module TaskGraph (408)
[2018.11.21-01.19.38:980][971]LogModuleManager: Shutting down and abandoning module SubstanceLiveLink (406)
[2018.11.21-01.19.39:016][971]LogModuleManager: Shutting down and abandoning module SubstanceSource (404)
[2018.11.21-01.19.39:085][971]LogModuleManager: Shutting down and abandoning module SubstanceEditor (402)
[2018.11.21-01.19.39:146][971]LogModuleManager: Shutting down and abandoning module SteamVRController (400)
[2018.11.21-01.19.39:147][971]LogModuleManager: Shutting down and abandoning module ProceduralMeshComponentEditor (398)
[2018.11.21-01.19.39:147][971]LogModuleManager: Shutting down and abandoning module ProceduralMeshComponent (396)
[2018.11.21-01.19.39:183][971]LogModuleManager: Shutting down and abandoning module OculusInput (394)
[2018.11.21-01.19.39:183][971]LogModuleManager: Shutting down and abandoning module MobilePatchingUtils (392)
[2018.11.21-01.19.39:183][971]LogModuleManager: Shutting down and abandoning module EditableMesh (390)
[2018.11.21-01.19.39:198][971]LogModuleManager: Shutting down and abandoning module CustomMeshComponent (388)
[2018.11.21-01.19.39:198][971]LogModuleManager: Shutting down and abandoning module CableComponent (386)
[2018.11.21-01.19.39:198][971]LogModuleManager: Shutting down and abandoning module AudioCapture (384)
[2018.11.21-01.19.39:198][971]LogModuleManager: Shutting down and abandoning module ArchVisCharacter (382)
[2018.11.21-01.19.39:198][971]LogModuleManager: Shutting down and abandoning module AndroidPermission (380)
[2018.11.21-01.19.39:198][971]LogModuleManager: Shutting down and abandoning module NUTUnrealEngine4 (378)
[2018.11.21-01.19.39:198][971]LogModuleManager: Shutting down and abandoning module NetcodeUnitTest (376)
[2018.11.21-01.19.39:272][971]LogModuleManager: Shutting down and abandoning module MediaCompositingEditor (374)
[2018.11.21-01.19.39:272][971]LogModuleManager: Shutting down and abandoning module MediaCompositing (372)
[2018.11.21-01.19.39:272][971]LogModuleManager: Shutting down and abandoning module LinearTimecode (370)
[2018.11.21-01.19.39:272][971]LogModuleManager: Shutting down and abandoning module ImgMedia (368)
[2018.11.21-01.19.39:292][971]LogModuleManager: Shutting down and abandoning module RawInput (366)
[2018.11.21-01.19.39:292][971]LogModuleManager: Shutting down and abandoning module HTML5Networking (364)
[2018.11.21-01.19.39:292][971]LogModuleManager: Shutting down and abandoning module GeometryCacheTracks (362)
[2018.11.21-01.19.39:292][971]LogModuleManager: Shutting down and abandoning module GeometryCacheSequencer (360)
[2018.11.21-01.19.39:292][971]LogModuleManager: Shutting down and abandoning module BackChannel (358)
[2018.11.21-01.19.39:305][971]LogModuleManager: Shutting down and abandoning module AppleVision (356)
[2018.11.21-01.19.39:305][971]LogModuleManager: Shutting down and abandoning module AppleImageUtils (354)
[2018.11.21-01.19.39:305][971]LogModuleManager: Shutting down and abandoning module AlembicImporter (352)
[2018.11.21-01.19.39:305][971]LogModuleManager: Shutting down and abandoning module AlembicLibrary (351)
[2018.11.21-01.19.39:305][971]LogModuleManager: Shutting down and abandoning module GeometryCache (350)
[2018.11.21-01.19.39:305][971]LogModuleManager: Shutting down and abandoning module GeometryCacheEd (349)
[2018.11.21-01.19.39:305][971]LogModuleManager: Shutting down and abandoning module DatasmithContentEditor (344)
[2018.11.21-01.19.39:354][971]LogModuleManager: Shutting down and abandoning module DatasmithContent (342)
[2018.11.21-01.19.39:355][971]LogModuleManager: Shutting down and abandoning module SpeedTreeImporter (340)
[2018.11.21-01.19.39:355][971]LogModuleManager: Shutting down and abandoning module PluginBrowser (338)
[2018.11.21-01.19.39:458][971]LogModuleManager: Shutting down and abandoning module MobileLauncherProfileWizard (336)
[2018.11.21-01.19.39:465][971]LogModuleManager: Shutting down and abandoning module PolygonModeling (334)
[2018.11.21-01.19.39:465][971]LogModuleManager: Shutting down and abandoning module MeshEditor (332)
[2018.11.21-01.19.39:474][971]LogModuleManager: Shutting down and abandoning module CryptoKeysOpenSSL (330)
[2018.11.21-01.19.39:483][971]LogModuleManager: Shutting down and abandoning module CryptoKeys (328)
[2018.11.21-01.19.39:483][971]LogModuleManager: Shutting down and abandoning module VisualStudioSourceCodeAccess (326)
[2018.11.21-01.19.39:483][971]LogModuleManager: Shutting down and abandoning module VisualStudioCodeSourceCodeAccess (324)
[2018.11.21-01.19.39:483][971]LogModuleManager: Shutting down and abandoning module UObjectPlugin (322)
[2018.11.21-01.19.39:483][971]LogModuleManager: Shutting down and abandoning module SubversionSourceControl (320)
[2018.11.21-01.19.39:492][971]LogModuleManager: Shutting down and abandoning module PerforceSourceControl (318)
[2018.11.21-01.19.39:583][971]LogModuleManager: Shutting down and abandoning module GitSourceControl (316)
[2018.11.21-01.19.39:640][971]LogModuleManager: Shutting down and abandoning module SourceControl (315)
[2018.11.21-01.19.39:663][971]LogModuleManager: Shutting down and abandoning module CLionSourceCodeAccess (312)
[2018.11.21-01.19.39:663][971]LogModuleManager: Shutting down and abandoning module LightPropagationVolumeEditor (310)
[2018.11.21-01.19.39:663][971]LogModuleManager: Shutting down and abandoning module PaperTiledImporter (308)
[2018.11.21-01.19.39:663][971]LogModuleManager: Shutting down and abandoning module PaperSpriteSheetImporter (306)
[2018.11.21-01.19.39:663][971]LogModuleManager: Shutting down and abandoning module Paper2DEditor (304)
[2018.11.21-01.19.39:749][971]LogModuleManager: Shutting down and abandoning module MeshPaint (303)
[2018.11.21-01.19.39:775][971]LogModuleManager: Shutting down and abandoning module RuntimePhysXCooking (300)
[2018.11.21-01.19.39:775][971]LogModuleManager: Shutting down and abandoning module PhysXVehiclesEditor (298)
[2018.11.21-01.19.39:775][971]LogModuleManager: Shutting down and abandoning module PhysXVehicles (296)
[2018.11.21-01.19.39:775][971]LogModuleManager: Shutting down and abandoning module OculusEditor (294)
[2018.11.21-01.19.39:808][971]LogModuleManager: Shutting down and abandoning module LocationServicesBPLibrary (292)
[2018.11.21-01.19.39:808][971]LogModuleManager: Shutting down and abandoning module ImmediatePhysicsEditor (290)
[2018.11.21-01.19.39:808][971]LogModuleManager: Shutting down and abandoning module ImmediatePhysics (288)
[2018.11.21-01.19.39:824][971]LogModuleManager: Shutting down and abandoning module ActorSequence (286)
[2018.11.21-01.19.39:824][971]LogModuleManager: Shutting down and abandoning module UdpMessaging (284)
[2018.11.21-01.19.39:925][971]LogModuleManager: Shutting down and abandoning module TcpMessaging (282)
[2018.11.21-01.19.40:053][971]LogModuleManager: Shutting down and abandoning module SubstanceCore (280)
[2018.11.21-01.19.40:088][971]LogModuleManager: Shutting down and abandoning module MagicLeapAudio (278)
[2018.11.21-01.19.40:088][971]LogModuleManager: Shutting down and abandoning module GameplayTagsEditor (276)
[2018.11.21-01.19.40:128][971]LogModuleManager: Shutting down and abandoning module FacialAnimationEditor (274)
[2018.11.21-01.19.40:128][971]LogModuleManager: Shutting down and abandoning module FacialAnimation (272)
[2018.11.21-01.19.40:128][971]LogModuleManager: Shutting down and abandoning module DataValidation (270)
[2018.11.21-01.19.40:153][971]LogModuleManager: Shutting down and abandoning module AssetManagerEditor (268)
[2018.11.21-01.19.40:169][971]LogModuleManager: Shutting down and abandoning module LevelEditor (267)
[2018.11.21-01.19.40:210][971]LogModuleManager: Shutting down and abandoning module PixelInspectorModule (266)
[2018.11.21-01.19.40:241][971]LogModuleManager: Shutting down and abandoning module CommonMenuExtensions (264)
[2018.11.21-01.19.40:241][971]LogModuleManager: Shutting down and abandoning module MainFrame (262)
[2018.11.21-01.19.40:283][971]LogModuleManager: Shutting down and abandoning module HotReload (261)
[2018.11.21-01.19.40:319][971]LogModuleManager: Shutting down and abandoning module ContentBrowser (257)
[2018.11.21-01.19.40:320][971]LogModuleManager: Shutting down and abandoning module TreeMap (255)
[2018.11.21-01.19.40:348][971]LogModuleManager: Shutting down and abandoning module LightPropagationVolumeRuntime (252)
[2018.11.21-01.19.40:349][971]LogModuleManager: Shutting down and abandoning module AISupportModule (250)
[2018.11.21-01.19.40:349][971]LogModuleManager: Shutting down and abandoning module Paper2D (248)
[2018.11.21-01.19.40:383][971]LogModuleManager: Shutting down and abandoning module WindowsMoviePlayer (246)
[2018.11.21-01.19.40:412][971]LogModuleManager: Shutting down and abandoning module WmfMedia (244)
[2018.11.21-01.19.40:422][971]LogModuleManager: Shutting down and abandoning module Media (243)
[2018.11.21-01.19.40:430][971]LogModuleManager: Shutting down and abandoning module PacketHandler (240)
[2018.11.21-01.19.40:430][971]LogModuleManager: Shutting down and abandoning module ClothingSystemEditor (238)
[2018.11.21-01.19.40:430][971]LogModuleManager: Shutting down and abandoning module ClothingSystemRuntime (236)
[2018.11.21-01.19.40:457][971]LogModuleManager: Shutting down and abandoning module MediaAssets (234)
[2018.11.21-01.19.40:457][971]LogModuleManager: Shutting down and abandoning module Overlay (232)
[2018.11.21-01.19.40:457][971]LogModuleManager: Shutting down and abandoning module OverlayEditor (231)
[2018.11.21-01.19.40:457][971]LogModuleManager: Shutting down and abandoning module VREditor (228)
[2018.11.21-01.19.40:471][971]LogModuleManager: Shutting down and abandoning module StringTableEditor (226)
[2018.11.21-01.19.40:492][971]LogModuleManager: Shutting down and abandoning module GameplayTasksEditor (224)
[2018.11.21-01.19.40:492][971]LogModuleManager: Shutting down and abandoning module BehaviorTreeEditor (222)
[2018.11.21-01.19.40:593][971]LogModuleManager: Shutting down and abandoning module FunctionalTesting (220)
[2018.11.21-01.19.40:636][971]LogModuleManager: Shutting down and abandoning module CollisionAnalyzer (218)
[2018.11.21-01.19.40:645][971]LogModuleManager: Shutting down and abandoning module WorkspaceMenuStructure (217)
[2018.11.21-01.19.40:645][971]LogModuleManager: Shutting down and abandoning module UMG (214)
[2018.11.21-01.19.40:679][971]LogModuleManager: Shutting down and abandoning module UMGEditor (213)
[2018.11.21-01.19.40:725][971]LogModuleManager: Shutting down and abandoning module Sequencer (212)
[2018.11.21-01.19.40:800][971]LogModuleManager: Shutting down and abandoning module MessageLog (209)
[2018.11.21-01.19.40:800][971]LogModuleManager: Shutting down and abandoning module SlateReflector (204)
[2018.11.21-01.19.41:000][971]LogModuleManager: Shutting down and abandoning module Slate (202)
[2018.11.21-01.19.41:000][971]LogModuleManager: Shutting down and abandoning module EditorStyle (200)
[2018.11.21-01.19.41:037][971]LogModuleManager: Shutting down and abandoning module MRMesh (198)
[2018.11.21-01.19.41:070][971]LogModuleManager: Shutting down and abandoning module SourceCodeAccess (196)
[2018.11.21-01.19.41:070][971]LogModuleManager: Shutting down and abandoning module HeadMountedDisplay (194)
[2018.11.21-01.19.41:070][971]LogModuleManager: Shutting down and abandoning module XAudio2 (192)
[2018.11.21-01.19.41:070][971]LogModuleManager: Shutting down and abandoning module Networking (190)
[2018.11.21-01.19.41:070][971]LogModuleManager: Shutting down and abandoning module Core (188)
[2018.11.21-01.19.41:070][971]LogModuleManager: Shutting down and abandoning module LevelSequence (186)
[2018.11.21-01.19.41:070][971]LogModuleManager: Shutting down and abandoning module KismetCompiler (184)
[2018.11.21-01.19.41:070][971]LogModuleManager: Shutting down and abandoning module MeshUtilities (182)
[2018.11.21-01.19.41:133][971]LogModuleManager: Shutting down and abandoning module MeshMergeUtilities (181)
[2018.11.21-01.19.41:142][971]LogModuleManager: Shutting down and abandoning module MeshReductionInterface (180)
[2018.11.21-01.19.41:142][971]LogModuleManager: Shutting down and abandoning module SimplygonSwarm (179)
[2018.11.21-01.19.41:171][971]LogModuleManager: Shutting down and abandoning module ProxyLODMeshReduction (177)
[2018.11.21-01.19.41:207][971]LogModuleManager: Shutting down and abandoning module SimplygonMeshReduction (175)
[2018.11.21-01.19.41:207][971]LogModuleManager: Shutting down and abandoning module QuadricMeshReduction (173)
[2018.11.21-01.19.41:261][971]LogModuleManager: Shutting down and abandoning module MaterialBaking (169)
[2018.11.21-01.19.41:279][971]LogModuleManager: Shutting down and abandoning module DirectoryWatcher (165)
[2018.11.21-01.19.41:279][971]LogModuleManager: Shutting down and abandoning module DerivedDataCache (162)
[2018.11.21-01.19.41:360][971]LogDerivedDataCache: Shutdown
[2018.11.21-01.19.41:360][971]LogModuleManager: Shutting down and abandoning module XGEController (160)
[2018.11.21-01.19.41:360][971]LogXGEController: Cleaning working directory: C:/Users/Aaron/AppData/Local/Temp/UnrealXGEWorkingDir/
[2018.11.21-01.19.41:386][971]LogModuleManager: Shutting down and abandoning module TargetPlatform (158)
[2018.11.21-01.19.41:386][971]LogModuleManager: Shutting down and abandoning module VulkanShaderFormat (157)
[2018.11.21-01.19.41:398][971]LogModuleManager: Shutting down and abandoning module ShaderFormatVectorVM (155)
[2018.11.21-01.19.41:430][971]LogModuleManager: Shutting down and abandoning module ShaderFormatOpenGL (153)
[2018.11.21-01.19.41:466][971]LogModuleManager: Shutting down and abandoning module ShaderFormatD3D (151)
[2018.11.21-01.19.41:466][971]LogModuleManager: Shutting down and abandoning module MetalShaderFormat (149)
[2018.11.21-01.19.41:481][971]LogModuleManager: Shutting down and abandoning module TextureFormatUncompressed (147)
[2018.11.21-01.19.41:481][971]LogModuleManager: Shutting down and abandoning module TextureFormatPVR (145)
[2018.11.21-01.19.41:481][971]LogModuleManager: Shutting down and abandoning module TextureFormatDXT (143)
[2018.11.21-01.19.41:500][971]LogModuleManager: Shutting down and abandoning module TextureFormatIntelISPCTexComp (141)
[2018.11.21-01.19.41:536][971]LogModuleManager: Shutting down and abandoning module TextureFormatASTC (139)
[2018.11.21-01.19.41:536][971]LogModuleManager: Shutting down and abandoning module ImageWrapper (138)
[2018.11.21-01.19.41:536][971]LogModuleManager: Shutting down and abandoning module TextureFormatAndroid (135)
[2018.11.21-01.19.41:536][971]LogModuleManager: Shutting down and abandoning module AudioFormatOpus (133)
[2018.11.21-01.19.41:536][971]LogModuleManager: Shutting down and abandoning module AudioFormatOgg (131)
[2018.11.21-01.19.41:536][971]LogModuleManager: Shutting down and abandoning module AudioFormatADPCM (129)
[2018.11.21-01.19.41:536][971]LogModuleManager: Shutting down and abandoning module LuminTargetPlatform (127)
[2018.11.21-01.19.41:536][971]LogModuleManager: Shutting down and abandoning module LinuxTargetPlatform (125)
[2018.11.21-01.19.41:536][971]LogModuleManager: Shutting down and abandoning module LinuxServerTargetPlatform (123)
[2018.11.21-01.19.41:536][971]LogModuleManager: Shutting down and abandoning module LinuxNoEditorTargetPlatform (121)
[2018.11.21-01.19.41:555][971]LogModuleManager: Shutting down and abandoning module LinuxClientTargetPlatform (119)
[2018.11.21-01.19.41:559][971]LogModuleManager: Shutting down and abandoning module TVOSTargetPlatform (117)
[2018.11.21-01.19.41:560][971]LogModuleManager: Shutting down and abandoning module Messaging (115)
[2018.11.21-01.19.41:560][971]LogModuleManager: Shutting down and abandoning module IOSTargetPlatform (113)
[2018.11.21-01.19.41:561][971]LogModuleManager: Shutting down and abandoning module HTML5TargetPlatform (111)
[2018.11.21-01.19.41:561][971]LogModuleManager: Shutting down and abandoning module AndroidTargetPlatform (109)
[2018.11.21-01.19.41:593][971]LogModuleManager: Shutting down and abandoning module WindowsTargetPlatform (107)
[2018.11.21-01.19.41:593][971]LogModuleManager: Shutting down and abandoning module WindowsServerTargetPlatform (105)
[2018.11.21-01.19.41:593][971]LogModuleManager: Shutting down and abandoning module WindowsNoEditorTargetPlatform (103)
[2018.11.21-01.19.41:594][971]LogModuleManager: Shutting down and abandoning module WindowsClientTargetPlatform (101)
[2018.11.21-01.19.41:594][971]LogModuleManager: Shutting down and abandoning module MacTargetPlatform (99)
[2018.11.21-01.19.41:594][971]LogModuleManager: Shutting down and abandoning module MacServerTargetPlatform (97)
[2018.11.21-01.19.41:594][971]LogModuleManager: Shutting down and abandoning module MacNoEditorTargetPlatform (95)
[2018.11.21-01.19.41:594][971]LogModuleManager: Shutting down and abandoning module MacClientTargetPlatform (93)
[2018.11.21-01.19.41:594][971]LogModuleManager: Shutting down and abandoning module AllDesktopTargetPlatform (91)
[2018.11.21-01.19.41:594][971]LogModuleManager: Shutting down and abandoning module InputCore (88)
[2018.11.21-01.19.41:594][971]LogModuleManager: Shutting down and abandoning module Settings (86)
[2018.11.21-01.19.41:594][971]LogModuleManager: Shutting down and abandoning module PhysXCooking (84)
[2018.11.21-01.19.41:594][971]LogModuleManager: Shutting down and abandoning module SteamVR (82)
[2018.11.21-01.19.41:594][971]LogModuleManager: Shutting down and abandoning module OculusHMD (80)
[2018.11.21-01.19.41:607][971]LogModuleManager: Shutting down and abandoning module ExampleDeviceProfileSelector (78)
[2018.11.21-01.19.41:608][971]LogModuleManager: Shutting down and abandoning module LauncherChunkInstaller (76)
[2018.11.21-01.19.41:608][971]LogModuleManager: Shutting down and abandoning module OnlineBlueprintSupport (74)
[2018.11.21-01.19.41:608][971]LogModuleManager: Shutting down and abandoning module OnlineSubsystem (70)
[2018.11.21-01.19.41:662][971]LogModuleManager: Shutting down and abandoning module XMPP (65)
[2018.11.21-01.19.41:705][971]LogModuleManager: Shutting down and abandoning module WebSockets (64)
[2018.11.21-01.19.41:808][971]LogModuleManager: Shutting down and abandoning module HTTP (61)
[2018.11.21-01.19.41:838][971]LogHttp: Display: Http module shutting down, but needs to wait on 1 outstanding Http requests:
[2018.11.21-01.19.41:838][971]LogHttp: Display: 	verb=[POST] url=[https://datarouter.ol.epicgames.com/datarouter/api/v1/public/data?SessionID=%7B5E6479C3-41F3-8B6A-760A-40B05453498D%7D&AppID=UEEditor.Rocket.Release&AppVersion=4.20.3-4369336%2B%2B%2BUE4%2BRelease-4.20&UserID=19ce02b0490446c659087082ae621d38%7C777cde3e0edb44adb6d06f0781303e18%7Cd025f528-6966-4c04-9956-9fdc93c1bd43&AppEnvironment=datacollector-binary&UploadType=eteventstream] status=Processing
[2018.11.21-01.19.41:855][971]LogModuleManager: Shutting down and abandoning module SSL (60)
[2018.11.21-01.19.41:885][971]LogModuleManager: Shutting down and abandoning module MagicLeapEmulator (56)
[2018.11.21-01.19.41:885][971]LogModuleManager: Shutting down and abandoning module MagicLeapPrivileges (54)
[2018.11.21-01.19.41:885][971]LogModuleManager: Shutting down and abandoning module MagicLeapIdentity (52)
[2018.11.21-01.19.41:885][971]LogModuleManager: Shutting down and abandoning module MagicLeapHelperVulkan (50)
[2018.11.21-01.19.41:885][971]LogModuleManager: Shutting down and abandoning module MagicLeapHelperOpenGL (48)
[2018.11.21-01.19.41:885][971]LogModuleManager: Shutting down and abandoning module MagicLeapSecureStorage (46)
[2018.11.21-01.19.41:885][971]LogModuleManager: Shutting down and abandoning module MagicLeapGestures (44)
[2018.11.21-01.19.41:885][971]LogModuleManager: Shutting down and abandoning module MagicLeapEyeTracker (42)
[2018.11.21-01.19.41:885][971]LogModuleManager: Shutting down and abandoning module MagicLeapController (40)
[2018.11.21-01.19.41:885][971]LogSlate: Slate User Destroyed.  User Index 0, Is Virtual User: 0
[2018.11.21-01.19.41:886][971]LogModuleManager: Shutting down and abandoning module MagicLeap (38)
[2018.11.21-01.19.41:924][971]LogModuleManager: Shutting down and abandoning module AnimationModifiers (36)
[2018.11.21-01.19.41:964][971]LogModuleManager: Shutting down and abandoning module PropertyEditor (35)
[2018.11.21-01.19.41:964][971]LogModuleManager: Shutting down and abandoning module AudioEditor (32)
[2018.11.21-01.19.42:039][971]LogModuleManager: Shutting down and abandoning module TextureCompressor (30)
[2018.11.21-01.19.42:070][971]LogModuleManager: Shutting down and abandoning module ShaderCore (28)
[2018.11.21-01.19.42:070][971]LogModuleManager: Shutting down and abandoning module Landscape (26)
[2018.11.21-01.19.42:070][971]LogModuleManager: Shutting down and abandoning module SlateRHIRenderer (24)
[2018.11.21-01.19.42:108][971]LogModuleManager: Shutting down and abandoning module OpenGLDrv (22)
[2018.11.21-01.19.42:119][971]LogModuleManager: Shutting down and abandoning module D3D11RHI (20)
[2018.11.21-01.19.42:119][971]LogModuleManager: Shutting down and abandoning module AnimGraphRuntime (18)
[2018.11.21-01.19.42:119][971]LogModuleManager: Shutting down and abandoning module Renderer (16)
[2018.11.21-01.19.42:119][971]LogModuleManager: Shutting down and abandoning module Engine (14)
[2018.11.21-01.19.42:119][971]LogModuleManager: Shutting down and abandoning module CoreUObject (12)
[2018.11.21-01.19.42:119][971]LogModuleManager: Shutting down and abandoning module NetworkFile (10)
[2018.11.21-01.19.42:148][971]LogModuleManager: Shutting down and abandoning module CookedIterativeFile (8)
[2018.11.21-01.19.42:148][971]LogModuleManager: Shutting down and abandoning module StreamingFile (6)
[2018.11.21-01.19.42:163][971]LogModuleManager: Shutting down and abandoning module SandboxFile (4)
[2018.11.21-01.19.42:163][971]LogModuleManager: Shutting down and abandoning module PakFile (2)
[2018.11.21-01.19.42:216][971]LogExit: Exiting.
[2018.11.21-01.19.42:249][971]Log file closed, 11/20/18 20:19:42
