Log file open, 12/10/18 03:09:35
LogWindows: Failed to load 'aqProf.dll' (GetLastError=126)
LogWindows: File 'aqProf.dll' does not exist
LogWindows: Failed to load 'VSPerf140.dll' (GetLastError=126)
LogWindows: File 'VSPerf140.dll' does not exist
LogWindows: Failed to load 'VtuneApi.dll' (GetLastError=126)
LogWindows: File 'VtuneApi.dll' does not exist
LogWindows: Failed to load 'VtuneApi32e.dll' (GetLastError=126)
LogWindows: File 'VtuneApi32e.dll' does not exist
LogInit: Display: Running engine for game: okay
LogPlatformFile: Not using cached read wrapper
LogTaskGraph: Started task graph with 5 named threads and 23 total threads with 3 sets of task threads.
LogStats: Stats thread started at 0.271511
LogD3D11RHI: Loaded GFSDK_Aftermath_Lib.x64.dll
LogICUInternationalization: Display: ICU TimeZone Detection - Raw Offset: -5:00, Platform Override: ''
LogPluginManager: Mounting plugin Paper2D
LogPluginManager: Mounting plugin AISupport
LogPluginManager: Mounting plugin LightPropagationVolume
LogPluginManager: Mounting plugin CLionSourceCodeAccess
LogPluginManager: Mounting plugin CodeLiteSourceCodeAccess
LogPluginManager: Mounting plugin GitSourceControl
LogPluginManager: Mounting plugin KDevelopSourceCodeAccess
LogPluginManager: Mounting plugin NullSourceCodeAccess
LogPluginManager: Mounting plugin PerforceSourceControl
LogPluginManager: Mounting plugin SubversionSourceControl
LogPluginManager: Mounting plugin UObjectPlugin
LogPluginManager: Mounting plugin VisualStudioCodeSourceCodeAccess
LogPluginManager: Mounting plugin VisualStudioSourceCodeAccess
LogPluginManager: Mounting plugin XCodeSourceCodeAccess
LogPluginManager: Mounting plugin AssetManagerEditor
LogPluginManager: Mounting plugin CryptoKeys
LogPluginManager: Mounting plugin DataValidation
LogPluginManager: Mounting plugin FacialAnimation
LogPluginManager: Mounting plugin GameplayTagsEditor
LogPluginManager: Mounting plugin MacGraphicsSwitching
LogPluginManager: Mounting plugin MeshEditor
LogPluginManager: Mounting plugin MobileLauncherProfileWizard
LogPluginManager: Mounting plugin PluginBrowser
LogPluginManager: Mounting plugin SpeedTreeImporter
LogPluginManager: Mounting plugin DatasmithContent
LogPluginManager: Mounting plugin AlembicImporter
LogPluginManager: Mounting plugin AppleImageUtils
LogPluginManager: Mounting plugin AppleVision
LogPluginManager: Mounting plugin BackChannel
LogPluginManager: Mounting plugin CharacterAI
LogPluginManager: Mounting plugin GeometryCache
LogPluginManager: Mounting plugin HTML5Networking
LogPluginManager: Mounting plugin ProxyLODPlugin
LogPluginManager: Mounting plugin RawInput
LogPluginManager: Mounting plugin MagicLeap
LogPluginManager: Mounting plugin MagicLeapEmulator
LogPluginManager: Mounting plugin MagicLeapMedia
LogPluginManager: Mounting plugin AndroidMedia
LogPluginManager: Mounting plugin AvfMedia
LogPluginManager: Mounting plugin ImgMedia
LogPluginManager: Mounting plugin LinearTimecode
LogPluginManager: Mounting plugin MediaCompositing
LogPluginManager: Mounting plugin MediaPlayerEditor
LogPluginManager: Mounting plugin WmfMedia
LogPluginManager: Mounting plugin TcpMessaging
LogPluginManager: Mounting plugin UdpMessaging
LogPluginManager: Mounting plugin ActorSequence
LogPluginManager: Mounting plugin LevelSequenceEditor
LogPluginManager: Mounting plugin MatineeToLevelSequence
LogPluginManager: Mounting plugin NetcodeUnitTest
LogPluginManager: Mounting plugin NUTUnrealEngine4
LogPluginManager: Mounting plugin OnlineSubsystemGooglePlay
LogPluginManager: Mounting plugin OnlineSubsystemIOS
LogPluginManager: Mounting plugin OnlineSubsystem
LogPluginManager: Mounting plugin OnlineSubsystemNull
LogPluginManager: Mounting plugin OnlineSubsystemUtils
LogPluginManager: Mounting plugin LauncherChunkInstaller
LogPluginManager: Mounting plugin AndroidDeviceProfileSelector
LogPluginManager: Mounting plugin AndroidMoviePlayer
LogPluginManager: Mounting plugin AndroidPermission
LogPluginManager: Mounting plugin AppleMoviePlayer
LogPluginManager: Mounting plugin ArchVisCharacter
LogPluginManager: Mounting plugin AudioCapture
LogPluginManager: Mounting plugin CableComponent
LogPluginManager: Mounting plugin CustomMeshComponent
LogPluginManager: Mounting plugin EditableMesh
LogPluginManager: Mounting plugin ExampleDeviceProfileSelector
LogPluginManager: Mounting plugin GoogleCloudMessaging
LogPluginManager: Mounting plugin ImmediatePhysics
LogPluginManager: Mounting plugin IOSDeviceProfileSelector
LogPluginManager: Mounting plugin LinuxDeviceProfileSelector
LogPluginManager: Mounting plugin LocationServicesBPLibrary
LogPluginManager: Mounting plugin MobilePatchingUtils
LogPluginManager: Mounting plugin OculusVR
LogPluginManager: Plugin shader directory ../../../Engine/Plugins/Runtime/Oculus/OculusVR/Shaders found
LogPluginManager: Mapping shader source directory ../../../Engine/Plugins/Runtime/Oculus/OculusVR/Shaders to virtual directory /Plugin/OculusVR
LogPluginManager: Mounting plugin PhysXVehicles
LogPluginManager: Mounting plugin ProceduralMeshComponent
LogPluginManager: Mounting plugin RuntimePhysXCooking
LogPluginManager: Mounting plugin SteamVR
LogPluginManager: Mounting plugin WindowsMoviePlayer
LogStreaming: Display: Took  0.116s to configure plugins.
LogInit: Using libcurl 7.55.1-DEV
LogInit:  - built for x86_64-pc-win32
LogInit:  - supports SSL with OpenSSL/1.0.2h
LogInit:  - supports HTTP deflate (compression) using libz 1.2.8
LogInit:  - other features:
LogInit:      CURL_VERSION_SSL
LogInit:      CURL_VERSION_LIBZ
LogInit:      CURL_VERSION_IPV6
LogInit:      CURL_VERSION_ASYNCHDNS
LogInit:      CURL_VERSION_LARGEFILE
LogInit:      CURL_VERSION_IDN
LogInit:  CurlRequestOptions (configurable via config and command line):
LogInit:  - bVerifyPeer = false  - Libcurl will NOT verify peer certificate
LogInit:  - bUseHttpProxy = false  - Libcurl will NOT use HTTP proxy
LogInit:  - bDontReuseConnections = false  - Libcurl will reuse connections
LogInit:  - CertBundlePath = nullptr  - Libcurl will use whatever was configured at build time.
LogInit:  - MaxHostConnections = 16  - Libcurl will limit the number of connections to a host
LogInit:  - LocalHostAddr = Default
LogInit:  - BufferSize = 65536
LogInit: WinSock: version 1.1 (2.2), MaxSocks=32767, MaxUdp=65467
LogInit: Build: ++UE4+Release-4.20-CL-4369336
LogInit: Engine Version: 4.20.3-4369336+++UE4+Release-4.20
LogInit: Compatible Engine Version: 4.20.0-4212847+++UE4+Release-4.20
LogInit: Net CL: 4212847
LogInit: OS: Windows 10 (), CPU: Intel(R) Core(TM) i7-6700 CPU @ 3.40GHz, GPU: NVIDIA GeForce GTX 970
LogInit: Compiled (64-bit): Sep 17 2018 12:26:19
LogInit: Compiled with Visual C++: 19.13.26129.00
LogInit: Build Configuration: Development
LogInit: Branch Name: ++UE4+Release-4.20
LogInit: Command Line: 
LogInit: Base Directory: D:/UE_4.20/Engine/Binaries/Win64/
LogInit: Installed Engine Build: 1
LogDevObjectVersion: Number of dev versions registered: 20
LogDevObjectVersion:   Dev-Blueprints (B0D832E4-1F89-4F0D-ACCF-7EB736FD4AA2): 10
LogDevObjectVersion:   Dev-Build (E1C64328-A22C-4D53-A36C-8E866417BD8C): 0
LogDevObjectVersion:   Dev-Core (375EC13C-06E4-48FB-B500-84F0262A717E): 2
LogDevObjectVersion:   Dev-Editor (E4B068ED-F494-42E9-A231-DA0B2E46BB41): 24
LogDevObjectVersion:   Dev-Framework (CFFC743F-43B0-4480-9391-14DF171D2073): 34
LogDevObjectVersion:   Dev-Mobile (B02B49B5-BB20-44E9-A304-32B752E40360): 2
LogDevObjectVersion:   Dev-Networking (A4E4105C-59A1-49B5-A7C5-40C4547EDFEE): 0
LogDevObjectVersion:   Dev-Online (39C831C9-5AE6-47DC-9A44-9C173E1C8E7C): 0
LogDevObjectVersion:   Dev-Physics (78F01B33-EBEA-4F98-B9B4-84EACCB95AA2): 0
LogDevObjectVersion:   Dev-Platform (6631380F-2D4D-43E0-8009-CF276956A95A): 0
LogDevObjectVersion:   Dev-Rendering (12F88B9F-8875-4AFC-A67C-D90C383ABD29): 26
LogDevObjectVersion:   Dev-Sequencer (7B5AE74C-D270-4C10-A958-57980B212A5A): 9
LogDevObjectVersion:   Dev-VR (D7296918-1DD6-4BDD-9DE2-64A83CC13884): 2
LogDevObjectVersion:   Dev-LoadTimes (C2A15278-BFE7-4AFE-6C17-90FF531DF755): 1
LogDevObjectVersion:   Private-Geometry (6EACA3D4-40EC-4CC1-B786-8BED09428FC5): 3
LogDevObjectVersion:   Dev-AnimPhys (29E575DD-E0A3-4627-9D10-D276232CDCEA): 17
LogDevObjectVersion:   Dev-ReflectionCapture (6B266CEC-1EC7-4B8F-A30B-E4D90942FC07): 1
LogDevObjectVersion:   Dev-Automation (0DF73D61-A23F-47EA-B727-89E90C41499A): 1
LogDevObjectVersion:   FortniteMain (601D1886-AC64-4F84-AA16-D3DE0DEAC7D6): 12
LogDevObjectVersion:   Dev-Enterprise (9DFFBCD6-494F-0158-E221-12823C92A888): 1
LogStreaming: Display: Took  0.001s to delete old logs.
LogInit: Presizing for max 8388607 objects, including 0 objects not considered by GC, pre-allocating 0 bytes for permanent pool.
LogInit: Object subsystem initialized
[2018.12.10-08.09.36:256][  0]LogInit: Selected Device Profile: [Windows]
[2018.12.10-08.09.36:256][  0]LogInit: Applying CVar settings loaded from the selected device profile: [Windows]
[2018.12.10-08.09.36:266][  0]LogHAL: Display: Platform has ~ 16 GB [17105747968 / 17179869184 / 16], which maps to Larger [LargestMinGB=32, LargerMinGB=12, DefaultMinGB=8, SmallerMinGB=6, SmallestMinGB=0)
[2018.12.10-08.09.36:266][  0]LogInit: Setting Device Profile CVar: [[r.Vulkan.UseRealUBs:1]]
[2018.12.10-08.09.36:266][  0]LogInit: Going up to parent DeviceProfile []
[2018.12.10-08.09.36:267][  0]LogInit: Computer: MUTHAFKNPC
[2018.12.10-08.09.36:267][  0]LogInit: User: lochu
[2018.12.10-08.09.36:267][  0]LogInit: CPU Page size=4096, Cores=4
[2018.12.10-08.09.36:267][  0]LogInit: High frequency timer resolution =3.328125 MHz
[2018.12.10-08.09.36:267][  0]LogMemory: Memory total: Physical=15.9GB (16GB approx)
[2018.12.10-08.09.36:267][  0]LogMemory: Platform Memory Stats for Windows
[2018.12.10-08.09.36:267][  0]LogMemory: Process Physical Memory: 102.66 MB used, 102.66 MB peak
[2018.12.10-08.09.36:267][  0]LogMemory: Process Virtual Memory: 99.63 MB used, 99.63 MB peak
[2018.12.10-08.09.36:267][  0]LogMemory: Physical Memory: 9832.99 MB used,  6480.32 MB free, 16313.31 MB total
[2018.12.10-08.09.36:267][  0]LogMemory: Virtual Memory: 4644.06 MB used,  6480.32 MB free, 134217728.00 MB total
[2018.12.10-08.09.36:288][  0]LogInit: Using OS detected language (en-US).
[2018.12.10-08.09.36:288][  0]LogInit: Using OS detected locale (en-US).
[2018.12.10-08.09.36:288][  0]LogTextLocalizationManager: No specific localization for 'en-US' exists, so the 'en' localization will be used.
[2018.12.10-08.09.36:631][  0]LogStreaming: Display: Took  0.343s to InitEngineTextLocalization.
[2018.12.10-08.09.36:631][  0]LogInit: Setting process to per monitor DPI aware
[2018.12.10-08.09.36:658][  0]LogSlate: New Slate User Created.  User Index 0, Is Virtual User: 0
[2018.12.10-08.09.36:658][  0]LogSlate: Slate User Registered.  User Index 0, Is Virtual User: 0
[2018.12.10-08.09.36:830][  0]LogHMD: Failed to initialize OpenVR with code 110
[2018.12.10-08.09.36:830][  0]LogD3D11RHI: D3D11 adapters:
[2018.12.10-08.09.36:889][  0]LogD3D11RHI:    0. 'NVIDIA GeForce GTX 970' (Feature Level 11_0)
[2018.12.10-08.09.36:889][  0]LogD3D11RHI:       4043/0/8156 MB DedicatedVideo/DedicatedSystem/SharedSystem, Outputs:2, VendorId:0x10de
[2018.12.10-08.09.36:891][  0]LogD3D11RHI:    1. 'Microsoft Basic Render Driver' (Feature Level 11_0)
[2018.12.10-08.09.36:891][  0]LogD3D11RHI:       0/0/8156 MB DedicatedVideo/DedicatedSystem/SharedSystem, Outputs:0, VendorId:0x1414
[2018.12.10-08.09.36:891][  0]LogD3D11RHI: Chosen D3D11 Adapter: 0
[2018.12.10-08.09.36:899][  0]LogD3D11RHI: Creating new Direct3DDevice
[2018.12.10-08.09.36:899][  0]LogD3D11RHI:     GPU DeviceId: 0x13c2 (for the marketing name, search the web for "GPU Device Id")
[2018.12.10-08.09.36:899][  0]LogWindows: EnumDisplayDevices:
[2018.12.10-08.09.36:899][  0]LogWindows:    0. 'NVIDIA GeForce GTX 970' (P:1 D:1)
[2018.12.10-08.09.36:900][  0]LogWindows:    1. 'NVIDIA GeForce GTX 970' (P:0 D:1)
[2018.12.10-08.09.36:900][  0]LogWindows:    2. 'NVIDIA GeForce GTX 970' (P:0 D:0)
[2018.12.10-08.09.36:900][  0]LogWindows:    3. 'NVIDIA GeForce GTX 970' (P:0 D:0)
[2018.12.10-08.09.36:900][  0]LogWindows: DebugString: FoundDriverCount:4 
[2018.12.10-08.09.36:900][  0]LogD3D11RHI:     Adapter Name: NVIDIA GeForce GTX 970
[2018.12.10-08.09.36:900][  0]LogD3D11RHI:   Driver Version: 416.94 (internal:25.21.14.1694, unified:416.94)
[2018.12.10-08.09.36:901][  0]LogD3D11RHI:      Driver Date: 11-12-2018
[2018.12.10-08.09.36:901][  0]LogRHI: Texture pool is 2830 MB (70% of 4043 MB)
[2018.12.10-08.09.36:938][  0]LogD3D11RHI: Async texture creation enabled
[2018.12.10-08.09.36:956][  0]LogD3D11RHI: GPU Timing Frequency: 1000.000000 (Debug: 2 2)
[2018.12.10-08.09.37:006][  0]LogShaderCompilers: Guid format shader working directory is -2 characters bigger than the processId version (../../../../WORK/385/project/385_Boat_Game/okay/Intermediate/Shaders/WorkingDirectory/20488/).
[2018.12.10-08.09.37:006][  0]LogShaderCompilers: Cleaned the shader compiler working directory 'C:/Users/lochu/AppData/Local/Temp/UnrealShaderWorkingDir/38FA45AE48408632EA585499F45C7046/'.
[2018.12.10-08.09.37:312][  0]LogTemp: Display: Loaded TP AllDesktopTargetPlatform
[2018.12.10-08.09.37:323][  0]LogTemp: Display: Loaded TP MacClientTargetPlatform
[2018.12.10-08.09.37:335][  0]LogTemp: Display: Loaded TP MacNoEditorTargetPlatform
[2018.12.10-08.09.37:346][  0]LogTemp: Display: Loaded TP MacServerTargetPlatform
[2018.12.10-08.09.37:360][  0]LogTemp: Display: Loaded TP MacTargetPlatform
[2018.12.10-08.09.37:373][  0]LogTemp: Display: Loaded TP WindowsClientTargetPlatform
[2018.12.10-08.09.37:384][  0]LogTemp: Display: Loaded TP WindowsNoEditorTargetPlatform
[2018.12.10-08.09.37:395][  0]LogTemp: Display: Loaded TP WindowsServerTargetPlatform
[2018.12.10-08.09.37:402][  0]LogTemp: Display: Loaded TP WindowsTargetPlatform
[2018.12.10-08.09.37:476][  0]LogTemp: Display: Loaded TP AndroidTargetPlatform
[2018.12.10-08.09.37:476][  0]LogTemp: Display: Loaded TP AndroidTargetPlatform
[2018.12.10-08.09.37:476][  0]LogTemp: Display: Loaded TP AndroidTargetPlatform
[2018.12.10-08.09.37:476][  0]LogTemp: Display: Loaded TP AndroidTargetPlatform
[2018.12.10-08.09.37:476][  0]LogTemp: Display: Loaded TP AndroidTargetPlatform
[2018.12.10-08.09.37:476][  0]LogTemp: Display: Loaded TP AndroidTargetPlatform
[2018.12.10-08.09.37:476][  0]LogTemp: Display: Loaded TP AndroidTargetPlatform
[2018.12.10-08.09.37:476][  0]LogTemp: Display: Loaded TP AndroidTargetPlatform
[2018.12.10-08.09.37:476][  0]LogTemp: Display: Loaded TP AndroidTargetPlatform
[2018.12.10-08.09.37:476][  0]LogTemp: Display: Loaded TP AndroidTargetPlatform
[2018.12.10-08.09.37:476][  0]LogTemp: Display: Loaded TP AndroidTargetPlatform
[2018.12.10-08.09.37:476][  0]LogTemp: Display: Loaded TP AndroidTargetPlatform
[2018.12.10-08.09.37:476][  0]LogTemp: Display: Loaded TP AndroidTargetPlatform
[2018.12.10-08.09.37:476][  0]LogTemp: Display: Loaded TP AndroidTargetPlatform
[2018.12.10-08.09.37:476][  0]LogTemp: Display: Loaded TP AndroidTargetPlatform
[2018.12.10-08.09.37:476][  0]LogTemp: Display: Loaded TP AndroidTargetPlatform
[2018.12.10-08.09.37:476][  0]LogTemp: Display: Loaded TP AndroidTargetPlatform
[2018.12.10-08.09.37:476][  0]LogTemp: Display: Loaded TP AndroidTargetPlatform
[2018.12.10-08.09.37:477][  0]LogTemp: Display: Loaded TP HTML5TargetPlatform
[2018.12.10-08.09.37:536][  0]LogTemp: Display: Loaded TP IOSTargetPlatform
[2018.12.10-08.09.37:536][  0]LogTemp: Display: Loaded TP IOSTargetPlatform
[2018.12.10-08.09.37:559][  0]LogTemp: Display: Loaded TP TVOSTargetPlatform
[2018.12.10-08.09.37:559][  0]LogTemp: Display: Loaded TP TVOSTargetPlatform
[2018.12.10-08.09.37:573][  0]LogTemp: Display: Loaded TP LinuxClientTargetPlatform
[2018.12.10-08.09.37:584][  0]LogTemp: Display: Loaded TP LinuxNoEditorTargetPlatform
[2018.12.10-08.09.37:597][  0]LogTemp: Display: Loaded TP LinuxServerTargetPlatform
[2018.12.10-08.09.37:610][  0]LogTemp: Display: Loaded TP LinuxTargetPlatform
[2018.12.10-08.09.37:618][  0]LogTemp: Display: Loaded TP LuminTargetPlatform
[2018.12.10-08.09.37:618][  0]LogTargetPlatformManager: Display: Building Assets For Windows
[2018.12.10-08.09.37:682][  0]LogXGEController: Cleaning working directory: C:/Users/lochu/AppData/Local/Temp/UnrealXGEWorkingDir/
[2018.12.10-08.09.37:683][  0]LogXGEController: Cannot use XGE Controller as Incredibuild is not installed on this machine.
[2018.12.10-08.09.37:683][  0]LogShaderCompilers: Cannot use XGE Shader Compiler as Incredibuild is not installed on this machine.
[2018.12.10-08.09.37:683][  0]LogShaderCompilers: Display: Using Local Shader Compiler.
[2018.12.10-08.09.38:354][  0]LogDerivedDataCache: Display: Max Cache Size: 512 MB
[2018.12.10-08.09.38:408][  0]LogDerivedDataCache: Loaded boot cache 0.05s 71MB C:/Users/lochu/AppData/Local/UnrealEngine/4.20/DerivedDataCache/Boot.ddc.
[2018.12.10-08.09.38:409][  0]LogDerivedDataCache: Display: Loaded Boot cache: C:/Users/lochu/AppData/Local/UnrealEngine/4.20/DerivedDataCache/Boot.ddc
[2018.12.10-08.09.38:409][  0]LogDerivedDataCache: FDerivedDataBackendGraph:  Pak pak cache file ../../../../WORK/385/project/385_Boat_Game/okay/DerivedDataCache/DDC.ddp not found, will not use a pak cache.
[2018.12.10-08.09.38:409][  0]LogDerivedDataCache: Unable to find inner node Pak for hierarchical cache Hierarchy.
[2018.12.10-08.09.38:409][  0]LogDerivedDataCache: FDerivedDataBackendGraph:  CompressedPak pak cache file ../../../../WORK/385/project/385_Boat_Game/okay/DerivedDataCache/Compressed.ddp not found, will not use a pak cache.
[2018.12.10-08.09.38:409][  0]LogDerivedDataCache: Unable to find inner node CompressedPak for hierarchical cache Hierarchy.
[2018.12.10-08.09.38:422][  0]LogDerivedDataCache: Display: Pak cache opened for reading ../../../Engine/DerivedDataCache/Compressed.ddp.
[2018.12.10-08.09.38:435][  0]LogDerivedDataCache: Using Local data cache path C:/Users/lochu/AppData/Local/UnrealEngine/Common/DerivedDataCache: Writable
[2018.12.10-08.09.38:435][  0]LogDerivedDataCache: Shared data cache path not found in *engine.ini, will not use an Shared cache.
[2018.12.10-08.09.38:435][  0]LogDerivedDataCache: Unable to find inner node Shared for hierarchical cache Hierarchy.
[2018.12.10-08.09.38:452][  0]LogMaterial: Verifying Global Shaders for PCD3D_SM5
[2018.12.10-08.09.38:453][  0]LogSlate: Using FreeType 2.6.0
[2018.12.10-08.09.38:454][  0]LogSlate: SlateFontServices - WITH_FREETYPE: 1, WITH_HARFBUZZ: 1
[2018.12.10-08.09.38:526][  0]LogAssetRegistry: FAssetRegistry took 0.0273 seconds to start up
[2018.12.10-08.09.38:831][  0]LogInit: Selected Device Profile: [Windows]
[2018.12.10-08.09.38:949][  0]LogSimplygon: Simplygon DLL not present - disabling.
[2018.12.10-08.09.38:952][  0]LogMeshReduction: Using SimplygonSwarm for distributed automatic mesh merging
[2018.12.10-08.09.38:952][  0]LogMeshReduction: Using ProxyLODMeshReduction for automatic mesh merging
[2018.12.10-08.09.38:952][  0]LogMeshReduction: Using QuadricMeshReduction for automatic static mesh reduction
[2018.12.10-08.09.38:952][  0]LogMeshReduction: No automatic skeletal mesh reduction module available
[2018.12.10-08.09.38:972][  0]LogNetVersion: okay 1.0.0, NetCL: 4212847, EngineNetVer: 5, GameNetVer: 0 (Checksum: 1209445407)
[2018.12.10-08.09.39:490][  0]LogPackageLocalizationCache: Processed 11 localized package path(s) for 2 prioritized culture(s) in 0.124226 seconds
[2018.12.10-08.09.39:497][  0]LogUObjectArray: 38425 objects as part of root set at end of initial load.
[2018.12.10-08.09.39:497][  0]LogUObjectAllocator: 6690872 out of 0 bytes used by permanent object pool.
[2018.12.10-08.09.39:497][  0]LogUObjectArray: CloseDisregardForGC: 0/0 objects in disregard for GC pool
[2018.12.10-08.09.40:308][  0]LogTcpMessaging: Initializing TcpMessaging bridge
[2018.12.10-08.09.40:321][  0]LogUdpMessaging: Initializing bridge on interface 0.0.0.0:0 to multicast group 230.0.0.1:6666.
[2018.12.10-08.09.40:457][  0]SourceControl: Source control is disabled
[2018.12.10-08.09.40:457][  0]SourceControl: Source control is disabled
[2018.12.10-08.09.40:458][  0]SourceControl: Source control is disabled
[2018.12.10-08.09.40:459][  0]SourceControl: Source control is disabled
[2018.12.10-08.09.40:625][  0]LogAndroidPermission: UAndroidPermissionCallbackProxy::GetInstance
[2018.12.10-08.09.40:744][  0]LogOcInput: OculusInput pre-init called
[2018.12.10-08.09.40:798][  0]LogEngine: Initializing Engine...
[2018.12.10-08.09.40:799][  0]LogHMD: Failed to initialize OpenVR with code 110
[2018.12.10-08.09.40:802][  0]LogStats: UGameplayTagsManager::ConstructGameplayTagTree: ImportINI prefixes -  0.000 s
[2018.12.10-08.09.40:802][  0]LogStats: UGameplayTagsManager::ConstructGameplayTagTree: Construct from data asset -  0.000 s
[2018.12.10-08.09.40:802][  0]LogStats: UGameplayTagsManager::ConstructGameplayTagTree: ImportINI -  0.000 s
[2018.12.10-08.09.40:802][  0]LogStats: UGameplayTagsManager::ConstructGameplayTagTree: GameplayTagTreeChangedEvent.Broadcast -  0.000 s
[2018.12.10-08.09.41:000][  0]LogInit: Initializing FReadOnlyCVARCache
[2018.12.10-08.09.41:008][  0]LogAIModule: Creating AISystem for world Untitled
[2018.12.10-08.09.41:045][  0]LogInit: XAudio2 using 'Headset Earphone (Logitech G35 Gaming Headset)' : 2 channels at 44.1 kHz using 16 bits per sample (channel mask 0x3)
[2018.12.10-08.09.41:067][  0]LogInit: FAudioDevice initialized.
[2018.12.10-08.09.41:067][  0]LogNetVersion: Set ProjectVersion to 1.0.0.0. Version Checksum will be recalculated on next use.
[2018.12.10-08.09.41:196][  0]LogDerivedDataCache: Saved boot cache 0.13s 71MB C:/Users/lochu/AppData/Local/UnrealEngine/4.20/DerivedDataCache/Boot.ddc.
[2018.12.10-08.09.41:206][  0]LogInit: Texture streaming: Enabled
[2018.12.10-08.09.41:221][  0]LogEngineSessionManager: EngineSessionManager initialized
[2018.12.10-08.09.41:221][  0]LogEngineSessionManager: EngineSessionManager sent abnormal shutdown report. Type=Crashed, SessionId={B0377A69-4FBE-F86F-09E9-C3ADA33718A0}
[2018.12.10-08.09.41:232][  0]LogInit: Transaction tracking system initialized
[2018.12.10-08.09.41:246][  0]BlueprintLog: New page: Editor Load
[2018.12.10-08.09.41:307][  0]LocalizationService: Localization service is disabled
[2018.12.10-08.09.41:533][  0]LogCook: Display: Max memory allowance for cook 16384mb min free memory 0mb
[2018.12.10-08.09.41:533][  0]LogCook: Display: Mobile HDR setting 1
[2018.12.10-08.09.41:533][  0]LogGameplayTags: Display: UGameplayTagsManager::DoneAddingNativeTags. DelegateIsBound: 0
[2018.12.10-08.09.41:533][  0]LogStats: UGameplayTagsManager::ConstructGameplayTagTree: ImportINI prefixes -  0.000 s
[2018.12.10-08.09.41:533][  0]LogStats: UGameplayTagsManager::ConstructGameplayTagTree: Construct from data asset -  0.000 s
[2018.12.10-08.09.41:533][  0]LogStats: UGameplayTagsManager::ConstructGameplayTagTree: ImportINI -  0.000 s
[2018.12.10-08.09.41:533][  0]LogStats: UGameplayTagsManager::ConstructGameplayTagTree: GameplayTagTreeChangedEvent.Broadcast -  0.000 s
[2018.12.10-08.09.41:637][  0]LogFileCache: Scanning file cache for directory 'D:/WORK/385/project/385_Boat_Game/okay/Content/' took 0.01s
[2018.12.10-08.09.41:637][  0]SourceControl: Source control is disabled
[2018.12.10-08.09.41:637][  0]Cmd: MAP LOAD FILE="../../../../WORK/385/project/385_Boat_Game/okay/Content/VehicleBP/Maps/VehicleExampleMap.umap" TEMPLATE=0 SHOWPROGRESS=1 FEATURELEVEL=3
[2018.12.10-08.09.41:637][  0]LightingResults: New page: Lighting Build
[2018.12.10-08.09.41:638][  0]MapCheck: New page: Map Check
[2018.12.10-08.09.41:638][  0]LightingResults: New page: Lighting Build
[2018.12.10-08.09.42:612][  0]LogAIModule: Creating AISystem for world VehicleExampleMap
[2018.12.10-08.09.42:782][  0]LogEditorServer: Finished looking for orphan Actors (0.000 secs)
[2018.12.10-08.09.42:805][  0]Cmd: MAP CHECKDEP NOCLEARLOG
[2018.12.10-08.09.42:853][  0]MapCheck: Map check complete: 0 Error(s), 0 Warning(s), took 48.471ms to complete.
[2018.12.10-08.09.42:853][  0]LogFileHelpers: Loading map 'VehicleExampleMap' took 1.217
[2018.12.10-08.09.42:949][  0]LogSlate: Updating window title bar state: overlay mode, drag disabled, window buttons hidden, title bar hidden
[2018.12.10-08.09.42:956][  0]LogSlate: Updating window title bar state: overlay mode, drag disabled, window buttons hidden, title bar hidden
[2018.12.10-08.09.42:963][  0]LogSlate: Updating window title bar state: overlay mode, drag disabled, window buttons hidden, title bar hidden
[2018.12.10-08.09.42:969][  0]LogSlate: Updating window title bar state: overlay mode, drag disabled, window buttons hidden, title bar hidden
[2018.12.10-08.09.42:973][  0]LogCollectionManager: Loaded 0 collections in 0.000746 seconds
[2018.12.10-08.09.43:015][  0]LogFileCache: Scanning file cache for directory 'D:/WORK/385/project/385_Boat_Game/okay/Saved/Collections/' took 0.01s
[2018.12.10-08.09.43:015][  0]LogFileCache: Scanning file cache for directory 'D:/WORK/385/project/385_Boat_Game/okay/Content/Developers/lochu/Collections/' took 0.01s
[2018.12.10-08.09.43:015][  0]LogFileCache: Scanning file cache for directory 'D:/WORK/385/project/385_Boat_Game/okay/Content/Collections/' took 0.01s
[2018.12.10-08.09.43:015][  0]LogCollectionManager: Rebuilt the GUID cache for 0 collections in 0.000000 seconds
[2018.12.10-08.09.43:025][  0]LogContentBrowser: Native class hierarchy populated in 0.0093 seconds. Added 2574 classes and 606 folders.
[2018.12.10-08.09.43:029][  0]LogContentBrowser: Native class hierarchy updated for 'WidgetCarousel' in 0.0002 seconds. Added 0 classes and 0 folders.
[2018.12.10-08.09.43:074][  0]LogContentBrowser: Native class hierarchy updated for 'AddContentDialog' in 0.0002 seconds. Added 0 classes and 0 folders.
[2018.12.10-08.09.43:077][  0]LogContentBrowser: Native class hierarchy updated for 'SceneOutliner' in 0.0002 seconds. Added 1 classes and 2 folders.
[2018.12.10-08.09.43:329][  0]LogSlate: Took 0.000181 seconds to synchronously load lazily loaded font '../../../Engine/Content/Slate/Fonts/Roboto-Regular.ttf' (155K)
[2018.12.10-08.09.43:331][  0]LogSlate: Took 0.000154 seconds to synchronously load lazily loaded font '../../../Engine/Content/Slate/Fonts/Roboto-Bold.ttf' (160K)
[2018.12.10-08.09.43:335][  0]LogSlate: Took 0.000452 seconds to synchronously load lazily loaded font '../../../Engine/Content/Editor/Slate/Fonts/FontAwesome.ttf' (139K)
[2018.12.10-08.09.43:415][  0]LogRenderer: Reallocating scene render targets to support 1208x600 Format 10 NumSamples 1 (Frame:1).
[2018.12.10-08.09.43:550][  0]LogContentBrowser: Native class hierarchy updated for 'HierarchicalLODOutliner' in 0.0002 seconds. Added 0 classes and 0 folders.
[2018.12.10-08.09.43:550][  0]LogLoad: (Engine Initialization) Total time: 8.74 seconds
[2018.12.10-08.09.43:550][  0]LogLoad: (Engine Initialization) Total Blueprint compile time: 0.00 seconds
[2018.12.10-08.09.43:566][  0]LogRawInputWindows: Warning: Found device 0 devices
[2018.12.10-08.09.43:566][  0]LogRawInputWindows: Warning: Found device 0 devices
[2018.12.10-08.09.43:566][  0]LogRawInputWindows: Warning: Device was registered succesfully but not connected (Usage:4 UsagePage:1)
[2018.12.10-08.09.43:566][  0]LogRawInputWindows: Warning: Found device 1 devices
[2018.12.10-08.09.43:566][  0]LogRawInputWindows: Warning: Device was registered succesfully but not connected (Usage:5 UsagePage:1)
[2018.12.10-08.09.43:592][  0]LogContentStreaming: Texture pool size now 1000 MB
[2018.12.10-08.09.43:634][  0]LogSlate: Took 0.000292 seconds to synchronously load lazily loaded font '../../../Engine/Content/Slate/Fonts/Roboto-Light.ttf' (167K)
[2018.12.10-08.09.43:660][  1]LogAssetRegistry: Asset discovery search completed in 5.1582 seconds
[2018.12.10-08.09.43:663][  1]LogCollectionManager: Rebuilt the object cache for 0 collections in 0.000001 seconds (found 0 objects)
[2018.12.10-08.09.43:663][  1]LogCollectionManager: Fixed up redirectors for 0 collections in 0.000165 seconds (updated 0 objects)
[2018.12.10-08.09.44:985][  5]LogSlate: Took 0.000342 seconds to synchronously load lazily loaded font '../../../Engine/Content/Slate/Fonts/Roboto-Light.ttf' (167K)
[2018.12.10-08.10.03:311][190]LogSlate: FSceneViewport::OnFocusLost() reason 0
[2018.12.10-08.10.05:751][345]LogSavePackage: Moving '../../../../WORK/385/project/385_Boat_Game/okay/Saved/VehicleExampleMapE34C8A7143193DE5EB493DAFD9B94C8F.tmp' to '../../../../WORK/385/project/385_Boat_Game/okay/Content/VehicleBP/Maps/VehicleExampleMap.umap'
[2018.12.10-08.10.05:791][345]Cmd: OBJ SAVEPACKAGE PACKAGE="/Game/VehicleBP/Maps/VehicleExampleMap_BuiltData" FILE="../../../../WORK/385/project/385_Boat_Game/okay/Content/VehicleBP/Maps/VehicleExampleMap_BuiltData.uasset" SILENT=true
[2018.12.10-08.10.07:292][345]LogSavePackage: Moving '../../../../WORK/385/project/385_Boat_Game/okay/Saved/VehicleExampleMap_BuiltData002A717944B036238BF7EE8EBA5E059E.tmp' to '../../../../WORK/385/project/385_Boat_Game/okay/Content/VehicleBP/Maps/VehicleExampleMap_BuiltData.uasset'
[2018.12.10-08.10.07:914][411]LogAssetEditorManager: Opening Asset editor for Blueprint /Game/VehicleBP/corret/correct.correct
[2018.12.10-08.10.08:342][411]LogContentBrowser: Native class hierarchy updated for 'BlueprintGraph' in 0.0005 seconds. Added 116 classes and 0 folders.
[2018.12.10-08.10.09:061][411]LogAssetEditorManager: Opening Asset editor for WidgetBlueprint /Game/UI/GameOver.GameOver
[2018.12.10-08.10.09:366][411]LogSlate: Took 0.000191 seconds to synchronously load lazily loaded font '../../../Engine/Content/Slate/Fonts/Roboto-BoldCondensed.ttf' (158K)
[2018.12.10-08.10.10:627][544]LogSlate: Took 0.000175 seconds to synchronously load lazily loaded font '../../../Engine/Content/Slate/Fonts/Roboto-Italic.ttf' (157K)
[2018.12.10-08.10.31:175][955]BlueprintLog: New page: Compile correct
[2018.12.10-08.10.31:669][980]Cmd: OBJ SAVEPACKAGE PACKAGE="/Game/VehicleBP/corret/correct" FILE="../../../../WORK/385/project/385_Boat_Game/okay/Content/VehicleBP/corret/correct.uasset" SILENT=true
[2018.12.10-08.10.31:708][980]LogSavePackage: Moving '../../../../WORK/385/project/385_Boat_Game/okay/Saved/correctD69566A34491B392BD6AAA88976BFC19.tmp' to '../../../../WORK/385/project/385_Boat_Game/okay/Content/VehicleBP/corret/correct.uasset'
[2018.12.10-08.10.33:043][137]LogTemp: Repeating last play command: Selected Viewport
[2018.12.10-08.10.33:065][137]LogBlueprintUserMessages: Early PlayInEditor Detection: Level '/Game/VehicleBP/Maps/VehicleExampleMap.VehicleExampleMap:PersistentLevel' has LevelScriptBlueprint '/Game/VehicleBP/Maps/VehicleExampleMap.VehicleExampleMap:PersistentLevel.VehicleExampleMap' with GeneratedClass '/Game/VehicleBP/Maps/VehicleExampleMap.VehicleExampleMap_C' with ClassGeneratedBy '/Game/VehicleBP/Maps/VehicleExampleMap.VehicleExampleMap:PersistentLevel.VehicleExampleMap'
[2018.12.10-08.10.33:065][137]LogPlayLevel: PlayLevel: No blueprints needed recompiling
[2018.12.10-08.10.33:076][137]PIE: New page: PIE session: VehicleExampleMap (Dec 9, 2018, 10:10:33 PM)
[2018.12.10-08.10.33:076][137]LogPlayLevel: Creating play world package: /Game/VehicleBP/Maps/UEDPIE_0_VehicleExampleMap
[2018.12.10-08.10.33:127][137]LogPlayLevel: PIE: StaticDuplicateObject took: (0.050339s)
[2018.12.10-08.10.33:127][137]LogAIModule: Creating AISystem for world VehicleExampleMap
[2018.12.10-08.10.33:127][137]LogPlayLevel: PIE: World Init took: (0.000684s)
[2018.12.10-08.10.33:127][137]LogPlayLevel: PIE: Created PIE world by copying editor world from /Game/VehicleBP/Maps/VehicleExampleMap.VehicleExampleMap to /Game/VehicleBP/Maps/UEDPIE_0_VehicleExampleMap.VehicleExampleMap (0.051179s)
[2018.12.10-08.10.33:182][137]LogInit: XAudio2 using 'Headset Earphone (Logitech G35 Gaming Headset)' : 2 channels at 44.1 kHz using 16 bits per sample (channel mask 0x3)
[2018.12.10-08.10.33:199][137]LogInit: FAudioDevice initialized.
[2018.12.10-08.10.33:244][137]LogLoad: Game class is 'VehicleGameMode_C'
[2018.12.10-08.10.33:261][137]LogWorld: Bringing World /Game/VehicleBP/Maps/UEDPIE_0_VehicleExampleMap.VehicleExampleMap up for play (max tick rate 0) at 2018.12.10-03.10.33
[2018.12.10-08.10.33:261][137]LogWorld: Bringing up level for play took: 0.014389
[2018.12.10-08.10.33:279][137]LogContentBrowser: Native class hierarchy updated for 'MovieSceneCapture' in 0.0002 seconds. Added 10 classes and 0 folders.
[2018.12.10-08.10.33:281][137]PIE: Play in editor start time for /Game/VehicleBP/Maps/UEDPIE_0_VehicleExampleMap 1.182
[2018.12.10-08.10.33:281][137]LogBlueprintUserMessages: Late PlayInEditor Detection: Level '/Game/VehicleBP/Maps/VehicleExampleMap.VehicleExampleMap:PersistentLevel' has LevelScriptBlueprint '/Game/VehicleBP/Maps/VehicleExampleMap.VehicleExampleMap:PersistentLevel.VehicleExampleMap' with GeneratedClass '/Game/VehicleBP/Maps/VehicleExampleMap.VehicleExampleMap_C' with ClassGeneratedBy '/Game/VehicleBP/Maps/VehicleExampleMap.VehicleExampleMap:PersistentLevel.VehicleExampleMap'
[2018.12.10-08.10.37:541][640]LogScript: Warning: Accessed None trying to read property CallFunc_GetPlayerCharacter_ReturnValue
	correct_C /Game/VehicleBP/Maps/UEDPIE_0_VehicleExampleMap.VehicleExampleMap:PersistentLevel.correct_2
	Function /Game/VehicleBP/corret/correct.correct_C:addcoin:0145
[2018.12.10-08.10.37:541][640]PIE: Error: Blueprint Runtime Error: "Accessed None trying to read property CallFunc_GetPlayerCharacter_ReturnValue". Blueprint:  correct Function:  Addcoin Graph:  addcoin Node:  Disable Input
[2018.12.10-08.10.40:135][951]LogBlueprintUserMessages: Early EndPlayMap Detection: Level '/Game/VehicleBP/Maps/VehicleExampleMap.VehicleExampleMap:PersistentLevel' has LevelScriptBlueprint '/Game/VehicleBP/Maps/VehicleExampleMap.VehicleExampleMap:PersistentLevel.VehicleExampleMap' with GeneratedClass '/Game/VehicleBP/Maps/VehicleExampleMap.VehicleExampleMap_C' with ClassGeneratedBy '/Game/VehicleBP/Maps/VehicleExampleMap.VehicleExampleMap:PersistentLevel.VehicleExampleMap'
[2018.12.10-08.10.40:135][951]LogSlate: Updating window title bar state: overlay mode, drag disabled, window buttons hidden, title bar hidden
[2018.12.10-08.10.40:176][951]LogPlayLevel: Display: Shutting down PIE online subsystems
[2018.12.10-08.10.40:176][951]LogBlueprintUserMessages: Late EndPlayMap Detection: Level '/Game/VehicleBP/Maps/VehicleExampleMap.VehicleExampleMap:PersistentLevel' has LevelScriptBlueprint '/Game/VehicleBP/Maps/VehicleExampleMap.VehicleExampleMap:PersistentLevel.VehicleExampleMap' with GeneratedClass '/Game/VehicleBP/Maps/VehicleExampleMap.VehicleExampleMap_C' with ClassGeneratedBy '/Game/VehicleBP/Maps/VehicleExampleMap.VehicleExampleMap:PersistentLevel.VehicleExampleMap'
[2018.12.10-08.10.40:208][951]LogSlate: Updating window title bar state: overlay mode, drag disabled, window buttons hidden, title bar hidden
[2018.12.10-08.10.40:242][952]LogPlayLevel: Display: Destroying online subsystem :Context_5
[2018.12.10-08.10.41:010][ 40]LogSlate: FSceneViewport::OnFocusLost() reason 0
[2018.12.10-08.10.45:836][591]BlueprintLog: New page: Compile correct
[2018.12.10-08.10.46:327][617]Cmd: OBJ SAVEPACKAGE PACKAGE="/Game/VehicleBP/corret/correct" FILE="../../../../WORK/385/project/385_Boat_Game/okay/Content/VehicleBP/corret/correct.uasset" SILENT=true
[2018.12.10-08.10.46:367][617]LogSavePackage: Moving '../../../../WORK/385/project/385_Boat_Game/okay/Saved/correct81B2232F49496EFE743A6092F1950045.tmp' to '../../../../WORK/385/project/385_Boat_Game/okay/Content/VehicleBP/corret/correct.uasset'
[2018.12.10-08.10.47:515][752]LogTemp: Repeating last play command: Selected Viewport
[2018.12.10-08.10.47:539][752]LogBlueprintUserMessages: Early PlayInEditor Detection: Level '/Game/VehicleBP/Maps/VehicleExampleMap.VehicleExampleMap:PersistentLevel' has LevelScriptBlueprint '/Game/VehicleBP/Maps/VehicleExampleMap.VehicleExampleMap:PersistentLevel.VehicleExampleMap' with GeneratedClass '/Game/VehicleBP/Maps/VehicleExampleMap.VehicleExampleMap_C' with ClassGeneratedBy '/Game/VehicleBP/Maps/VehicleExampleMap.VehicleExampleMap:PersistentLevel.VehicleExampleMap'
[2018.12.10-08.10.47:539][752]LogPlayLevel: PlayLevel: No blueprints needed recompiling
[2018.12.10-08.10.47:539][752]PIE: New page: PIE session: VehicleExampleMap (Dec 9, 2018, 10:10:47 PM)
[2018.12.10-08.10.47:539][752]LogPlayLevel: Creating play world package: /Game/VehicleBP/Maps/UEDPIE_0_VehicleExampleMap
[2018.12.10-08.10.47:588][752]LogPlayLevel: PIE: StaticDuplicateObject took: (0.048691s)
[2018.12.10-08.10.47:589][752]LogAIModule: Creating AISystem for world VehicleExampleMap
[2018.12.10-08.10.47:589][752]LogPlayLevel: PIE: World Init took: (0.000844s)
[2018.12.10-08.10.47:589][752]LogPlayLevel: PIE: Created PIE world by copying editor world from /Game/VehicleBP/Maps/VehicleExampleMap.VehicleExampleMap to /Game/VehicleBP/Maps/UEDPIE_0_VehicleExampleMap.VehicleExampleMap (0.049695s)
[2018.12.10-08.10.47:642][752]LogInit: XAudio2 using 'Headset Earphone (Logitech G35 Gaming Headset)' : 2 channels at 44.1 kHz using 16 bits per sample (channel mask 0x3)
[2018.12.10-08.10.47:660][752]LogInit: FAudioDevice initialized.
[2018.12.10-08.10.47:690][752]LogLoad: Game class is 'VehicleGameMode_C'
[2018.12.10-08.10.47:702][752]LogWorld: Bringing World /Game/VehicleBP/Maps/UEDPIE_0_VehicleExampleMap.VehicleExampleMap up for play (max tick rate 0) at 2018.12.10-03.10.47
[2018.12.10-08.10.47:702][752]LogWorld: Bringing up level for play took: 0.009647
[2018.12.10-08.10.47:716][752]PIE: Play in editor start time for /Game/VehicleBP/Maps/UEDPIE_0_VehicleExampleMap -0.383
[2018.12.10-08.10.47:716][752]LogBlueprintUserMessages: Late PlayInEditor Detection: Level '/Game/VehicleBP/Maps/VehicleExampleMap.VehicleExampleMap:PersistentLevel' has LevelScriptBlueprint '/Game/VehicleBP/Maps/VehicleExampleMap.VehicleExampleMap:PersistentLevel.VehicleExampleMap' with GeneratedClass '/Game/VehicleBP/Maps/VehicleExampleMap.VehicleExampleMap_C' with ClassGeneratedBy '/Game/VehicleBP/Maps/VehicleExampleMap.VehicleExampleMap:PersistentLevel.VehicleExampleMap'
[2018.12.10-08.11.03:529][644]LogBlueprintUserMessages: Early EndPlayMap Detection: Level '/Game/VehicleBP/Maps/VehicleExampleMap.VehicleExampleMap:PersistentLevel' has LevelScriptBlueprint '/Game/VehicleBP/Maps/VehicleExampleMap.VehicleExampleMap:PersistentLevel.VehicleExampleMap' with GeneratedClass '/Game/VehicleBP/Maps/VehicleExampleMap.VehicleExampleMap_C' with ClassGeneratedBy '/Game/VehicleBP/Maps/VehicleExampleMap.VehicleExampleMap:PersistentLevel.VehicleExampleMap'
[2018.12.10-08.11.03:529][644]LogSlate: Updating window title bar state: overlay mode, drag disabled, window buttons hidden, title bar hidden
[2018.12.10-08.11.03:565][644]LogPlayLevel: Display: Shutting down PIE online subsystems
[2018.12.10-08.11.03:565][644]LogBlueprintUserMessages: Late EndPlayMap Detection: Level '/Game/VehicleBP/Maps/VehicleExampleMap.VehicleExampleMap:PersistentLevel' has LevelScriptBlueprint '/Game/VehicleBP/Maps/VehicleExampleMap.VehicleExampleMap:PersistentLevel.VehicleExampleMap' with GeneratedClass '/Game/VehicleBP/Maps/VehicleExampleMap.VehicleExampleMap_C' with ClassGeneratedBy '/Game/VehicleBP/Maps/VehicleExampleMap.VehicleExampleMap:PersistentLevel.VehicleExampleMap'
[2018.12.10-08.11.03:594][644]LogSlate: Updating window title bar state: overlay mode, drag disabled, window buttons hidden, title bar hidden
[2018.12.10-08.11.03:633][647]LogPlayLevel: Display: Destroying online subsystem :Context_6
[2018.12.10-08.11.04:642][767]LogSlate: FSceneViewport::OnFocusLost() reason 0
[2018.12.10-08.11.22:728][786]LogSlate: Took 0.000178 seconds to synchronously load lazily loaded font '../../../Engine/Content/Slate/Fonts/Roboto-Regular.ttf' (155K)
[2018.12.10-08.11.22:732][786]LogSlate: Took 0.000134 seconds to synchronously load lazily loaded font '../../../Engine/Content/Slate/Fonts/Roboto-Light.ttf' (167K)
[2018.12.10-08.11.22:732][786]LogSlate: Took 0.000102 seconds to synchronously load lazily loaded font '../../../Engine/Content/Slate/Fonts/Roboto-Bold.ttf' (160K)
[2018.12.10-08.11.22:733][786]LogSlate: Took 0.000106 seconds to synchronously load lazily loaded font '../../../Engine/Content/Editor/Slate/Fonts/FontAwesome.ttf' (139K)
[2018.12.10-08.11.22:738][786]LogSlate: Took 0.000147 seconds to synchronously load lazily loaded font '../../../Engine/Content/Slate/Fonts/Roboto-BoldCondensed.ttf' (158K)
[2018.12.10-08.11.23:396][851]LogSlate: Took 0.000205 seconds to synchronously load lazily loaded font '../../../Engine/Content/Slate/Fonts/Roboto-Regular.ttf' (155K)
[2018.12.10-08.11.23:400][851]LogSlate: Took 0.000203 seconds to synchronously load lazily loaded font '../../../Engine/Content/Slate/Fonts/Roboto-Light.ttf' (167K)
[2018.12.10-08.11.23:400][851]LogSlate: Took 0.000133 seconds to synchronously load lazily loaded font '../../../Engine/Content/Slate/Fonts/Roboto-Bold.ttf' (160K)
[2018.12.10-08.11.23:402][851]LogSlate: Took 0.000155 seconds to synchronously load lazily loaded font '../../../Engine/Content/Editor/Slate/Fonts/FontAwesome.ttf' (139K)
[2018.12.10-08.11.23:409][851]LogSlate: Took 0.000181 seconds to synchronously load lazily loaded font '../../../Engine/Content/Slate/Fonts/Roboto-BoldCondensed.ttf' (158K)
[2018.12.10-08.11.54:254][279]BlueprintLog: New page: Compile GameOver
[2018.12.10-08.11.54:989][323]Cmd: OBJ SAVEPACKAGE PACKAGE="/Game/UI/GameOver" FILE="../../../../WORK/385/project/385_Boat_Game/okay/Content/UI/GameOver.uasset" SILENT=true
[2018.12.10-08.11.55:002][323]LogSavePackage: Moving '../../../../WORK/385/project/385_Boat_Game/okay/Saved/GameOver33AA96EB48B168A784320384C4EBA28B.tmp' to '../../../../WORK/385/project/385_Boat_Game/okay/Content/UI/GameOver.uasset'
[2018.12.10-08.11.55:561][377]LogSlate: Took 0.000180 seconds to synchronously load lazily loaded font '../../../Engine/Content/Slate/Fonts/Roboto-Italic.ttf' (157K)
[2018.12.10-08.12.04:286][408]LogSlate: Took 0.000168 seconds to synchronously load lazily loaded font '../../../Engine/Content/Slate/Fonts/Roboto-Light.ttf' (167K)
[2018.12.10-08.12.04:293][409]Debuggg: 
[2018.12.10-08.12.05:223][410]LogWindows: Windows GetLastError: The operation completed successfully. (0)
[2018.12.10-08.12.05:223][410]LogWindows: Error: === Critical error: ===
[2018.12.10-08.12.05:223][410]LogWindows: Error: 
[2018.12.10-08.12.05:223][410]LogWindows: Error: Fatal error: [File:D:\Build\++UE4\Sync\Engine\Source\Runtime\RenderCore\Private\RenderingThread.cpp] [Line: 826] 
[2018.12.10-08.12.05:223][410]LogWindows: Error: Rendering thread exception:
[2018.12.10-08.12.05:223][410]LogWindows: Error: Fatal error!
[2018.12.10-08.12.05:223][410]LogWindows: Error: 
[2018.12.10-08.12.05:223][410]LogWindows: Error: Unhandled Exception: EXCEPTION_ACCESS_VIOLATION reading address 0x00000018
[2018.12.10-08.12.05:223][410]LogWindows: Error: 
[2018.12.10-08.12.05:223][410]LogWindows: Error: [Callstack] 0x00007ffafd880a94 UE4Editor-D3D11RHI.dll!UnknownFunction []
[2018.12.10-08.12.05:223][410]LogWindows: Error: [Callstack] 0x00007ffb0a61c848 UE4Editor-Engine.dll!UnknownFunction []
[2018.12.10-08.12.05:223][410]LogWindows: Error: [Callstack] 0x00007ffb0a61c4a0 UE4Editor-Engine.dll!UnknownFunction []
[2018.12.10-08.12.05:223][410]LogWindows: Error: [Callstack] 0x00007ffb09a0ce68 UE4Editor-Engine.dll!UnknownFunction []
[2018.12.10-08.12.05:223][410]LogWindows: Error: [Callstack] 0x00007ffb099dfb3b UE4Editor-Engine.dll!UnknownFunction []
[2018.12.10-08.12.05:223][410]LogWindows: Error: [Callstack] 0x00007ffb0a9de2b9 UE4Editor-Engine.dll!UnknownFunction []
[2018.12.10-08.12.05:223][410]LogWindows: Error: [Callstack] 0x00007ffb0a9b278c UE4Editor-Engine.dll!UnknownFunction []
[2018.12.10-08.12.05:223][410]LogWindows: Error: [Callstack] 0x00007ffb0a6f41ab UE4Editor-Engine.dll!UnknownFunction []
[2018.12.10-08.12.05:223][410]LogWindows: Error: [Callstack] 0x00007ffafd6187b3 UE4Editor-SlateRHIRenderer.dll!UnknownFunction []
[2018.12.10-08.12.05:223][410]LogWindows: Error: [Callstack] 0x00007ffafd6205e0 UE4Editor-SlateRHIRenderer.dll!UnknownFunction []
[2018.12.10-08.12.05:223][410]LogWindows: Error: [Callstack] 0x00007ffafd627d0a UE4Editor-SlateRHIRenderer.dll!UnknownFunction []
[2018.12.10-08.12.05:223][410]LogWindows: Error: [Callstack] 0x00007ffb19751f92 UE4Editor-Core.dll!UnknownFunction []
[2018.12.10-08.12.05:223][410]LogWindows: Error: [Callstack] 0x00007ffb19752456 UE4Editor-Core.dll!UnknownFunction []
[2018.12.10-08.12.05:223][410]LogWindows: Error: [Callstack] 0x00007ffb4b4875f9 UE4Editor-RenderCore.dll!UnknownFunction []
[2018.12.10-08.12.05:223][410]LogWindows: Error: [Callstack] 0x00007ffb4b488574 UE4Editor-RenderCore.dll!UnknownFunction []
[2018.12.10-08.12.05:223][410]LogWindows: Error: [Callstack] 0x00007ffb19b96b7c UE4Editor-Core.dll!UnknownFunction []
[2018.12.10-08.12.05:223][410]LogWindows: Error: [Callstack] 0x00007ffb19b917c7 UE4Editor-Core.dll!UnknownFunction []
[2018.12.10-08.12.05:223][410]LogWindows: Error: [Callstack] 0x00007ffb6f1b3034 KERNEL32.DLL!UnknownFunction []
[2018.12.10-08.12.05:223][410]LogWindows: Error: [Callstack] 0x00007ffb6f301471 ntdll.dll!UnknownFunction []
[2018.12.10-08.12.05:223][410]LogWindows: Error: 
[2018.12.10-08.12.05:223][410]LogWindows: Error: 
[2018.12.10-08.12.05:223][410]LogWindows: Error: 
[2018.12.10-08.12.05:223][410]LogWindows: Error: 
[2018.12.10-08.12.05:242][410]LogExit: Executing StaticShutdownAfterError
[2018.12.10-08.12.05:247][410]LogWindows: FPlatformMisc::RequestExit(1)
[2018.12.10-08.12.05:256][410]Log file closed, 12/10/18 03:12:05
