Log file open, 11/13/18 21:31:21
LogWindows: Failed to load 'aqProf.dll' (GetLastError=126)
LogWindows: File 'aqProf.dll' does not exist
LogWindows: Failed to load 'VSPerf140.dll' (GetLastError=126)
LogWindows: File 'VSPerf140.dll' does not exist
LogWindows: Failed to load 'VtuneApi.dll' (GetLastError=126)
LogWindows: File 'VtuneApi.dll' does not exist
LogWindows: Failed to load 'VtuneApi32e.dll' (GetLastError=126)
LogWindows: File 'VtuneApi32e.dll' does not exist
LogInit: Display: Running engine for game: okay
LogPlatformFile: Not using cached read wrapper
LogTaskGraph: Started task graph with 5 named threads and 23 total threads with 3 sets of task threads.
LogStats: Stats thread started at 0.275016
LogD3D11RHI: Loaded GFSDK_Aftermath_Lib.x64.dll
LogICUInternationalization: Display: ICU TimeZone Detection - Raw Offset: -5:00, Platform Override: ''
LogPluginManager: Mounting plugin Paper2D
LogPluginManager: Mounting plugin AISupport
LogPluginManager: Mounting plugin LightPropagationVolume
LogPluginManager: Mounting plugin CLionSourceCodeAccess
LogPluginManager: Mounting plugin CodeLiteSourceCodeAccess
LogPluginManager: Mounting plugin GitSourceControl
LogPluginManager: Mounting plugin KDevelopSourceCodeAccess
LogPluginManager: Mounting plugin NullSourceCodeAccess
LogPluginManager: Mounting plugin PerforceSourceControl
LogPluginManager: Mounting plugin SubversionSourceControl
LogPluginManager: Mounting plugin UObjectPlugin
LogPluginManager: Mounting plugin VisualStudioCodeSourceCodeAccess
LogPluginManager: Mounting plugin VisualStudioSourceCodeAccess
LogPluginManager: Mounting plugin XCodeSourceCodeAccess
LogPluginManager: Mounting plugin AssetManagerEditor
LogPluginManager: Mounting plugin CryptoKeys
LogPluginManager: Mounting plugin DataValidation
LogPluginManager: Mounting plugin FacialAnimation
LogPluginManager: Mounting plugin GameplayTagsEditor
LogPluginManager: Mounting plugin MacGraphicsSwitching
LogPluginManager: Mounting plugin MeshEditor
LogPluginManager: Mounting plugin MobileLauncherProfileWizard
LogPluginManager: Mounting plugin PluginBrowser
LogPluginManager: Mounting plugin SpeedTreeImporter
LogPluginManager: Mounting plugin DatasmithContent
LogPluginManager: Mounting plugin AlembicImporter
LogPluginManager: Mounting plugin AppleImageUtils
LogPluginManager: Mounting plugin AppleVision
LogPluginManager: Mounting plugin BackChannel
LogPluginManager: Mounting plugin CharacterAI
LogPluginManager: Mounting plugin GeometryCache
LogPluginManager: Mounting plugin HTML5Networking
LogPluginManager: Mounting plugin ProxyLODPlugin
LogPluginManager: Mounting plugin RawInput
LogPluginManager: Mounting plugin MagicLeap
LogPluginManager: Mounting plugin MagicLeapEmulator
LogPluginManager: Mounting plugin MagicLeapMedia
LogPluginManager: Mounting plugin AndroidMedia
LogPluginManager: Mounting plugin AvfMedia
LogPluginManager: Mounting plugin ImgMedia
LogPluginManager: Mounting plugin LinearTimecode
LogPluginManager: Mounting plugin MediaCompositing
LogPluginManager: Mounting plugin MediaPlayerEditor
LogPluginManager: Mounting plugin WmfMedia
LogPluginManager: Mounting plugin TcpMessaging
LogPluginManager: Mounting plugin UdpMessaging
LogPluginManager: Mounting plugin ActorSequence
LogPluginManager: Mounting plugin LevelSequenceEditor
LogPluginManager: Mounting plugin MatineeToLevelSequence
LogPluginManager: Mounting plugin NetcodeUnitTest
LogPluginManager: Mounting plugin NUTUnrealEngine4
LogPluginManager: Mounting plugin OnlineSubsystemGooglePlay
LogPluginManager: Mounting plugin OnlineSubsystemIOS
LogPluginManager: Mounting plugin OnlineSubsystem
LogPluginManager: Mounting plugin OnlineSubsystemNull
LogPluginManager: Mounting plugin OnlineSubsystemUtils
LogPluginManager: Mounting plugin LauncherChunkInstaller
LogPluginManager: Mounting plugin AndroidDeviceProfileSelector
LogPluginManager: Mounting plugin AndroidMoviePlayer
LogPluginManager: Mounting plugin AndroidPermission
LogPluginManager: Mounting plugin AppleMoviePlayer
LogPluginManager: Mounting plugin ArchVisCharacter
LogPluginManager: Mounting plugin AudioCapture
LogPluginManager: Mounting plugin CableComponent
LogPluginManager: Mounting plugin CustomMeshComponent
LogPluginManager: Mounting plugin EditableMesh
LogPluginManager: Mounting plugin ExampleDeviceProfileSelector
LogPluginManager: Mounting plugin GoogleCloudMessaging
LogPluginManager: Mounting plugin ImmediatePhysics
LogPluginManager: Mounting plugin IOSDeviceProfileSelector
LogPluginManager: Mounting plugin LinuxDeviceProfileSelector
LogPluginManager: Mounting plugin LocationServicesBPLibrary
LogPluginManager: Mounting plugin MobilePatchingUtils
LogPluginManager: Mounting plugin OculusVR
LogPluginManager: Plugin shader directory ../../../Engine/Plugins/Runtime/Oculus/OculusVR/Shaders found
LogPluginManager: Mapping shader source directory ../../../Engine/Plugins/Runtime/Oculus/OculusVR/Shaders to virtual directory /Plugin/OculusVR
LogPluginManager: Mounting plugin PhysXVehicles
LogPluginManager: Mounting plugin ProceduralMeshComponent
LogPluginManager: Mounting plugin RuntimePhysXCooking
LogPluginManager: Mounting plugin SteamVR
LogPluginManager: Mounting plugin WindowsMoviePlayer
LogStreaming: Display: Took  0.468s to configure plugins.
LogInit: Using libcurl 7.55.1-DEV
LogInit:  - built for x86_64-pc-win32
LogInit:  - supports SSL with OpenSSL/1.0.2h
LogInit:  - supports HTTP deflate (compression) using libz 1.2.8
LogInit:  - other features:
LogInit:      CURL_VERSION_SSL
LogInit:      CURL_VERSION_LIBZ
LogInit:      CURL_VERSION_IPV6
LogInit:      CURL_VERSION_ASYNCHDNS
LogInit:      CURL_VERSION_LARGEFILE
LogInit:      CURL_VERSION_IDN
LogInit:  CurlRequestOptions (configurable via config and command line):
LogInit:  - bVerifyPeer = false  - Libcurl will NOT verify peer certificate
LogInit:  - bUseHttpProxy = false  - Libcurl will NOT use HTTP proxy
LogInit:  - bDontReuseConnections = false  - Libcurl will reuse connections
LogInit:  - CertBundlePath = nullptr  - Libcurl will use whatever was configured at build time.
LogInit:  - MaxHostConnections = 16  - Libcurl will limit the number of connections to a host
LogInit:  - LocalHostAddr = Default
LogInit:  - BufferSize = 65536
LogInit: WinSock: version 1.1 (2.2), MaxSocks=32767, MaxUdp=65467
LogInit: Build: ++UE4+Release-4.20-CL-4302132
LogInit: Engine Version: 4.20.2-4302132+++UE4+Release-4.20
LogInit: Compatible Engine Version: 4.20.0-4212847+++UE4+Release-4.20
LogInit: Net CL: 4212847
LogInit: OS: Windows 10 (), CPU: Intel(R) Core(TM) i7-6700 CPU @ 3.40GHz, GPU: NVIDIA GeForce GTX 970
LogInit: Compiled (64-bit): Aug 21 2018 02:06:06
LogInit: Compiled with Visual C++: 19.13.26129.00
LogInit: Build Configuration: Development
LogInit: Branch Name: ++UE4+Release-4.20
LogInit: Command Line: 
LogInit: Base Directory: D:/UE_4.20/Engine/Binaries/Win64/
LogInit: Installed Engine Build: 1
LogDevObjectVersion: Number of dev versions registered: 20
LogDevObjectVersion:   Dev-Blueprints (B0D832E4-1F89-4F0D-ACCF-7EB736FD4AA2): 10
LogDevObjectVersion:   Dev-Build (E1C64328-A22C-4D53-A36C-8E866417BD8C): 0
LogDevObjectVersion:   Dev-Core (375EC13C-06E4-48FB-B500-84F0262A717E): 2
LogDevObjectVersion:   Dev-Editor (E4B068ED-F494-42E9-A231-DA0B2E46BB41): 24
LogDevObjectVersion:   Dev-Framework (CFFC743F-43B0-4480-9391-14DF171D2073): 34
LogDevObjectVersion:   Dev-Mobile (B02B49B5-BB20-44E9-A304-32B752E40360): 2
LogDevObjectVersion:   Dev-Networking (A4E4105C-59A1-49B5-A7C5-40C4547EDFEE): 0
LogDevObjectVersion:   Dev-Online (39C831C9-5AE6-47DC-9A44-9C173E1C8E7C): 0
LogDevObjectVersion:   Dev-Physics (78F01B33-EBEA-4F98-B9B4-84EACCB95AA2): 0
LogDevObjectVersion:   Dev-Platform (6631380F-2D4D-43E0-8009-CF276956A95A): 0
LogDevObjectVersion:   Dev-Rendering (12F88B9F-8875-4AFC-A67C-D90C383ABD29): 26
LogDevObjectVersion:   Dev-Sequencer (7B5AE74C-D270-4C10-A958-57980B212A5A): 9
LogDevObjectVersion:   Dev-VR (D7296918-1DD6-4BDD-9DE2-64A83CC13884): 2
LogDevObjectVersion:   Dev-LoadTimes (C2A15278-BFE7-4AFE-6C17-90FF531DF755): 1
LogDevObjectVersion:   Private-Geometry (6EACA3D4-40EC-4CC1-B786-8BED09428FC5): 3
LogDevObjectVersion:   Dev-AnimPhys (29E575DD-E0A3-4627-9D10-D276232CDCEA): 17
LogDevObjectVersion:   Dev-ReflectionCapture (6B266CEC-1EC7-4B8F-A30B-E4D90942FC07): 1
LogDevObjectVersion:   Dev-Automation (0DF73D61-A23F-47EA-B727-89E90C41499A): 1
LogDevObjectVersion:   FortniteMain (601D1886-AC64-4F84-AA16-D3DE0DEAC7D6): 12
LogDevObjectVersion:   Dev-Enterprise (9DFFBCD6-494F-0158-E221-12823C92A888): 1
LogStreaming: Display: Took  0.004s to delete old logs.
LogInit: Presizing for max 8388607 objects, including 0 objects not considered by GC, pre-allocating 0 bytes for permanent pool.
LogInit: Object subsystem initialized
[2018.11.14-02.31.21:523][  0]LogInit: Selected Device Profile: [Windows]
[2018.11.14-02.31.21:523][  0]LogInit: Applying CVar settings loaded from the selected device profile: [Windows]
[2018.11.14-02.31.21:541][  0]LogHAL: Display: Platform has ~ 16 GB [17105747968 / 17179869184 / 16], which maps to Larger [LargestMinGB=32, LargerMinGB=12, DefaultMinGB=8, SmallerMinGB=6, SmallestMinGB=0)
[2018.11.14-02.31.21:541][  0]LogInit: Setting Device Profile CVar: [[r.Vulkan.UseRealUBs:1]]
[2018.11.14-02.31.21:541][  0]LogInit: Going up to parent DeviceProfile []
[2018.11.14-02.31.21:542][  0]LogInit: Computer: MUTHAFKNPC
[2018.11.14-02.31.21:542][  0]LogInit: User: lochu
[2018.11.14-02.31.21:542][  0]LogInit: CPU Page size=4096, Cores=4
[2018.11.14-02.31.21:542][  0]LogInit: High frequency timer resolution =3.328124 MHz
[2018.11.14-02.31.21:542][  0]LogMemory: Memory total: Physical=15.9GB (16GB approx)
[2018.11.14-02.31.21:542][  0]LogMemory: Platform Memory Stats for Windows
[2018.11.14-02.31.21:542][  0]LogMemory: Process Physical Memory: 101.48 MB used, 101.48 MB peak
[2018.11.14-02.31.21:542][  0]LogMemory: Process Virtual Memory: 90.95 MB used, 90.95 MB peak
[2018.11.14-02.31.21:542][  0]LogMemory: Physical Memory: 10832.13 MB used,  5481.19 MB free, 16313.31 MB total
[2018.11.14-02.31.21:542][  0]LogMemory: Virtual Memory: 4635.44 MB used,  5481.19 MB free, 134217728.00 MB total
[2018.11.14-02.31.21:560][  0]LogInit: Using OS detected language (en-US).
[2018.11.14-02.31.21:560][  0]LogInit: Using OS detected locale (en-US).
[2018.11.14-02.31.21:560][  0]LogTextLocalizationManager: No specific localization for 'en-US' exists, so the 'en' localization will be used.
[2018.11.14-02.31.21:906][  0]LogStreaming: Display: Took  0.346s to InitEngineTextLocalization.
[2018.11.14-02.31.21:906][  0]LogInit: Setting process to per monitor DPI aware
[2018.11.14-02.31.21:925][  0]LogSlate: New Slate User Created.  User Index 0, Is Virtual User: 0
[2018.11.14-02.31.21:925][  0]LogSlate: Slate User Registered.  User Index 0, Is Virtual User: 0
[2018.11.14-02.31.22:097][  0]LogHMD: Failed to initialize OpenVR with code 110
[2018.11.14-02.31.22:097][  0]LogD3D11RHI: D3D11 adapters:
[2018.11.14-02.31.22:160][  0]LogD3D11RHI:    0. 'NVIDIA GeForce GTX 970' (Feature Level 11_0)
[2018.11.14-02.31.22:160][  0]LogD3D11RHI:       4043/0/8156 MB DedicatedVideo/DedicatedSystem/SharedSystem, Outputs:2, VendorId:0x10de
[2018.11.14-02.31.22:163][  0]LogD3D11RHI:    1. 'Microsoft Basic Render Driver' (Feature Level 11_0)
[2018.11.14-02.31.22:163][  0]LogD3D11RHI:       0/0/8156 MB DedicatedVideo/DedicatedSystem/SharedSystem, Outputs:0, VendorId:0x1414
[2018.11.14-02.31.22:163][  0]LogD3D11RHI: Chosen D3D11 Adapter: 0
[2018.11.14-02.31.22:172][  0]LogD3D11RHI: Creating new Direct3DDevice
[2018.11.14-02.31.22:172][  0]LogD3D11RHI:     GPU DeviceId: 0x13c2 (for the marketing name, search the web for "GPU Device Id")
[2018.11.14-02.31.22:172][  0]LogWindows: EnumDisplayDevices:
[2018.11.14-02.31.22:172][  0]LogWindows:    0. 'NVIDIA GeForce GTX 970' (P:1 D:1)
[2018.11.14-02.31.22:172][  0]LogWindows:    1. 'NVIDIA GeForce GTX 970' (P:0 D:1)
[2018.11.14-02.31.22:173][  0]LogWindows:    2. 'NVIDIA GeForce GTX 970' (P:0 D:0)
[2018.11.14-02.31.22:173][  0]LogWindows:    3. 'NVIDIA GeForce GTX 970' (P:0 D:0)
[2018.11.14-02.31.22:173][  0]LogWindows: DebugString: FoundDriverCount:4 
[2018.11.14-02.31.22:173][  0]LogD3D11RHI:     Adapter Name: NVIDIA GeForce GTX 970
[2018.11.14-02.31.22:173][  0]LogD3D11RHI:   Driver Version: 416.34 (internal:25.21.14.1634, unified:416.34)
[2018.11.14-02.31.22:173][  0]LogD3D11RHI:      Driver Date: 10-10-2018
[2018.11.14-02.31.22:173][  0]LogRHI: Texture pool is 2830 MB (70% of 4043 MB)
[2018.11.14-02.31.22:212][  0]LogD3D11RHI: Async texture creation enabled
[2018.11.14-02.31.22:230][  0]LogD3D11RHI: GPU Timing Frequency: 1000.000000 (Debug: 2 2)
[2018.11.14-02.31.22:281][  0]LogShaderCompilers: Guid format shader working directory is -2 characters bigger than the processId version (../../../../WORK/385/project/385_Boat_Game/okay/Intermediate/Shaders/WorkingDirectory/18948/).
[2018.11.14-02.31.22:281][  0]LogShaderCompilers: Cleaned the shader compiler working directory 'C:/Users/lochu/AppData/Local/Temp/UnrealShaderWorkingDir/06BCAB6042411A76C4DA05B320FFAE9E/'.
[2018.11.14-02.31.22:572][  0]LogTemp: Display: Loaded TP AllDesktopTargetPlatform
[2018.11.14-02.31.22:582][  0]LogTemp: Display: Loaded TP MacClientTargetPlatform
[2018.11.14-02.31.22:594][  0]LogTemp: Display: Loaded TP MacNoEditorTargetPlatform
[2018.11.14-02.31.22:605][  0]LogTemp: Display: Loaded TP MacServerTargetPlatform
[2018.11.14-02.31.22:618][  0]LogTemp: Display: Loaded TP MacTargetPlatform
[2018.11.14-02.31.22:630][  0]LogTemp: Display: Loaded TP WindowsClientTargetPlatform
[2018.11.14-02.31.22:640][  0]LogTemp: Display: Loaded TP WindowsNoEditorTargetPlatform
[2018.11.14-02.31.22:652][  0]LogTemp: Display: Loaded TP WindowsServerTargetPlatform
[2018.11.14-02.31.22:656][  0]LogTemp: Display: Loaded TP WindowsTargetPlatform
[2018.11.14-02.31.22:726][  0]LogTemp: Display: Loaded TP AndroidTargetPlatform
[2018.11.14-02.31.22:726][  0]LogTemp: Display: Loaded TP AndroidTargetPlatform
[2018.11.14-02.31.22:726][  0]LogTemp: Display: Loaded TP AndroidTargetPlatform
[2018.11.14-02.31.22:726][  0]LogTemp: Display: Loaded TP AndroidTargetPlatform
[2018.11.14-02.31.22:726][  0]LogTemp: Display: Loaded TP AndroidTargetPlatform
[2018.11.14-02.31.22:726][  0]LogTemp: Display: Loaded TP AndroidTargetPlatform
[2018.11.14-02.31.22:726][  0]LogTemp: Display: Loaded TP AndroidTargetPlatform
[2018.11.14-02.31.22:726][  0]LogTemp: Display: Loaded TP AndroidTargetPlatform
[2018.11.14-02.31.22:726][  0]LogTemp: Display: Loaded TP AndroidTargetPlatform
[2018.11.14-02.31.22:726][  0]LogTemp: Display: Loaded TP AndroidTargetPlatform
[2018.11.14-02.31.22:726][  0]LogTemp: Display: Loaded TP AndroidTargetPlatform
[2018.11.14-02.31.22:726][  0]LogTemp: Display: Loaded TP AndroidTargetPlatform
[2018.11.14-02.31.22:726][  0]LogTemp: Display: Loaded TP AndroidTargetPlatform
[2018.11.14-02.31.22:726][  0]LogTemp: Display: Loaded TP AndroidTargetPlatform
[2018.11.14-02.31.22:726][  0]LogTemp: Display: Loaded TP AndroidTargetPlatform
[2018.11.14-02.31.22:726][  0]LogTemp: Display: Loaded TP AndroidTargetPlatform
[2018.11.14-02.31.22:726][  0]LogTemp: Display: Loaded TP AndroidTargetPlatform
[2018.11.14-02.31.22:727][  0]LogTemp: Display: Loaded TP AndroidTargetPlatform
[2018.11.14-02.31.22:727][  0]LogTemp: Display: Loaded TP HTML5TargetPlatform
[2018.11.14-02.31.22:786][  0]LogTemp: Display: Loaded TP IOSTargetPlatform
[2018.11.14-02.31.22:786][  0]LogTemp: Display: Loaded TP IOSTargetPlatform
[2018.11.14-02.31.22:816][  0]LogTemp: Display: Loaded TP TVOSTargetPlatform
[2018.11.14-02.31.22:816][  0]LogTemp: Display: Loaded TP TVOSTargetPlatform
[2018.11.14-02.31.22:835][  0]LogTemp: Display: Loaded TP LinuxClientTargetPlatform
[2018.11.14-02.31.22:846][  0]LogTemp: Display: Loaded TP LinuxNoEditorTargetPlatform
[2018.11.14-02.31.22:856][  0]LogTemp: Display: Loaded TP LinuxServerTargetPlatform
[2018.11.14-02.31.22:869][  0]LogTemp: Display: Loaded TP LinuxTargetPlatform
[2018.11.14-02.31.22:876][  0]LogTemp: Display: Loaded TP LuminTargetPlatform
[2018.11.14-02.31.22:876][  0]LogTargetPlatformManager: Display: Building Assets For Windows
[2018.11.14-02.31.22:916][  0]LogXGEController: Cannot use XGE Controller as Incredibuild is not installed on this machine.
[2018.11.14-02.31.22:916][  0]LogShaderCompilers: Cannot use XGE Shader Compiler as Incredibuild is not installed on this machine.
[2018.11.14-02.31.22:916][  0]LogShaderCompilers: Display: Using Local Shader Compiler.
[2018.11.14-02.31.23:566][  0]LogDerivedDataCache: Display: Max Cache Size: 512 MB
[2018.11.14-02.31.23:621][  0]LogDerivedDataCache: Loaded boot cache 0.05s 71MB C:/Users/lochu/AppData/Local/UnrealEngine/4.20/DerivedDataCache/Boot.ddc.
[2018.11.14-02.31.23:621][  0]LogDerivedDataCache: Display: Loaded Boot cache: C:/Users/lochu/AppData/Local/UnrealEngine/4.20/DerivedDataCache/Boot.ddc
[2018.11.14-02.31.23:621][  0]LogDerivedDataCache: FDerivedDataBackendGraph:  Pak pak cache file ../../../../WORK/385/project/385_Boat_Game/okay/DerivedDataCache/DDC.ddp not found, will not use a pak cache.
[2018.11.14-02.31.23:621][  0]LogDerivedDataCache: Unable to find inner node Pak for hierarchical cache Hierarchy.
[2018.11.14-02.31.23:621][  0]LogDerivedDataCache: FDerivedDataBackendGraph:  CompressedPak pak cache file ../../../../WORK/385/project/385_Boat_Game/okay/DerivedDataCache/Compressed.ddp not found, will not use a pak cache.
[2018.11.14-02.31.23:621][  0]LogDerivedDataCache: Unable to find inner node CompressedPak for hierarchical cache Hierarchy.
[2018.11.14-02.31.23:634][  0]LogDerivedDataCache: Display: Pak cache opened for reading ../../../Engine/DerivedDataCache/Compressed.ddp.
[2018.11.14-02.31.23:647][  0]LogDerivedDataCache: Using Local data cache path C:/Users/lochu/AppData/Local/UnrealEngine/Common/DerivedDataCache: Writable
[2018.11.14-02.31.23:647][  0]LogDerivedDataCache: Shared data cache path not found in *engine.ini, will not use an Shared cache.
[2018.11.14-02.31.23:647][  0]LogDerivedDataCache: Unable to find inner node Shared for hierarchical cache Hierarchy.
[2018.11.14-02.31.23:665][  0]LogMaterial: Verifying Global Shaders for PCD3D_SM5
[2018.11.14-02.31.23:666][  0]LogSlate: Using FreeType 2.6.0
[2018.11.14-02.31.23:667][  0]LogSlate: SlateFontServices - WITH_FREETYPE: 1, WITH_HARFBUZZ: 1
[2018.11.14-02.31.23:736][  0]LogAssetRegistry: FAssetRegistry took 0.0260 seconds to start up
[2018.11.14-02.31.24:030][  0]LogInit: Selected Device Profile: [Windows]
[2018.11.14-02.31.24:147][  0]LogSimplygon: Simplygon DLL not present - disabling.
[2018.11.14-02.31.24:150][  0]LogMeshReduction: Using SimplygonSwarm for distributed automatic mesh merging
[2018.11.14-02.31.24:150][  0]LogMeshReduction: Using ProxyLODMeshReduction for automatic mesh merging
[2018.11.14-02.31.24:150][  0]LogMeshReduction: Using QuadricMeshReduction for automatic static mesh reduction
[2018.11.14-02.31.24:150][  0]LogMeshReduction: No automatic skeletal mesh reduction module available
[2018.11.14-02.31.24:170][  0]LogNetVersion: okay 1.0.0, NetCL: 4212847, EngineNetVer: 5, GameNetVer: 0 (Checksum: 1209445407)
[2018.11.14-02.31.24:768][  0]LogPackageLocalizationCache: Processed 11 localized package path(s) for 2 prioritized culture(s) in 0.220128 seconds
[2018.11.14-02.31.24:774][  0]LogUObjectArray: 38425 objects as part of root set at end of initial load.
[2018.11.14-02.31.24:774][  0]LogUObjectAllocator: 6690864 out of 0 bytes used by permanent object pool.
[2018.11.14-02.31.24:774][  0]LogUObjectArray: CloseDisregardForGC: 0/0 objects in disregard for GC pool
[2018.11.14-02.31.25:517][  0]LogTcpMessaging: Initializing TcpMessaging bridge
[2018.11.14-02.31.25:531][  0]LogUdpMessaging: Initializing bridge on interface 0.0.0.0:0 to multicast group 230.0.0.1:6666.
[2018.11.14-02.31.25:676][  0]SourceControl: Source control is disabled
[2018.11.14-02.31.25:676][  0]SourceControl: Source control is disabled
[2018.11.14-02.31.25:677][  0]SourceControl: Source control is disabled
[2018.11.14-02.31.25:678][  0]SourceControl: Source control is disabled
[2018.11.14-02.31.25:904][  0]LogAndroidPermission: UAndroidPermissionCallbackProxy::GetInstance
[2018.11.14-02.31.26:016][  0]LogOcInput: OculusInput pre-init called
[2018.11.14-02.31.26:069][  0]LogEngine: Initializing Engine...
[2018.11.14-02.31.26:070][  0]LogHMD: Failed to initialize OpenVR with code 110
[2018.11.14-02.31.26:070][  0]LogStats: UGameplayTagsManager::ConstructGameplayTagTree: ImportINI prefixes -  0.000 s
[2018.11.14-02.31.26:070][  0]LogStats: UGameplayTagsManager::ConstructGameplayTagTree: Construct from data asset -  0.000 s
[2018.11.14-02.31.26:071][  0]LogStats: UGameplayTagsManager::ConstructGameplayTagTree: ImportINI -  0.000 s
[2018.11.14-02.31.26:071][  0]LogStats: UGameplayTagsManager::ConstructGameplayTagTree: GameplayTagTreeChangedEvent.Broadcast -  0.000 s
[2018.11.14-02.31.26:267][  0]LogInit: Initializing FReadOnlyCVARCache
[2018.11.14-02.31.26:276][  0]LogAIModule: Creating AISystem for world Untitled
[2018.11.14-02.31.26:309][  0]LogInit: XAudio2 using 'Speakers (Realtek High Definition Audio)' : 2 channels at 48 kHz using 32 bits per sample (channel mask 0x3)
[2018.11.14-02.31.26:329][  0]LogInit: FAudioDevice initialized.
[2018.11.14-02.31.26:329][  0]LogNetVersion: Set ProjectVersion to 1.0.0.0. Version Checksum will be recalculated on next use.
[2018.11.14-02.31.26:938][  0]LogDerivedDataCache: Saved boot cache 0.61s 71MB C:/Users/lochu/AppData/Local/UnrealEngine/4.20/DerivedDataCache/Boot.ddc.
[2018.11.14-02.31.26:947][  0]LogInit: Texture streaming: Enabled
[2018.11.14-02.31.26:966][  0]LogEngineSessionManager: EngineSessionManager initialized
[2018.11.14-02.31.26:966][  0]LogEngineSessionManager: EngineSessionManager sent abnormal shutdown report. Type=AbnormalShutdown, SessionId={6CFBDF2D-4A92-BE4C-35DF-C3BFC5E0CF45}
[2018.11.14-02.31.26:978][  0]LogInit: Transaction tracking system initialized
[2018.11.14-02.31.26:990][  0]BlueprintLog: New page: Editor Load
[2018.11.14-02.31.27:038][  0]LocalizationService: Localization service is disabled
[2018.11.14-02.31.27:350][  0]LogCook: Display: Max memory allowance for cook 16384mb min free memory 0mb
[2018.11.14-02.31.27:350][  0]LogCook: Display: Mobile HDR setting 1
[2018.11.14-02.31.27:350][  0]LogGameplayTags: Display: UGameplayTagsManager::DoneAddingNativeTags. DelegateIsBound: 0
[2018.11.14-02.31.27:350][  0]LogStats: UGameplayTagsManager::ConstructGameplayTagTree: ImportINI prefixes -  0.000 s
[2018.11.14-02.31.27:350][  0]LogStats: UGameplayTagsManager::ConstructGameplayTagTree: Construct from data asset -  0.000 s
[2018.11.14-02.31.27:350][  0]LogStats: UGameplayTagsManager::ConstructGameplayTagTree: ImportINI -  0.000 s
[2018.11.14-02.31.27:350][  0]LogStats: UGameplayTagsManager::ConstructGameplayTagTree: GameplayTagTreeChangedEvent.Broadcast -  0.000 s
[2018.11.14-02.31.27:443][  0]LogFileCache: Scanning file cache for directory 'D:/WORK/385/project/385_Boat_Game/okay/Content/' took 0.01s
[2018.11.14-02.31.27:443][  0]SourceControl: Source control is disabled
[2018.11.14-02.31.27:565][  0]LogSlate: Took 0.000166 seconds to synchronously load lazily loaded font '../../../Engine/Content/Slate/Fonts/Roboto-Regular.ttf' (155K)
[2018.11.14-02.31.48:152][  0]LogSlate: Window 'Restore Packages' being destroyed
[2018.11.14-02.31.48:153][  0]LogWindowsTextInputMethodSystem: Display: IME system now deactivated.
[2018.11.14-02.31.48:189][  0]LogWindowsTextInputMethodSystem: Display: IME system now deactivated.
[2018.11.14-02.31.51:084][  0]LogSlate: Window 'Unable to Check Out From Source Control!' being destroyed
[2018.11.14-02.31.51:085][  0]LogWindowsTextInputMethodSystem: Display: IME system now deactivated.
[2018.11.14-02.31.52:305][  0]LogWindowsTextInputMethodSystem: Display: IME system now deactivated.
[2018.11.14-02.31.52:307][  0]Cmd: MAP LOAD FILE="../../../../WORK/385/project/385_Boat_Game/okay/Content/VehicleBP/Maps/VehicleExampleMap.umap" TEMPLATE=0 SHOWPROGRESS=1 FEATURELEVEL=3
[2018.11.14-02.31.52:308][  0]LightingResults: New page: Lighting Build
[2018.11.14-02.31.52:312][  0]MapCheck: New page: Map Check
[2018.11.14-02.31.52:312][  0]LightingResults: New page: Lighting Build
[2018.11.14-02.31.55:054][  0]LogAIModule: Creating AISystem for world VehicleExampleMap
[2018.11.14-02.32.01:152][  0]LogEditorServer: Finished looking for orphan Actors (0.000 secs)
[2018.11.14-02.32.01:205][  0]Cmd: MAP CHECKDEP NOCLEARLOG
[2018.11.14-02.32.01:252][  0]MapCheck: Map check complete: 0 Error(s), 0 Warning(s), took 46.772ms to complete.
[2018.11.14-02.32.01:252][  0]LogFileHelpers: Loading map 'VehicleExampleMap' took 8.945
[2018.11.14-02.32.01:517][  0]LogSlate: Updating window title bar state: overlay mode, drag disabled, window buttons hidden, title bar hidden
[2018.11.14-02.32.01:541][  0]LogSlate: Updating window title bar state: overlay mode, drag disabled, window buttons hidden, title bar hidden
[2018.11.14-02.32.01:555][  0]LogSlate: Updating window title bar state: overlay mode, drag disabled, window buttons hidden, title bar hidden
[2018.11.14-02.32.01:564][  0]LogSlate: Updating window title bar state: overlay mode, drag disabled, window buttons hidden, title bar hidden
[2018.11.14-02.32.01:630][  0]LogCollectionManager: Loaded 0 collections in 0.001887 seconds
[2018.11.14-02.32.01:744][  0]LogFileCache: Scanning file cache for directory 'D:/WORK/385/project/385_Boat_Game/okay/Saved/Collections/' took 0.01s
[2018.11.14-02.32.01:744][  0]LogFileCache: Scanning file cache for directory 'D:/WORK/385/project/385_Boat_Game/okay/Content/Developers/lochu/Collections/' took 0.01s
[2018.11.14-02.32.01:744][  0]LogFileCache: Scanning file cache for directory 'D:/WORK/385/project/385_Boat_Game/okay/Content/Collections/' took 0.01s
[2018.11.14-02.32.01:744][  0]LogCollectionManager: Rebuilt the GUID cache for 0 collections in 0.000001 seconds
[2018.11.14-02.32.01:771][  0]LogContentBrowser: Native class hierarchy populated in 0.0239 seconds. Added 2574 classes and 606 folders.
[2018.11.14-02.32.01:816][  0]LogContentBrowser: Native class hierarchy updated for 'WidgetCarousel' in 0.0006 seconds. Added 0 classes and 0 folders.
[2018.11.14-02.32.02:935][  0]LogContentBrowser: Native class hierarchy updated for 'AddContentDialog' in 0.0003 seconds. Added 0 classes and 0 folders.
[2018.11.14-02.32.02:969][  0]LogContentBrowser: Native class hierarchy updated for 'SceneOutliner' in 0.0005 seconds. Added 1 classes and 2 folders.
[2018.11.14-02.32.03:105][  0]LogSlate: Took 0.000355 seconds to synchronously load lazily loaded font '../../../Engine/Content/Slate/Fonts/Roboto-Bold.ttf' (160K)
[2018.11.14-02.32.03:119][  0]LogSlate: Took 0.002415 seconds to synchronously load lazily loaded font '../../../Engine/Content/Editor/Slate/Fonts/FontAwesome.ttf' (139K)
[2018.11.14-02.32.03:318][  0]LogRenderer: Reallocating scene render targets to support 1208x600 Format 10 NumSamples 1 (Frame:1).
[2018.11.14-02.32.03:557][  0]LogContentBrowser: Native class hierarchy updated for 'HierarchicalLODOutliner' in 0.0002 seconds. Added 0 classes and 0 folders.
[2018.11.14-02.32.03:557][  0]LogLoad: (Engine Initialization) Total time: 43.94 seconds
[2018.11.14-02.32.03:557][  0]LogLoad: (Engine Initialization) Total Blueprint compile time: 0.00 seconds
[2018.11.14-02.32.03:605][  0]LogRawInputWindows: Warning: Found device 0 devices
[2018.11.14-02.32.03:605][  0]LogRawInputWindows: Warning: Found device 0 devices
[2018.11.14-02.32.03:605][  0]LogRawInputWindows: Warning: Device was registered succesfully but not connected (Usage:4 UsagePage:1)
[2018.11.14-02.32.03:605][  0]LogRawInputWindows: Warning: Found device 1 devices
[2018.11.14-02.32.03:605][  0]LogRawInputWindows: Warning: Device was registered succesfully but not connected (Usage:5 UsagePage:1)
[2018.11.14-02.32.03:643][  0]LogContentStreaming: Texture pool size now 1000 MB
[2018.11.14-02.32.03:809][  2]LogAssetRegistry: Asset discovery search completed in 40.0953 seconds
[2018.11.14-02.32.03:811][  2]LogCollectionManager: Rebuilt the object cache for 0 collections in 0.000001 seconds (found 0 objects)
[2018.11.14-02.32.03:811][  2]LogCollectionManager: Fixed up redirectors for 0 collections in 0.000053 seconds (updated 0 objects)
[2018.11.14-02.32.04:623][ 79]LogSlate: Took 0.013094 seconds to synchronously load lazily loaded font '../../../Engine/Content/Slate/Fonts/Roboto-Light.ttf' (167K)
[2018.11.14-02.32.07:710][442]LogSlate: Took 0.000163 seconds to synchronously load lazily loaded font '../../../Engine/Content/Slate/Fonts/Roboto-Light.ttf' (167K)
[2018.11.14-02.32.12:513][988]LogSlate: FSceneViewport::OnFocusLost() reason 0
[2018.11.14-02.32.13:042][  1]LogAssetEditorManager: Opening Asset editor for Blueprint /Game/Vehicle/low_poly/BP_low_poly.BP_low_poly
[2018.11.14-02.32.13:971][  1]LogContentBrowser: Native class hierarchy updated for 'BlueprintGraph' in 0.0018 seconds. Added 116 classes and 0 folders.
[2018.11.14-02.32.14:906][  1]LogAssetEditorManager: Opening Asset editor for PhysicsAsset /Game/Vehicle/low_poly/low_tug_boat_PhysicsAsset.low_tug_boat_PhysicsAsset
[2018.11.14-02.32.14:977][  1]LogContentBrowser: Native class hierarchy updated for 'PhysicsAssetEditor' in 0.0003 seconds. Added 7 classes and 3 folders.
[2018.11.14-02.32.14:987][  1]LogContentBrowser: Native class hierarchy updated for 'SkeletonEditor' in 0.0002 seconds. Added 1 classes and 2 folders.
[2018.11.14-02.32.15:421][  1]LogActorComponent: RegisterComponentWithWorld: (/Engine/Transient.World_1:PersistentLevel.AnimationEditorPreviewActor_0.PhysicsAssetEditorSkeletalMeshComponent_0) Already registered. Aborting.
[2018.11.14-02.32.15:469][  1]LogContentBrowser: Native class hierarchy updated for 'PinnedCommandList' in 0.0003 seconds. Added 1 classes and 0 folders.
[2018.11.14-02.32.16:514][  1]LogSlate: Took 0.003377 seconds to synchronously load lazily loaded font '../../../Engine/Content/Slate/Fonts/Roboto-BoldCondensed.ttf' (158K)
[2018.11.14-02.32.16:586][  1]LogContentBrowser: Native class hierarchy updated for 'ClothingSystemEditorInterface' in 0.0002 seconds. Added 1 classes and 0 folders.
[2018.11.14-02.32.16:650][  2]LogRenderer: Reallocating scene render targets to support 1208x928 Format 10 NumSamples 1 (Frame:1).
[2018.11.14-02.32.24:200][750]LogSlate: FSceneViewport::OnFocusLost() reason 0
[2018.11.14-02.32.27:769][153]LogSlate: FSceneViewport::OnFocusLost() reason 0
[2018.11.14-02.32.29:035][165]LogSavePackage: Moving '../../../../WORK/385/project/385_Boat_Game/okay/Saved/VehicleExampleMapA35CFF8F48B005205458AE8C55993B25.tmp' to '../../../../WORK/385/project/385_Boat_Game/okay/Content/VehicleBP/Maps/VehicleExampleMap.umap'
[2018.11.14-02.32.29:081][165]Cmd: OBJ SAVEPACKAGE PACKAGE="/Game/VehicleBP/Maps/VehicleExampleMap_BuiltData" FILE="../../../../WORK/385/project/385_Boat_Game/okay/Content/VehicleBP/Maps/VehicleExampleMap_BuiltData.uasset" SILENT=true
[2018.11.14-02.32.30:243][165]LogSavePackage: Moving '../../../../WORK/385/project/385_Boat_Game/okay/Saved/VehicleExampleMap_BuiltData1FC6B3784B3EC5CBEB97A1A913F4827C.tmp' to '../../../../WORK/385/project/385_Boat_Game/okay/Content/VehicleBP/Maps/VehicleExampleMap_BuiltData.uasset'
[2018.11.14-02.32.35:606][661]LogSlate: FSceneViewport::OnFocusLost() reason 2
[2018.11.14-02.32.36:660][786]LogBlueprintUserMessages: Early PlayInEditor Detection: Level '/Game/VehicleBP/Maps/VehicleExampleMap.VehicleExampleMap:PersistentLevel' has LevelScriptBlueprint '/Game/VehicleBP/Maps/VehicleExampleMap.VehicleExampleMap:PersistentLevel.VehicleExampleMap' with GeneratedClass '/Game/VehicleBP/Maps/VehicleExampleMap.VehicleExampleMap_C' with ClassGeneratedBy '/Game/VehicleBP/Maps/VehicleExampleMap.VehicleExampleMap:PersistentLevel.VehicleExampleMap'
[2018.11.14-02.32.36:683][786]LogPlayLevel: PlayLevel: No blueprints needed recompiling
[2018.11.14-02.32.36:733][786]PIE: New page: SIE session: VehicleExampleMap (Nov 13, 2018, 4:32:36 PM)
[2018.11.14-02.32.36:733][786]LogPlayLevel: Creating play world package: /Game/VehicleBP/Maps/UEDPIE_0_VehicleExampleMap
[2018.11.14-02.32.36:809][786]LogPlayLevel: PIE: StaticDuplicateObject took: (0.075891s)
[2018.11.14-02.32.36:810][786]LogAIModule: Creating AISystem for world VehicleExampleMap
[2018.11.14-02.32.36:810][786]LogPlayLevel: PIE: World Init took: (0.000832s)
[2018.11.14-02.32.36:810][786]LogPlayLevel: PIE: Created PIE world by copying editor world from /Game/VehicleBP/Maps/VehicleExampleMap.VehicleExampleMap to /Game/VehicleBP/Maps/UEDPIE_0_VehicleExampleMap.VehicleExampleMap (0.076870s)
[2018.11.14-02.32.36:860][786]LogInit: XAudio2 using 'Speakers (Realtek High Definition Audio)' : 2 channels at 48 kHz using 32 bits per sample (channel mask 0x3)
[2018.11.14-02.32.36:874][786]LogInit: FAudioDevice initialized.
[2018.11.14-02.32.36:874][786]LogSlate: FSceneViewport::OnFocusLost() reason 2
[2018.11.14-02.32.36:932][786]LogLoad: Game class is 'VehicleGameMode_C'
[2018.11.14-02.32.36:969][786]LogWorld: Bringing World /Game/VehicleBP/Maps/UEDPIE_0_VehicleExampleMap.VehicleExampleMap up for play (max tick rate 0) at 2018.11.13-21.32.36
[2018.11.14-02.32.36:983][786]LogWorld: Bringing up level for play took: 0.040650
[2018.11.14-02.32.37:052][786]LogContentBrowser: Native class hierarchy updated for 'MovieSceneCapture' in 0.0005 seconds. Added 10 classes and 0 folders.
[2018.11.14-02.32.37:061][786]PIE: Play in editor start time for /Game/VehicleBP/Maps/UEDPIE_0_VehicleExampleMap 0.963
[2018.11.14-02.32.37:081][786]LogBlueprintUserMessages: Late PlayInEditor Detection: Level '/Game/VehicleBP/Maps/VehicleExampleMap.VehicleExampleMap:PersistentLevel' has LevelScriptBlueprint '/Game/VehicleBP/Maps/VehicleExampleMap.VehicleExampleMap:PersistentLevel.VehicleExampleMap' with GeneratedClass '/Game/VehicleBP/Maps/VehicleExampleMap.VehicleExampleMap_C' with ClassGeneratedBy '/Game/VehicleBP/Maps/VehicleExampleMap.VehicleExampleMap:PersistentLevel.VehicleExampleMap'
[2018.11.14-02.32.40:248][ 16]LogBlueprintUserMessages: Early EndPlayMap Detection: Level '/Game/VehicleBP/Maps/VehicleExampleMap.VehicleExampleMap:PersistentLevel' has LevelScriptBlueprint '/Game/VehicleBP/Maps/VehicleExampleMap.VehicleExampleMap:PersistentLevel.VehicleExampleMap' with GeneratedClass '/Game/VehicleBP/Maps/VehicleExampleMap.VehicleExampleMap_C' with ClassGeneratedBy '/Game/VehicleBP/Maps/VehicleExampleMap.VehicleExampleMap:PersistentLevel.VehicleExampleMap'
[2018.11.14-02.32.40:264][ 16]LogSlate: Updating window title bar state: overlay mode, drag disabled, window buttons hidden, title bar hidden
[2018.11.14-02.32.40:315][ 16]LogPlayLevel: Display: Shutting down PIE online subsystems
[2018.11.14-02.32.40:315][ 16]LogBlueprintUserMessages: Late EndPlayMap Detection: Level '/Game/VehicleBP/Maps/VehicleExampleMap.VehicleExampleMap:PersistentLevel' has LevelScriptBlueprint '/Game/VehicleBP/Maps/VehicleExampleMap.VehicleExampleMap:PersistentLevel.VehicleExampleMap' with GeneratedClass '/Game/VehicleBP/Maps/VehicleExampleMap.VehicleExampleMap_C' with ClassGeneratedBy '/Game/VehicleBP/Maps/VehicleExampleMap.VehicleExampleMap:PersistentLevel.VehicleExampleMap'
[2018.11.14-02.32.40:342][ 16]LogSlate: Updating window title bar state: overlay mode, drag disabled, window buttons hidden, title bar hidden
[2018.11.14-02.32.40:357][ 17]LogPlayLevel: Display: Destroying online subsystem :Context_6
[2018.11.14-02.32.43:587][393]LogSlate: FSceneViewport::OnFocusLost() reason 0
[2018.11.14-02.32.46:816][764]LogAssetEditorManager: Opening Asset editor for Blueprint /Game/Vehicle/low_poly/BP_wheel.BP_wheel
[2018.11.14-02.33.01:469][446]LogSlate: FSceneViewport::OnFocusLost() reason 0
[2018.11.14-02.33.05:774][954]LogAssetEditorManager: Opening Asset editor for Blueprint /Game/Vehicle/low_poly/BP_low_poly.BP_low_poly
[2018.11.14-02.33.17:739][331]LogSlate: Took 0.008771 seconds to synchronously load lazily loaded font '../../../Engine/Content/Slate/Fonts/Roboto-Italic.ttf' (157K)
[2018.11.14-02.33.41:641][183]LogAssetEditorManager: Opening Asset editor for Blueprint /Game/Vehicle/low_poly/BP_wheel.BP_wheel
[2018.11.14-02.33.48:884][  8]LogTemp: Repeating last play command: Simulate
[2018.11.14-02.33.48:899][  8]LogBlueprintUserMessages: Early PlayInEditor Detection: Level '/Game/VehicleBP/Maps/VehicleExampleMap.VehicleExampleMap:PersistentLevel' has LevelScriptBlueprint '/Game/VehicleBP/Maps/VehicleExampleMap.VehicleExampleMap:PersistentLevel.VehicleExampleMap' with GeneratedClass '/Game/VehicleBP/Maps/VehicleExampleMap.VehicleExampleMap_C' with ClassGeneratedBy '/Game/VehicleBP/Maps/VehicleExampleMap.VehicleExampleMap:PersistentLevel.VehicleExampleMap'
[2018.11.14-02.33.48:899][  8]LogPlayLevel: PlayLevel: No blueprints needed recompiling
[2018.11.14-02.33.48:899][  8]PIE: New page: SIE session: VehicleExampleMap (Nov 13, 2018, 4:33:48 PM)
[2018.11.14-02.33.48:899][  8]LogPlayLevel: Creating play world package: /Game/VehicleBP/Maps/UEDPIE_0_VehicleExampleMap
[2018.11.14-02.33.48:947][  8]LogPlayLevel: PIE: StaticDuplicateObject took: (0.047954s)
[2018.11.14-02.33.48:948][  8]LogAIModule: Creating AISystem for world VehicleExampleMap
[2018.11.14-02.33.48:949][  8]LogPlayLevel: PIE: World Init took: (0.001011s)
[2018.11.14-02.33.48:949][  8]LogPlayLevel: PIE: Created PIE world by copying editor world from /Game/VehicleBP/Maps/VehicleExampleMap.VehicleExampleMap to /Game/VehicleBP/Maps/UEDPIE_0_VehicleExampleMap.VehicleExampleMap (0.049185s)
[2018.11.14-02.33.48:999][  8]LogInit: XAudio2 using 'Speakers (Realtek High Definition Audio)' : 2 channels at 48 kHz using 32 bits per sample (channel mask 0x3)
[2018.11.14-02.33.49:013][  8]LogInit: FAudioDevice initialized.
[2018.11.14-02.33.49:048][  8]LogLoad: Game class is 'VehicleGameMode_C'
[2018.11.14-02.33.49:059][  8]LogWorld: Bringing World /Game/VehicleBP/Maps/UEDPIE_0_VehicleExampleMap.VehicleExampleMap up for play (max tick rate 0) at 2018.11.13-21.33.49
[2018.11.14-02.33.49:060][  8]LogWorld: Bringing up level for play took: 0.009571
[2018.11.14-02.33.49:072][  8]PIE: Play in editor start time for /Game/VehicleBP/Maps/UEDPIE_0_VehicleExampleMap 0.974
[2018.11.14-02.33.49:074][  8]LogBlueprintUserMessages: Late PlayInEditor Detection: Level '/Game/VehicleBP/Maps/VehicleExampleMap.VehicleExampleMap:PersistentLevel' has LevelScriptBlueprint '/Game/VehicleBP/Maps/VehicleExampleMap.VehicleExampleMap:PersistentLevel.VehicleExampleMap' with GeneratedClass '/Game/VehicleBP/Maps/VehicleExampleMap.VehicleExampleMap_C' with ClassGeneratedBy '/Game/VehicleBP/Maps/VehicleExampleMap.VehicleExampleMap:PersistentLevel.VehicleExampleMap'
[2018.11.14-02.33.51:831][247]LogEditorViewport: Clicking on Actor (LMB): BP_low_poly_C (BP_low_poly)
[2018.11.14-02.33.54:398][448]LogSlate: FSceneViewport::OnFocusLost() reason 0
[2018.11.14-02.33.54:575][469]LogBlueprintUserMessages: Early EndPlayMap Detection: Level '/Game/VehicleBP/Maps/VehicleExampleMap.VehicleExampleMap:PersistentLevel' has LevelScriptBlueprint '/Game/VehicleBP/Maps/VehicleExampleMap.VehicleExampleMap:PersistentLevel.VehicleExampleMap' with GeneratedClass '/Game/VehicleBP/Maps/VehicleExampleMap.VehicleExampleMap_C' with ClassGeneratedBy '/Game/VehicleBP/Maps/VehicleExampleMap.VehicleExampleMap:PersistentLevel.VehicleExampleMap'
[2018.11.14-02.33.54:576][469]LogSlate: Updating window title bar state: overlay mode, drag disabled, window buttons hidden, title bar hidden
[2018.11.14-02.33.54:615][469]LogPlayLevel: Display: Shutting down PIE online subsystems
[2018.11.14-02.33.54:615][469]LogBlueprintUserMessages: Late EndPlayMap Detection: Level '/Game/VehicleBP/Maps/VehicleExampleMap.VehicleExampleMap:PersistentLevel' has LevelScriptBlueprint '/Game/VehicleBP/Maps/VehicleExampleMap.VehicleExampleMap:PersistentLevel.VehicleExampleMap' with GeneratedClass '/Game/VehicleBP/Maps/VehicleExampleMap.VehicleExampleMap_C' with ClassGeneratedBy '/Game/VehicleBP/Maps/VehicleExampleMap.VehicleExampleMap:PersistentLevel.VehicleExampleMap'
[2018.11.14-02.33.54:643][469]LogSlate: Updating window title bar state: overlay mode, drag disabled, window buttons hidden, title bar hidden
[2018.11.14-02.33.54:689][472]LogPlayLevel: Display: Destroying online subsystem :Context_11
[2018.11.14-02.33.57:370][572]LogSlate: Window 'Save Content' being destroyed
[2018.11.14-02.33.57:375][572]LogPlayLevel: Warning: PIE failed because map save was canceled
[2018.11.14-02.33.57:375][572]PIE: Warning: PIE failed because map save was canceled
[2018.11.14-02.34.01:026][  8]LogEditorViewport: Clicking on Actor (LMB): BP_low_poly_C (BP_low_poly)
[2018.11.14-02.34.02:206][141]LogSlate: FSceneViewport::OnFocusLost() reason 2
[2018.11.14-02.34.03:143][252]LogBlueprintUserMessages: Early PlayInEditor Detection: Level '/Game/VehicleBP/Maps/VehicleExampleMap.VehicleExampleMap:PersistentLevel' has LevelScriptBlueprint '/Game/VehicleBP/Maps/VehicleExampleMap.VehicleExampleMap:PersistentLevel.VehicleExampleMap' with GeneratedClass '/Game/VehicleBP/Maps/VehicleExampleMap.VehicleExampleMap_C' with ClassGeneratedBy '/Game/VehicleBP/Maps/VehicleExampleMap.VehicleExampleMap:PersistentLevel.VehicleExampleMap'
[2018.11.14-02.34.03:143][252]LogPlayLevel: PlayLevel: No blueprints needed recompiling
[2018.11.14-02.34.03:143][252]PIE: New page: SIE session: VehicleExampleMap (Nov 13, 2018, 4:34:03 PM)
[2018.11.14-02.34.03:143][252]LogPlayLevel: Creating play world package: /Game/VehicleBP/Maps/UEDPIE_0_VehicleExampleMap
[2018.11.14-02.34.03:190][252]LogPlayLevel: PIE: StaticDuplicateObject took: (0.046206s)
[2018.11.14-02.34.03:191][252]LogAIModule: Creating AISystem for world VehicleExampleMap
[2018.11.14-02.34.03:191][252]LogPlayLevel: PIE: World Init took: (0.001015s)
[2018.11.14-02.34.03:191][252]LogPlayLevel: PIE: Created PIE world by copying editor world from /Game/VehicleBP/Maps/VehicleExampleMap.VehicleExampleMap to /Game/VehicleBP/Maps/UEDPIE_0_VehicleExampleMap.VehicleExampleMap (0.047459s)
[2018.11.14-02.34.03:235][252]LogInit: XAudio2 using 'Speakers (Realtek High Definition Audio)' : 2 channels at 48 kHz using 32 bits per sample (channel mask 0x3)
[2018.11.14-02.34.03:251][252]LogInit: FAudioDevice initialized.
[2018.11.14-02.34.03:252][252]LogSlate: FSceneViewport::OnFocusLost() reason 2
[2018.11.14-02.34.03:285][252]LogLoad: Game class is 'VehicleGameMode_C'
[2018.11.14-02.34.03:295][252]LogWorld: Bringing World /Game/VehicleBP/Maps/UEDPIE_0_VehicleExampleMap.VehicleExampleMap up for play (max tick rate 0) at 2018.11.13-21.34.03
[2018.11.14-02.34.03:296][252]LogWorld: Bringing up level for play took: 0.009685
[2018.11.14-02.34.03:309][252]PIE: Play in editor start time for /Game/VehicleBP/Maps/UEDPIE_0_VehicleExampleMap -0.788
[2018.11.14-02.34.03:316][252]LogBlueprintUserMessages: Late PlayInEditor Detection: Level '/Game/VehicleBP/Maps/VehicleExampleMap.VehicleExampleMap:PersistentLevel' has LevelScriptBlueprint '/Game/VehicleBP/Maps/VehicleExampleMap.VehicleExampleMap:PersistentLevel.VehicleExampleMap' with GeneratedClass '/Game/VehicleBP/Maps/VehicleExampleMap.VehicleExampleMap_C' with ClassGeneratedBy '/Game/VehicleBP/Maps/VehicleExampleMap.VehicleExampleMap:PersistentLevel.VehicleExampleMap'
[2018.11.14-02.34.05:872][497]LogSlate: FSceneViewport::OnFocusLost() reason 0
[2018.11.14-02.34.05:974][509]LogBlueprintUserMessages: Early EndPlayMap Detection: Level '/Game/VehicleBP/Maps/VehicleExampleMap.VehicleExampleMap:PersistentLevel' has LevelScriptBlueprint '/Game/VehicleBP/Maps/VehicleExampleMap.VehicleExampleMap:PersistentLevel.VehicleExampleMap' with GeneratedClass '/Game/VehicleBP/Maps/VehicleExampleMap.VehicleExampleMap_C' with ClassGeneratedBy '/Game/VehicleBP/Maps/VehicleExampleMap.VehicleExampleMap:PersistentLevel.VehicleExampleMap'
[2018.11.14-02.34.05:975][509]LogSlate: Updating window title bar state: overlay mode, drag disabled, window buttons hidden, title bar hidden
[2018.11.14-02.34.06:009][509]LogPlayLevel: Display: Shutting down PIE online subsystems
[2018.11.14-02.34.06:009][509]LogBlueprintUserMessages: Late EndPlayMap Detection: Level '/Game/VehicleBP/Maps/VehicleExampleMap.VehicleExampleMap:PersistentLevel' has LevelScriptBlueprint '/Game/VehicleBP/Maps/VehicleExampleMap.VehicleExampleMap:PersistentLevel.VehicleExampleMap' with GeneratedClass '/Game/VehicleBP/Maps/VehicleExampleMap.VehicleExampleMap_C' with ClassGeneratedBy '/Game/VehicleBP/Maps/VehicleExampleMap.VehicleExampleMap:PersistentLevel.VehicleExampleMap'
[2018.11.14-02.34.06:038][509]LogSlate: Updating window title bar state: overlay mode, drag disabled, window buttons hidden, title bar hidden
[2018.11.14-02.34.06:081][512]LogPlayLevel: Display: Destroying online subsystem :Context_12
[2018.11.14-02.34.07:045][626]LogEditorViewport: Clicking on Actor (LMB): BP_low_poly_C (BP_low_poly)
[2018.11.14-02.34.09:902][945]LogSlate: FSceneViewport::OnFocusLost() reason 0
[2018.11.14-02.34.10:552][ 16]LogAssetEditorManager: Opening Asset editor for Blueprint /Game/Vehicle/low_poly/BP_wheel.BP_wheel
[2018.11.14-02.34.15:775][605]BlueprintLog: New page: Compile BP_wheel
[2018.11.14-02.34.16:273][658]Cmd: OBJ SAVEPACKAGE PACKAGE="/Game/Vehicle/low_poly/BP_wheel" FILE="../../../../WORK/385/project/385_Boat_Game/okay/Content/Vehicle/low_poly/BP_wheel.uasset" SILENT=true
[2018.11.14-02.34.16:293][658]LogSavePackage: Moving '../../../../WORK/385/project/385_Boat_Game/okay/Saved/BP_wheelB0BC486C436C111611AED49ED553627A.tmp' to '../../../../WORK/385/project/385_Boat_Game/okay/Content/Vehicle/low_poly/BP_wheel.uasset'
[2018.11.14-02.34.19:521][ 38]LogBlueprintUserMessages: Early PlayInEditor Detection: Level '/Game/VehicleBP/Maps/VehicleExampleMap.VehicleExampleMap:PersistentLevel' has LevelScriptBlueprint '/Game/VehicleBP/Maps/VehicleExampleMap.VehicleExampleMap:PersistentLevel.VehicleExampleMap' with GeneratedClass '/Game/VehicleBP/Maps/VehicleExampleMap.VehicleExampleMap_C' with ClassGeneratedBy '/Game/VehicleBP/Maps/VehicleExampleMap.VehicleExampleMap:PersistentLevel.VehicleExampleMap'
[2018.11.14-02.34.19:521][ 38]LogPlayLevel: PlayLevel: No blueprints needed recompiling
[2018.11.14-02.34.19:521][ 38]PIE: New page: SIE session: VehicleExampleMap (Nov 13, 2018, 4:34:19 PM)
[2018.11.14-02.34.19:521][ 38]LogPlayLevel: Creating play world package: /Game/VehicleBP/Maps/UEDPIE_0_VehicleExampleMap
[2018.11.14-02.34.19:570][ 38]LogPlayLevel: PIE: StaticDuplicateObject took: (0.048974s)
[2018.11.14-02.34.19:571][ 38]LogAIModule: Creating AISystem for world VehicleExampleMap
[2018.11.14-02.34.19:571][ 38]LogPlayLevel: PIE: World Init took: (0.000771s)
[2018.11.14-02.34.19:571][ 38]LogPlayLevel: PIE: Created PIE world by copying editor world from /Game/VehicleBP/Maps/VehicleExampleMap.VehicleExampleMap to /Game/VehicleBP/Maps/UEDPIE_0_VehicleExampleMap.VehicleExampleMap (0.049861s)
[2018.11.14-02.34.19:617][ 38]LogInit: XAudio2 using 'Speakers (Realtek High Definition Audio)' : 2 channels at 48 kHz using 32 bits per sample (channel mask 0x3)
[2018.11.14-02.34.19:633][ 38]LogInit: FAudioDevice initialized.
[2018.11.14-02.34.19:666][ 38]LogLoad: Game class is 'VehicleGameMode_C'
[2018.11.14-02.34.19:679][ 38]LogWorld: Bringing World /Game/VehicleBP/Maps/UEDPIE_0_VehicleExampleMap.VehicleExampleMap up for play (max tick rate 0) at 2018.11.13-21.34.19
[2018.11.14-02.34.19:680][ 38]LogWorld: Bringing up level for play took: 0.009879
[2018.11.14-02.34.19:692][ 38]PIE: Play in editor start time for /Game/VehicleBP/Maps/UEDPIE_0_VehicleExampleMap -0.406
[2018.11.14-02.34.19:700][ 38]LogBlueprintUserMessages: Late PlayInEditor Detection: Level '/Game/VehicleBP/Maps/VehicleExampleMap.VehicleExampleMap:PersistentLevel' has LevelScriptBlueprint '/Game/VehicleBP/Maps/VehicleExampleMap.VehicleExampleMap:PersistentLevel.VehicleExampleMap' with GeneratedClass '/Game/VehicleBP/Maps/VehicleExampleMap.VehicleExampleMap_C' with ClassGeneratedBy '/Game/VehicleBP/Maps/VehicleExampleMap.VehicleExampleMap:PersistentLevel.VehicleExampleMap'
[2018.11.14-02.34.27:776][872]LogSlate: FSceneViewport::OnFocusLost() reason 0
[2018.11.14-02.34.27:886][884]LogBlueprintUserMessages: Early EndPlayMap Detection: Level '/Game/VehicleBP/Maps/VehicleExampleMap.VehicleExampleMap:PersistentLevel' has LevelScriptBlueprint '/Game/VehicleBP/Maps/VehicleExampleMap.VehicleExampleMap:PersistentLevel.VehicleExampleMap' with GeneratedClass '/Game/VehicleBP/Maps/VehicleExampleMap.VehicleExampleMap_C' with ClassGeneratedBy '/Game/VehicleBP/Maps/VehicleExampleMap.VehicleExampleMap:PersistentLevel.VehicleExampleMap'
[2018.11.14-02.34.27:886][884]LogSlate: Updating window title bar state: overlay mode, drag disabled, window buttons hidden, title bar hidden
[2018.11.14-02.34.27:921][884]LogPlayLevel: Display: Shutting down PIE online subsystems
[2018.11.14-02.34.27:921][884]LogBlueprintUserMessages: Late EndPlayMap Detection: Level '/Game/VehicleBP/Maps/VehicleExampleMap.VehicleExampleMap:PersistentLevel' has LevelScriptBlueprint '/Game/VehicleBP/Maps/VehicleExampleMap.VehicleExampleMap:PersistentLevel.VehicleExampleMap' with GeneratedClass '/Game/VehicleBP/Maps/VehicleExampleMap.VehicleExampleMap_C' with ClassGeneratedBy '/Game/VehicleBP/Maps/VehicleExampleMap.VehicleExampleMap:PersistentLevel.VehicleExampleMap'
[2018.11.14-02.34.27:950][884]LogSlate: Updating window title bar state: overlay mode, drag disabled, window buttons hidden, title bar hidden
[2018.11.14-02.34.28:001][887]LogPlayLevel: Display: Destroying online subsystem :Context_14
[2018.11.14-02.34.36:472][899]BlueprintLog: New page: Compile BP_wheel
[2018.11.14-02.34.36:926][947]Cmd: OBJ SAVEPACKAGE PACKAGE="/Game/Vehicle/low_poly/BP_wheel" FILE="../../../../WORK/385/project/385_Boat_Game/okay/Content/Vehicle/low_poly/BP_wheel.uasset" SILENT=true
[2018.11.14-02.34.36:932][947]LogSavePackage: Moving '../../../../WORK/385/project/385_Boat_Game/okay/Saved/BP_wheel789CF77A4FBB4F0B89780EB0BF7F0557.tmp' to '../../../../WORK/385/project/385_Boat_Game/okay/Content/Vehicle/low_poly/BP_wheel.uasset'
[2018.11.14-02.34.39:084][203]LogTemp: Repeating last play command: Simulate
[2018.11.14-02.34.39:099][203]LogBlueprintUserMessages: Early PlayInEditor Detection: Level '/Game/VehicleBP/Maps/VehicleExampleMap.VehicleExampleMap:PersistentLevel' has LevelScriptBlueprint '/Game/VehicleBP/Maps/VehicleExampleMap.VehicleExampleMap:PersistentLevel.VehicleExampleMap' with GeneratedClass '/Game/VehicleBP/Maps/VehicleExampleMap.VehicleExampleMap_C' with ClassGeneratedBy '/Game/VehicleBP/Maps/VehicleExampleMap.VehicleExampleMap:PersistentLevel.VehicleExampleMap'
[2018.11.14-02.34.39:100][203]LogPlayLevel: PlayLevel: No blueprints needed recompiling
[2018.11.14-02.34.39:100][203]PIE: New page: SIE session: VehicleExampleMap (Nov 13, 2018, 4:34:39 PM)
[2018.11.14-02.34.39:100][203]LogPlayLevel: Creating play world package: /Game/VehicleBP/Maps/UEDPIE_0_VehicleExampleMap
[2018.11.14-02.34.39:147][203]LogPlayLevel: PIE: StaticDuplicateObject took: (0.047525s)
[2018.11.14-02.34.39:148][203]LogAIModule: Creating AISystem for world VehicleExampleMap
[2018.11.14-02.34.39:148][203]LogPlayLevel: PIE: World Init took: (0.000821s)
[2018.11.14-02.34.39:148][203]LogPlayLevel: PIE: Created PIE world by copying editor world from /Game/VehicleBP/Maps/VehicleExampleMap.VehicleExampleMap to /Game/VehicleBP/Maps/UEDPIE_0_VehicleExampleMap.VehicleExampleMap (0.048495s)
[2018.11.14-02.34.39:197][203]LogInit: XAudio2 using 'Speakers (Realtek High Definition Audio)' : 2 channels at 48 kHz using 32 bits per sample (channel mask 0x3)
[2018.11.14-02.34.39:211][203]LogInit: FAudioDevice initialized.
[2018.11.14-02.34.39:242][203]LogLoad: Game class is 'VehicleGameMode_C'
[2018.11.14-02.34.39:253][203]LogWorld: Bringing World /Game/VehicleBP/Maps/UEDPIE_0_VehicleExampleMap.VehicleExampleMap up for play (max tick rate 0) at 2018.11.13-21.34.39
[2018.11.14-02.34.39:254][203]LogWorld: Bringing up level for play took: 0.009783
[2018.11.14-02.34.39:267][203]PIE: Play in editor start time for /Game/VehicleBP/Maps/UEDPIE_0_VehicleExampleMap 1.17
[2018.11.14-02.34.39:270][203]LogBlueprintUserMessages: Late PlayInEditor Detection: Level '/Game/VehicleBP/Maps/VehicleExampleMap.VehicleExampleMap:PersistentLevel' has LevelScriptBlueprint '/Game/VehicleBP/Maps/VehicleExampleMap.VehicleExampleMap:PersistentLevel.VehicleExampleMap' with GeneratedClass '/Game/VehicleBP/Maps/VehicleExampleMap.VehicleExampleMap_C' with ClassGeneratedBy '/Game/VehicleBP/Maps/VehicleExampleMap.VehicleExampleMap:PersistentLevel.VehicleExampleMap'
[2018.11.14-02.34.44:982][756]LogBlueprintUserMessages: Early EndPlayMap Detection: Level '/Game/VehicleBP/Maps/VehicleExampleMap.VehicleExampleMap:PersistentLevel' has LevelScriptBlueprint '/Game/VehicleBP/Maps/VehicleExampleMap.VehicleExampleMap:PersistentLevel.VehicleExampleMap' with GeneratedClass '/Game/VehicleBP/Maps/VehicleExampleMap.VehicleExampleMap_C' with ClassGeneratedBy '/Game/VehicleBP/Maps/VehicleExampleMap.VehicleExampleMap:PersistentLevel.VehicleExampleMap'
[2018.11.14-02.34.44:982][756]LogSlate: Updating window title bar state: overlay mode, drag disabled, window buttons hidden, title bar hidden
[2018.11.14-02.34.45:018][756]LogPlayLevel: Display: Shutting down PIE online subsystems
[2018.11.14-02.34.45:019][756]LogBlueprintUserMessages: Late EndPlayMap Detection: Level '/Game/VehicleBP/Maps/VehicleExampleMap.VehicleExampleMap:PersistentLevel' has LevelScriptBlueprint '/Game/VehicleBP/Maps/VehicleExampleMap.VehicleExampleMap:PersistentLevel.VehicleExampleMap' with GeneratedClass '/Game/VehicleBP/Maps/VehicleExampleMap.VehicleExampleMap_C' with ClassGeneratedBy '/Game/VehicleBP/Maps/VehicleExampleMap.VehicleExampleMap:PersistentLevel.VehicleExampleMap'
[2018.11.14-02.34.45:045][756]LogSlate: Updating window title bar state: overlay mode, drag disabled, window buttons hidden, title bar hidden
[2018.11.14-02.34.45:093][759]LogPlayLevel: Display: Destroying online subsystem :Context_15
[2018.11.14-02.34.49:995][347]BlueprintLog: New page: Compile BP_wheel
[2018.11.14-02.34.50:416][391]Cmd: OBJ SAVEPACKAGE PACKAGE="/Game/Vehicle/low_poly/BP_wheel" FILE="../../../../WORK/385/project/385_Boat_Game/okay/Content/Vehicle/low_poly/BP_wheel.uasset" SILENT=true
[2018.11.14-02.34.50:423][391]LogSavePackage: Moving '../../../../WORK/385/project/385_Boat_Game/okay/Saved/BP_wheel0E27D90C4733C0A873FAD2A181588D46.tmp' to '../../../../WORK/385/project/385_Boat_Game/okay/Content/Vehicle/low_poly/BP_wheel.uasset'
[2018.11.14-02.34.51:061][467]LogTemp: Repeating last play command: Simulate
[2018.11.14-02.34.51:076][467]LogBlueprintUserMessages: Early PlayInEditor Detection: Level '/Game/VehicleBP/Maps/VehicleExampleMap.VehicleExampleMap:PersistentLevel' has LevelScriptBlueprint '/Game/VehicleBP/Maps/VehicleExampleMap.VehicleExampleMap:PersistentLevel.VehicleExampleMap' with GeneratedClass '/Game/VehicleBP/Maps/VehicleExampleMap.VehicleExampleMap_C' with ClassGeneratedBy '/Game/VehicleBP/Maps/VehicleExampleMap.VehicleExampleMap:PersistentLevel.VehicleExampleMap'
[2018.11.14-02.34.51:076][467]LogPlayLevel: PlayLevel: No blueprints needed recompiling
[2018.11.14-02.34.51:076][467]PIE: New page: SIE session: VehicleExampleMap (Nov 13, 2018, 4:34:51 PM)
[2018.11.14-02.34.51:076][467]LogPlayLevel: Creating play world package: /Game/VehicleBP/Maps/UEDPIE_0_VehicleExampleMap
[2018.11.14-02.34.51:127][467]LogPlayLevel: PIE: StaticDuplicateObject took: (0.049956s)
[2018.11.14-02.34.51:127][467]LogAIModule: Creating AISystem for world VehicleExampleMap
[2018.11.14-02.34.51:127][467]LogPlayLevel: PIE: World Init took: (0.000881s)
[2018.11.14-02.34.51:128][467]LogPlayLevel: PIE: Created PIE world by copying editor world from /Game/VehicleBP/Maps/VehicleExampleMap.VehicleExampleMap to /Game/VehicleBP/Maps/UEDPIE_0_VehicleExampleMap.VehicleExampleMap (0.050984s)
[2018.11.14-02.34.51:177][467]LogInit: XAudio2 using 'Speakers (Realtek High Definition Audio)' : 2 channels at 48 kHz using 32 bits per sample (channel mask 0x3)
[2018.11.14-02.34.51:191][467]LogInit: FAudioDevice initialized.
[2018.11.14-02.34.51:221][467]LogLoad: Game class is 'VehicleGameMode_C'
[2018.11.14-02.34.51:234][467]LogWorld: Bringing World /Game/VehicleBP/Maps/UEDPIE_0_VehicleExampleMap.VehicleExampleMap up for play (max tick rate 0) at 2018.11.13-21.34.51
[2018.11.14-02.34.51:234][467]LogWorld: Bringing up level for play took: 0.010767
[2018.11.14-02.34.51:247][467]PIE: Play in editor start time for /Game/VehicleBP/Maps/UEDPIE_0_VehicleExampleMap 1.15
[2018.11.14-02.34.51:249][467]LogBlueprintUserMessages: Late PlayInEditor Detection: Level '/Game/VehicleBP/Maps/VehicleExampleMap.VehicleExampleMap:PersistentLevel' has LevelScriptBlueprint '/Game/VehicleBP/Maps/VehicleExampleMap.VehicleExampleMap:PersistentLevel.VehicleExampleMap' with GeneratedClass '/Game/VehicleBP/Maps/VehicleExampleMap.VehicleExampleMap_C' with ClassGeneratedBy '/Game/VehicleBP/Maps/VehicleExampleMap.VehicleExampleMap:PersistentLevel.VehicleExampleMap'
[2018.11.14-02.34.52:706][640]LogBlueprintUserMessages: Early EndPlayMap Detection: Level '/Game/VehicleBP/Maps/VehicleExampleMap.VehicleExampleMap:PersistentLevel' has LevelScriptBlueprint '/Game/VehicleBP/Maps/VehicleExampleMap.VehicleExampleMap:PersistentLevel.VehicleExampleMap' with GeneratedClass '/Game/VehicleBP/Maps/VehicleExampleMap.VehicleExampleMap_C' with ClassGeneratedBy '/Game/VehicleBP/Maps/VehicleExampleMap.VehicleExampleMap:PersistentLevel.VehicleExampleMap'
[2018.11.14-02.34.52:706][640]LogSlate: Updating window title bar state: overlay mode, drag disabled, window buttons hidden, title bar hidden
[2018.11.14-02.34.52:741][640]LogPlayLevel: Display: Shutting down PIE online subsystems
[2018.11.14-02.34.52:741][640]LogBlueprintUserMessages: Late EndPlayMap Detection: Level '/Game/VehicleBP/Maps/VehicleExampleMap.VehicleExampleMap:PersistentLevel' has LevelScriptBlueprint '/Game/VehicleBP/Maps/VehicleExampleMap.VehicleExampleMap:PersistentLevel.VehicleExampleMap' with GeneratedClass '/Game/VehicleBP/Maps/VehicleExampleMap.VehicleExampleMap_C' with ClassGeneratedBy '/Game/VehicleBP/Maps/VehicleExampleMap.VehicleExampleMap:PersistentLevel.VehicleExampleMap'
[2018.11.14-02.34.52:770][640]LogSlate: Updating window title bar state: overlay mode, drag disabled, window buttons hidden, title bar hidden
[2018.11.14-02.34.52:805][644]LogPlayLevel: Display: Destroying online subsystem :Context_16
[2018.11.14-02.34.55:270][936]LogBlueprintUserMessages: Early PlayInEditor Detection: Level '/Game/VehicleBP/Maps/VehicleExampleMap.VehicleExampleMap:PersistentLevel' has LevelScriptBlueprint '/Game/VehicleBP/Maps/VehicleExampleMap.VehicleExampleMap:PersistentLevel.VehicleExampleMap' with GeneratedClass '/Game/VehicleBP/Maps/VehicleExampleMap.VehicleExampleMap_C' with ClassGeneratedBy '/Game/VehicleBP/Maps/VehicleExampleMap.VehicleExampleMap:PersistentLevel.VehicleExampleMap'
[2018.11.14-02.34.55:270][936]LogPlayLevel: PlayLevel: No blueprints needed recompiling
[2018.11.14-02.34.55:270][936]PIE: New page: SIE session: VehicleExampleMap (Nov 13, 2018, 4:34:55 PM)
[2018.11.14-02.34.55:270][936]LogPlayLevel: Creating play world package: /Game/VehicleBP/Maps/UEDPIE_0_VehicleExampleMap
[2018.11.14-02.34.55:323][936]LogPlayLevel: PIE: StaticDuplicateObject took: (0.053434s)
[2018.11.14-02.34.55:324][936]LogAIModule: Creating AISystem for world VehicleExampleMap
[2018.11.14-02.34.55:324][936]LogPlayLevel: PIE: World Init took: (0.001139s)
[2018.11.14-02.34.55:324][936]LogPlayLevel: PIE: Created PIE world by copying editor world from /Game/VehicleBP/Maps/VehicleExampleMap.VehicleExampleMap to /Game/VehicleBP/Maps/UEDPIE_0_VehicleExampleMap.VehicleExampleMap (0.054764s)
[2018.11.14-02.34.55:371][936]LogInit: XAudio2 using 'Speakers (Realtek High Definition Audio)' : 2 channels at 48 kHz using 32 bits per sample (channel mask 0x3)
[2018.11.14-02.34.55:387][936]LogInit: FAudioDevice initialized.
[2018.11.14-02.34.55:415][936]LogLoad: Game class is 'VehicleGameMode_C'
[2018.11.14-02.34.55:428][936]LogWorld: Bringing World /Game/VehicleBP/Maps/UEDPIE_0_VehicleExampleMap.VehicleExampleMap up for play (max tick rate 0) at 2018.11.13-21.34.55
[2018.11.14-02.34.55:428][936]LogWorld: Bringing up level for play took: 0.010086
[2018.11.14-02.34.55:441][936]PIE: Play in editor start time for /Game/VehicleBP/Maps/UEDPIE_0_VehicleExampleMap -0.656
[2018.11.14-02.34.55:444][936]LogBlueprintUserMessages: Late PlayInEditor Detection: Level '/Game/VehicleBP/Maps/VehicleExampleMap.VehicleExampleMap:PersistentLevel' has LevelScriptBlueprint '/Game/VehicleBP/Maps/VehicleExampleMap.VehicleExampleMap:PersistentLevel.VehicleExampleMap' with GeneratedClass '/Game/VehicleBP/Maps/VehicleExampleMap.VehicleExampleMap_C' with ClassGeneratedBy '/Game/VehicleBP/Maps/VehicleExampleMap.VehicleExampleMap:PersistentLevel.VehicleExampleMap'
[2018.11.14-02.35.00:913][487]LogSlate: FSceneViewport::OnFocusLost() reason 0
[2018.11.14-02.35.01:022][500]LogBlueprintUserMessages: Early EndPlayMap Detection: Level '/Game/VehicleBP/Maps/VehicleExampleMap.VehicleExampleMap:PersistentLevel' has LevelScriptBlueprint '/Game/VehicleBP/Maps/VehicleExampleMap.VehicleExampleMap:PersistentLevel.VehicleExampleMap' with GeneratedClass '/Game/VehicleBP/Maps/VehicleExampleMap.VehicleExampleMap_C' with ClassGeneratedBy '/Game/VehicleBP/Maps/VehicleExampleMap.VehicleExampleMap:PersistentLevel.VehicleExampleMap'
[2018.11.14-02.35.01:023][500]LogSlate: Updating window title bar state: overlay mode, drag disabled, window buttons hidden, title bar hidden
[2018.11.14-02.35.01:058][500]LogPlayLevel: Display: Shutting down PIE online subsystems
[2018.11.14-02.35.01:059][500]LogBlueprintUserMessages: Late EndPlayMap Detection: Level '/Game/VehicleBP/Maps/VehicleExampleMap.VehicleExampleMap:PersistentLevel' has LevelScriptBlueprint '/Game/VehicleBP/Maps/VehicleExampleMap.VehicleExampleMap:PersistentLevel.VehicleExampleMap' with GeneratedClass '/Game/VehicleBP/Maps/VehicleExampleMap.VehicleExampleMap_C' with ClassGeneratedBy '/Game/VehicleBP/Maps/VehicleExampleMap.VehicleExampleMap:PersistentLevel.VehicleExampleMap'
[2018.11.14-02.35.01:086][500]LogSlate: Updating window title bar state: overlay mode, drag disabled, window buttons hidden, title bar hidden
[2018.11.14-02.35.01:135][503]LogPlayLevel: Display: Destroying online subsystem :Context_17
[2018.11.14-02.35.36:377][465]LogSlate: FSceneViewport::OnFocusLost() reason 0
[2018.11.14-02.35.44:650][413]LogSlate: FSceneViewport::OnFocusLost() reason 0
[2018.11.14-02.35.50:686][111]LogSlate: FSceneViewport::OnFocusLost() reason 0
[2018.11.14-02.35.52:011][258]LogSlate: FSceneViewport::OnFocusLost() reason 2
[2018.11.14-02.36.07:170][578]LogSavePackage: Moving '../../../../WORK/385/project/385_Boat_Game/okay/Saved/VehicleExampleMapF35D59ED44EA1DE5268BE9A17A72B6DB.tmp' to '../../../../WORK/385/project/385_Boat_Game/okay/Content/VehicleBP/Maps/VehicleExampleMap.umap'
[2018.11.14-02.36.07:199][578]Cmd: OBJ SAVEPACKAGE PACKAGE="/Game/VehicleBP/Maps/VehicleExampleMap_BuiltData" FILE="../../../../WORK/385/project/385_Boat_Game/okay/Content/VehicleBP/Maps/VehicleExampleMap_BuiltData.uasset" SILENT=true
[2018.11.14-02.36.07:746][578]LogSavePackage: Moving '../../../../WORK/385/project/385_Boat_Game/okay/Saved/VehicleExampleMap_BuiltData78C1D280490B9CBAC3EC7CB4AB3E7F76.tmp' to '../../../../WORK/385/project/385_Boat_Game/okay/Content/VehicleBP/Maps/VehicleExampleMap_BuiltData.uasset'
[2018.11.14-02.36.09:531][770]Cmd: OBJ SAVEPACKAGE PACKAGE="/Game/Vehicle/low_poly/BP_wheel" FILE="../../../../WORK/385/project/385_Boat_Game/okay/Content/Vehicle/low_poly/BP_wheel.uasset" SILENT=true
[2018.11.14-02.36.09:537][770]LogSavePackage: Moving '../../../../WORK/385/project/385_Boat_Game/okay/Saved/BP_wheel230B75C8428B6AB3AF31BEA08A66167F.tmp' to '../../../../WORK/385/project/385_Boat_Game/okay/Content/Vehicle/low_poly/BP_wheel.uasset'
[2018.11.14-02.36.13:971][161]LogSavePackage: Moving '../../../../WORK/385/project/385_Boat_Game/okay/Saved/VehicleExampleMap627DE2474336F6DA89B22C9EFF711023.tmp' to '../../../../WORK/385/project/385_Boat_Game/okay/Content/VehicleBP/Maps/VehicleExampleMap.umap'
[2018.11.14-02.36.13:997][161]Cmd: OBJ SAVEPACKAGE PACKAGE="/Game/VehicleBP/Maps/VehicleExampleMap_BuiltData" FILE="../../../../WORK/385/project/385_Boat_Game/okay/Content/VehicleBP/Maps/VehicleExampleMap_BuiltData.uasset" SILENT=true
[2018.11.14-02.36.14:537][161]LogSavePackage: Moving '../../../../WORK/385/project/385_Boat_Game/okay/Saved/VehicleExampleMap_BuiltData5D793DF741238D4490C27E865A2531AC.tmp' to '../../../../WORK/385/project/385_Boat_Game/okay/Content/VehicleBP/Maps/VehicleExampleMap_BuiltData.uasset'
[2018.11.14-02.36.15:099][187]LogAssetEditorManager: Opening Asset editor for Blueprint /Game/Vehicle/low_poly/BP_low_poly.BP_low_poly
[2018.11.14-02.36.33:473][328]BlueprintLog: New page: Compile BP_low_poly
[2018.11.14-02.36.34:112][383]Cmd: OBJ SAVEPACKAGE PACKAGE="/Game/Vehicle/low_poly/BP_low_poly" FILE="../../../../WORK/385/project/385_Boat_Game/okay/Content/Vehicle/low_poly/BP_low_poly.uasset" SILENT=true
[2018.11.14-02.36.34:142][383]LogSavePackage: Moving '../../../../WORK/385/project/385_Boat_Game/okay/Saved/BP_low_poly9E8AFAD746841705BD5FA89B67E53984.tmp' to '../../../../WORK/385/project/385_Boat_Game/okay/Content/Vehicle/low_poly/BP_low_poly.uasset'
[2018.11.14-02.36.36:836][700]LogBlueprintUserMessages: Early PlayInEditor Detection: Level '/Game/VehicleBP/Maps/VehicleExampleMap.VehicleExampleMap:PersistentLevel' has LevelScriptBlueprint '/Game/VehicleBP/Maps/VehicleExampleMap.VehicleExampleMap:PersistentLevel.VehicleExampleMap' with GeneratedClass '/Game/VehicleBP/Maps/VehicleExampleMap.VehicleExampleMap_C' with ClassGeneratedBy '/Game/VehicleBP/Maps/VehicleExampleMap.VehicleExampleMap:PersistentLevel.VehicleExampleMap'
[2018.11.14-02.36.36:836][700]LogPlayLevel: PlayLevel: No blueprints needed recompiling
[2018.11.14-02.36.36:836][700]PIE: New page: SIE session: VehicleExampleMap (Nov 13, 2018, 4:36:36 PM)
[2018.11.14-02.36.36:836][700]LogPlayLevel: Creating play world package: /Game/VehicleBP/Maps/UEDPIE_0_VehicleExampleMap
[2018.11.14-02.36.36:886][700]LogPlayLevel: PIE: StaticDuplicateObject took: (0.050212s)
[2018.11.14-02.36.36:887][700]LogAIModule: Creating AISystem for world VehicleExampleMap
[2018.11.14-02.36.36:887][700]LogPlayLevel: PIE: World Init took: (0.000890s)
[2018.11.14-02.36.36:887][700]LogPlayLevel: PIE: Created PIE world by copying editor world from /Game/VehicleBP/Maps/VehicleExampleMap.VehicleExampleMap to /Game/VehicleBP/Maps/UEDPIE_0_VehicleExampleMap.VehicleExampleMap (0.051238s)
[2018.11.14-02.36.36:933][700]LogInit: XAudio2 using 'Speakers (Realtek High Definition Audio)' : 2 channels at 48 kHz using 32 bits per sample (channel mask 0x3)
[2018.11.14-02.36.36:949][700]LogInit: FAudioDevice initialized.
[2018.11.14-02.36.36:983][700]LogLoad: Game class is 'VehicleGameMode_C'
[2018.11.14-02.36.36:995][700]LogWorld: Bringing World /Game/VehicleBP/Maps/UEDPIE_0_VehicleExampleMap.VehicleExampleMap up for play (max tick rate 0) at 2018.11.13-21.36.36
[2018.11.14-02.36.36:996][700]LogWorld: Bringing up level for play took: 0.009774
[2018.11.14-02.36.37:019][700]Cmd: pxvis collision 1
[2018.11.14-02.36.37:019][700]Flag set.
[2018.11.14-02.36.37:019][700]Num Actors: 51
[2018.11.14-02.36.37:019][700]PIE: Play in editor start time for /Game/VehicleBP/Maps/UEDPIE_0_VehicleExampleMap 0.921
[2018.11.14-02.36.37:021][700]LogBlueprintUserMessages: Late PlayInEditor Detection: Level '/Game/VehicleBP/Maps/VehicleExampleMap.VehicleExampleMap:PersistentLevel' has LevelScriptBlueprint '/Game/VehicleBP/Maps/VehicleExampleMap.VehicleExampleMap:PersistentLevel.VehicleExampleMap' with GeneratedClass '/Game/VehicleBP/Maps/VehicleExampleMap.VehicleExampleMap_C' with ClassGeneratedBy '/Game/VehicleBP/Maps/VehicleExampleMap.VehicleExampleMap:PersistentLevel.VehicleExampleMap'
[2018.11.14-02.37.11:867][704]LogEditorViewport: Clicking on Actor (LMB): BP_low_poly_C (BP_low_poly)
[2018.11.14-02.37.15:178][704]LogEditorViewport: Clicking on Actor (context menu): Landscape (Landscape)
[2018.11.14-02.37.16:136][704]LogSlate: FSceneViewport::OnFocusLost() reason 2
[2018.11.14-02.37.16:202][704]LogEditorViewport: Clicking on Actor (LMB): Landscape (Landscape)
[2018.11.14-02.37.16:292][704]LogEditorViewport: Clicking on Actor (context menu): Landscape (Landscape)
[2018.11.14-02.37.16:396][704]LogSlate: FSceneViewport::OnFocusLost() reason 2
[2018.11.14-02.37.16:420][704]LogEditorViewport: Clicking on Actor (LMB): Landscape (Landscape)
[2018.11.14-02.37.16:537][704]LogSlate: FSceneViewport::OnFocusLost() reason 0
[2018.11.14-02.37.16:551][704]LogEditorViewport: Clicking on Actor (LMB): BP_Sky_Sphere_C (SkyShereBlueprint)
[2018.11.14-02.37.16:701][704]LogEditorViewport: Clicking on Actor (LMB): BP_Sky_Sphere_C (SkyShereBlueprint)
[2018.11.14-02.37.16:777][704]LogEditorViewport: Clicking on Actor (LMB): Landscape (Landscape)
[2018.11.14-02.37.16:847][704]LogSlate: FSceneViewport::OnFocusLost() reason 0
