Log file open, 11/20/18 14:26:58
LogWindows: Failed to load 'aqProf.dll' (GetLastError=126)
LogWindows: File 'aqProf.dll' does not exist
LogWindows: Failed to load 'VSPerf140.dll' (GetLastError=126)
LogWindows: File 'VSPerf140.dll' does not exist
LogWindows: Failed to load 'VtuneApi.dll' (GetLastError=126)
LogWindows: File 'VtuneApi.dll' does not exist
LogWindows: Failed to load 'VtuneApi32e.dll' (GetLastError=126)
LogWindows: File 'VtuneApi32e.dll' does not exist
LogInit: Display: Running engine for game: okay
LogPlatformFile: Not using cached read wrapper
LogTaskGraph: Started task graph with 5 named threads and 23 total threads with 3 sets of task threads.
LogStats: Stats thread started at 0.274858
LogD3D11RHI: Loaded GFSDK_Aftermath_Lib.x64.dll
LogICUInternationalization: Display: ICU TimeZone Detection - Raw Offset: -5:00, Platform Override: ''
LogPluginManager: Mounting plugin Paper2D
LogPluginManager: Mounting plugin AISupport
LogPluginManager: Mounting plugin LightPropagationVolume
LogPluginManager: Mounting plugin CLionSourceCodeAccess
LogPluginManager: Mounting plugin CodeLiteSourceCodeAccess
LogPluginManager: Mounting plugin GitSourceControl
LogPluginManager: Mounting plugin KDevelopSourceCodeAccess
LogPluginManager: Mounting plugin NullSourceCodeAccess
LogPluginManager: Mounting plugin PerforceSourceControl
LogPluginManager: Mounting plugin SubversionSourceControl
LogPluginManager: Mounting plugin UObjectPlugin
LogPluginManager: Mounting plugin VisualStudioCodeSourceCodeAccess
LogPluginManager: Mounting plugin VisualStudioSourceCodeAccess
LogPluginManager: Mounting plugin XCodeSourceCodeAccess
LogPluginManager: Mounting plugin AssetManagerEditor
LogPluginManager: Mounting plugin CryptoKeys
LogPluginManager: Mounting plugin DataValidation
LogPluginManager: Mounting plugin FacialAnimation
LogPluginManager: Mounting plugin GameplayTagsEditor
LogPluginManager: Mounting plugin MacGraphicsSwitching
LogPluginManager: Mounting plugin MeshEditor
LogPluginManager: Mounting plugin MobileLauncherProfileWizard
LogPluginManager: Mounting plugin PluginBrowser
LogPluginManager: Mounting plugin SpeedTreeImporter
LogPluginManager: Mounting plugin DatasmithContent
LogPluginManager: Mounting plugin AlembicImporter
LogPluginManager: Mounting plugin AppleImageUtils
LogPluginManager: Mounting plugin AppleVision
LogPluginManager: Mounting plugin BackChannel
LogPluginManager: Mounting plugin CharacterAI
LogPluginManager: Mounting plugin GeometryCache
LogPluginManager: Mounting plugin HTML5Networking
LogPluginManager: Mounting plugin ProxyLODPlugin
LogPluginManager: Mounting plugin RawInput
LogPluginManager: Mounting plugin MagicLeap
LogPluginManager: Mounting plugin MagicLeapEmulator
LogPluginManager: Mounting plugin MagicLeapMedia
LogPluginManager: Mounting plugin AndroidMedia
LogPluginManager: Mounting plugin AvfMedia
LogPluginManager: Mounting plugin ImgMedia
LogPluginManager: Mounting plugin LinearTimecode
LogPluginManager: Mounting plugin MediaCompositing
LogPluginManager: Mounting plugin MediaPlayerEditor
LogPluginManager: Mounting plugin WmfMedia
LogPluginManager: Mounting plugin TcpMessaging
LogPluginManager: Mounting plugin UdpMessaging
LogPluginManager: Mounting plugin ActorSequence
LogPluginManager: Mounting plugin LevelSequenceEditor
LogPluginManager: Mounting plugin MatineeToLevelSequence
LogPluginManager: Mounting plugin NetcodeUnitTest
LogPluginManager: Mounting plugin NUTUnrealEngine4
LogPluginManager: Mounting plugin OnlineSubsystemGooglePlay
LogPluginManager: Mounting plugin OnlineSubsystemIOS
LogPluginManager: Mounting plugin OnlineSubsystem
LogPluginManager: Mounting plugin OnlineSubsystemNull
LogPluginManager: Mounting plugin OnlineSubsystemUtils
LogPluginManager: Mounting plugin LauncherChunkInstaller
LogPluginManager: Mounting plugin AndroidDeviceProfileSelector
LogPluginManager: Mounting plugin AndroidMoviePlayer
LogPluginManager: Mounting plugin AndroidPermission
LogPluginManager: Mounting plugin AppleMoviePlayer
LogPluginManager: Mounting plugin ArchVisCharacter
LogPluginManager: Mounting plugin AudioCapture
LogPluginManager: Mounting plugin CableComponent
LogPluginManager: Mounting plugin CustomMeshComponent
LogPluginManager: Mounting plugin EditableMesh
LogPluginManager: Mounting plugin ExampleDeviceProfileSelector
LogPluginManager: Mounting plugin GoogleCloudMessaging
LogPluginManager: Mounting plugin ImmediatePhysics
LogPluginManager: Mounting plugin IOSDeviceProfileSelector
LogPluginManager: Mounting plugin LinuxDeviceProfileSelector
LogPluginManager: Mounting plugin LocationServicesBPLibrary
LogPluginManager: Mounting plugin MobilePatchingUtils
LogPluginManager: Mounting plugin OculusVR
LogPluginManager: Plugin shader directory ../../../Engine/Plugins/Runtime/Oculus/OculusVR/Shaders found
LogPluginManager: Mapping shader source directory ../../../Engine/Plugins/Runtime/Oculus/OculusVR/Shaders to virtual directory /Plugin/OculusVR
LogPluginManager: Mounting plugin PhysXVehicles
LogPluginManager: Mounting plugin ProceduralMeshComponent
LogPluginManager: Mounting plugin RuntimePhysXCooking
LogPluginManager: Mounting plugin SteamVR
LogPluginManager: Mounting plugin WindowsMoviePlayer
LogStreaming: Display: Took  0.290s to configure plugins.
LogInit: Using libcurl 7.55.1-DEV
LogInit:  - built for x86_64-pc-win32
LogInit:  - supports SSL with OpenSSL/1.0.2h
LogInit:  - supports HTTP deflate (compression) using libz 1.2.8
LogInit:  - other features:
LogInit:      CURL_VERSION_SSL
LogInit:      CURL_VERSION_LIBZ
LogInit:      CURL_VERSION_IPV6
LogInit:      CURL_VERSION_ASYNCHDNS
LogInit:      CURL_VERSION_LARGEFILE
LogInit:      CURL_VERSION_IDN
LogInit:  CurlRequestOptions (configurable via config and command line):
LogInit:  - bVerifyPeer = false  - Libcurl will NOT verify peer certificate
LogInit:  - bUseHttpProxy = false  - Libcurl will NOT use HTTP proxy
LogInit:  - bDontReuseConnections = false  - Libcurl will reuse connections
LogInit:  - CertBundlePath = nullptr  - Libcurl will use whatever was configured at build time.
LogInit:  - MaxHostConnections = 16  - Libcurl will limit the number of connections to a host
LogInit:  - LocalHostAddr = Default
LogInit:  - BufferSize = 65536
LogInit: WinSock: version 1.1 (2.2), MaxSocks=32767, MaxUdp=65467
LogInit: Build: ++UE4+Release-4.20-CL-4369336
LogInit: Engine Version: 4.20.3-4369336+++UE4+Release-4.20
LogInit: Compatible Engine Version: 4.20.0-4212847+++UE4+Release-4.20
LogInit: Net CL: 4212847
LogInit: OS: Windows 10 (), CPU: Intel(R) Core(TM) i7-6700 CPU @ 3.40GHz, GPU: NVIDIA GeForce GTX 970
LogInit: Compiled (64-bit): Sep 17 2018 12:26:19
LogInit: Compiled with Visual C++: 19.13.26129.00
LogInit: Build Configuration: Development
LogInit: Branch Name: ++UE4+Release-4.20
LogInit: Command Line: 
LogInit: Base Directory: D:/UE_4.20/Engine/Binaries/Win64/
LogInit: Installed Engine Build: 1
LogDevObjectVersion: Number of dev versions registered: 20
LogDevObjectVersion:   Dev-Blueprints (B0D832E4-1F89-4F0D-ACCF-7EB736FD4AA2): 10
LogDevObjectVersion:   Dev-Build (E1C64328-A22C-4D53-A36C-8E866417BD8C): 0
LogDevObjectVersion:   Dev-Core (375EC13C-06E4-48FB-B500-84F0262A717E): 2
LogDevObjectVersion:   Dev-Editor (E4B068ED-F494-42E9-A231-DA0B2E46BB41): 24
LogDevObjectVersion:   Dev-Framework (CFFC743F-43B0-4480-9391-14DF171D2073): 34
LogDevObjectVersion:   Dev-Mobile (B02B49B5-BB20-44E9-A304-32B752E40360): 2
LogDevObjectVersion:   Dev-Networking (A4E4105C-59A1-49B5-A7C5-40C4547EDFEE): 0
LogDevObjectVersion:   Dev-Online (39C831C9-5AE6-47DC-9A44-9C173E1C8E7C): 0
LogDevObjectVersion:   Dev-Physics (78F01B33-EBEA-4F98-B9B4-84EACCB95AA2): 0
LogDevObjectVersion:   Dev-Platform (6631380F-2D4D-43E0-8009-CF276956A95A): 0
LogDevObjectVersion:   Dev-Rendering (12F88B9F-8875-4AFC-A67C-D90C383ABD29): 26
LogDevObjectVersion:   Dev-Sequencer (7B5AE74C-D270-4C10-A958-57980B212A5A): 9
LogDevObjectVersion:   Dev-VR (D7296918-1DD6-4BDD-9DE2-64A83CC13884): 2
LogDevObjectVersion:   Dev-LoadTimes (C2A15278-BFE7-4AFE-6C17-90FF531DF755): 1
LogDevObjectVersion:   Private-Geometry (6EACA3D4-40EC-4CC1-B786-8BED09428FC5): 3
LogDevObjectVersion:   Dev-AnimPhys (29E575DD-E0A3-4627-9D10-D276232CDCEA): 17
LogDevObjectVersion:   Dev-ReflectionCapture (6B266CEC-1EC7-4B8F-A30B-E4D90942FC07): 1
LogDevObjectVersion:   Dev-Automation (0DF73D61-A23F-47EA-B727-89E90C41499A): 1
LogDevObjectVersion:   FortniteMain (601D1886-AC64-4F84-AA16-D3DE0DEAC7D6): 12
LogDevObjectVersion:   Dev-Enterprise (9DFFBCD6-494F-0158-E221-12823C92A888): 1
LogStreaming: Display: Took  0.000s to delete old logs.
LogInit: Presizing for max 8388607 objects, including 0 objects not considered by GC, pre-allocating 0 bytes for permanent pool.
LogInit: Object subsystem initialized
[2018.11.20-19.26.59:029][  0]LogInit: Selected Device Profile: [Windows]
[2018.11.20-19.26.59:029][  0]LogInit: Applying CVar settings loaded from the selected device profile: [Windows]
[2018.11.20-19.26.59:136][  0]LogHAL: Display: Platform has ~ 16 GB [17105747968 / 17179869184 / 16], which maps to Larger [LargestMinGB=32, LargerMinGB=12, DefaultMinGB=8, SmallerMinGB=6, SmallestMinGB=0)
[2018.11.20-19.26.59:136][  0]LogInit: Setting Device Profile CVar: [[r.Vulkan.UseRealUBs:1]]
[2018.11.20-19.26.59:136][  0]LogInit: Going up to parent DeviceProfile []
[2018.11.20-19.26.59:137][  0]LogInit: Computer: MUTHAFKNPC
[2018.11.20-19.26.59:137][  0]LogInit: User: lochu
[2018.11.20-19.26.59:137][  0]LogInit: CPU Page size=4096, Cores=4
[2018.11.20-19.26.59:137][  0]LogInit: High frequency timer resolution =3.328126 MHz
[2018.11.20-19.26.59:138][  0]LogMemory: Memory total: Physical=15.9GB (16GB approx)
[2018.11.20-19.26.59:138][  0]LogMemory: Platform Memory Stats for Windows
[2018.11.20-19.26.59:138][  0]LogMemory: Process Physical Memory: 101.23 MB used, 101.23 MB peak
[2018.11.20-19.26.59:138][  0]LogMemory: Process Virtual Memory: 90.87 MB used, 90.87 MB peak
[2018.11.20-19.26.59:138][  0]LogMemory: Physical Memory: 10240.05 MB used,  6073.27 MB free, 16313.31 MB total
[2018.11.20-19.26.59:138][  0]LogMemory: Virtual Memory: 4635.44 MB used,  6073.27 MB free, 134217728.00 MB total
[2018.11.20-19.26.59:183][  0]LogInit: Using OS detected language (en-US).
[2018.11.20-19.26.59:183][  0]LogInit: Using OS detected locale (en-US).
[2018.11.20-19.26.59:183][  0]LogTextLocalizationManager: No specific localization for 'en-US' exists, so the 'en' localization will be used.
[2018.11.20-19.26.59:544][  0]LogStreaming: Display: Took  0.362s to InitEngineTextLocalization.
[2018.11.20-19.26.59:545][  0]LogInit: Setting process to per monitor DPI aware
[2018.11.20-19.26.59:576][  0]LogSlate: New Slate User Created.  User Index 0, Is Virtual User: 0
[2018.11.20-19.26.59:576][  0]LogSlate: Slate User Registered.  User Index 0, Is Virtual User: 0
[2018.11.20-19.26.59:766][  0]LogHMD: Failed to initialize OpenVR with code 110
[2018.11.20-19.26.59:766][  0]LogD3D11RHI: D3D11 adapters:
[2018.11.20-19.26.59:833][  0]LogD3D11RHI:    0. 'NVIDIA GeForce GTX 970' (Feature Level 11_0)
[2018.11.20-19.26.59:833][  0]LogD3D11RHI:       4043/0/8156 MB DedicatedVideo/DedicatedSystem/SharedSystem, Outputs:2, VendorId:0x10de
[2018.11.20-19.26.59:835][  0]LogD3D11RHI:    1. 'Microsoft Basic Render Driver' (Feature Level 11_0)
[2018.11.20-19.26.59:835][  0]LogD3D11RHI:       0/0/8156 MB DedicatedVideo/DedicatedSystem/SharedSystem, Outputs:0, VendorId:0x1414
[2018.11.20-19.26.59:835][  0]LogD3D11RHI: Chosen D3D11 Adapter: 0
[2018.11.20-19.26.59:843][  0]LogD3D11RHI: Creating new Direct3DDevice
[2018.11.20-19.26.59:843][  0]LogD3D11RHI:     GPU DeviceId: 0x13c2 (for the marketing name, search the web for "GPU Device Id")
[2018.11.20-19.26.59:843][  0]LogWindows: EnumDisplayDevices:
[2018.11.20-19.26.59:843][  0]LogWindows:    0. 'NVIDIA GeForce GTX 970' (P:1 D:1)
[2018.11.20-19.26.59:843][  0]LogWindows:    1. 'NVIDIA GeForce GTX 970' (P:0 D:1)
[2018.11.20-19.26.59:843][  0]LogWindows:    2. 'NVIDIA GeForce GTX 970' (P:0 D:0)
[2018.11.20-19.26.59:844][  0]LogWindows:    3. 'NVIDIA GeForce GTX 970' (P:0 D:0)
[2018.11.20-19.26.59:844][  0]LogWindows: DebugString: FoundDriverCount:4 
[2018.11.20-19.26.59:844][  0]LogD3D11RHI:     Adapter Name: NVIDIA GeForce GTX 970
[2018.11.20-19.26.59:844][  0]LogD3D11RHI:   Driver Version: 416.94 (internal:25.21.14.1694, unified:416.94)
[2018.11.20-19.26.59:844][  0]LogD3D11RHI:      Driver Date: 11-12-2018
[2018.11.20-19.26.59:844][  0]LogRHI: Texture pool is 2830 MB (70% of 4043 MB)
[2018.11.20-19.26.59:888][  0]LogD3D11RHI: Async texture creation enabled
[2018.11.20-19.26.59:906][  0]LogD3D11RHI: GPU Timing Frequency: 1000.000000 (Debug: 2 2)
[2018.11.20-19.26.59:955][  0]LogShaderCompilers: Guid format shader working directory is -1 characters bigger than the processId version (../../../../WORK/385/project/385_Boat_Game/okay/Intermediate/Shaders/WorkingDirectory/1848/).
[2018.11.20-19.26.59:956][  0]LogShaderCompilers: Cleaned the shader compiler working directory 'C:/Users/lochu/AppData/Local/Temp/UnrealShaderWorkingDir/1E8302524A4C2EAAB5C2ACAE761E1DE2/'.
[2018.11.20-19.27.00:213][  0]LogTemp: Display: Loaded TP AllDesktopTargetPlatform
[2018.11.20-19.27.00:223][  0]LogTemp: Display: Loaded TP MacClientTargetPlatform
[2018.11.20-19.27.00:235][  0]LogTemp: Display: Loaded TP MacNoEditorTargetPlatform
[2018.11.20-19.27.00:247][  0]LogTemp: Display: Loaded TP MacServerTargetPlatform
[2018.11.20-19.27.00:257][  0]LogTemp: Display: Loaded TP MacTargetPlatform
[2018.11.20-19.27.00:269][  0]LogTemp: Display: Loaded TP WindowsClientTargetPlatform
[2018.11.20-19.27.00:280][  0]LogTemp: Display: Loaded TP WindowsNoEditorTargetPlatform
[2018.11.20-19.27.00:291][  0]LogTemp: Display: Loaded TP WindowsServerTargetPlatform
[2018.11.20-19.27.00:295][  0]LogTemp: Display: Loaded TP WindowsTargetPlatform
[2018.11.20-19.27.00:366][  0]LogTemp: Display: Loaded TP AndroidTargetPlatform
[2018.11.20-19.27.00:366][  0]LogTemp: Display: Loaded TP AndroidTargetPlatform
[2018.11.20-19.27.00:366][  0]LogTemp: Display: Loaded TP AndroidTargetPlatform
[2018.11.20-19.27.00:366][  0]LogTemp: Display: Loaded TP AndroidTargetPlatform
[2018.11.20-19.27.00:366][  0]LogTemp: Display: Loaded TP AndroidTargetPlatform
[2018.11.20-19.27.00:366][  0]LogTemp: Display: Loaded TP AndroidTargetPlatform
[2018.11.20-19.27.00:366][  0]LogTemp: Display: Loaded TP AndroidTargetPlatform
[2018.11.20-19.27.00:366][  0]LogTemp: Display: Loaded TP AndroidTargetPlatform
[2018.11.20-19.27.00:366][  0]LogTemp: Display: Loaded TP AndroidTargetPlatform
[2018.11.20-19.27.00:366][  0]LogTemp: Display: Loaded TP AndroidTargetPlatform
[2018.11.20-19.27.00:366][  0]LogTemp: Display: Loaded TP AndroidTargetPlatform
[2018.11.20-19.27.00:366][  0]LogTemp: Display: Loaded TP AndroidTargetPlatform
[2018.11.20-19.27.00:366][  0]LogTemp: Display: Loaded TP AndroidTargetPlatform
[2018.11.20-19.27.00:366][  0]LogTemp: Display: Loaded TP AndroidTargetPlatform
[2018.11.20-19.27.00:366][  0]LogTemp: Display: Loaded TP AndroidTargetPlatform
[2018.11.20-19.27.00:366][  0]LogTemp: Display: Loaded TP AndroidTargetPlatform
[2018.11.20-19.27.00:366][  0]LogTemp: Display: Loaded TP AndroidTargetPlatform
[2018.11.20-19.27.00:366][  0]LogTemp: Display: Loaded TP AndroidTargetPlatform
[2018.11.20-19.27.00:367][  0]LogTemp: Display: Loaded TP HTML5TargetPlatform
[2018.11.20-19.27.00:424][  0]LogTemp: Display: Loaded TP IOSTargetPlatform
[2018.11.20-19.27.00:424][  0]LogTemp: Display: Loaded TP IOSTargetPlatform
[2018.11.20-19.27.00:445][  0]LogTemp: Display: Loaded TP TVOSTargetPlatform
[2018.11.20-19.27.00:445][  0]LogTemp: Display: Loaded TP TVOSTargetPlatform
[2018.11.20-19.27.00:456][  0]LogTemp: Display: Loaded TP LinuxClientTargetPlatform
[2018.11.20-19.27.00:467][  0]LogTemp: Display: Loaded TP LinuxNoEditorTargetPlatform
[2018.11.20-19.27.00:477][  0]LogTemp: Display: Loaded TP LinuxServerTargetPlatform
[2018.11.20-19.27.00:487][  0]LogTemp: Display: Loaded TP LinuxTargetPlatform
[2018.11.20-19.27.00:494][  0]LogTemp: Display: Loaded TP LuminTargetPlatform
[2018.11.20-19.27.00:495][  0]LogTargetPlatformManager: Display: Building Assets For Windows
[2018.11.20-19.27.00:535][  0]LogXGEController: Cannot use XGE Controller as Incredibuild is not installed on this machine.
[2018.11.20-19.27.00:536][  0]LogShaderCompilers: Cannot use XGE Shader Compiler as Incredibuild is not installed on this machine.
[2018.11.20-19.27.00:536][  0]LogShaderCompilers: Display: Using Local Shader Compiler.
[2018.11.20-19.27.01:164][  0]LogDerivedDataCache: Display: Max Cache Size: 512 MB
[2018.11.20-19.27.01:220][  0]LogDerivedDataCache: Loaded boot cache 0.06s 71MB C:/Users/lochu/AppData/Local/UnrealEngine/4.20/DerivedDataCache/Boot.ddc.
[2018.11.20-19.27.01:221][  0]LogDerivedDataCache: Display: Loaded Boot cache: C:/Users/lochu/AppData/Local/UnrealEngine/4.20/DerivedDataCache/Boot.ddc
[2018.11.20-19.27.01:221][  0]LogDerivedDataCache: FDerivedDataBackendGraph:  Pak pak cache file ../../../../WORK/385/project/385_Boat_Game/okay/DerivedDataCache/DDC.ddp not found, will not use a pak cache.
[2018.11.20-19.27.01:221][  0]LogDerivedDataCache: Unable to find inner node Pak for hierarchical cache Hierarchy.
[2018.11.20-19.27.01:221][  0]LogDerivedDataCache: FDerivedDataBackendGraph:  CompressedPak pak cache file ../../../../WORK/385/project/385_Boat_Game/okay/DerivedDataCache/Compressed.ddp not found, will not use a pak cache.
[2018.11.20-19.27.01:221][  0]LogDerivedDataCache: Unable to find inner node CompressedPak for hierarchical cache Hierarchy.
[2018.11.20-19.27.01:233][  0]LogDerivedDataCache: Display: Pak cache opened for reading ../../../Engine/DerivedDataCache/Compressed.ddp.
[2018.11.20-19.27.01:246][  0]LogDerivedDataCache: Using Local data cache path C:/Users/lochu/AppData/Local/UnrealEngine/Common/DerivedDataCache: Writable
[2018.11.20-19.27.01:246][  0]LogDerivedDataCache: Shared data cache path not found in *engine.ini, will not use an Shared cache.
[2018.11.20-19.27.01:246][  0]LogDerivedDataCache: Unable to find inner node Shared for hierarchical cache Hierarchy.
[2018.11.20-19.27.01:261][  0]LogMaterial: Verifying Global Shaders for PCD3D_SM5
[2018.11.20-19.27.01:262][  0]LogSlate: Using FreeType 2.6.0
[2018.11.20-19.27.01:262][  0]LogSlate: SlateFontServices - WITH_FREETYPE: 1, WITH_HARFBUZZ: 1
[2018.11.20-19.27.01:331][  0]LogAssetRegistry: FAssetRegistry took 0.0253 seconds to start up
[2018.11.20-19.27.01:623][  0]LogInit: Selected Device Profile: [Windows]
[2018.11.20-19.27.01:663][  0]LogSimplygon: Simplygon DLL not present - disabling.
[2018.11.20-19.27.01:665][  0]LogMeshReduction: Using SimplygonSwarm for distributed automatic mesh merging
[2018.11.20-19.27.01:665][  0]LogMeshReduction: Using ProxyLODMeshReduction for automatic mesh merging
[2018.11.20-19.27.01:665][  0]LogMeshReduction: Using QuadricMeshReduction for automatic static mesh reduction
[2018.11.20-19.27.01:665][  0]LogMeshReduction: No automatic skeletal mesh reduction module available
[2018.11.20-19.27.01:756][  0]LogNetVersion: okay 1.0.0, NetCL: 4212847, EngineNetVer: 5, GameNetVer: 0 (Checksum: 1209445407)
[2018.11.20-19.27.02:463][  0]LogPackageLocalizationCache: Processed 11 localized package path(s) for 2 prioritized culture(s) in 0.196791 seconds
[2018.11.20-19.27.02:468][  0]LogUObjectArray: 38425 objects as part of root set at end of initial load.
[2018.11.20-19.27.02:468][  0]LogUObjectAllocator: 6690864 out of 0 bytes used by permanent object pool.
[2018.11.20-19.27.02:468][  0]LogUObjectArray: CloseDisregardForGC: 0/0 objects in disregard for GC pool
[2018.11.20-19.27.03:256][  0]LogTcpMessaging: Initializing TcpMessaging bridge
[2018.11.20-19.27.03:269][  0]LogUdpMessaging: Initializing bridge on interface 0.0.0.0:0 to multicast group 230.0.0.1:6666.
[2018.11.20-19.27.03:415][  0]SourceControl: Source control is disabled
[2018.11.20-19.27.03:415][  0]SourceControl: Source control is disabled
[2018.11.20-19.27.03:416][  0]SourceControl: Source control is disabled
[2018.11.20-19.27.03:417][  0]SourceControl: Source control is disabled
[2018.11.20-19.27.03:665][  0]LogAndroidPermission: UAndroidPermissionCallbackProxy::GetInstance
[2018.11.20-19.27.03:815][  0]LogOcInput: OculusInput pre-init called
[2018.11.20-19.27.03:889][  0]LogEngine: Initializing Engine...
[2018.11.20-19.27.03:890][  0]LogHMD: Failed to initialize OpenVR with code 110
[2018.11.20-19.27.03:891][  0]LogStats: UGameplayTagsManager::ConstructGameplayTagTree: ImportINI prefixes -  0.000 s
[2018.11.20-19.27.03:891][  0]LogStats: UGameplayTagsManager::ConstructGameplayTagTree: Construct from data asset -  0.000 s
[2018.11.20-19.27.03:891][  0]LogStats: UGameplayTagsManager::ConstructGameplayTagTree: ImportINI -  0.000 s
[2018.11.20-19.27.03:891][  0]LogStats: UGameplayTagsManager::ConstructGameplayTagTree: GameplayTagTreeChangedEvent.Broadcast -  0.000 s
[2018.11.20-19.27.04:078][  0]LogInit: Initializing FReadOnlyCVARCache
[2018.11.20-19.27.04:087][  0]LogAIModule: Creating AISystem for world Untitled
[2018.11.20-19.27.04:122][  0]LogInit: XAudio2 using 'Speakers (Realtek High Definition Audio)' : 2 channels at 48 kHz using 32 bits per sample (channel mask 0x3)
[2018.11.20-19.27.04:140][  0]LogInit: FAudioDevice initialized.
[2018.11.20-19.27.04:140][  0]LogNetVersion: Set ProjectVersion to 1.0.0.0. Version Checksum will be recalculated on next use.
[2018.11.20-19.27.04:553][  0]LogDerivedDataCache: Saved boot cache 0.41s 71MB C:/Users/lochu/AppData/Local/UnrealEngine/4.20/DerivedDataCache/Boot.ddc.
[2018.11.20-19.27.04:569][  0]LogInit: Texture streaming: Enabled
[2018.11.20-19.27.04:587][  0]LogEngineSessionManager: EngineSessionManager initialized
[2018.11.20-19.27.04:622][  0]LogInit: Transaction tracking system initialized
[2018.11.20-19.27.04:650][  0]BlueprintLog: New page: Editor Load
[2018.11.20-19.27.04:784][  0]LocalizationService: Localization service is disabled
[2018.11.20-19.27.05:339][  0]LogCook: Display: Max memory allowance for cook 16384mb min free memory 0mb
[2018.11.20-19.27.05:339][  0]LogCook: Display: Mobile HDR setting 1
[2018.11.20-19.27.05:351][  0]LogFileCache: Scanning file cache for directory 'D:/WORK/385/project/385_Boat_Game/okay/Content/' took 0.09s
[2018.11.20-19.27.05:351][  0]LogGameplayTags: Display: UGameplayTagsManager::DoneAddingNativeTags. DelegateIsBound: 0
[2018.11.20-19.27.05:351][  0]LogStats: UGameplayTagsManager::ConstructGameplayTagTree: ImportINI prefixes -  0.000 s
[2018.11.20-19.27.05:352][  0]LogStats: UGameplayTagsManager::ConstructGameplayTagTree: Construct from data asset -  0.000 s
[2018.11.20-19.27.05:352][  0]LogStats: UGameplayTagsManager::ConstructGameplayTagTree: ImportINI -  0.000 s
[2018.11.20-19.27.05:352][  0]LogStats: UGameplayTagsManager::ConstructGameplayTagTree: GameplayTagTreeChangedEvent.Broadcast -  0.000 s
[2018.11.20-19.27.05:469][  0]SourceControl: Source control is disabled
[2018.11.20-19.27.05:469][  0]Cmd: MAP LOAD FILE="../../../../WORK/385/project/385_Boat_Game/okay/Content/VehicleBP/Maps/VehicleExampleMap.umap" TEMPLATE=0 SHOWPROGRESS=1 FEATURELEVEL=3
[2018.11.20-19.27.05:505][  0]LightingResults: New page: Lighting Build
[2018.11.20-19.27.05:507][  0]MapCheck: New page: Map Check
[2018.11.20-19.27.05:507][  0]LightingResults: New page: Lighting Build
[2018.11.20-19.27.15:995][  0]LogAIModule: Creating AISystem for world VehicleExampleMap
[2018.11.20-19.27.29:999][  0]LogEditorServer: Finished looking for orphan Actors (0.000 secs)
[2018.11.20-19.27.30:061][  0]Cmd: MAP CHECKDEP NOCLEARLOG
[2018.11.20-19.27.30:106][  0]MapCheck: Map check complete: 0 Error(s), 0 Warning(s), took 46.057ms to complete.
[2018.11.20-19.27.30:106][  0]LogFileHelpers: Loading map 'VehicleExampleMap' took 24.637
[2018.11.20-19.27.30:911][  0]LogSlate: Updating window title bar state: overlay mode, drag disabled, window buttons hidden, title bar hidden
[2018.11.20-19.27.30:944][  0]LogSlate: Updating window title bar state: overlay mode, drag disabled, window buttons hidden, title bar hidden
[2018.11.20-19.27.30:952][  0]LogSlate: Updating window title bar state: overlay mode, drag disabled, window buttons hidden, title bar hidden
[2018.11.20-19.27.30:959][  0]LogSlate: Updating window title bar state: overlay mode, drag disabled, window buttons hidden, title bar hidden
[2018.11.20-19.27.31:052][  0]LogCollectionManager: Loaded 0 collections in 0.014034 seconds
[2018.11.20-19.27.31:292][  0]LogFileCache: Scanning file cache for directory 'D:/WORK/385/project/385_Boat_Game/okay/Saved/Collections/' took 0.01s
[2018.11.20-19.27.31:292][  0]LogFileCache: Scanning file cache for directory 'D:/WORK/385/project/385_Boat_Game/okay/Content/Developers/lochu/Collections/' took 0.01s
[2018.11.20-19.27.31:292][  0]LogFileCache: Scanning file cache for directory 'D:/WORK/385/project/385_Boat_Game/okay/Content/Collections/' took 0.01s
[2018.11.20-19.27.31:292][  0]LogCollectionManager: Rebuilt the GUID cache for 0 collections in 0.000000 seconds
[2018.11.20-19.27.31:313][  0]LogContentBrowser: Native class hierarchy populated in 0.0172 seconds. Added 2574 classes and 606 folders.
[2018.11.20-19.27.31:465][  0]LogContentBrowser: Native class hierarchy updated for 'WidgetCarousel' in 0.0005 seconds. Added 0 classes and 0 folders.
[2018.11.20-19.27.32:289][  0]LogContentBrowser: Native class hierarchy updated for 'AddContentDialog' in 0.0003 seconds. Added 0 classes and 0 folders.
[2018.11.20-19.27.32:341][  0]LogContentBrowser: Native class hierarchy updated for 'SceneOutliner' in 0.0005 seconds. Added 1 classes and 2 folders.
[2018.11.20-19.27.33:133][  0]LogSlate: Took 0.000399 seconds to synchronously load lazily loaded font '../../../Engine/Content/Slate/Fonts/Roboto-Regular.ttf' (155K)
[2018.11.20-19.27.33:137][  0]LogSlate: Took 0.000358 seconds to synchronously load lazily loaded font '../../../Engine/Content/Slate/Fonts/Roboto-Bold.ttf' (160K)
[2018.11.20-19.27.33:196][  0]LogSlate: Took 0.009541 seconds to synchronously load lazily loaded font '../../../Engine/Content/Editor/Slate/Fonts/FontAwesome.ttf' (139K)
[2018.11.20-19.27.33:768][  0]LogRenderer: Reallocating scene render targets to support 1208x600 Format 10 NumSamples 1 (Frame:1).
[2018.11.20-19.27.34:635][  0]LogContentBrowser: Native class hierarchy updated for 'HierarchicalLODOutliner' in 0.0002 seconds. Added 0 classes and 0 folders.
[2018.11.20-19.27.34:635][  0]LogLoad: (Engine Initialization) Total time: 37.34 seconds
[2018.11.20-19.27.34:635][  0]LogLoad: (Engine Initialization) Total Blueprint compile time: 0.00 seconds
[2018.11.20-19.27.34:646][  0]LogWindowsTextInputMethodSystem: Display: IME system now deactivated.
[2018.11.20-19.27.34:647][  0]LogRawInputWindows: Warning: Found device 0 devices
[2018.11.20-19.27.34:647][  0]LogRawInputWindows: Warning: Found device 0 devices
[2018.11.20-19.27.34:656][  0]LogRawInputWindows: Warning: Device was registered succesfully but not connected (Usage:4 UsagePage:1)
[2018.11.20-19.27.34:656][  0]LogRawInputWindows: Warning: Found device 1 devices
[2018.11.20-19.27.34:656][  0]LogRawInputWindows: Warning: Device was registered succesfully but not connected (Usage:5 UsagePage:1)
[2018.11.20-19.27.34:782][  0]LogContentStreaming: Texture pool size now 1000 MB
[2018.11.20-19.27.34:930][  0]LogSlate: Took 0.009167 seconds to synchronously load lazily loaded font '../../../Engine/Content/Slate/Fonts/Roboto-Light.ttf' (167K)
[2018.11.20-19.27.35:191][  1]LogAssetRegistry: Asset discovery search completed in 33.8832 seconds
[2018.11.20-19.27.35:194][  1]LogCollectionManager: Rebuilt the object cache for 0 collections in 0.000000 seconds (found 0 objects)
[2018.11.20-19.27.35:194][  1]LogCollectionManager: Fixed up redirectors for 0 collections in 0.000041 seconds (updated 0 objects)
[2018.11.20-19.27.42:203][594]LogSlate: FSceneViewport::OnFocusLost() reason 0
[2018.11.20-19.27.57:316][872]LogSlate: Took 0.000179 seconds to synchronously load lazily loaded font '../../../Engine/Content/Slate/Fonts/Roboto-Light.ttf' (167K)
[2018.11.20-19.27.57:338][872]LogAssetEditorManager: Opening Asset editor for Blueprint /Game/Vehicle/low_poly/boat_PB.boat_PB
[2018.11.20-19.27.58:565][872]LogContentBrowser: Native class hierarchy updated for 'BlueprintGraph' in 0.0018 seconds. Added 116 classes and 0 folders.
[2018.11.20-19.28.00:491][872]LogSlate: Took 0.010084 seconds to synchronously load lazily loaded font '../../../Engine/Content/Slate/Fonts/Roboto-BoldCondensed.ttf' (158K)
[2018.11.20-19.28.01:239][873]LogSlate: Took 0.013633 seconds to synchronously load lazily loaded font '../../../Engine/Content/Slate/Fonts/Roboto-Italic.ttf' (157K)
[2018.11.20-19.28.04:860][257]LogTemp: Repeating last play command: Simulate
[2018.11.20-19.28.04:902][257]LogBlueprintUserMessages: Early PlayInEditor Detection: Level '/Game/VehicleBP/Maps/VehicleExampleMap.VehicleExampleMap:PersistentLevel' has LevelScriptBlueprint '/Game/VehicleBP/Maps/VehicleExampleMap.VehicleExampleMap:PersistentLevel.VehicleExampleMap' with GeneratedClass '/Game/VehicleBP/Maps/VehicleExampleMap.VehicleExampleMap_C' with ClassGeneratedBy '/Game/VehicleBP/Maps/VehicleExampleMap.VehicleExampleMap:PersistentLevel.VehicleExampleMap'
[2018.11.20-19.28.04:935][257]LogPlayLevel: PlayLevel: No blueprints needed recompiling
[2018.11.20-19.28.05:025][257]PIE: New page: SIE session: VehicleExampleMap (Nov 20, 2018, 9:28:04 AM)
[2018.11.20-19.28.05:025][257]LogPlayLevel: Creating play world package: /Game/VehicleBP/Maps/UEDPIE_0_VehicleExampleMap
[2018.11.20-19.28.05:410][257]LogPlayLevel: PIE: StaticDuplicateObject took: (0.385342s)
[2018.11.20-19.28.05:411][257]LogAIModule: Creating AISystem for world VehicleExampleMap
[2018.11.20-19.28.05:412][257]LogPlayLevel: PIE: World Init took: (0.001460s)
[2018.11.20-19.28.05:412][257]LogPlayLevel: PIE: Created PIE world by copying editor world from /Game/VehicleBP/Maps/VehicleExampleMap.VehicleExampleMap to /Game/VehicleBP/Maps/UEDPIE_0_VehicleExampleMap.VehicleExampleMap (0.386949s)
[2018.11.20-19.28.05:495][257]LogInit: XAudio2 using 'Speakers (Realtek High Definition Audio)' : 2 channels at 48 kHz using 32 bits per sample (channel mask 0x3)
[2018.11.20-19.28.05:510][257]LogInit: FAudioDevice initialized.
[2018.11.20-19.28.05:590][257]LogLoad: Game class is 'VehicleGameMode_C'
[2018.11.20-19.28.05:680][257]LogWorld: Bringing World /Game/VehicleBP/Maps/UEDPIE_0_VehicleExampleMap.VehicleExampleMap up for play (max tick rate 0) at 2018.11.20-14.28.05
[2018.11.20-19.28.05:770][257]LogWorld: Bringing up level for play took: 0.123631
[2018.11.20-19.28.05:796][257]LogGameMode: FindPlayerStart: PATHS NOT DEFINED or NO PLAYERSTART with positive rating
[2018.11.20-19.28.05:870][257]LogContentBrowser: Native class hierarchy updated for 'MovieSceneCapture' in 0.0003 seconds. Added 10 classes and 0 folders.
[2018.11.20-19.28.05:903][257]PIE: Play in editor start time for /Game/VehicleBP/Maps/UEDPIE_0_VehicleExampleMap 0.805
[2018.11.20-19.28.05:966][257]LogBlueprintUserMessages: Late PlayInEditor Detection: Level '/Game/VehicleBP/Maps/VehicleExampleMap.VehicleExampleMap:PersistentLevel' has LevelScriptBlueprint '/Game/VehicleBP/Maps/VehicleExampleMap.VehicleExampleMap:PersistentLevel.VehicleExampleMap' with GeneratedClass '/Game/VehicleBP/Maps/VehicleExampleMap.VehicleExampleMap_C' with ClassGeneratedBy '/Game/VehicleBP/Maps/VehicleExampleMap.VehicleExampleMap:PersistentLevel.VehicleExampleMap'
[2018.11.20-19.28.12:459][842]LogSlate: FSceneViewport::OnFocusLost() reason 0
[2018.11.20-19.28.12:561][853]LogBlueprintUserMessages: Early EndPlayMap Detection: Level '/Game/VehicleBP/Maps/VehicleExampleMap.VehicleExampleMap:PersistentLevel' has LevelScriptBlueprint '/Game/VehicleBP/Maps/VehicleExampleMap.VehicleExampleMap:PersistentLevel.VehicleExampleMap' with GeneratedClass '/Game/VehicleBP/Maps/VehicleExampleMap.VehicleExampleMap_C' with ClassGeneratedBy '/Game/VehicleBP/Maps/VehicleExampleMap.VehicleExampleMap:PersistentLevel.VehicleExampleMap'
[2018.11.20-19.28.12:655][853]LogSlate: Updating window title bar state: overlay mode, drag disabled, window buttons hidden, title bar hidden
[2018.11.20-19.28.12:823][853]LogPlayLevel: Display: Shutting down PIE online subsystems
[2018.11.20-19.28.12:823][853]LogBlueprintUserMessages: Late EndPlayMap Detection: Level '/Game/VehicleBP/Maps/VehicleExampleMap.VehicleExampleMap:PersistentLevel' has LevelScriptBlueprint '/Game/VehicleBP/Maps/VehicleExampleMap.VehicleExampleMap:PersistentLevel.VehicleExampleMap' with GeneratedClass '/Game/VehicleBP/Maps/VehicleExampleMap.VehicleExampleMap_C' with ClassGeneratedBy '/Game/VehicleBP/Maps/VehicleExampleMap.VehicleExampleMap:PersistentLevel.VehicleExampleMap'
[2018.11.20-19.28.12:855][853]LogSlate: Updating window title bar state: overlay mode, drag disabled, window buttons hidden, title bar hidden
[2018.11.20-19.28.12:897][854]LogPlayLevel: Display: Destroying online subsystem :Context_8
[2018.11.20-19.28.15:567][129]LogSlate: FSceneViewport::OnFocusLost() reason 0
[2018.11.20-19.30.23:395][260]LogSlate: FSceneViewport::OnFocusLost() reason 0
[2018.11.20-19.31.07:493][ 57]Cmd: SELECT NONE
[2018.11.20-19.31.09:848][250]LogSlate: FSceneViewport::OnFocusLost() reason 0
[2018.11.20-19.31.14:939][673]LogSlate: Window 'New Level' being destroyed
[2018.11.20-19.31.14:946][673]Cmd: MAP LOAD FILE="../../../Engine/Content/Maps/Templates/Template_Default.umap" TEMPLATE=1 SHOWPROGRESS=1 FEATURELEVEL=3
[2018.11.20-19.31.14:959][673]LightingResults: New page: Lighting Build
[2018.11.20-19.31.14:960][673]LoadErrors: New page: Loading map: Template_Default.umap
[2018.11.20-19.31.14:978][673]MapCheck: New page: Map Check
[2018.11.20-19.31.14:978][673]LightingResults: New page: Lighting Build
[2018.11.20-19.31.15:029][673]LogAIModule: Creating AISystem for world Untitled_1
[2018.11.20-19.31.15:038][673]LogEditorServer: Finished looking for orphan Actors (0.000 secs)
[2018.11.20-19.31.15:070][673]Cmd: MAP CHECKDEP NOCLEARLOG
[2018.11.20-19.31.15:127][673]MapCheck: Map check complete: 0 Error(s), 0 Warning(s), took 56.536ms to complete.
[2018.11.20-19.31.15:127][673]LogFileHelpers: Loading map 'Template_Default' took 0.182
[2018.11.20-19.31.19:010][131]LogSlate: FSceneViewport::OnFocusLost() reason 0
[2018.11.21-02.10.11:304][439]LogEditorViewport: Clicking on Actor (LMB): StaticMeshActor (Floor)
[2018.11.21-02.10.12:723][439]LogEditorViewport: Clicking on Actor (context menu): StaticMeshActor (Floor)
[2018.11.21-02.10.13:241][439]LogSlate: FSceneViewport::OnFocusLost() reason 2
[2018.11.21-02.10.16:616][740]LogSlate: FSceneViewport::OnFocusLost() reason 0
[2018.11.21-02.10.20:748][203]LogEditorViewport: Clicking on Actor (LMB): BP_Sky_Sphere_C (Sky Sphere)
[2018.11.21-02.10.21:228][229]LogEditorViewport: Clicking on Actor (LMB): StaticMeshActor (Floor)
[2018.11.21-02.10.23:614][490]LogSlate: FSceneViewport::OnFocusLost() reason 0
[2018.11.21-02.10.29:345][503]LogSlate: Window 'Save Level As' being destroyed
[2018.11.21-02.10.29:351][503]LogSlate: FSceneViewport::OnFocusLost() reason 3
[2018.11.21-02.10.30:718][503]Cmd: OBJ SAVEPACKAGE PACKAGE="/Game/Maps/test" FILE="../../../../WORK/385/project/385_Boat_Game/okay/Content/Maps/test.umap" SILENT=true AUTOSAVING=false KEEPDIRTY=false
[2018.11.21-02.10.31:240][503]LogSavePackage: Moving '../../../../WORK/385/project/385_Boat_Game/okay/Saved/test7E6917304A2963060A86158A967965DD.tmp' to '../../../../WORK/385/project/385_Boat_Game/okay/Content/Maps/test.umap'
[2018.11.21-02.10.31:488][503]Cmd: OBJ SAVEPACKAGE PACKAGE="/Game/Maps/test_BuiltData" FILE="../../../../WORK/385/project/385_Boat_Game/okay/Content/Maps/test_BuiltData.uasset" SILENT=true
[2018.11.21-02.10.31:534][503]LogSavePackage: Moving '../../../../WORK/385/project/385_Boat_Game/okay/Saved/test_BuiltDataECA6C48E4D399BC9BB97B1949F2EC30F.tmp' to '../../../../WORK/385/project/385_Boat_Game/okay/Content/Maps/test_BuiltData.uasset'
[2018.11.21-02.10.31:541][503]LogFileHelpers: Saving map 'test' took 2.018
[2018.11.21-02.10.32:606][588]LogSlate: FSceneViewport::OnFocusLost() reason 0
[2018.11.21-02.10.32:744][601]Cmd: OBJ SAVEPACKAGE PACKAGE="/Game/Maps/test" FILE="../../../../WORK/385/project/385_Boat_Game/okay/Content/Maps/test.umap" SILENT=true AUTOSAVING=false KEEPDIRTY=false
[2018.11.21-02.10.33:036][601]LogSavePackage: Moving '../../../../WORK/385/project/385_Boat_Game/okay/Saved/testCBCDB18F4111D6B62B0845938288B528.tmp' to '../../../../WORK/385/project/385_Boat_Game/okay/Content/Maps/test.umap'
[2018.11.21-02.10.33:068][601]Cmd: OBJ SAVEPACKAGE PACKAGE="/Game/Maps/test_BuiltData" FILE="../../../../WORK/385/project/385_Boat_Game/okay/Content/Maps/test_BuiltData.uasset" SILENT=true
[2018.11.21-02.10.33:089][601]LogSavePackage: Moving '../../../../WORK/385/project/385_Boat_Game/okay/Saved/test_BuiltDataB8D5C1554A9D6AA998A195AD223EC50D.tmp' to '../../../../WORK/385/project/385_Boat_Game/okay/Content/Maps/test_BuiltData.uasset'
[2018.11.21-02.10.34:794][804]LogSlate: FSceneViewport::OnFocusLost() reason 0
[2018.11.21-02.27.53:841][346]LogSlate: FSceneViewport::OnFocusLost() reason 0
[2018.11.21-02.28.01:281][125]Cmd: TRANSACTION UNDO
[2018.11.21-02.28.01:281][125]LogEditorTransaction: Undo Create Actors
[2018.11.21-02.28.06:137][638]Cmd: CAMERA ALIGN ACTIVEVIEWPORTONLY
[2018.11.21-02.28.06:785][693]LogSlate: FSceneViewport::OnFocusLost() reason 0
[2018.11.21-02.28.09:147][964]LogTemp: Repeating last play command: Simulate
[2018.11.21-02.28.09:254][964]LogPlayLevel: PlayLevel: No blueprints needed recompiling
[2018.11.21-02.28.09:255][964]PIE: New page: SIE session: test (Nov 20, 2018, 4:28:09 PM)
[2018.11.21-02.28.09:255][964]LogPlayLevel: Creating play world package: /Game/Maps/UEDPIE_0_test
[2018.11.21-02.28.09:256][964]LogPlayLevel: PIE: StaticDuplicateObject took: (0.001486s)
[2018.11.21-02.28.09:257][964]LogAIModule: Creating AISystem for world test
[2018.11.21-02.28.09:257][964]LogPlayLevel: PIE: World Init took: (0.000647s)
[2018.11.21-02.28.09:257][964]LogPlayLevel: PIE: Created PIE world by copying editor world from /Game/Maps/test.test to /Game/Maps/UEDPIE_0_test.test (0.002218s)
[2018.11.21-02.28.09:309][964]LogInit: XAudio2 using 'Speakers (Realtek High Definition Audio)' : 2 channels at 48 kHz using 32 bits per sample (channel mask 0x3)
[2018.11.21-02.28.09:329][964]LogInit: FAudioDevice initialized.
[2018.11.21-02.28.09:362][964]LogLoad: Game class is 'VehicleGameMode_C'
[2018.11.21-02.28.09:365][964]LogWorld: Bringing World /Game/Maps/UEDPIE_0_test.test up for play (max tick rate 0) at 2018.11.20-21.28.09
[2018.11.21-02.28.09:365][964]LogWorld: Bringing up level for play took: 0.000605
[2018.11.21-02.28.09:394][964]PIE: Play in editor start time for /Game/Maps/UEDPIE_0_test 0.296
[2018.11.21-02.28.16:023][737]LogSlate: FSceneViewport::OnFocusLost() reason 0
[2018.11.21-02.28.16:142][750]LogSlate: Updating window title bar state: overlay mode, drag disabled, window buttons hidden, title bar hidden
[2018.11.21-02.28.16:179][750]LogPlayLevel: Display: Shutting down PIE online subsystems
[2018.11.21-02.28.16:202][750]LogSlate: Updating window title bar state: overlay mode, drag disabled, window buttons hidden, title bar hidden
[2018.11.21-02.28.16:234][753]LogPlayLevel: Display: Destroying online subsystem :Context_15
[2018.11.21-02.28.45:101][431]Cmd: OBJ SAVEPACKAGE PACKAGE="/Game/Maps/test" FILE="../../../../WORK/385/project/385_Boat_Game/okay/Saved/Autosaves/Game/Maps/test_Auto1.umap" SILENT=true AUTOSAVING=true KEEPDIRTY=false
[2018.11.21-02.28.45:138][431]LogSavePackage: Moving '../../../../WORK/385/project/385_Boat_Game/okay/Saved/test_Auto1EFFEB2DC460FABA24F2923A84D107611.tmp' to '../../../../WORK/385/project/385_Boat_Game/okay/Saved/Autosaves/Game/Maps/test_Auto1.umap'
[2018.11.21-02.28.45:154][431]LogFileHelpers: Editor autosave (incl. sublevels) for '/Game/Maps/test' took 0.068
[2018.11.21-02.28.45:154][431]LogFileHelpers: Editor autosave (incl. sublevels) for all levels took 0.068
[2018.11.21-02.29.32:760][908]LogSlate: FSceneViewport::OnFocusLost() reason 0
[2018.11.21-02.52.06:985][579]LogSlate: FSceneViewport::OnFocusLost() reason 0
[2018.11.21-02.56.26:307][769]LogSlate: FSceneViewport::OnFocusLost() reason 0
[2018.11.21-02.58.23:103][627]LogFactory: FactoryCreateFile: StaticMesh with FbxFactory (0 0 D:\WORK\385\project\rigged_tug_Final_Model.FBX)
[2018.11.21-02.58.23:397][627]LogFbx: Loading FBX Scene from D:\WORK\385\project\rigged_tug_Final_Model.FBX
[2018.11.21-02.58.24:059][627]LogFbx: FBX Scene Loaded Succesfully
[2018.11.21-02.58.26:320][627]LogSlate: Window 'FBX Import Options' being destroyed
[2018.11.21-02.58.26:363][627]LogFbx: =================================================
[2018.11.21-02.58.26:363][627]LogFbx: Dumping Node START [bottom_tug001] 
[2018.11.21-02.58.26:363][627]LogFbx: 	Total Deformer Count -70371360.
[2018.11.21-02.58.26:363][627]LogFbx: 		[Node 1]  (Type Skin).
[2018.11.21-02.58.26:363][627]LogFbx: =================================================
[2018.11.21-02.58.26:363][627]LogFbx: 	Attribute () Type (4).
[2018.11.21-02.58.26:363][627]LogFbx: 		[Node Attribute Child 1] bottom_tug001 (Type Mesh).
[2018.11.21-02.58.26:363][627]LogFbx: Dumping Node END [bottom_tug001]
[2018.11.21-02.58.26:364][627]LogFbx: =================================================
[2018.11.21-02.58.26:364][627]LogFbx: Dumping Node START [bottom_tug001] 
[2018.11.21-02.58.26:364][627]LogFbx: 	Total Deformer Count -70371360.
[2018.11.21-02.58.26:364][627]LogFbx: 		[Node 1]  (Type Skin).
[2018.11.21-02.58.26:364][627]LogFbx: =================================================
[2018.11.21-02.58.26:364][627]LogFbx: 	Attribute () Type (4).
[2018.11.21-02.58.26:364][627]LogFbx: 		[Node Attribute Child 1] bottom_tug001 (Type Mesh).
[2018.11.21-02.58.26:364][627]LogFbx: Dumping Node END [bottom_tug001]
[2018.11.21-02.58.26:366][627]LogFbx: Valid bind pose for Pose (BIND_POSES) - bottom_tug001
[2018.11.21-02.58.27:153][627]LogFbx: Warning: Bones digested - 5  Depth of hierarchy - 2
[2018.11.21-02.58.55:028][627]LogSkeletalMesh: Section 0: 309809 vertices, 5 active bones
[2018.11.21-02.58.55:095][627]LogSkeletalMesh: Section 0: Material=0, 483622 triangles
[2018.11.21-02.58.55:170][627]LogSkeletalMesh: Building Skeletal Mesh rigged_tug_Final_Model...
[2018.11.21-02.58.56:045][627]LogSkeletalMesh: Built Skeletal Mesh [0.90s] /Game/Vehicle/rigged/rigged_tug_Final_Model.rigged_tug_Final_Model
[2018.11.21-02.58.56:178][627]LogLinker: Can't find file '/Game/Vehicle/rigged/rigged_tug_Final_Model_Skeleton'
[2018.11.21-02.58.56:178][627]LogLinker: Can't find file '/Game/Vehicle/rigged/rigged_tug_Final_Model_Skeleton'
[2018.11.21-02.58.56:233][627]LogLinker: Can't find file '/Game/Vehicle/rigged/rigged_tug_Final_Model_PhysicsAsset'
[2018.11.21-02.58.56:233][627]LogLinker: Can't find file '/Game/Vehicle/rigged/rigged_tug_Final_Model_PhysicsAsset'
[2018.11.21-02.58.56:492][627]LogSkeletalMesh: Building Skeletal Mesh rigged_tug_Final_Model...
[2018.11.21-02.58.57:255][627]LogSkeletalMesh: Built Skeletal Mesh [0.83s] /Game/Vehicle/rigged/rigged_tug_Final_Model.rigged_tug_Final_Model
[2018.11.21-02.58.57:370][627]LogSkeletalMesh: Building Skeletal Mesh rigged_tug_Final_Model...
[2018.11.21-02.58.58:113][627]LogSkeletalMesh: Built Skeletal Mesh [0.78s] /Game/Vehicle/rigged/rigged_tug_Final_Model.rigged_tug_Final_Model
[2018.11.21-02.58.58:383][628]LogFileHelpers: Editor autosave (incl. sublevels) for '/Game/Maps/test' took 0.085
[2018.11.21-02.58.58:385][628]OBJ SavePackage: Generating thumbnails for [1] asset(s) in package [/Game/Vehicle/rigged/rigged_tug_Final_Model] ([1] browsable assets)...
[2018.11.21-02.58.58:477][628]OBJ SavePackage:     Rendered thumbnail for [SkeletalMesh /Game/Vehicle/rigged/rigged_tug_Final_Model.rigged_tug_Final_Model]
[2018.11.21-02.58.58:477][628]OBJ SavePackage: Finished generating thumbnails for package [/Game/Vehicle/rigged/rigged_tug_Final_Model]
[2018.11.21-02.58.59:181][628]LogSavePackage: Moving '../../../../WORK/385/project/385_Boat_Game/okay/Saved/rigged_tug_Final_Model_Auto21FF23C8842B6BB892E081896AC888DE5.tmp' to '../../../../WORK/385/project/385_Boat_Game/okay/Saved/Autosaves/Game/Vehicle/rigged/rigged_tug_Final_Model_Auto2.uasset'
[2018.11.21-02.58.59:183][628]OBJ SavePackage: Generating thumbnails for [0] asset(s) in package [/Game/Vehicle/rigged/rigged_tug_Final_Model_Skeleton] ([1] browsable assets)...
[2018.11.21-02.58.59:183][628]OBJ SavePackage: Finished generating thumbnails for package [/Game/Vehicle/rigged/rigged_tug_Final_Model_Skeleton]
[2018.11.21-02.58.59:187][628]LogSavePackage: Moving '../../../../WORK/385/project/385_Boat_Game/okay/Saved/rigged_tug_Final_Model_Skeleton_CBA9467E4B10C442D44229A44E236DEC.tmp' to '../../../../WORK/385/project/385_Boat_Game/okay/Saved/Autosaves/Game/Vehicle/rigged/rigged_tug_Final_Model_Skeleton_Auto2.uasset'
[2018.11.21-02.58.59:188][628]OBJ SavePackage: Generating thumbnails for [1] asset(s) in package [/Game/Vehicle/rigged/rigged_tug_Final_Model_PhysicsAsset] ([1] browsable assets)...
[2018.11.21-02.58.59:204][628]OBJ SavePackage:     Rendered thumbnail for [PhysicsAsset /Game/Vehicle/rigged/rigged_tug_Final_Model_PhysicsAsset.rigged_tug_Final_Model_PhysicsAsset]
[2018.11.21-02.58.59:204][628]OBJ SavePackage: Finished generating thumbnails for package [/Game/Vehicle/rigged/rigged_tug_Final_Model_PhysicsAsset]
[2018.11.21-02.58.59:223][628]LogSavePackage: Moving '../../../../WORK/385/project/385_Boat_Game/okay/Saved/rigged_tug_Final_Model_PhysicsAs0D86CF4242D27BB0CB09E0953370D570.tmp' to '../../../../WORK/385/project/385_Boat_Game/okay/Saved/Autosaves/Game/Vehicle/rigged/rigged_tug_Final_Model_PhysicsAsset_Auto2.uasset'
[2018.11.21-02.58.59:224][628]LogFileHelpers: Auto-saving content packages took 0.839
[2018.11.21-03.06.53:527][281]LogAssetEditorManager: Opening Asset editor for PhysicsAsset /Game/Vehicle/rigged/rigged_tug_Final_Model_PhysicsAsset.rigged_tug_Final_Model_PhysicsAsset
[2018.11.21-03.06.53:716][281]LogContentBrowser: Native class hierarchy updated for 'PhysicsAssetEditor' in 0.0004 seconds. Added 7 classes and 3 folders.
[2018.11.21-03.06.53:757][281]LogContentBrowser: Native class hierarchy updated for 'SkeletonEditor' in 0.0002 seconds. Added 1 classes and 2 folders.
[2018.11.21-03.06.54:640][281]LogActorComponent: RegisterComponentWithWorld: (/Engine/Transient.World_14:PersistentLevel.AnimationEditorPreviewActor_0.PhysicsAssetEditorSkeletalMeshComponent_0) Already registered. Aborting.
[2018.11.21-03.06.54:729][281]LogContentBrowser: Native class hierarchy updated for 'PinnedCommandList' in 0.0003 seconds. Added 1 classes and 0 folders.
[2018.11.21-03.06.56:113][281]LogContentBrowser: Native class hierarchy updated for 'ClothingSystemEditorInterface' in 0.0005 seconds. Added 1 classes and 0 folders.
[2018.11.21-03.06.56:180][282]LogRenderer: Reallocating scene render targets to support 1208x776 Format 10 NumSamples 1 (Frame:1).
[2018.11.21-03.06.57:630][424]LogRenderer: Reallocating scene render targets to support 1208x784 Format 10 NumSamples 1 (Frame:144).
[2018.11.21-03.06.57:899][440]LogRenderer: Reallocating scene render targets to support 1208x928 Format 10 NumSamples 1 (Frame:163).
[2018.11.21-03.06.58:425][501]LogSlate: Window 'rigged_tug_Final_Model_PhysicsAsset*' being destroyed
[2018.11.21-03.07.09:223][611]LogSlate: FSceneViewport::OnFocusLost() reason 2
[2018.11.21-03.07.13:277][ 22]LogSlate: FSceneViewport::OnFocusLost() reason 0
[2018.11.21-03.07.18:413][575]LogSlate: FSceneViewport::OnFocusLost() reason 0
[2018.11.21-03.07.20:485][820]LogSkeletalMesh: USkeletalMeshComponent::InitArticulated : Could not find root physics body: '/Engine/Transient.World_14:PersistentLevel.AnimationEditorPreviewActor_0.PhysicsAssetEditorSkeletalMeshComponent_0'
[2018.11.21-03.07.20:489][820]LogSkeletalMesh: USkeletalMeshComponent::InitArticulated : Could not find root physics body: '/Engine/Transient.World_14:PersistentLevel.AnimationEditorPreviewActor_0.PhysicsAssetEditorSkeletalMeshComponent_0'
[2018.11.21-03.07.23:053][104]LogSlate: FSceneViewport::OnFocusLost() reason 0
[2018.11.21-03.07.25:781][412]LogSlate: FSceneViewport::OnFocusLost() reason 0
[2018.11.21-03.07.27:533][591]LogSlate: FSceneViewport::OnFocusLost() reason 0
[2018.11.21-03.07.34:398][349]LogSlate: FSceneViewport::OnFocusLost() reason 0
[2018.11.21-03.07.37:132][647]LogSlate: FSceneViewport::OnFocusLost() reason 0
[2018.11.21-03.07.55:226][623]LogSlate: FSceneViewport::OnFocusLost() reason 0
[2018.11.21-03.08.02:612][467]Cmd: TRANSACTION UNDO
[2018.11.21-03.08.02:612][467]LogEditorTransaction: Undo Move Element
[2018.11.21-03.08.02:613][467]LogActorComponent: RegisterComponentWithWorld: (/Engine/Transient.World_14:PersistentLevel.AnimationEditorPreviewActor_0.PhysicsAssetEditorSkeletalMeshComponent_0) Already registered. Aborting.
[2018.11.21-03.08.58:958][596]LogSlate: FSceneViewport::OnFocusLost() reason 0
[2018.11.21-03.09.16:051][435]LogSlate: FSceneViewport::OnFocusLost() reason 0
[2018.11.21-03.09.18:133][631]Cmd: TRANSACTION UNDO
[2018.11.21-03.09.18:134][631]LogEditorTransaction: Undo Reset Bone Collision
[2018.11.21-03.09.18:134][631]LogActorComponent: RegisterComponentWithWorld: (/Engine/Transient.World_14:PersistentLevel.AnimationEditorPreviewActor_0.PhysicsAssetEditorSkeletalMeshComponent_0) Already registered. Aborting.
[2018.11.21-03.09.18:587][665]LogSlate: FSceneViewport::OnFocusLost() reason 2
[2018.11.21-03.09.20:305][870]LogSlate: FSceneViewport::OnFocusLost() reason 2
[2018.11.21-03.09.22:656][113]LogSlate: FSceneViewport::OnFocusLost() reason 0
[2018.11.21-03.09.25:817][395]LogSlate: FSceneViewport::OnFocusLost() reason 0
[2018.11.21-03.09.29:330][753]LogSlate: FSceneViewport::OnFocusLost() reason 0
[2018.11.21-03.09.30:820][909]Cmd: TRANSACTION UNDO
[2018.11.21-03.09.30:820][909]LogEditorTransaction: Undo Reset Bone Collision
[2018.11.21-03.09.30:821][909]LogActorComponent: RegisterComponentWithWorld: (/Engine/Transient.World_14:PersistentLevel.AnimationEditorPreviewActor_0.PhysicsAssetEditorSkeletalMeshComponent_0) Already registered. Aborting.
[2018.11.21-03.09.31:238][923]Cmd: TRANSACTION UNDO
[2018.11.21-03.09.31:238][923]LogEditorTransaction: Undo Reset Bone Collision
[2018.11.21-03.09.31:239][923]LogActorComponent: RegisterComponentWithWorld: (/Engine/Transient.World_14:PersistentLevel.AnimationEditorPreviewActor_0.PhysicsAssetEditorSkeletalMeshComponent_0) Already registered. Aborting.
[2018.11.21-03.09.44:840][923]LogWindows: Error: === Critical error: ===
[2018.11.21-03.09.44:840][923]LogWindows: Error: 
[2018.11.21-03.09.44:840][923]LogWindows: Error: Fatal error!
[2018.11.21-03.09.44:840][923]LogWindows: Error: 
[2018.11.21-03.09.44:840][923]LogWindows: Error: Unhandled Exception: EXCEPTION_ACCESS_VIOLATION reading address 0x52e10000
[2018.11.21-03.09.44:840][923]LogWindows: Error: 
[2018.11.21-03.09.44:840][923]LogWindows: Error: [Callstack] 0x00007ffc03b51f1d UE4Editor-GraphEditor.dll!UnknownFunction []
[2018.11.21-03.09.44:840][923]LogWindows: Error: [Callstack] 0x00007ffc03bf1430 UE4Editor-GraphEditor.dll!UnknownFunction []
[2018.11.21-03.09.44:840][923]LogWindows: Error: [Callstack] 0x00007ffc1589e063 UE4Editor-SlateCore.dll!UnknownFunction []
[2018.11.21-03.09.44:840][923]LogWindows: Error: [Callstack] 0x00007ffc1589c8a6 UE4Editor-SlateCore.dll!UnknownFunction []
[2018.11.21-03.09.44:840][923]LogWindows: Error: [Callstack] 0x00007ffc1589e063 UE4Editor-SlateCore.dll!UnknownFunction []
[2018.11.21-03.09.44:840][923]LogWindows: Error: [Callstack] 0x00007ffc1589c289 UE4Editor-SlateCore.dll!UnknownFunction []
[2018.11.21-03.09.44:840][923]LogWindows: Error: [Callstack] 0x00007ffc1589e063 UE4Editor-SlateCore.dll!UnknownFunction []
[2018.11.21-03.09.44:840][923]LogWindows: Error: [Callstack] 0x00007ffc0861f266 UE4Editor-Slate.dll!UnknownFunction []
[2018.11.21-03.09.44:840][923]LogWindows: Error: [Callstack] 0x00007ffc1589e063 UE4Editor-SlateCore.dll!UnknownFunction []
[2018.11.21-03.09.44:840][923]LogWindows: Error: [Callstack] 0x00007ffc1589c289 UE4Editor-SlateCore.dll!UnknownFunction []
[2018.11.21-03.09.44:840][923]LogWindows: Error: [Callstack] 0x00007ffc1589e063 UE4Editor-SlateCore.dll!UnknownFunction []
[2018.11.21-03.09.44:840][923]LogWindows: Error: [Callstack] 0x00007ffc1589ec31 UE4Editor-SlateCore.dll!UnknownFunction []
[2018.11.21-03.09.44:840][923]LogWindows: Error: [Callstack] 0x00007ffc1589ca04 UE4Editor-SlateCore.dll!UnknownFunction []
[2018.11.21-03.09.44:840][923]LogWindows: Error: [Callstack] 0x00007ffc1589e063 UE4Editor-SlateCore.dll!UnknownFunction []
[2018.11.21-03.09.44:840][923]LogWindows: Error: [Callstack] 0x00007ffc1589c289 UE4Editor-SlateCore.dll!UnknownFunction []
[2018.11.21-03.09.44:840][923]LogWindows: Error: [Callstack] 0x00007ffc1589e063 UE4Editor-SlateCore.dll!UnknownFunction []
[2018.11.21-03.09.44:840][923]LogWindows: Error: [Callstack] 0x00007ffc1589c289 UE4Editor-SlateCore.dll!UnknownFunction []
[2018.11.21-03.09.44:840][923]LogWindows: Error: [Callstack] 0x00007ffc0861efcd UE4Editor-Slate.dll!UnknownFunction []
[2018.11.21-03.09.44:840][923]LogWindows: Error: [Callstack] 0x00007ffc1589e063 UE4Editor-SlateCore.dll!UnknownFunction []
[2018.11.21-03.09.44:840][923]LogWindows: Error: [Callstack] 0x00007ffc1589c289 UE4Editor-SlateCore.dll!UnknownFunction []
[2018.11.21-03.09.44:840][923]LogWindows: Error: [Callstack] 0x00007ffc0861efcd UE4Editor-Slate.dll!UnknownFunction []
[2018.11.21-03.09.44:840][923]LogWindows: Error: [Callstack] 0x00007ffc1589e063 UE4Editor-SlateCore.dll!UnknownFunction []
[2018.11.21-03.09.44:840][923]LogWindows: Error: [Callstack] 0x00007ffc1589c8a6 UE4Editor-SlateCore.dll!UnknownFunction []
[2018.11.21-03.09.44:840][923]LogWindows: Error: [Callstack] 0x00007ffc1589e063 UE4Editor-SlateCore.dll!UnknownFunction []
[2018.11.21-03.09.44:840][923]LogWindows: Error: [Callstack] 0x00007ffc1589ec31 UE4Editor-SlateCore.dll!UnknownFunction []
[2018.11.21-03.09.44:840][923]LogWindows: Error: [Callstack] 0x00007ffc1589ca04 UE4Editor-SlateCore.dll!UnknownFunction []
[2018.11.21-03.09.44:840][923]LogWindows: Error: [Callstack] 0x00007ffc1589e063 UE4Editor-SlateCore.dll!UnknownFunction []
[2018.11.21-03.09.44:840][923]LogWindows: Error: [Callstack] 0x00007ffc1589c289 UE4Editor-SlateCore.dll!UnknownFunction []
[2018.11.21-03.09.44:840][923]LogWindows: Error: [Callstack] 0x00007ffc1589e063 UE4Editor-SlateCore.dll!UnknownFunction []
[2018.11.21-03.09.44:840][923]LogWindows: Error: [Callstack] 0x00007ffc1589ec31 UE4Editor-SlateCore.dll!UnknownFunction []
[2018.11.21-03.09.44:840][923]LogWindows: Error: [Callstack] 0x00007ffc0862438e UE4Editor-Slate.dll!UnknownFunction []
[2018.11.21-03.09.44:840][923]LogWindows: Error: [Callstack] 0x00007ffc1589e063 UE4Editor-SlateCore.dll!UnknownFunction []
[2018.11.21-03.09.44:840][923]LogWindows: Error: [Callstack] 0x00007ffc1589c289 UE4Editor-SlateCore.dll!UnknownFunction []
[2018.11.21-03.09.44:840][923]LogWindows: Error: [Callstack] 0x00007ffc1589e063 UE4Editor-SlateCore.dll!UnknownFunction []
[2018.11.21-03.09.44:840][923]LogWindows: Error: [Callstack] 0x00007ffc1589ec31 UE4Editor-SlateCore.dll!UnknownFunction []
[2018.11.21-03.09.44:840][923]LogWindows: Error: [Callstack] 0x00007ffc0862438e UE4Editor-Slate.dll!UnknownFunction []
[2018.11.21-03.09.44:840][923]LogWindows: Error: [Callstack] 0x00007ffc1589e063 UE4Editor-SlateCore.dll!UnknownFunction []
[2018.11.21-03.09.44:840][923]LogWindows: Error: [Callstack] 0x00007ffc1589c289 UE4Editor-SlateCore.dll!UnknownFunction []
[2018.11.21-03.09.44:840][923]LogWindows: Error: [Callstack] 0x00007ffc1589e063 UE4Editor-SlateCore.dll!UnknownFunction []
[2018.11.21-03.09.44:840][923]LogWindows: Error: [Callstack] 0x00007ffc1589ec31 UE4Editor-SlateCore.dll!UnknownFunction []
[2018.11.21-03.09.44:841][923]LogWindows: Error: [Callstack] 0x00007ffc0862438e UE4Editor-Slate.dll!UnknownFunction []
[2018.11.21-03.09.44:841][923]LogWindows: Error: [Callstack] 0x00007ffc1589e063 UE4Editor-SlateCore.dll!UnknownFunction []
[2018.11.21-03.09.44:841][923]LogWindows: Error: [Callstack] 0x00007ffc1589c8a6 UE4Editor-SlateCore.dll!UnknownFunction []
[2018.11.21-03.09.44:841][923]LogWindows: Error: [Callstack] 0x00007ffc1589e063 UE4Editor-SlateCore.dll!UnknownFunction []
[2018.11.21-03.09.44:841][923]LogWindows: Error: [Callstack] 0x00007ffc1589c289 UE4Editor-SlateCore.dll!UnknownFunction []
[2018.11.21-03.09.44:841][923]LogWindows: Error: [Callstack] 0x00007ffc1589e063 UE4Editor-SlateCore.dll!UnknownFunction []
[2018.11.21-03.09.44:841][923]LogWindows: Error: [Callstack] 0x00007ffc1589ec31 UE4Editor-SlateCore.dll!UnknownFunction []
[2018.11.21-03.09.44:841][923]LogWindows: Error: [Callstack] 0x00007ffc1589ca04 UE4Editor-SlateCore.dll!UnknownFunction []
[2018.11.21-03.09.44:841][923]LogWindows: Error: [Callstack] 0x00007ffc1589e063 UE4Editor-SlateCore.dll!UnknownFunction []
[2018.11.21-03.09.44:841][923]LogWindows: Error: [Callstack] 0x00007ffc1589c289 UE4Editor-SlateCore.dll!UnknownFunction []
[2018.11.21-03.09.44:841][923]LogWindows: Error: [Callstack] 0x00007ffc1589e063 UE4Editor-SlateCore.dll!UnknownFunction []
[2018.11.21-03.09.44:841][923]LogWindows: Error: [Callstack] 0x00007ffc1589c289 UE4Editor-SlateCore.dll!UnknownFunction []
[2018.11.21-03.09.44:841][923]LogWindows: Error: [Callstack] 0x00007ffc0861efcd UE4Editor-Slate.dll!UnknownFunction []
[2018.11.21-03.09.44:841][923]LogWindows: Error: [Callstack] 0x00007ffc1589e063 UE4Editor-SlateCore.dll!UnknownFunction []
[2018.11.21-03.09.44:841][923]LogWindows: Error: [Callstack] 0x00007ffc1589c8a6 UE4Editor-SlateCore.dll!UnknownFunction []
[2018.11.21-03.09.44:841][923]LogWindows: Error: [Callstack] 0x00007ffc1589e063 UE4Editor-SlateCore.dll!UnknownFunction []
[2018.11.21-03.09.44:841][923]LogWindows: Error: [Callstack] 0x00007ffc1589ec31 UE4Editor-SlateCore.dll!UnknownFunction []
[2018.11.21-03.09.44:841][923]LogWindows: Error: [Callstack] 0x00007ffc1589ca04 UE4Editor-SlateCore.dll!UnknownFunction []
[2018.11.21-03.09.44:841][923]LogWindows: Error: [Callstack] 0x00007ffc1589e063 UE4Editor-SlateCore.dll!UnknownFunction []
[2018.11.21-03.09.44:841][923]LogWindows: Error: [Callstack] 0x00007ffc1589c289 UE4Editor-SlateCore.dll!UnknownFunction []
[2018.11.21-03.09.44:841][923]LogWindows: Error: [Callstack] 0x00007ffc1589e063 UE4Editor-SlateCore.dll!UnknownFunction []
[2018.11.21-03.09.44:841][923]LogWindows: Error: [Callstack] 0x00007ffc1589ec31 UE4Editor-SlateCore.dll!UnknownFunction []
[2018.11.21-03.09.44:841][923]LogWindows: Error: [Callstack] 0x00007ffc0862438e UE4Editor-Slate.dll!UnknownFunction []
[2018.11.21-03.09.44:841][923]LogWindows: Error: [Callstack] 0x00007ffc1589e063 UE4Editor-SlateCore.dll!UnknownFunction []
[2018.11.21-03.09.44:841][923]LogWindows: Error: [Callstack] 0x00007ffc1589c8a6 UE4Editor-SlateCore.dll!UnknownFunction []
[2018.11.21-03.09.44:841][923]LogWindows: Error: [Callstack] 0x00007ffc1589e063 UE4Editor-SlateCore.dll!UnknownFunction []
[2018.11.21-03.09.44:841][923]LogWindows: Error: [Callstack] 0x00007ffc1589c289 UE4Editor-SlateCore.dll!UnknownFunction []
[2018.11.21-03.09.44:841][923]LogWindows: Error: [Callstack] 0x00007ffc1589e063 UE4Editor-SlateCore.dll!UnknownFunction []
[2018.11.21-03.09.44:841][923]LogWindows: Error: [Callstack] 0x00007ffc1589ec31 UE4Editor-SlateCore.dll!UnknownFunction []
[2018.11.21-03.09.44:841][923]LogWindows: Error: [Callstack] 0x00007ffc1589ca04 UE4Editor-SlateCore.dll!UnknownFunction []
[2018.11.21-03.09.44:841][923]LogWindows: Error: [Callstack] 0x00007ffc1589e063 UE4Editor-SlateCore.dll!UnknownFunction []
[2018.11.21-03.09.44:841][923]LogWindows: Error: [Callstack] 0x00007ffc1589ec31 UE4Editor-SlateCore.dll!UnknownFunction []
[2018.11.21-03.09.44:841][923]LogWindows: Error: [Callstack] 0x00007ffc1589ca04 UE4Editor-SlateCore.dll!UnknownFunction []
[2018.11.21-03.09.44:841][923]LogWindows: Error: [Callstack] 0x00007ffc1589e063 UE4Editor-SlateCore.dll!UnknownFunction []
[2018.11.21-03.09.44:841][923]LogWindows: Error: [Callstack] 0x00007ffc1589c8a6 UE4Editor-SlateCore.dll!UnknownFunction []
[2018.11.21-03.09.44:841][923]LogWindows: Error: [Callstack] 0x00007ffc1589e063 UE4Editor-SlateCore.dll!UnknownFunction []
[2018.11.21-03.09.44:841][923]LogWindows: Error: [Callstack] 0x00007ffc1589c289 UE4Editor-SlateCore.dll!UnknownFunction []
[2018.11.21-03.09.44:841][923]LogWindows: Error: [Callstack] 0x00007ffc1589caaa UE4Editor-SlateCore.dll!UnknownFunction []
[2018.11.21-03.09.44:841][923]LogWindows: Error: [Callstack] 0x00007ffc1589e063 UE4Editor-SlateCore.dll!UnknownFunction []
[2018.11.21-03.09.44:841][923]LogWindows: Error: [Callstack] 0x00007ffc083bd5bc UE4Editor-Slate.dll!UnknownFunction []
[2018.11.21-03.09.44:841][923]LogWindows: Error: [Callstack] 0x00007ffc083f3783 UE4Editor-Slate.dll!UnknownFunction []
[2018.11.21-03.09.44:841][923]LogWindows: Error: [Callstack] 0x00007ffc083be7cf UE4Editor-Slate.dll!UnknownFunction []
[2018.11.21-03.09.44:841][923]LogWindows: Error: [Callstack] 0x00007ffc0841f010 UE4Editor-Slate.dll!UnknownFunction []
[2018.11.21-03.09.44:841][923]LogWindows: Error: [Callstack] 0x00007ffc0841dd17 UE4Editor-Slate.dll!UnknownFunction []
[2018.11.21-03.09.44:841][923]LogWindows: Error: [Callstack] 0x00007ff6831b6aa7 UE4Editor.exe!UnknownFunction []
[2018.11.21-03.09.44:841][923]LogWindows: Error: [Callstack] 0x00007ff6831c5b3c UE4Editor.exe!UnknownFunction []
[2018.11.21-03.09.44:841][923]LogWindows: Error: [Callstack] 0x00007ff6831c5bba UE4Editor.exe!UnknownFunction []
[2018.11.21-03.09.44:841][923]LogWindows: Error: [Callstack] 0x00007ff6831d3dac UE4Editor.exe!UnknownFunction []
[2018.11.21-03.09.44:841][923]LogWindows: Error: [Callstack] 0x00007ff6831d5aaa UE4Editor.exe!UnknownFunction []
[2018.11.21-03.09.44:841][923]LogWindows: Error: [Callstack] 0x00007ffc72213034 KERNEL32.DLL!UnknownFunction []
[2018.11.21-03.09.44:841][923]LogWindows: Error: [Callstack] 0x00007ffc73bb1461 ntdll.dll!UnknownFunction []
[2018.11.21-03.09.44:841][923]LogWindows: Error: 
[2018.11.21-03.09.44:857][923]LogExit: Executing StaticShutdownAfterError
[2018.11.21-03.09.45:198][923]LogWindows: FPlatformMisc::RequestExit(1)
[2018.11.21-03.09.45:212][923]Log file closed, 11/20/18 22:09:45
