Log file open, 12/10/18 11:47:09
LogWindows: Failed to load 'aqProf.dll' (GetLastError=126)
LogWindows: File 'aqProf.dll' does not exist
LogWindows: Failed to load 'VSPerf140.dll' (GetLastError=126)
LogWindows: File 'VSPerf140.dll' does not exist
LogWindows: Failed to load 'VtuneApi.dll' (GetLastError=126)
LogWindows: File 'VtuneApi.dll' does not exist
LogWindows: Failed to load 'VtuneApi32e.dll' (GetLastError=126)
LogWindows: File 'VtuneApi32e.dll' does not exist
LogInit: Display: Running engine for game: okay
LogPlatformFile: Not using cached read wrapper
LogTaskGraph: Started task graph with 5 named threads and 47 total threads with 3 sets of task threads.
LogStats: Stats thread started at 0.638579
LogD3D11RHI: Loaded GFSDK_Aftermath_Lib.x64.dll
LogICUInternationalization: Display: ICU TimeZone Detection - Raw Offset: -5:00, Platform Override: ''
LogPluginManager: Mounting plugin Paper2D
LogPluginManager: Mounting plugin AISupport
LogPluginManager: Mounting plugin LightPropagationVolume
LogPluginManager: Mounting plugin CLionSourceCodeAccess
LogPluginManager: Mounting plugin CodeLiteSourceCodeAccess
LogPluginManager: Mounting plugin GitSourceControl
LogPluginManager: Mounting plugin KDevelopSourceCodeAccess
LogPluginManager: Mounting plugin NullSourceCodeAccess
LogPluginManager: Mounting plugin PerforceSourceControl
LogPluginManager: Mounting plugin SubversionSourceControl
LogPluginManager: Mounting plugin UObjectPlugin
LogPluginManager: Mounting plugin VisualStudioCodeSourceCodeAccess
LogPluginManager: Mounting plugin VisualStudioSourceCodeAccess
LogPluginManager: Mounting plugin XCodeSourceCodeAccess
LogPluginManager: Mounting plugin AssetManagerEditor
LogPluginManager: Mounting plugin CryptoKeys
LogPluginManager: Mounting plugin DataValidation
LogPluginManager: Mounting plugin FacialAnimation
LogPluginManager: Mounting plugin GameplayTagsEditor
LogPluginManager: Mounting plugin MacGraphicsSwitching
LogPluginManager: Mounting plugin MeshEditor
LogPluginManager: Mounting plugin MobileLauncherProfileWizard
LogPluginManager: Mounting plugin PluginBrowser
LogPluginManager: Mounting plugin SpeedTreeImporter
LogPluginManager: Mounting plugin DatasmithContent
LogPluginManager: Mounting plugin AlembicImporter
LogPluginManager: Mounting plugin AppleImageUtils
LogPluginManager: Mounting plugin AppleVision
LogPluginManager: Mounting plugin BackChannel
LogPluginManager: Mounting plugin CharacterAI
LogPluginManager: Mounting plugin GeometryCache
LogPluginManager: Mounting plugin HTML5Networking
LogPluginManager: Mounting plugin ProxyLODPlugin
LogPluginManager: Mounting plugin RawInput
LogPluginManager: Mounting plugin MagicLeap
LogPluginManager: Mounting plugin MagicLeapEmulator
LogPluginManager: Mounting plugin MagicLeapMedia
LogPluginManager: Mounting plugin AndroidMedia
LogPluginManager: Mounting plugin AvfMedia
LogPluginManager: Mounting plugin ImgMedia
LogPluginManager: Mounting plugin LinearTimecode
LogPluginManager: Mounting plugin MediaCompositing
LogPluginManager: Mounting plugin MediaPlayerEditor
LogPluginManager: Mounting plugin WmfMedia
LogPluginManager: Mounting plugin TcpMessaging
LogPluginManager: Mounting plugin UdpMessaging
LogPluginManager: Mounting plugin ActorSequence
LogPluginManager: Mounting plugin LevelSequenceEditor
LogPluginManager: Mounting plugin MatineeToLevelSequence
LogPluginManager: Mounting plugin NetcodeUnitTest
LogPluginManager: Mounting plugin NUTUnrealEngine4
LogPluginManager: Mounting plugin OnlineSubsystemGooglePlay
LogPluginManager: Mounting plugin OnlineSubsystemIOS
LogPluginManager: Mounting plugin OnlineSubsystem
LogPluginManager: Mounting plugin OnlineSubsystemNull
LogPluginManager: Mounting plugin OnlineSubsystemUtils
LogPluginManager: Mounting plugin LauncherChunkInstaller
LogPluginManager: Mounting plugin AndroidDeviceProfileSelector
LogPluginManager: Mounting plugin AndroidMoviePlayer
LogPluginManager: Mounting plugin AndroidPermission
LogPluginManager: Mounting plugin AppleMoviePlayer
LogPluginManager: Mounting plugin ArchVisCharacter
LogPluginManager: Mounting plugin AudioCapture
LogPluginManager: Mounting plugin CableComponent
LogPluginManager: Mounting plugin CustomMeshComponent
LogPluginManager: Mounting plugin EditableMesh
LogPluginManager: Mounting plugin ExampleDeviceProfileSelector
LogPluginManager: Mounting plugin GoogleCloudMessaging
LogPluginManager: Mounting plugin ImmediatePhysics
LogPluginManager: Mounting plugin IOSDeviceProfileSelector
LogPluginManager: Mounting plugin LinuxDeviceProfileSelector
LogPluginManager: Mounting plugin LocationServicesBPLibrary
LogPluginManager: Mounting plugin MobilePatchingUtils
LogPluginManager: Mounting plugin OculusVR
LogPluginManager: Plugin shader directory ../../../Engine/Plugins/Runtime/Oculus/OculusVR/Shaders found
LogPluginManager: Mapping shader source directory ../../../Engine/Plugins/Runtime/Oculus/OculusVR/Shaders to virtual directory /Plugin/OculusVR
LogPluginManager: Mounting plugin PhysXVehicles
LogPluginManager: Mounting plugin ProceduralMeshComponent
LogPluginManager: Mounting plugin RuntimePhysXCooking
LogPluginManager: Mounting plugin SteamVR
LogPluginManager: Mounting plugin WindowsMoviePlayer
LogStreaming: Display: Took  0.652s to configure plugins.
LogInit: Using libcurl 7.55.1-DEV
LogInit:  - built for x86_64-pc-win32
LogInit:  - supports SSL with OpenSSL/1.0.2h
LogInit:  - supports HTTP deflate (compression) using libz 1.2.8
LogInit:  - other features:
LogInit:      CURL_VERSION_SSL
LogInit:      CURL_VERSION_LIBZ
LogInit:      CURL_VERSION_IPV6
LogInit:      CURL_VERSION_ASYNCHDNS
LogInit:      CURL_VERSION_LARGEFILE
LogInit:      CURL_VERSION_IDN
LogInit:  CurlRequestOptions (configurable via config and command line):
LogInit:  - bVerifyPeer = false  - Libcurl will NOT verify peer certificate
LogInit:  - bUseHttpProxy = false  - Libcurl will NOT use HTTP proxy
LogInit:  - bDontReuseConnections = false  - Libcurl will reuse connections
LogInit:  - CertBundlePath = nullptr  - Libcurl will use whatever was configured at build time.
LogInit:  - MaxHostConnections = 16  - Libcurl will limit the number of connections to a host
LogInit:  - LocalHostAddr = Default
LogInit:  - BufferSize = 65536
LogInit: WinSock: version 1.1 (2.2), MaxSocks=32767, MaxUdp=65467
LogInit: Build: ++UE4+Release-4.20-CL-4369336
LogInit: Engine Version: 4.20.3-4369336+++UE4+Release-4.20
LogInit: Compatible Engine Version: 4.20.0-4212847+++UE4+Release-4.20
LogInit: Net CL: 4212847
LogInit: OS: Windows 10 (), CPU: Intel(R) Xeon(R) CPU E5-2630 v3 @ 2.40GHz, GPU: NVIDIA Quadro K4200
LogInit: Compiled (64-bit): Sep 17 2018 12:26:19
LogInit: Compiled with Visual C++: 19.13.26129.00
LogInit: Build Configuration: Development
LogInit: Branch Name: ++UE4+Release-4.20
LogInit: Command Line: 
LogInit: Base Directory: C:/Program Files/Epic Games/UE_4.20/Engine/Binaries/Win64/
LogInit: Installed Engine Build: 1
LogDevObjectVersion: Number of dev versions registered: 20
LogDevObjectVersion:   Dev-Blueprints (B0D832E4-1F89-4F0D-ACCF-7EB736FD4AA2): 10
LogDevObjectVersion:   Dev-Build (E1C64328-A22C-4D53-A36C-8E866417BD8C): 0
LogDevObjectVersion:   Dev-Core (375EC13C-06E4-48FB-B500-84F0262A717E): 2
LogDevObjectVersion:   Dev-Editor (E4B068ED-F494-42E9-A231-DA0B2E46BB41): 24
LogDevObjectVersion:   Dev-Framework (CFFC743F-43B0-4480-9391-14DF171D2073): 34
LogDevObjectVersion:   Dev-Mobile (B02B49B5-BB20-44E9-A304-32B752E40360): 2
LogDevObjectVersion:   Dev-Networking (A4E4105C-59A1-49B5-A7C5-40C4547EDFEE): 0
LogDevObjectVersion:   Dev-Online (39C831C9-5AE6-47DC-9A44-9C173E1C8E7C): 0
LogDevObjectVersion:   Dev-Physics (78F01B33-EBEA-4F98-B9B4-84EACCB95AA2): 0
LogDevObjectVersion:   Dev-Platform (6631380F-2D4D-43E0-8009-CF276956A95A): 0
LogDevObjectVersion:   Dev-Rendering (12F88B9F-8875-4AFC-A67C-D90C383ABD29): 26
LogDevObjectVersion:   Dev-Sequencer (7B5AE74C-D270-4C10-A958-57980B212A5A): 9
LogDevObjectVersion:   Dev-VR (D7296918-1DD6-4BDD-9DE2-64A83CC13884): 2
LogDevObjectVersion:   Dev-LoadTimes (C2A15278-BFE7-4AFE-6C17-90FF531DF755): 1
LogDevObjectVersion:   Private-Geometry (6EACA3D4-40EC-4CC1-B786-8BED09428FC5): 3
LogDevObjectVersion:   Dev-AnimPhys (29E575DD-E0A3-4627-9D10-D276232CDCEA): 17
LogDevObjectVersion:   Dev-ReflectionCapture (6B266CEC-1EC7-4B8F-A30B-E4D90942FC07): 1
LogDevObjectVersion:   Dev-Automation (0DF73D61-A23F-47EA-B727-89E90C41499A): 1
LogDevObjectVersion:   FortniteMain (601D1886-AC64-4F84-AA16-D3DE0DEAC7D6): 12
LogDevObjectVersion:   Dev-Enterprise (9DFFBCD6-494F-0158-E221-12823C92A888): 1
LogStreaming: Display: Took  0.015s to delete old logs.
LogInit: Presizing for max 8388607 objects, including 0 objects not considered by GC, pre-allocating 0 bytes for permanent pool.
LogInit: Object subsystem initialized
[2018.12.10-16.47.11:497][  0]LogInit: Selected Device Profile: [Windows]
[2018.12.10-16.47.11:497][  0]LogInit: Applying CVar settings loaded from the selected device profile: [Windows]
[2018.12.10-16.47.11:533][  0]LogHAL: Display: Platform has ~ 32 GB [34262499328 / 34359738368 / 32], which maps to Largest [LargestMinGB=32, LargerMinGB=12, DefaultMinGB=8, SmallerMinGB=6, SmallestMinGB=0)
[2018.12.10-16.47.11:533][  0]LogInit: Setting Device Profile CVar: [[r.Vulkan.UseRealUBs:1]]
[2018.12.10-16.47.11:533][  0]LogInit: Going up to parent DeviceProfile []
[2018.12.10-16.47.11:534][  0]LogInit: Computer: ATC-172-17
[2018.12.10-16.47.11:534][  0]LogInit: User: huynhl6
[2018.12.10-16.47.11:534][  0]LogInit: CPU Page size=4096, Cores=8
[2018.12.10-16.47.11:534][  0]LogInit: High frequency timer resolution =2.338335 MHz
[2018.12.10-16.47.11:535][  0]LogMemory: Memory total: Physical=31.9GB (32GB approx)
[2018.12.10-16.47.11:535][  0]LogMemory: Platform Memory Stats for Windows
[2018.12.10-16.47.11:535][  0]LogMemory: Process Physical Memory: 104.37 MB used, 104.37 MB peak
[2018.12.10-16.47.11:535][  0]LogMemory: Process Virtual Memory: 95.63 MB used, 95.63 MB peak
[2018.12.10-16.47.11:535][  0]LogMemory: Physical Memory: 8325.96 MB used,  24349.30 MB free, 32675.27 MB total
[2018.12.10-16.47.11:535][  0]LogMemory: Virtual Memory: 581.34 MB used,  24349.30 MB free, 134217728.00 MB total
[2018.12.10-16.47.11:581][  0]LogInit: Using OS detected language (en-US).
[2018.12.10-16.47.11:581][  0]LogInit: Using OS detected locale (en-US).
[2018.12.10-16.47.11:590][  0]LogTextLocalizationManager: No specific localization for 'en-US' exists, so the 'en' localization will be used.
[2018.12.10-16.47.12:090][  0]LogStreaming: Display: Took  0.509s to InitEngineTextLocalization.
[2018.12.10-16.47.12:090][  0]LogInit: Setting process to per monitor DPI aware
[2018.12.10-16.47.12:173][  0]LogSlate: New Slate User Created.  User Index 0, Is Virtual User: 0
[2018.12.10-16.47.12:173][  0]LogSlate: Slate User Registered.  User Index 0, Is Virtual User: 0
[2018.12.10-16.47.12:935][  0]LogHMD: Failed to initialize OpenVR with code 110
[2018.12.10-16.47.12:935][  0]LogD3D11RHI: D3D11 adapters:
[2018.12.10-16.47.13:028][  0]LogD3D11RHI:    0. 'NVIDIA Quadro K4200' (Feature Level 11_0)
[2018.12.10-16.47.13:028][  0]LogD3D11RHI:       4052/0/16337 MB DedicatedVideo/DedicatedSystem/SharedSystem, Outputs:2, VendorId:0x10de
[2018.12.10-16.47.13:032][  0]LogD3D11RHI:    1. 'Microsoft Basic Render Driver' (Feature Level 11_0)
[2018.12.10-16.47.13:032][  0]LogD3D11RHI:       0/0/16337 MB DedicatedVideo/DedicatedSystem/SharedSystem, Outputs:0, VendorId:0x1414
[2018.12.10-16.47.13:032][  0]LogD3D11RHI: Chosen D3D11 Adapter: 0
[2018.12.10-16.47.13:040][  0]LogD3D11RHI: Creating new Direct3DDevice
[2018.12.10-16.47.13:040][  0]LogD3D11RHI:     GPU DeviceId: 0x11b4 (for the marketing name, search the web for "GPU Device Id")
[2018.12.10-16.47.13:040][  0]LogWindows: EnumDisplayDevices:
[2018.12.10-16.47.13:040][  0]LogWindows:    0. 'NVIDIA Quadro K4200' (P:1 D:1)
[2018.12.10-16.47.13:041][  0]LogWindows:    1. 'NVIDIA Quadro K4200' (P:0 D:1)
[2018.12.10-16.47.13:041][  0]LogWindows:    2. 'NVIDIA Quadro K4200' (P:0 D:0)
[2018.12.10-16.47.13:041][  0]LogWindows:    3. 'NVIDIA Quadro K4200' (P:0 D:0)
[2018.12.10-16.47.13:041][  0]LogWindows: DebugString: FoundDriverCount:4 
[2018.12.10-16.47.13:041][  0]LogD3D11RHI:     Adapter Name: NVIDIA Quadro K4200
[2018.12.10-16.47.13:041][  0]LogD3D11RHI:   Driver Version: 397.93 (internal:24.21.13.9793, unified:397.93)
[2018.12.10-16.47.13:041][  0]LogD3D11RHI:      Driver Date: 5-22-2018
[2018.12.10-16.47.13:041][  0]LogRHI: Texture pool is 2836 MB (70% of 4052 MB)
[2018.12.10-16.47.13:092][  0]LogD3D11RHI: Async texture creation enabled
[2018.12.10-16.47.13:119][  0]LogD3D11RHI: GPU Timing Frequency: 1000.000000 (Debug: 2 2)
[2018.12.10-16.47.13:122][  0]LogShaderCompilers: Guid format shader working directory is -11 characters bigger than the processId version (../../../../../../Users/huynhl6/Desktop/385_Boat_Game/okay/Intermediate/Shaders/WorkingDirectory/11528/).
[2018.12.10-16.47.13:124][  0]LogShaderCompilers: Cleaned the shader compiler working directory 'C:/Users/huynhl6/AppData/Local/Temp/UnrealShaderWorkingDir/9ECD0DE245A4D811E72FB7988A973CA5/'.
[2018.12.10-16.47.13:579][  0]LogTemp: Display: Loaded TP AllDesktopTargetPlatform
[2018.12.10-16.47.13:597][  0]LogTemp: Display: Loaded TP MacClientTargetPlatform
[2018.12.10-16.47.13:616][  0]LogTemp: Display: Loaded TP MacNoEditorTargetPlatform
[2018.12.10-16.47.13:636][  0]LogTemp: Display: Loaded TP MacServerTargetPlatform
[2018.12.10-16.47.13:656][  0]LogTemp: Display: Loaded TP MacTargetPlatform
[2018.12.10-16.47.13:675][  0]LogTemp: Display: Loaded TP WindowsClientTargetPlatform
[2018.12.10-16.47.13:695][  0]LogTemp: Display: Loaded TP WindowsNoEditorTargetPlatform
[2018.12.10-16.47.13:714][  0]LogTemp: Display: Loaded TP WindowsServerTargetPlatform
[2018.12.10-16.47.13:724][  0]LogTemp: Display: Loaded TP WindowsTargetPlatform
[2018.12.10-16.47.13:836][  0]LogTemp: Display: Loaded TP AndroidTargetPlatform
[2018.12.10-16.47.13:836][  0]LogTemp: Display: Loaded TP AndroidTargetPlatform
[2018.12.10-16.47.13:836][  0]LogTemp: Display: Loaded TP AndroidTargetPlatform
[2018.12.10-16.47.13:836][  0]LogTemp: Display: Loaded TP AndroidTargetPlatform
[2018.12.10-16.47.13:836][  0]LogTemp: Display: Loaded TP AndroidTargetPlatform
[2018.12.10-16.47.13:836][  0]LogTemp: Display: Loaded TP AndroidTargetPlatform
[2018.12.10-16.47.13:836][  0]LogTemp: Display: Loaded TP AndroidTargetPlatform
[2018.12.10-16.47.13:836][  0]LogTemp: Display: Loaded TP AndroidTargetPlatform
[2018.12.10-16.47.13:836][  0]LogTemp: Display: Loaded TP AndroidTargetPlatform
[2018.12.10-16.47.13:836][  0]LogTemp: Display: Loaded TP AndroidTargetPlatform
[2018.12.10-16.47.13:836][  0]LogTemp: Display: Loaded TP AndroidTargetPlatform
[2018.12.10-16.47.13:836][  0]LogTemp: Display: Loaded TP AndroidTargetPlatform
[2018.12.10-16.47.13:836][  0]LogTemp: Display: Loaded TP AndroidTargetPlatform
[2018.12.10-16.47.13:836][  0]LogTemp: Display: Loaded TP AndroidTargetPlatform
[2018.12.10-16.47.13:836][  0]LogTemp: Display: Loaded TP AndroidTargetPlatform
[2018.12.10-16.47.13:836][  0]LogTemp: Display: Loaded TP AndroidTargetPlatform
[2018.12.10-16.47.13:836][  0]LogTemp: Display: Loaded TP AndroidTargetPlatform
[2018.12.10-16.47.13:836][  0]LogTemp: Display: Loaded TP AndroidTargetPlatform
[2018.12.10-16.47.13:840][  0]LogTemp: Display: Loaded TP HTML5TargetPlatform
[2018.12.10-16.47.13:935][  0]LogTemp: Display: Loaded TP IOSTargetPlatform
[2018.12.10-16.47.13:935][  0]LogTemp: Display: Loaded TP IOSTargetPlatform
[2018.12.10-16.47.13:969][  0]LogTemp: Display: Loaded TP TVOSTargetPlatform
[2018.12.10-16.47.13:969][  0]LogTemp: Display: Loaded TP TVOSTargetPlatform
[2018.12.10-16.47.13:989][  0]LogTemp: Display: Loaded TP LinuxClientTargetPlatform
[2018.12.10-16.47.14:007][  0]LogTemp: Display: Loaded TP LinuxNoEditorTargetPlatform
[2018.12.10-16.47.14:025][  0]LogTemp: Display: Loaded TP LinuxServerTargetPlatform
[2018.12.10-16.47.14:048][  0]LogTemp: Display: Loaded TP LinuxTargetPlatform
[2018.12.10-16.47.14:063][  0]LogTemp: Display: Loaded TP LuminTargetPlatform
[2018.12.10-16.47.14:063][  0]LogTargetPlatformManager: Display: Building Assets For Windows
[2018.12.10-16.47.14:166][  0]LogXGEController: Cannot use XGE Controller as Incredibuild is not installed on this machine.
[2018.12.10-16.47.14:166][  0]LogShaderCompilers: Cannot use XGE Shader Compiler as Incredibuild is not installed on this machine.
[2018.12.10-16.47.14:166][  0]LogShaderCompilers: Display: Using Local Shader Compiler.
[2018.12.10-16.47.15:639][  0]LogDerivedDataCache: Display: Max Cache Size: 512 MB
[2018.12.10-16.47.15:730][  0]LogDerivedDataCache: Loaded boot cache 0.09s 71MB C:/Users/huynhl6/AppData/Local/UnrealEngine/4.20/DerivedDataCache/Boot.ddc.
[2018.12.10-16.47.15:730][  0]LogDerivedDataCache: Display: Loaded Boot cache: C:/Users/huynhl6/AppData/Local/UnrealEngine/4.20/DerivedDataCache/Boot.ddc
[2018.12.10-16.47.15:730][  0]LogDerivedDataCache: FDerivedDataBackendGraph:  Pak pak cache file ../../../../../../Users/huynhl6/Desktop/385_Boat_Game/okay/DerivedDataCache/DDC.ddp not found, will not use a pak cache.
[2018.12.10-16.47.15:731][  0]LogDerivedDataCache: Unable to find inner node Pak for hierarchical cache Hierarchy.
[2018.12.10-16.47.15:731][  0]LogDerivedDataCache: FDerivedDataBackendGraph:  CompressedPak pak cache file ../../../../../../Users/huynhl6/Desktop/385_Boat_Game/okay/DerivedDataCache/Compressed.ddp not found, will not use a pak cache.
[2018.12.10-16.47.15:731][  0]LogDerivedDataCache: Unable to find inner node CompressedPak for hierarchical cache Hierarchy.
[2018.12.10-16.47.15:757][  0]LogDerivedDataCache: Display: Pak cache opened for reading ../../../Engine/DerivedDataCache/Compressed.ddp.
[2018.12.10-16.47.15:780][  0]LogDerivedDataCache: Using Local data cache path C:/Users/huynhl6/AppData/Local/UnrealEngine/Common/DerivedDataCache: Writable
[2018.12.10-16.47.15:780][  0]LogDerivedDataCache: Shared data cache path not found in *engine.ini, will not use an Shared cache.
[2018.12.10-16.47.15:780][  0]LogDerivedDataCache: Unable to find inner node Shared for hierarchical cache Hierarchy.
[2018.12.10-16.47.15:819][  0]LogMaterial: Verifying Global Shaders for PCD3D_SM5
[2018.12.10-16.47.15:822][  0]LogSlate: Using FreeType 2.6.0
[2018.12.10-16.47.15:830][  0]LogSlate: SlateFontServices - WITH_FREETYPE: 1, WITH_HARFBUZZ: 1
[2018.12.10-16.47.16:013][  0]LogAssetRegistry: FAssetRegistry took 0.0319 seconds to start up
[2018.12.10-16.47.16:740][  0]LogInit: Selected Device Profile: [Windows]
[2018.12.10-16.47.17:186][  0]LogSimplygon: Simplygon DLL not present - disabling.
[2018.12.10-16.47.17:200][  0]LogMeshReduction: Using SimplygonSwarm for distributed automatic mesh merging
[2018.12.10-16.47.17:200][  0]LogMeshReduction: Using ProxyLODMeshReduction for automatic mesh merging
[2018.12.10-16.47.17:200][  0]LogMeshReduction: Using QuadricMeshReduction for automatic static mesh reduction
[2018.12.10-16.47.17:200][  0]LogMeshReduction: No automatic skeletal mesh reduction module available
[2018.12.10-16.47.17:267][  0]LogNetVersion: okay 1.0.0, NetCL: 4212847, EngineNetVer: 5, GameNetVer: 0 (Checksum: 1209445407)
[2018.12.10-16.47.19:316][  0]LogPackageLocalizationCache: Processed 11 localized package path(s) for 2 prioritized culture(s) in 0.494819 seconds
[2018.12.10-16.47.19:327][  0]LogUObjectArray: 38425 objects as part of root set at end of initial load.
[2018.12.10-16.47.19:327][  0]LogUObjectAllocator: 6690872 out of 0 bytes used by permanent object pool.
[2018.12.10-16.47.19:327][  0]LogUObjectArray: CloseDisregardForGC: 0/0 objects in disregard for GC pool
[2018.12.10-16.47.22:194][  0]LogTcpMessaging: Initializing TcpMessaging bridge
[2018.12.10-16.47.22:223][  0]LogUdpMessaging: Initializing bridge on interface 0.0.0.0:0 to multicast group 230.0.0.1:6666.
[2018.12.10-16.47.22:606][  0]SourceControl: Source control is disabled
[2018.12.10-16.47.22:606][  0]SourceControl: Source control is disabled
[2018.12.10-16.47.22:615][  0]SourceControl: Source control is disabled
[2018.12.10-16.47.22:623][  0]SourceControl: Source control is disabled
[2018.12.10-16.47.23:059][  0]LogAndroidPermission: UAndroidPermissionCallbackProxy::GetInstance
[2018.12.10-16.47.23:198][  0]LogOcInput: OculusInput pre-init called
[2018.12.10-16.47.23:387][  0]LogEngine: Initializing Engine...
[2018.12.10-16.47.23:393][  0]LogHMD: Failed to initialize OpenVR with code 110
[2018.12.10-16.47.23:398][  0]LogStats: UGameplayTagsManager::ConstructGameplayTagTree: ImportINI prefixes -  0.000 s
[2018.12.10-16.47.23:398][  0]LogStats: UGameplayTagsManager::ConstructGameplayTagTree: Construct from data asset -  0.000 s
[2018.12.10-16.47.23:398][  0]LogStats: UGameplayTagsManager::ConstructGameplayTagTree: ImportINI -  0.001 s
[2018.12.10-16.47.23:398][  0]LogStats: UGameplayTagsManager::ConstructGameplayTagTree: GameplayTagTreeChangedEvent.Broadcast -  0.000 s
[2018.12.10-16.47.24:050][  0]LogInit: Initializing FReadOnlyCVARCache
[2018.12.10-16.47.24:076][  0]LogAIModule: Creating AISystem for world Untitled
[2018.12.10-16.47.24:086][  0]LogInit: XAudio2 using 'Speakers (Realtek High Definition Audio)' : 2 channels at 48 kHz using 32 bits per sample (channel mask 0x3)
[2018.12.10-16.47.24:139][  0]LogInit: FAudioDevice initialized.
[2018.12.10-16.47.24:139][  0]LogNetVersion: Set ProjectVersion to 1.0.0.0. Version Checksum will be recalculated on next use.
[2018.12.10-16.47.24:246][  0]LogDerivedDataCache: Saved boot cache 0.11s 71MB C:/Users/huynhl6/AppData/Local/UnrealEngine/4.20/DerivedDataCache/Boot.ddc.
[2018.12.10-16.47.24:246][  0]LogInit: Texture streaming: Enabled
[2018.12.10-16.47.24:285][  0]LogEngineSessionManager: EngineSessionManager initialized
[2018.12.10-16.47.24:322][  0]LogInit: Transaction tracking system initialized
[2018.12.10-16.47.24:429][  0]BlueprintLog: New page: Editor Load
[2018.12.10-16.47.24:651][  0]LocalizationService: Localization service is disabled
[2018.12.10-16.47.25:531][  0]LogCook: Display: Max memory allowance for cook 16384mb min free memory 0mb
[2018.12.10-16.47.25:531][  0]LogCook: Display: Mobile HDR setting 1
[2018.12.10-16.47.25:531][  0]LogGameplayTags: Display: UGameplayTagsManager::DoneAddingNativeTags. DelegateIsBound: 0
[2018.12.10-16.47.25:532][  0]LogStats: UGameplayTagsManager::ConstructGameplayTagTree: ImportINI prefixes -  0.000 s
[2018.12.10-16.47.25:532][  0]LogStats: UGameplayTagsManager::ConstructGameplayTagTree: Construct from data asset -  0.000 s
[2018.12.10-16.47.25:534][  0]LogStats: UGameplayTagsManager::ConstructGameplayTagTree: ImportINI -  0.003 s
[2018.12.10-16.47.25:534][  0]LogStats: UGameplayTagsManager::ConstructGameplayTagTree: GameplayTagTreeChangedEvent.Broadcast -  0.000 s
[2018.12.10-16.47.26:027][  0]LogFileCache: Scanning file cache for directory 'C:/Users/huynhl6/Desktop/385_Boat_Game/okay/Content/' took 0.07s
[2018.12.10-16.47.26:027][  0]SourceControl: Source control is disabled
[2018.12.10-16.47.26:028][  0]Cmd: MAP LOAD FILE="../../../../../../Users/huynhl6/Desktop/385_Boat_Game/okay/Content/VehicleBP/Maps/VehicleExampleMap.umap" TEMPLATE=0 SHOWPROGRESS=1 FEATURELEVEL=3
[2018.12.10-16.47.26:031][  0]LightingResults: New page: Lighting Build
[2018.12.10-16.47.26:037][  0]MapCheck: New page: Map Check
[2018.12.10-16.47.26:037][  0]LightingResults: New page: Lighting Build
[2018.12.10-16.47.30:481][  0]LogAIModule: Creating AISystem for world VehicleExampleMap
[2018.12.10-16.47.33:325][  0]LogEditorServer: Finished looking for orphan Actors (0.000 secs)
[2018.12.10-16.47.35:261][  0]Cmd: MAP CHECKDEP NOCLEARLOG
[2018.12.10-16.47.35:637][  0]MapCheck: Map check complete: 0 Error(s), 0 Warning(s), took 375.929ms to complete.
[2018.12.10-16.47.35:637][  0]LogFileHelpers: Loading map 'VehicleExampleMap' took 9.610
[2018.12.10-16.47.35:837][  0]LogSlate: Updating window title bar state: overlay mode, drag disabled, window buttons hidden, title bar hidden
[2018.12.10-16.47.35:853][  0]LogSlate: Updating window title bar state: overlay mode, drag disabled, window buttons hidden, title bar hidden
[2018.12.10-16.47.35:868][  0]LogSlate: Updating window title bar state: overlay mode, drag disabled, window buttons hidden, title bar hidden
[2018.12.10-16.47.35:884][  0]LogSlate: Updating window title bar state: overlay mode, drag disabled, window buttons hidden, title bar hidden
[2018.12.10-16.47.35:913][  0]LogCollectionManager: Loaded 0 collections in 0.011662 seconds
[2018.12.10-16.47.35:994][  0]LogFileCache: Scanning file cache for directory 'C:/Users/huynhl6/Desktop/385_Boat_Game/okay/Saved/Collections/' took 0.01s
[2018.12.10-16.47.35:994][  0]LogFileCache: Scanning file cache for directory 'C:/Users/huynhl6/Desktop/385_Boat_Game/okay/Content/Developers/huynhl6/Collections/' took 0.01s
[2018.12.10-16.47.35:994][  0]LogFileCache: Scanning file cache for directory 'C:/Users/huynhl6/Desktop/385_Boat_Game/okay/Content/Collections/' took 0.01s
[2018.12.10-16.47.35:994][  0]LogCollectionManager: Rebuilt the GUID cache for 0 collections in 0.000000 seconds
[2018.12.10-16.47.36:014][  0]LogContentBrowser: Native class hierarchy populated in 0.0196 seconds. Added 2574 classes and 606 folders.
[2018.12.10-16.47.36:028][  0]LogContentBrowser: Native class hierarchy updated for 'WidgetCarousel' in 0.0006 seconds. Added 0 classes and 0 folders.
[2018.12.10-16.47.36:725][  0]LogContentBrowser: Native class hierarchy updated for 'AddContentDialog' in 0.0021 seconds. Added 0 classes and 0 folders.
[2018.12.10-16.47.36:739][  0]LogContentBrowser: Native class hierarchy updated for 'SceneOutliner' in 0.0007 seconds. Added 1 classes and 2 folders.
[2018.12.10-16.47.36:772][  0]LogSlate: Took 0.002790 seconds to synchronously load lazily loaded font '../../../Engine/Content/Slate/Fonts/Roboto-Regular.ttf' (155K)
[2018.12.10-16.47.36:775][  0]LogSlate: Took 0.000429 seconds to synchronously load lazily loaded font '../../../Engine/Content/Slate/Fonts/Roboto-Bold.ttf' (160K)
[2018.12.10-16.47.36:787][  0]LogSlate: Took 0.002992 seconds to synchronously load lazily loaded font '../../../Engine/Content/Editor/Slate/Fonts/FontAwesome.ttf' (139K)
[2018.12.10-16.47.37:019][  0]LogRenderer: Reallocating scene render targets to support 1208x576 Format 10 NumSamples 1 (Frame:1).
[2018.12.10-16.47.37:224][  0]LogSlate: FSceneViewport::OnFocusLost() reason 2
[2018.12.10-16.47.37:317][  0]LogSlate: Window 'Tutorials' being destroyed
[2018.12.10-16.47.37:354][  0]LogContentBrowser: Native class hierarchy updated for 'HierarchicalLODOutliner' in 0.0007 seconds. Added 0 classes and 0 folders.
[2018.12.10-16.47.37:354][  0]LogLoad: (Engine Initialization) Total time: 42.30 seconds
[2018.12.10-16.47.37:354][  0]LogLoad: (Engine Initialization) Total Blueprint compile time: 0.00 seconds
[2018.12.10-16.47.37:367][  0]LogWindowsTextInputMethodSystem: Display: IME system now deactivated.
[2018.12.10-16.47.37:369][  0]LogRawInputWindows: Warning: Found device 0 devices
[2018.12.10-16.47.37:369][  0]LogRawInputWindows: Warning: Found device 0 devices
[2018.12.10-16.47.37:369][  0]LogRawInputWindows: Warning: Device was registered succesfully but not connected (Usage:4 UsagePage:1)
[2018.12.10-16.47.37:369][  0]LogRawInputWindows: Warning: Found device 1 devices
[2018.12.10-16.47.37:369][  0]LogRawInputWindows: Warning: Device was registered succesfully but not connected (Usage:5 UsagePage:1)
[2018.12.10-16.47.37:394][  0]LogContentStreaming: Texture pool size now 1000 MB
[2018.12.10-16.47.37:477][  0]LogSlate: Took 0.000471 seconds to synchronously load lazily loaded font '../../../Engine/Content/Slate/Fonts/Roboto-Light.ttf' (167K)
[2018.12.10-16.47.37:553][  2]LogAssetRegistry: Asset discovery search completed in 21.5618 seconds
[2018.12.10-16.47.37:556][  2]LogCollectionManager: Rebuilt the object cache for 0 collections in 0.000000 seconds (found 0 objects)
[2018.12.10-16.47.37:556][  2]LogCollectionManager: Fixed up redirectors for 0 collections in 0.000075 seconds (updated 0 objects)
[2018.12.10-16.47.41:212][330]LogSlate: FSceneViewport::OnFocusLost() reason 0
[2018.12.10-16.47.44:851][635]LogSlate: Took 0.004681 seconds to synchronously load lazily loaded font '../../../Engine/Content/Slate/Fonts/Roboto-Light.ttf' (167K)
[2018.12.10-16.47.44:862][635]LogAssetEditorManager: Opening Asset editor for WidgetBlueprint /Game/UI/GameOver.GameOver
[2018.12.10-16.47.46:299][635]LogContentBrowser: Native class hierarchy updated for 'BlueprintGraph' in 0.0014 seconds. Added 116 classes and 0 folders.
[2018.12.10-16.47.48:073][635]LogSlate: Took 0.000445 seconds to synchronously load lazily loaded font '../../../Engine/Content/Slate/Fonts/Roboto-BoldCondensed.ttf' (158K)
[2018.12.10-16.47.54:255][783]LogSlate: Window 'Save Asset As' being destroyed
[2018.12.10-16.48.01:317][ 46]LogSlate: Window 'Save Asset As' being destroyed
[2018.12.10-16.48.37:806][234]LogSlate: Window 'Color Picker' being destroyed
[2018.12.10-16.49.10:138][446]LogSlate: Window 'Color Picker' being destroyed
[2018.12.10-16.49.18:148][681]LogSlate: Window 'Color Picker' being destroyed
[2018.12.10-16.49.21:553][796]BlueprintLog: New page: Compile GameOver
[2018.12.10-16.49.25:012][  9]LogAssetEditorManager: Opening Asset editor for WidgetBlueprint /Game/UI/MMwidget.MMwidget
[2018.12.10-16.49.36:985][384]LogSlate: Took 0.005813 seconds to synchronously load lazily loaded font '../../../Engine/Content/Slate/Fonts/DroidSansFallback.ttf' (3848K)
[2018.12.10-16.50.19:804][ 49]BlueprintLog: New page: Compile GameOver
[2018.12.10-16.50.20:538][ 65]Cmd: OBJ SAVEPACKAGE PACKAGE="/Game/UI/GameOver" FILE="../../../../../../Users/huynhl6/Desktop/385_Boat_Game/okay/Content/UI/GameOver.uasset" SILENT=true
[2018.12.10-16.50.20:728][ 65]LogSavePackage: Moving '../../../../../../Users/huynhl6/Desktop/385_Boat_Game/okay/Saved/GameOver256062D5423F1A967BF975B1C87CAE00.tmp' to '../../../../../../Users/huynhl6/Desktop/385_Boat_Game/okay/Content/UI/GameOver.uasset'
[2018.12.10-16.50.22:881][145]BlueprintLog: New page: Compile MMwidget
[2018.12.10-16.50.23:570][160]Cmd: OBJ SAVEPACKAGE PACKAGE="/Game/UI/MMwidget" FILE="../../../../../../Users/huynhl6/Desktop/385_Boat_Game/okay/Content/UI/MMwidget.uasset" SILENT=true
[2018.12.10-16.50.23:642][160]LogSavePackage: Moving '../../../../../../Users/huynhl6/Desktop/385_Boat_Game/okay/Saved/MMwidget7573793E48B93C76914341A34684E07F.tmp' to '../../../../../../Users/huynhl6/Desktop/385_Boat_Game/okay/Content/UI/MMwidget.uasset'
[2018.12.10-16.50.28:397][280]LogSavePackage: Moving '../../../../../../Users/huynhl6/Desktop/385_Boat_Game/okay/Saved/VehicleExampleMap99E7ED314B1A7D4B45DEF88D5734ED29.tmp' to '../../../../../../Users/huynhl6/Desktop/385_Boat_Game/okay/Content/VehicleBP/Maps/VehicleExampleMap.umap'
[2018.12.10-16.50.31:852][280]LogSavePackage: Moving '../../../../../../Users/huynhl6/Desktop/385_Boat_Game/okay/Saved/VehicleExampleMap_BuiltData49FFAB3E42DCFED6A5FCA6816D6BA2E7.tmp' to '../../../../../../Users/huynhl6/Desktop/385_Boat_Game/okay/Content/VehicleBP/Maps/VehicleExampleMap_BuiltData.uasset'
[2018.12.10-16.50.37:705][630]LogSavePackage: Moving '../../../../../../Users/huynhl6/Desktop/385_Boat_Game/okay/Saved/VehicleExampleMap14CFC5774502A3152A0DD28162457D42.tmp' to '../../../../../../Users/huynhl6/Desktop/385_Boat_Game/okay/Content/VehicleBP/Maps/VehicleExampleMap.umap'
[2018.12.10-16.50.39:868][630]LogSavePackage: Moving '../../../../../../Users/huynhl6/Desktop/385_Boat_Game/okay/Saved/VehicleExampleMap_BuiltData9ED44608414D1FB8FF5D6690E2B26B6E.tmp' to '../../../../../../Users/huynhl6/Desktop/385_Boat_Game/okay/Content/VehicleBP/Maps/VehicleExampleMap_BuiltData.uasset'
[2018.12.10-16.50.40:856][701]LogSlate: Window 'okay - Unreal Editor' being destroyed
[2018.12.10-16.50.40:857][701]LogWindowsTextInputMethodSystem: Display: IME system now deactivated.
[2018.12.10-16.50.41:101][702]Cmd: QUIT_EDITOR
[2018.12.10-16.50.41:167][702]LogExit: Preparing to exit.
[2018.12.10-16.50.41:517][702]LogExit: Editor shut down
[2018.12.10-16.50.41:518][702]LogExit: Transaction tracking system shut down
[2018.12.10-16.50.42:529][702]LogExit: Object subsystem successfully closed.
[2018.12.10-16.50.42:946][702]LogShaderCompilers: Display: Shaders left to compile 0
[2018.12.10-16.50.42:952][702]LogD3D11RHI: Shutdown
[2018.12.10-16.50.42:952][702]LogD3D11RHI: CleanupD3DDevice
[2018.12.10-16.50.42:955][702]LogD3D11RHI: ~FD3D11DynamicRHI
[2018.12.10-16.50.43:015][702]LogModuleManager: Shutting down and abandoning module SequencerWidgets (616)
[2018.12.10-16.50.43:015][702]LogModuleManager: Shutting down and abandoning module BlueprintGraph (614)
[2018.12.10-16.50.43:015][702]LogModuleManager: Shutting down and abandoning module HierarchicalLODOutliner (612)
[2018.12.10-16.50.43:015][702]LogModuleManager: Shutting down and abandoning module SceneOutliner (610)
[2018.12.10-16.50.43:015][702]LogModuleManager: Shutting down and abandoning module AddContentDialog (608)
[2018.12.10-16.50.43:016][702]LogModuleManager: Shutting down and abandoning module WidgetCarousel (607)
[2018.12.10-16.50.43:016][702]LogModuleManager: Shutting down and abandoning module EditorWidgets (604)
[2018.12.10-16.50.43:016][702]LogModuleManager: Shutting down and abandoning module CollectionManager (602)
[2018.12.10-16.50.43:016][702]LogModuleManager: Shutting down and abandoning module StatsViewer (600)
[2018.12.10-16.50.43:016][702]LogModuleManager: Shutting down and abandoning module FoliageEdit (598)
[2018.12.10-16.50.43:016][702]LogModuleManager: Shutting down and abandoning module LandscapeEditor (596)
[2018.12.10-16.50.43:016][702]LogModuleManager: Shutting down and abandoning module MeshPaintMode (594)
[2018.12.10-16.50.43:016][702]LogModuleManager: Shutting down and abandoning module SceneDepthPickerMode (592)
[2018.12.10-16.50.43:016][702]LogModuleManager: Shutting down and abandoning module ActorPickerMode (590)
[2018.12.10-16.50.43:016][702]LogModuleManager: Shutting down and abandoning module GeometryMode (588)
[2018.12.10-16.50.43:016][702]LogModuleManager: Shutting down and abandoning module TextureAlignMode (586)
[2018.12.10-16.50.43:016][702]LogModuleManager: Shutting down and abandoning module BspMode (584)
[2018.12.10-16.50.43:016][702]LogModuleManager: Shutting down and abandoning module PIEPreviewDeviceProfileSelector (582)
[2018.12.10-16.50.43:016][702]LogModuleManager: Shutting down and abandoning module SequenceRecorderSections (580)
[2018.12.10-16.50.43:017][702]LogModuleManager: Shutting down and abandoning module AutomationWorker (578)
[2018.12.10-16.50.43:017][702]LogModuleManager: Shutting down and abandoning module AudioCaptureEditor (576)
[2018.12.10-16.50.43:017][702]LogModuleManager: Shutting down and abandoning module SequenceRecorder (575)
[2018.12.10-16.50.43:017][702]LogModuleManager: Shutting down and abandoning module MatineeToLevelSequence (572)
[2018.12.10-16.50.43:017][702]LogModuleManager: Shutting down and abandoning module LevelSequenceEditor (570)
[2018.12.10-16.50.43:017][702]LogModuleManager: Shutting down and abandoning module PlacementMode (569)
[2018.12.10-16.50.43:017][702]LogModuleManager: Shutting down and abandoning module MaterialEditor (568)
[2018.12.10-16.50.43:017][702]LogModuleManager: Shutting down and abandoning module WmfMediaFactory (564)
[2018.12.10-16.50.43:017][702]LogModuleManager: Shutting down and abandoning module WmfMediaEditor (562)
[2018.12.10-16.50.43:017][702]LogModuleManager: Shutting down and abandoning module MediaPlayerEditor (560)
[2018.12.10-16.50.43:017][702]LogModuleManager: Shutting down and abandoning module OpenExrWrapper (558)
[2018.12.10-16.50.43:017][702]LogModuleManager: Shutting down and abandoning module ImgMediaFactory (556)
[2018.12.10-16.50.43:017][702]LogModuleManager: Shutting down and abandoning module ImgMediaEditor (554)
[2018.12.10-16.50.43:017][702]LogModuleManager: Shutting down and abandoning module AvfMediaFactory (552)
[2018.12.10-16.50.43:017][702]LogModuleManager: Shutting down and abandoning module AvfMediaEditor (550)
[2018.12.10-16.50.43:017][702]LogModuleManager: Shutting down and abandoning module AndroidMediaFactory (548)
[2018.12.10-16.50.43:017][702]LogModuleManager: Shutting down and abandoning module AndroidMediaEditor (546)
[2018.12.10-16.50.43:017][702]LogModuleManager: Shutting down and abandoning module MagicLeapCameraPreviewFactory (544)
[2018.12.10-16.50.43:017][702]LogModuleManager: Shutting down and abandoning module MagicLeapMediaFactory (542)
[2018.12.10-16.50.43:018][702]LogModuleManager: Shutting down and abandoning module MagicLeapMediaEditor (540)
[2018.12.10-16.50.43:018][702]LogModuleManager: Shutting down and abandoning module CharacterAI (538)
[2018.12.10-16.50.43:018][702]LogModuleManager: Shutting down and abandoning module SmartSnapping (536)
[2018.12.10-16.50.43:018][702]LogModuleManager: Shutting down and abandoning module SessionServices (534)
[2018.12.10-16.50.43:018][702]LogModuleManager: Shutting down and abandoning module ViewportSnapping (532)
[2018.12.10-16.50.43:018][702]LogModuleManager: Shutting down and abandoning module ViewportInteraction (530)
[2018.12.10-16.50.43:018][702]LogModuleManager: Shutting down and abandoning module ClothPainter (528)
[2018.12.10-16.50.43:018][702]LogModuleManager: Shutting down and abandoning module SkeletalMeshEditor (527)
[2018.12.10-16.50.43:018][702]LogModuleManager: Shutting down and abandoning module LogVisualizer (524)
[2018.12.10-16.50.43:018][702]LogModuleManager: Shutting down and abandoning module IntroTutorials (522)
[2018.12.10-16.50.43:018][702]LogModuleManager: Shutting down and abandoning module GameProjectGeneration (521)
[2018.12.10-16.50.43:018][702]LogModuleManager: Shutting down and abandoning module LuminPlatformEditor (518)
[2018.12.10-16.50.43:018][702]LogModuleManager: Shutting down and abandoning module IOSPlatformEditor (516)
[2018.12.10-16.50.43:018][702]LogModuleManager: Shutting down and abandoning module HTML5PlatformEditor (514)
[2018.12.10-16.50.43:018][702]LogModuleManager: Shutting down and abandoning module AndroidPlatformEditor (512)
[2018.12.10-16.50.43:018][702]LogModuleManager: Shutting down and abandoning module AndroidDeviceDetection (511)
[2018.12.10-16.50.43:812][702]LogModuleManager: Shutting down and abandoning module WindowsPlatformEditor (508)
[2018.12.10-16.50.43:812][702]LogModuleManager: Shutting down and abandoning module LuminRuntimeSettings (506)
[2018.12.10-16.50.43:812][702]LogModuleManager: Shutting down and abandoning module IOSRuntimeSettings (504)
[2018.12.10-16.50.43:812][702]LogModuleManager: Shutting down and abandoning module AndroidRuntimeSettings (502)
[2018.12.10-16.50.43:812][702]LogModuleManager: Shutting down and abandoning module InputBindingEditor (500)
[2018.12.10-16.50.43:812][702]LogModuleManager: Shutting down and abandoning module MergeActors (498)
[2018.12.10-16.50.43:813][702]LogModuleManager: Shutting down and abandoning module LocalizationDashboard (496)
[2018.12.10-16.50.43:813][702]LogModuleManager: Shutting down and abandoning module LocalizationService (495)
[2018.12.10-16.50.43:813][702]LogModuleManager: Shutting down and abandoning module HardwareTargeting (492)
[2018.12.10-16.50.43:813][702]LogModuleManager: Shutting down and abandoning module DeviceProfileEditor (490)
[2018.12.10-16.50.43:813][702]LogModuleManager: Shutting down and abandoning module UndoHistory (488)
[2018.12.10-16.50.43:813][702]LogModuleManager: Shutting down and abandoning module XmlParser (486)
[2018.12.10-16.50.43:813][702]LogModuleManager: Shutting down and abandoning module Blutility (484)
[2018.12.10-16.50.43:813][702]LogModuleManager: Shutting down and abandoning module ProjectSettingsViewer (482)
[2018.12.10-16.50.43:813][702]LogModuleManager: Shutting down and abandoning module ProjectTargetPlatformEditor (481)
[2018.12.10-16.50.43:813][702]LogModuleManager: Shutting down and abandoning module EditorSettingsViewer (478)
[2018.12.10-16.50.43:813][702]LogModuleManager: Shutting down and abandoning module SettingsEditor (476)
[2018.12.10-16.50.43:813][702]LogModuleManager: Shutting down and abandoning module ProjectLauncher (474)
[2018.12.10-16.50.43:813][702]LogModuleManager: Shutting down and abandoning module SessionFrontend (472)
[2018.12.10-16.50.43:813][702]LogModuleManager: Shutting down and abandoning module ProfilerClient (470)
[2018.12.10-16.50.43:813][702]LogModuleManager: Shutting down and abandoning module DeviceManager (468)
[2018.12.10-16.50.43:813][702]LogModuleManager: Shutting down and abandoning module TargetDeviceServices (467)
[2018.12.10-16.50.44:008][702]LogModuleManager: Shutting down and abandoning module AutomationController (464)
[2018.12.10-16.50.44:009][702]LogModuleManager: Shutting down and abandoning module AutomationWindow (462)
[2018.12.10-16.50.44:009][702]LogModuleManager: Shutting down and abandoning module Layers (460)
[2018.12.10-16.50.44:009][702]LogModuleManager: Shutting down and abandoning module ComponentVisualizers (458)
[2018.12.10-16.50.44:009][702]LogModuleManager: Shutting down and abandoning module DetailCustomizations (456)
[2018.12.10-16.50.44:009][702]LogModuleManager: Shutting down and abandoning module PackagesDialog (454)
[2018.12.10-16.50.44:009][702]LogModuleManager: Shutting down and abandoning module Persona (452)
[2018.12.10-16.50.44:009][702]LogModuleManager: Shutting down and abandoning module AdvancedPreviewScene (451)
[2018.12.10-16.50.44:009][702]LogModuleManager: Shutting down and abandoning module AnimGraph (449)
[2018.12.10-16.50.44:009][702]LogModuleManager: Shutting down and abandoning module Kismet (446)
[2018.12.10-16.50.44:017][702]LogModuleManager: Shutting down and abandoning module GraphEditor (444)
[2018.12.10-16.50.44:017][702]LogModuleManager: Shutting down and abandoning module ClassViewer (442)
[2018.12.10-16.50.44:017][702]LogModuleManager: Shutting down and abandoning module Toolbox (440)
[2018.12.10-16.50.44:017][702]LogModuleManager: Shutting down and abandoning module ModuleUI (438)
[2018.12.10-16.50.44:017][702]LogModuleManager: Shutting down and abandoning module MovieSceneTools (436)
[2018.12.10-16.50.44:017][702]LogModuleManager: Shutting down and abandoning module OutputLog (434)
[2018.12.10-16.50.44:018][702]LogModuleManager: Shutting down and abandoning module GammaUI (432)
[2018.12.10-16.50.44:018][702]LogModuleManager: Shutting down and abandoning module Documentation (430)
[2018.12.10-16.50.44:018][702]LogModuleManager: Shutting down and abandoning module MovieSceneTracks (428)
[2018.12.10-16.50.44:018][702]LogModuleManager: Shutting down and abandoning module MovieScene (426)
[2018.12.10-16.50.44:018][702]LogModuleManager: Shutting down and abandoning module StreamingPauseRendering (424)
[2018.12.10-16.50.44:018][702]LogModuleManager: Shutting down and abandoning module LauncherPlatform (422)
[2018.12.10-16.50.44:018][702]LogModuleManager: Shutting down and abandoning module AnalyticsET (420)
[2018.12.10-16.50.44:018][702]LogModuleManager: Shutting down and abandoning module PortalServices (418)
[2018.12.10-16.50.44:018][702]LogModuleManager: Shutting down and abandoning module PortalRpc (416)
[2018.12.10-16.50.44:018][702]LogModuleManager: Shutting down and abandoning module MessagingRpc (414)
[2018.12.10-16.50.44:018][702]LogModuleManager: Shutting down and abandoning module AIModule (412)
[2018.12.10-16.50.44:018][702]LogModuleManager: Shutting down and abandoning module GameplayDebugger (411)
[2018.12.10-16.50.44:018][702]LogModuleManager: Shutting down and abandoning module AITestSuite (409)
[2018.12.10-16.50.44:018][702]LogModuleManager: Shutting down and abandoning module NavigationSystem (407)
[2018.12.10-16.50.44:018][702]LogModuleManager: Shutting down and abandoning module DesktopPlatform (404)
[2018.12.10-16.50.44:018][702]LogModuleManager: Shutting down and abandoning module ProfilerService (402)
[2018.12.10-16.50.44:075][702]LogModuleManager: Shutting down and abandoning module TaskGraph (400)
[2018.12.10-16.50.44:075][702]LogModuleManager: Shutting down and abandoning module SteamVRController (398)
[2018.12.10-16.50.44:075][702]LogModuleManager: Shutting down and abandoning module ProceduralMeshComponentEditor (396)
[2018.12.10-16.50.44:075][702]LogModuleManager: Shutting down and abandoning module ProceduralMeshComponent (394)
[2018.12.10-16.50.44:075][702]LogModuleManager: Shutting down and abandoning module OculusInput (392)
[2018.12.10-16.50.44:075][702]LogModuleManager: Shutting down and abandoning module MobilePatchingUtils (390)
[2018.12.10-16.50.44:075][702]LogModuleManager: Shutting down and abandoning module EditableMesh (388)
[2018.12.10-16.50.44:075][702]LogModuleManager: Shutting down and abandoning module CustomMeshComponent (386)
[2018.12.10-16.50.44:075][702]LogModuleManager: Shutting down and abandoning module CableComponent (384)
[2018.12.10-16.50.44:075][702]LogModuleManager: Shutting down and abandoning module AudioCapture (382)
[2018.12.10-16.50.44:075][702]LogModuleManager: Shutting down and abandoning module ArchVisCharacter (380)
[2018.12.10-16.50.44:075][702]LogModuleManager: Shutting down and abandoning module AndroidPermission (378)
[2018.12.10-16.50.44:075][702]LogModuleManager: Shutting down and abandoning module NUTUnrealEngine4 (376)
[2018.12.10-16.50.44:075][702]LogModuleManager: Shutting down and abandoning module NetcodeUnitTest (374)
[2018.12.10-16.50.44:075][702]LogModuleManager: Shutting down and abandoning module MediaCompositingEditor (372)
[2018.12.10-16.50.44:075][702]LogModuleManager: Shutting down and abandoning module MediaCompositing (370)
[2018.12.10-16.50.44:075][702]LogModuleManager: Shutting down and abandoning module LinearTimecode (368)
[2018.12.10-16.50.44:075][702]LogModuleManager: Shutting down and abandoning module ImgMedia (366)
[2018.12.10-16.50.44:116][702]LogModuleManager: Shutting down and abandoning module RawInput (364)
[2018.12.10-16.50.44:116][702]LogModuleManager: Shutting down and abandoning module HTML5Networking (362)
[2018.12.10-16.50.44:116][702]LogModuleManager: Shutting down and abandoning module GeometryCacheTracks (360)
[2018.12.10-16.50.44:116][702]LogModuleManager: Shutting down and abandoning module GeometryCacheSequencer (358)
[2018.12.10-16.50.44:116][702]LogModuleManager: Shutting down and abandoning module BackChannel (356)
[2018.12.10-16.50.44:116][702]LogModuleManager: Shutting down and abandoning module AppleVision (354)
[2018.12.10-16.50.44:116][702]LogModuleManager: Shutting down and abandoning module AppleImageUtils (352)
[2018.12.10-16.50.44:116][702]LogModuleManager: Shutting down and abandoning module AlembicImporter (350)
[2018.12.10-16.50.44:116][702]LogModuleManager: Shutting down and abandoning module AlembicLibrary (349)
[2018.12.10-16.50.44:116][702]LogModuleManager: Shutting down and abandoning module GeometryCache (348)
[2018.12.10-16.50.44:116][702]LogModuleManager: Shutting down and abandoning module GeometryCacheEd (347)
[2018.12.10-16.50.44:116][702]LogModuleManager: Shutting down and abandoning module DatasmithContentEditor (342)
[2018.12.10-16.50.44:116][702]LogModuleManager: Shutting down and abandoning module DatasmithContent (340)
[2018.12.10-16.50.44:118][702]LogModuleManager: Shutting down and abandoning module SpeedTreeImporter (338)
[2018.12.10-16.50.44:118][702]LogModuleManager: Shutting down and abandoning module PluginBrowser (336)
[2018.12.10-16.50.44:118][702]LogModuleManager: Shutting down and abandoning module MobileLauncherProfileWizard (334)
[2018.12.10-16.50.44:118][702]LogModuleManager: Shutting down and abandoning module PolygonModeling (332)
[2018.12.10-16.50.44:118][702]LogModuleManager: Shutting down and abandoning module MeshEditor (330)
[2018.12.10-16.50.44:118][702]LogModuleManager: Shutting down and abandoning module CryptoKeysOpenSSL (328)
[2018.12.10-16.50.44:118][702]LogModuleManager: Shutting down and abandoning module CryptoKeys (326)
[2018.12.10-16.50.44:118][702]LogModuleManager: Shutting down and abandoning module VisualStudioSourceCodeAccess (324)
[2018.12.10-16.50.44:119][702]LogModuleManager: Shutting down and abandoning module VisualStudioCodeSourceCodeAccess (322)
[2018.12.10-16.50.44:119][702]LogModuleManager: Shutting down and abandoning module UObjectPlugin (320)
[2018.12.10-16.50.44:119][702]LogModuleManager: Shutting down and abandoning module SubversionSourceControl (318)
[2018.12.10-16.50.44:119][702]LogModuleManager: Shutting down and abandoning module PerforceSourceControl (316)
[2018.12.10-16.50.44:119][702]LogModuleManager: Shutting down and abandoning module GitSourceControl (314)
[2018.12.10-16.50.44:119][702]LogModuleManager: Shutting down and abandoning module SourceControl (313)
[2018.12.10-16.50.44:119][702]LogModuleManager: Shutting down and abandoning module CLionSourceCodeAccess (310)
[2018.12.10-16.50.44:119][702]LogModuleManager: Shutting down and abandoning module LightPropagationVolumeEditor (308)
[2018.12.10-16.50.44:119][702]LogModuleManager: Shutting down and abandoning module PaperTiledImporter (306)
[2018.12.10-16.50.44:119][702]LogModuleManager: Shutting down and abandoning module PaperSpriteSheetImporter (304)
[2018.12.10-16.50.44:119][702]LogModuleManager: Shutting down and abandoning module Paper2DEditor (302)
[2018.12.10-16.50.44:119][702]LogModuleManager: Shutting down and abandoning module MeshPaint (301)
[2018.12.10-16.50.44:119][702]LogModuleManager: Shutting down and abandoning module RuntimePhysXCooking (298)
[2018.12.10-16.50.44:119][702]LogModuleManager: Shutting down and abandoning module PhysXVehiclesEditor (296)
[2018.12.10-16.50.44:119][702]LogModuleManager: Shutting down and abandoning module PhysXVehicles (294)
[2018.12.10-16.50.44:119][702]LogModuleManager: Shutting down and abandoning module OculusEditor (292)
[2018.12.10-16.50.44:119][702]LogModuleManager: Shutting down and abandoning module LocationServicesBPLibrary (290)
[2018.12.10-16.50.44:119][702]LogModuleManager: Shutting down and abandoning module ImmediatePhysicsEditor (288)
[2018.12.10-16.50.44:120][702]LogModuleManager: Shutting down and abandoning module ImmediatePhysics (286)
[2018.12.10-16.50.44:120][702]LogModuleManager: Shutting down and abandoning module ActorSequence (284)
[2018.12.10-16.50.44:120][702]LogModuleManager: Shutting down and abandoning module UdpMessaging (282)
[2018.12.10-16.50.44:237][702]LogModuleManager: Shutting down and abandoning module TcpMessaging (280)
[2018.12.10-16.50.44:338][702]LogModuleManager: Shutting down and abandoning module MagicLeapAudio (278)
[2018.12.10-16.50.44:338][702]LogModuleManager: Shutting down and abandoning module GameplayTagsEditor (276)
[2018.12.10-16.50.44:338][702]LogModuleManager: Shutting down and abandoning module FacialAnimationEditor (274)
[2018.12.10-16.50.44:338][702]LogModuleManager: Shutting down and abandoning module FacialAnimation (272)
[2018.12.10-16.50.44:338][702]LogModuleManager: Shutting down and abandoning module DataValidation (270)
[2018.12.10-16.50.44:338][702]LogModuleManager: Shutting down and abandoning module AssetManagerEditor (268)
[2018.12.10-16.50.44:338][702]LogModuleManager: Shutting down and abandoning module LevelEditor (267)
[2018.12.10-16.50.44:339][702]LogModuleManager: Shutting down and abandoning module PixelInspectorModule (266)
[2018.12.10-16.50.44:339][702]LogModuleManager: Shutting down and abandoning module CommonMenuExtensions (264)
[2018.12.10-16.50.44:340][702]LogModuleManager: Shutting down and abandoning module MainFrame (262)
[2018.12.10-16.50.44:340][702]LogModuleManager: Shutting down and abandoning module HotReload (261)
[2018.12.10-16.50.44:344][702]LogModuleManager: Shutting down and abandoning module ContentBrowser (257)
[2018.12.10-16.50.44:345][702]LogModuleManager: Shutting down and abandoning module TreeMap (255)
[2018.12.10-16.50.44:346][702]LogModuleManager: Shutting down and abandoning module LightPropagationVolumeRuntime (252)
[2018.12.10-16.50.44:346][702]LogModuleManager: Shutting down and abandoning module AISupportModule (250)
[2018.12.10-16.50.44:346][702]LogModuleManager: Shutting down and abandoning module Paper2D (248)
[2018.12.10-16.50.44:346][702]LogModuleManager: Shutting down and abandoning module WindowsMoviePlayer (246)
[2018.12.10-16.50.44:346][702]LogModuleManager: Shutting down and abandoning module WmfMedia (244)
[2018.12.10-16.50.44:347][702]LogModuleManager: Shutting down and abandoning module Media (243)
[2018.12.10-16.50.44:354][702]LogModuleManager: Shutting down and abandoning module PacketHandler (240)
[2018.12.10-16.50.44:355][702]LogModuleManager: Shutting down and abandoning module ClothingSystemEditor (238)
[2018.12.10-16.50.44:355][702]LogModuleManager: Shutting down and abandoning module ClothingSystemRuntime (236)
[2018.12.10-16.50.44:355][702]LogModuleManager: Shutting down and abandoning module MediaAssets (234)
[2018.12.10-16.50.44:355][702]LogModuleManager: Shutting down and abandoning module Overlay (232)
[2018.12.10-16.50.44:355][702]LogModuleManager: Shutting down and abandoning module OverlayEditor (231)
[2018.12.10-16.50.44:355][702]LogModuleManager: Shutting down and abandoning module VREditor (228)
[2018.12.10-16.50.44:355][702]LogModuleManager: Shutting down and abandoning module StringTableEditor (226)
[2018.12.10-16.50.44:355][702]LogModuleManager: Shutting down and abandoning module GameplayTasksEditor (224)
[2018.12.10-16.50.44:355][702]LogModuleManager: Shutting down and abandoning module BehaviorTreeEditor (222)
[2018.12.10-16.50.44:355][702]LogModuleManager: Shutting down and abandoning module FunctionalTesting (220)
[2018.12.10-16.50.44:355][702]LogModuleManager: Shutting down and abandoning module CollisionAnalyzer (218)
[2018.12.10-16.50.44:355][702]LogModuleManager: Shutting down and abandoning module WorkspaceMenuStructure (217)
[2018.12.10-16.50.44:355][702]LogModuleManager: Shutting down and abandoning module UMG (214)
[2018.12.10-16.50.44:355][702]LogModuleManager: Shutting down and abandoning module UMGEditor (213)
[2018.12.10-16.50.44:355][702]LogModuleManager: Shutting down and abandoning module Sequencer (212)
[2018.12.10-16.50.44:355][702]LogModuleManager: Shutting down and abandoning module MessageLog (209)
[2018.12.10-16.50.44:355][702]LogModuleManager: Shutting down and abandoning module SlateReflector (204)
[2018.12.10-16.50.44:356][702]LogModuleManager: Shutting down and abandoning module Slate (202)
[2018.12.10-16.50.44:356][702]LogModuleManager: Shutting down and abandoning module EditorStyle (200)
[2018.12.10-16.50.44:358][702]LogModuleManager: Shutting down and abandoning module MRMesh (198)
[2018.12.10-16.50.44:359][702]LogModuleManager: Shutting down and abandoning module SourceCodeAccess (196)
[2018.12.10-16.50.44:359][702]LogModuleManager: Shutting down and abandoning module HeadMountedDisplay (194)
[2018.12.10-16.50.44:359][702]LogModuleManager: Shutting down and abandoning module XAudio2 (192)
[2018.12.10-16.50.44:359][702]LogModuleManager: Shutting down and abandoning module Networking (190)
[2018.12.10-16.50.44:359][702]LogModuleManager: Shutting down and abandoning module Core (188)
[2018.12.10-16.50.44:359][702]LogModuleManager: Shutting down and abandoning module LevelSequence (186)
[2018.12.10-16.50.44:359][702]LogModuleManager: Shutting down and abandoning module KismetCompiler (184)
[2018.12.10-16.50.44:359][702]LogModuleManager: Shutting down and abandoning module MeshUtilities (182)
[2018.12.10-16.50.44:359][702]LogModuleManager: Shutting down and abandoning module MeshMergeUtilities (181)
[2018.12.10-16.50.44:359][702]LogModuleManager: Shutting down and abandoning module MeshReductionInterface (180)
[2018.12.10-16.50.44:359][702]LogModuleManager: Shutting down and abandoning module SimplygonSwarm (179)
[2018.12.10-16.50.44:359][702]LogModuleManager: Shutting down and abandoning module ProxyLODMeshReduction (177)
[2018.12.10-16.50.44:359][702]LogModuleManager: Shutting down and abandoning module SimplygonMeshReduction (175)
[2018.12.10-16.50.44:359][702]LogModuleManager: Shutting down and abandoning module QuadricMeshReduction (173)
[2018.12.10-16.50.44:359][702]LogModuleManager: Shutting down and abandoning module MaterialBaking (169)
[2018.12.10-16.50.44:359][702]LogModuleManager: Shutting down and abandoning module DirectoryWatcher (165)
[2018.12.10-16.50.44:359][702]LogModuleManager: Shutting down and abandoning module DerivedDataCache (162)
[2018.12.10-16.50.44:452][702]LogDerivedDataCache: Shutdown
[2018.12.10-16.50.44:452][702]LogModuleManager: Shutting down and abandoning module XGEController (160)
[2018.12.10-16.50.44:452][702]LogModuleManager: Shutting down and abandoning module TargetPlatform (158)
[2018.12.10-16.50.44:453][702]LogModuleManager: Shutting down and abandoning module VulkanShaderFormat (157)
[2018.12.10-16.50.44:453][702]LogModuleManager: Shutting down and abandoning module ShaderFormatVectorVM (155)
[2018.12.10-16.50.44:453][702]LogModuleManager: Shutting down and abandoning module ShaderFormatOpenGL (153)
[2018.12.10-16.50.44:453][702]LogModuleManager: Shutting down and abandoning module ShaderFormatD3D (151)
[2018.12.10-16.50.44:453][702]LogModuleManager: Shutting down and abandoning module MetalShaderFormat (149)
[2018.12.10-16.50.44:453][702]LogModuleManager: Shutting down and abandoning module TextureFormatUncompressed (147)
[2018.12.10-16.50.44:453][702]LogModuleManager: Shutting down and abandoning module TextureFormatPVR (145)
[2018.12.10-16.50.44:453][702]LogModuleManager: Shutting down and abandoning module TextureFormatDXT (143)
[2018.12.10-16.50.44:454][702]LogModuleManager: Shutting down and abandoning module TextureFormatIntelISPCTexComp (141)
[2018.12.10-16.50.44:454][702]LogModuleManager: Shutting down and abandoning module TextureFormatASTC (139)
[2018.12.10-16.50.44:454][702]LogModuleManager: Shutting down and abandoning module ImageWrapper (138)
[2018.12.10-16.50.44:454][702]LogModuleManager: Shutting down and abandoning module TextureFormatAndroid (135)
[2018.12.10-16.50.44:454][702]LogModuleManager: Shutting down and abandoning module AudioFormatOpus (133)
[2018.12.10-16.50.44:454][702]LogModuleManager: Shutting down and abandoning module AudioFormatOgg (131)
[2018.12.10-16.50.44:454][702]LogModuleManager: Shutting down and abandoning module AudioFormatADPCM (129)
[2018.12.10-16.50.44:454][702]LogModuleManager: Shutting down and abandoning module LuminTargetPlatform (127)
[2018.12.10-16.50.44:454][702]LogModuleManager: Shutting down and abandoning module LinuxTargetPlatform (125)
[2018.12.10-16.50.44:454][702]LogModuleManager: Shutting down and abandoning module LinuxServerTargetPlatform (123)
[2018.12.10-16.50.44:454][702]LogModuleManager: Shutting down and abandoning module LinuxNoEditorTargetPlatform (121)
[2018.12.10-16.50.44:454][702]LogModuleManager: Shutting down and abandoning module LinuxClientTargetPlatform (119)
[2018.12.10-16.50.44:454][702]LogModuleManager: Shutting down and abandoning module TVOSTargetPlatform (117)
[2018.12.10-16.50.44:456][702]LogModuleManager: Shutting down and abandoning module Messaging (115)
[2018.12.10-16.50.44:456][702]LogModuleManager: Shutting down and abandoning module IOSTargetPlatform (113)
[2018.12.10-16.50.44:457][702]LogModuleManager: Shutting down and abandoning module HTML5TargetPlatform (111)
[2018.12.10-16.50.44:457][702]LogModuleManager: Shutting down and abandoning module AndroidTargetPlatform (109)
[2018.12.10-16.50.44:469][702]LogModuleManager: Shutting down and abandoning module WindowsTargetPlatform (107)
[2018.12.10-16.50.44:469][702]LogModuleManager: Shutting down and abandoning module WindowsServerTargetPlatform (105)
[2018.12.10-16.50.44:469][702]LogModuleManager: Shutting down and abandoning module WindowsNoEditorTargetPlatform (103)
[2018.12.10-16.50.44:469][702]LogModuleManager: Shutting down and abandoning module WindowsClientTargetPlatform (101)
[2018.12.10-16.50.44:469][702]LogModuleManager: Shutting down and abandoning module MacTargetPlatform (99)
[2018.12.10-16.50.44:469][702]LogModuleManager: Shutting down and abandoning module MacServerTargetPlatform (97)
[2018.12.10-16.50.44:469][702]LogModuleManager: Shutting down and abandoning module MacNoEditorTargetPlatform (95)
[2018.12.10-16.50.44:469][702]LogModuleManager: Shutting down and abandoning module MacClientTargetPlatform (93)
[2018.12.10-16.50.44:469][702]LogModuleManager: Shutting down and abandoning module AllDesktopTargetPlatform (91)
[2018.12.10-16.50.44:469][702]LogModuleManager: Shutting down and abandoning module InputCore (88)
[2018.12.10-16.50.44:469][702]LogModuleManager: Shutting down and abandoning module Settings (86)
[2018.12.10-16.50.44:469][702]LogModuleManager: Shutting down and abandoning module PhysXCooking (84)
[2018.12.10-16.50.44:469][702]LogModuleManager: Shutting down and abandoning module SteamVR (82)
[2018.12.10-16.50.44:469][702]LogModuleManager: Shutting down and abandoning module OculusHMD (80)
[2018.12.10-16.50.44:470][702]LogModuleManager: Shutting down and abandoning module ExampleDeviceProfileSelector (78)
[2018.12.10-16.50.44:470][702]LogModuleManager: Shutting down and abandoning module LauncherChunkInstaller (76)
[2018.12.10-16.50.44:470][702]LogModuleManager: Shutting down and abandoning module OnlineBlueprintSupport (74)
[2018.12.10-16.50.44:470][702]LogModuleManager: Shutting down and abandoning module OnlineSubsystem (70)
[2018.12.10-16.50.44:471][702]LogModuleManager: Shutting down and abandoning module XMPP (65)
[2018.12.10-16.50.44:471][702]LogModuleManager: Shutting down and abandoning module WebSockets (64)
[2018.12.10-16.50.44:502][702]LogModuleManager: Shutting down and abandoning module HTTP (61)
[2018.12.10-16.50.44:502][702]LogHttp: Display: Http module shutting down, but needs to wait on 1 outstanding Http requests:
[2018.12.10-16.50.44:502][702]LogHttp: Display: 	verb=[POST] url=[https://datarouter.ol.epicgames.com/datarouter/api/v1/public/data?SessionID=%7B545FD558-46D7-E40F-B45B-F4B6DFBF403B%7D&AppID=UEEditor.Rocket.Release&AppVersion=4.20.3-4369336%2B%2B%2BUE4%2BRelease-4.20&UserID=1203e7a7412481585a812d87211704c4%7C%7Cce169c22-3e7b-4ed1-aa75-1e302249c308&AppEnvironment=datacollector-binary&UploadType=eteventstream] status=Processing
[2018.12.10-16.50.44:532][702]LogModuleManager: Shutting down and abandoning module SSL (60)
[2018.12.10-16.50.44:535][702]LogModuleManager: Shutting down and abandoning module MagicLeapEmulator (56)
[2018.12.10-16.50.44:535][702]LogModuleManager: Shutting down and abandoning module MagicLeapPrivileges (54)
[2018.12.10-16.50.44:535][702]LogModuleManager: Shutting down and abandoning module MagicLeapIdentity (52)
[2018.12.10-16.50.44:535][702]LogModuleManager: Shutting down and abandoning module MagicLeapHelperVulkan (50)
[2018.12.10-16.50.44:535][702]LogModuleManager: Shutting down and abandoning module MagicLeapHelperOpenGL (48)
[2018.12.10-16.50.44:535][702]LogModuleManager: Shutting down and abandoning module MagicLeapSecureStorage (46)
[2018.12.10-16.50.44:535][702]LogModuleManager: Shutting down and abandoning module MagicLeapGestures (44)
[2018.12.10-16.50.44:535][702]LogModuleManager: Shutting down and abandoning module MagicLeapEyeTracker (42)
[2018.12.10-16.50.44:535][702]LogModuleManager: Shutting down and abandoning module MagicLeapController (40)
[2018.12.10-16.50.44:535][702]LogSlate: Slate User Destroyed.  User Index 0, Is Virtual User: 0
[2018.12.10-16.50.44:535][702]LogModuleManager: Shutting down and abandoning module MagicLeap (38)
[2018.12.10-16.50.44:535][702]LogModuleManager: Shutting down and abandoning module AnimationModifiers (36)
[2018.12.10-16.50.44:535][702]LogModuleManager: Shutting down and abandoning module PropertyEditor (35)
[2018.12.10-16.50.44:535][702]LogModuleManager: Shutting down and abandoning module AudioEditor (32)
[2018.12.10-16.50.44:535][702]LogModuleManager: Shutting down and abandoning module TextureCompressor (30)
[2018.12.10-16.50.44:536][702]LogModuleManager: Shutting down and abandoning module ShaderCore (28)
[2018.12.10-16.50.44:536][702]LogModuleManager: Shutting down and abandoning module Landscape (26)
[2018.12.10-16.50.44:536][702]LogModuleManager: Shutting down and abandoning module SlateRHIRenderer (24)
[2018.12.10-16.50.44:536][702]LogModuleManager: Shutting down and abandoning module OpenGLDrv (22)
[2018.12.10-16.50.44:536][702]LogModuleManager: Shutting down and abandoning module D3D11RHI (20)
[2018.12.10-16.50.44:536][702]LogModuleManager: Shutting down and abandoning module AnimGraphRuntime (18)
[2018.12.10-16.50.44:536][702]LogModuleManager: Shutting down and abandoning module Renderer (16)
[2018.12.10-16.50.44:536][702]LogModuleManager: Shutting down and abandoning module Engine (14)
[2018.12.10-16.50.44:536][702]LogModuleManager: Shutting down and abandoning module CoreUObject (12)
[2018.12.10-16.50.44:537][702]LogModuleManager: Shutting down and abandoning module NetworkFile (10)
[2018.12.10-16.50.44:537][702]LogModuleManager: Shutting down and abandoning module CookedIterativeFile (8)
[2018.12.10-16.50.44:537][702]LogModuleManager: Shutting down and abandoning module StreamingFile (6)
[2018.12.10-16.50.44:537][702]LogModuleManager: Shutting down and abandoning module SandboxFile (4)
[2018.12.10-16.50.44:537][702]LogModuleManager: Shutting down and abandoning module PakFile (2)
[2018.12.10-16.50.44:557][702]LogExit: Exiting.
[2018.12.10-16.50.44:574][702]Log file closed, 12/10/18 11:50:44
